Wed Apr 24 12:18:28 MDT 2019 [1m/home/dantopa/.mybash(B[m
Wed Apr 24 12:18:28 MDT 2019, [1m/scratch/users/dantopa/repos/gitlab/bash-scripts/core-scripts/platforms.sh(B[m
attempting to mkdir /scratch/users/dantopa/repos/gitlab/node-queries/darwin/arm-cn809/dir-configuration
directory of core scripts = ${core} = /scratch/users/dantopa/repos/gitlab/bash-scripts/core-scripts
Wed Apr 24 12:18:28 MDT 2019, [1m/scratch/users/dantopa/repos/gitlab/bash-scripts/core-scripts/master.sh(B[m
Wed Apr 24 12:18:28 MDT 2019, [1m/scratch/users/dantopa/repos/gitlab/bash-scripts/core-scripts/info.sh(B[m
Wed Apr 24 12:18:29 MDT 2019, [1m/scratch/users/dantopa/repos/gitlab/bash-scripts/core-scripts/info-proc.sh(B[m
Wed Apr 24 12:18:29 MDT 2019, [1m/scratch/users/dantopa/repos/gitlab/bash-scripts/core-scripts/slurm.sh(B[m
Wed Apr 24 12:18:29 MDT 2019, [1m/scratch/users/dantopa/repos/gitlab/bash-scripts/core-scripts/info-git.sh(B[m
Wed Apr 24 12:18:29 MDT 2019, [1m/scratch/users/dantopa/repos/gitlab/bash-scripts/core-scripts/info-slurm.sh(B[m
Wed Apr 24 12:18:29 MDT 2019, [1m/scratch/users/dantopa/repos/gitlab/bash-scripts/core-scripts/gcc.sh(B[m
/scratch/users/dantopa/repos/gitlab/bash-scripts/core-scripts/info-git.sh: line 5: gonode: command not found
Wed Apr 24 12:18:29 MDT 2019, [1m/scratch/users/dantopa/repos/gitlab/bash-scripts/core-scripts/git.sh(B[m
Wed Apr 24 12:18:29 MDT 2019, [1m/scratch/users/dantopa/repos/gitlab/bash-scripts/core-scripts/slurm.sh(B[m
Wed Apr 24 12:18:29 MDT 2019, [1m/scratch/users/dantopa/repos/gitlab/bash-scripts/core-scripts/ssh.sh(B[m
Wed Apr 24 12:18:29 MDT 2019, [1m/scratch/users/dantopa/repos/gitlab/bash-scripts/core-scripts/vim.sh(B[m
Wed Apr 24 12:18:29 MDT 2019, [1m/scratch/users/dantopa/repos/gitlab/bash-scripts/core-scripts/bash.sh(B[m
Wed Apr 24 12:18:29 MDT 2019, [1m/scratch/users/dantopa/repos/gitlab/bash-scripts/core-scripts/finds.sh(B[m
Wed Apr 24 12:18:29 MDT 2019, [1m/scratch/users/dantopa/repos/gitlab/bash-scripts/core-scripts/cmake.sh(B[m
Wed Apr 24 12:18:29 MDT 2019, [1m/scratch/users/dantopa/repos/gitlab/bash-scripts/core-scripts/fortran.sh(B[m
Wed Apr 24 12:18:29 MDT 2019, [1m/scratch/users/dantopa/repos/gitlab/bash-scripts/core-scripts/copy-configuration.sh(B[m
Wed Apr 24 12:18:29 MDT 2019, [1m/scratch/users/dantopa/repos/gitlab/bash-scripts/core-scripts/bookmarks.sh(B[m
Wed Apr 24 12:18:29 MDT 2019, [1m/scratch/users/dantopa/repos/gitlab/bash-scripts/core-scripts/bookmarks-bitbucket.sh(B[m
Wed Apr 24 12:18:29 MDT 2019, [1m/scratch/users/dantopa/repos/gitlab/bash-scripts/core-scripts/bookmarks-github.sh(B[m
Wed Apr 24 12:18:29 MDT 2019, [1m/scratch/users/dantopa/repos/gitlab/bash-scripts/core-scripts/bookmarks-gitlab.sh(B[m
Wed Apr 24 12:18:29 MDT 2019, [1m/scratch/users/dantopa/repos/gitlab/bash-scripts/core-scripts/disk.sh(B[m
Wed Apr 24 12:18:29 MDT 2019, [1m/scratch/users/dantopa/repos/gitlab/bash-scripts/core-scripts/info.sh(B[m
[master 3464a7e] darwin-arm-cn809 Wed Apr 24 12:18:29 MDT 2019
 2 files changed, 17 insertions(+)
 create mode 100644 libraries/tools/bash/darwin-arm-batch.out
/scratch/users/dantopa/repos/gitlab/bash-scripts/core-scripts/info-slurm.sh: line 33: sinfo_s: command not found
Wed Apr 24 12:18:29 MDT 2019, [1m/scratch/users/dantopa/repos/gitlab/bash-scripts/core-scripts/info-proc.sh(B[m
Wed Apr 24 12:18:29 MDT 2019, [1m/scratch/users/dantopa/repos/gitlab/bash-scripts/core-scripts/slurm.sh(B[m
Wed Apr 24 12:18:29 MDT 2019, [1m/scratch/users/dantopa/repos/gitlab/bash-scripts/core-scripts/info-git.sh(B[m
/scratch/users/dantopa/repos/gitlab/bash-scripts/core-scripts/info-git.sh: line 5: gonode: command not found
Wed Apr 24 12:18:29 MDT 2019, [1m/scratch/users/dantopa/repos/gitlab/bash-scripts/core-scripts/info-slurm.sh(B[m
Wed Apr 24 12:18:29 MDT 2019, [1m/scratch/users/dantopa/repos/gitlab/bash-scripts/core-scripts/spack.sh(B[m
Wed Apr 24 12:18:29 MDT 2019, [1m/scratch/users/dantopa/repos/gitlab/bash-scripts/core-scripts/uname.sh(B[m
Wed Apr 24 12:18:29 MDT 2019, [1m/scratch/users/dantopa/repos/gitlab/bash-scripts/core-scripts/modules.sh(B[m
Wed Apr 24 12:18:29 MDT 2019, [1m/scratch/users/dantopa/repos/gitlab/bash-scripts/core-scripts/slurm.sh(B[m
Wed Apr 24 12:18:29 MDT 2019, [1m/scratch/users/dantopa/repos/gitlab/bash-scripts/core-scripts/alias.sh(B[m
Wed Apr 24 12:18:29 MDT 2019, [1m/scratch/users/dantopa/repos/gitlab/bash-scripts/core-scripts/environment.sh(B[m
/scratch/users/dantopa/repos/gitlab/bash-scripts/core-scripts/environment.sh: line 11: myprompt: command not found
[master c17e356] darwin-arm-cn809 Wed Apr 24 12:18:29 MDT 2019
 1 file changed, 22 insertions(+)
/scratch/users/dantopa/repos/gitlab/bash-scripts/core-scripts/info-slurm.sh: line 33: sinfo_s: command not found
Wed Apr 24 12:18:33 MDT 2019 /tmp/slurmd/job5195721/slurm_script
source "${dir_tools}/bash/master-tpl-sweep.sh"
Wed Apr 24 12:18:33 MDT 2019 /scratch/users/dantopa/repos/gitlab/pull-requests/libraries/tools/bash/master-tpl-sweep.sh
cd /scratch/users/dantopa/repos/gitlab/pull-requests/libraries/tools
source directories/libraries-darwin.sh
Wed Apr 24 12:18:33 MDT 2019 [1mdirectories/libraries-darwin.sh(B[m
source tpl-versions/versions-ucx.sh
Wed Apr 24 12:18:33 MDT 2019 [1mtpl-versions/versions-ucx.sh(B[m
4 ucx versions loaded:
1.5.0  1.4.0  1.3.1  1.2.2

source compilers/compilers-darwin-arm.sh
Wed Apr 24 12:18:33 MDT 2019 [1mcompilers/compilers-darwin-arm.sh(B[m
9 Spack-recognized compilers loaded:
gcc@8.2.0  gcc@8.1.0  gcc@7.1.0  gcc@4.8.5  arm@19.1  clang@18.4.2  clang@18.4.1  clang@18.4.0  clang@7.0.0

source klingons/darwin-arm-ucx.sh
/scratch/users/dantopa/repos/gitlab/pull-requests/libraries/tools/bash/master-tpl-sweep.sh: line 36: klingons/darwin-arm-ucx.sh: No such file or directory
cd /scratch/users/dantopa/new-spack/libraries/darwin-arm.ucx
. share/spack/setup-env.sh
export spack_architecture='arch=linux-rhel7-aarch64'
spack clean -a
==> Removing all temporary build stages
==> Removing cached downloads
==> Removing cached information on repositories
==> Removing python cache files
spack compilers
==> Available compilers
-- arm rhel7-aarch64 --------------------------------------------
arm@19.1

-- clang rhel7-aarch64 ------------------------------------------
clang@18.4.2
clang@18.4.1
clang@18.4.0
clang@7.0.0

-- gcc rhel7-aarch64 --------------------------------------------
gcc@8.2.0
gcc@8.1.0
gcc@7.1.0
gcc@4.8.5
ls -alh etc/spack/defaults
total 154K
drwxrwxr-x 4 dantopa dantopa   15 Apr 15 09:36 .
drwxrwxr-x 3 dantopa dantopa    3 Nov 12 20:31 ..
-rw-rw-r-- 1 dantopa dantopa 4.8K Apr 15 09:36 compilers.yaml
-rw-rw-r-- 1 dantopa dantopa 4.4K Apr 15 09:36 config.yaml
drwxrwxr-x 2 dantopa dantopa    4 Nov 12 20:31 darwin
-rw-rw-r-- 1 dantopa dantopa 4.8K Apr 15 09:36 darwin-arm-modules-compilers.yaml
drwxrwxr-x 2 dantopa dantopa    3 Nov 12 20:31 linux
-rw-rw-r-- 1 dantopa dantopa    3 Apr 15 09:36 lmod-modules.yaml
-rw-rw-r-- 1 dantopa dantopa 3.9K Apr 15 09:36 minimal-build-packages.yaml
-rw-rw-r-- 1 dantopa dantopa  136 Apr 15 09:36 mirrors.yaml
-rw-rw-r-- 1 dantopa dantopa 1.1K Apr 15 09:36 modules.yaml
-rw-rw-r-- 1 dantopa dantopa 3.9K Apr 15 09:36 packages.yaml
-rw-rw-r-- 1 dantopa dantopa  530 Apr 15 09:36 release.yaml
-rw-rw-r-- 1 dantopa dantopa  546 Apr 15 09:36 repos.yaml
-rw-rw-r-- 1 dantopa dantopa 3.4K Apr 15 09:36 tcl-modules.yaml
cat etc/spack/defaults/compilers.yaml
compilers:
- compiler:
    environment: {}
    extra_rpaths: []
    flags: {}
    modules: [Generic-AArch64/RHEL/7/gcc/8.2.0]
    operating_system: rhel7
    paths:
      cc:  /opt/arm/gcc-8.2.0_Generic-AArch64_RHEL-7_aarch64-linux/bin/gcc
      cxx: /opt/arm/gcc-8.2.0_Generic-AArch64_RHEL-7_aarch64-linux/bin/g++
      f77: /opt/arm/gcc-8.2.0_Generic-AArch64_RHEL-7_aarch64-linux/bin/gfortran
      fc:  /opt/arm/gcc-8.2.0_Generic-AArch64_RHEL-7_aarch64-linux/bin/gfortran
    spec: gcc@8.2.0
    target: aarch64
- compiler:
    environment: {}
    extra_rpaths: []
    flags: {}
    modules: [gcc/8.1.0]
    operating_system: rhel7
    paths:
      cc:  /opt/arm/gcc-8.1.0_Generic-AArch64_RHEL-7_aarch64-linux/bin/gcc
      cxx: /opt/arm/gcc-8.1.0_Generic-AArch64_RHEL-7_aarch64-linux/bin/g++
      f77: /opt/arm/gcc-8.1.0_Generic-AArch64_RHEL-7_aarch64-linux/bin/gfortran
      fc:  /opt/arm/gcc-8.1.0_Generic-AArch64_RHEL-7_aarch64-linux/bin/gfortran
    spec: gcc@8.1.0
    target: aarch64
- compiler:
    environment: {}
    extra_rpaths: []
    flags: {}
    modules: [Generic-AArch64/RHEL/7/gcc/7.1.0]
    operating_system: rhel7
    paths:
      cc:  /opt/arm/gcc-7.1.0_Generic-AArch64_RHEL-7_aarch64-linux/bin/gcc
      cxx: /opt/arm/gcc-7.1.0_Generic-AArch64_RHEL-7_aarch64-linux/bin/g++
      f77: /opt/arm/gcc-7.1.0_Generic-AArch64_RHEL-7_aarch64-linux/bin/gfortran
      fc:  /opt/arm/gcc-7.1.0_Generic-AArch64_RHEL-7_aarch64-linux/bin/gfortran
    spec: gcc@7.1.0
    target: aarch64
- compiler:
    environment: {}
    extra_rpaths: []
    flags: {}
    modules: []
    operating_system: rhel7
    paths:
      cc:  /usr/bin/gcc
      cxx: /usr/bin/g++
      f77: /usr/bin/gfortran
      fc:  /usr/bin/gfortran
    spec: gcc@4.8.5
    target: aarch64
#  #  #  clang
- compiler:
    environment: {}
    extra_rpaths: []
    flags: {}
    modules:
    - clang/7.0.0
    operating_system: rhel7
    paths:
      cc:  /projects/opt/aarch64/clang/7.0.0/bin/armclang
      cxx: /projects/opt/aarch64/clang/7.0.0/bin/armclang++
      f77: /projects/opt/aarch64/clang/7.0.0/bin/armflang
      fc:  /projects/opt/aarch64/clang/7.0.0/bin/armflang
    spec: clang@7.0.0
    target: aarch64
#  #  #  darwin ARM
#  #  #  ARM clang
#  #  #  18.4.2  18.4.1  18.4.0
- compiler:
    environment: {}
    extra_rpaths: []
    flags: {}
    modules:
    - gcc/8.2.0
    - Generic-AArch64/RHEL/7/arm-hpc-compiler/19.1
    operating_system: rhel7
    paths:
      cc:  /opt/arm/arm-hpc-compiler-19.1_Generic-AArch64_RHEL-7_aarch64-linux/bin/armclang
      cxx: /opt/arm/arm-hpc-compiler-19.1_Generic-AArch64_RHEL-7_aarch64-linux/bin/armclang++
      f77: /opt/arm/arm-hpc-compiler-19.1_Generic-AArch64_RHEL-7_aarch64-linux/bin/armflang
      fc:  /opt/arm/arm-hpc-compiler-19.1_Generic-AArch64_RHEL-7_aarch64-linux/bin/armflang
    spec: arm@19.1
    target: aarch64
- compiler:
    environment: {}
    extra_rpaths: []
    flags: {}
    modules: [Generic-AArch64/RHEL/7/arm-hpc-compiler/18.4.2]
    operating_system: rhel7
    paths:
      cc:  /opt/arm/arm-hpc-compiler-18.4.2_Generic-AArch64_RHEL-7_aarch64-linux/bin/armclang
      cxx: /opt/arm/arm-hpc-compiler-18.4.2_Generic-AArch64_RHEL-7_aarch64-linux/bin/armclang++
      f77: /opt/arm/arm-hpc-compiler-18.4.2_Generic-AArch64_RHEL-7_aarch64-linux/bin/armflang
      #f90: /opt/arm/arm-hpc-compiler-18.4.2_Generic-AArch64_RHEL-7_aarch64-linux/bin/armflang
      fc:  /opt/arm/arm-hpc-compiler-18.4.2_Generic-AArch64_RHEL-7_aarch64-linux/bin/armflang
    spec: clang@18.4.2
    target: aarch64
- compiler:
    environment: {}
    extra_rpaths: []
    flags: {}
    modules: [Generic-AArch64/RHEL/7/arm-hpc-compiler/18.4.1]
    operating_system: rhel7
    paths:
      cc:  /opt/arm/arm-hpc-compiler-18.4.1_Generic-AArch64_RHEL-7_aarch64-linux/bin/armclang
      cxx: /opt/arm/arm-hpc-compiler-18.4.1_Generic-AArch64_RHEL-7_aarch64-linux/bin/armclang++
      f77: /opt/arm/arm-hpc-compiler-18.4.1_Generic-AArch64_RHEL-7_aarch64-linux/bin/armflang
      #f90: /opt/arm/arm-hpc-compiler-18.4.1_Generic-AArch64_RHEL-7_aarch64-linux/bin/armflang
      fc:  /opt/arm/arm-hpc-compiler-18.4.1_Generic-AArch64_RHEL-7_aarch64-linux/bin/armflang
    spec: clang@18.4.1
    target: aarch64
- compiler:
    environment: {}
    extra_rpaths: []
    flags: {}
    modules: [Generic-AArch64/RHEL/7/arm-hpc-compiler/18.4]
    operating_system: rhel7
    paths:
      cc:  /opt/arm/arm-hpc-compiler-18.4_Generic-AArch64_RHEL-7_aarch64-linux/bin/armclang
      cxx: /opt/arm/arm-hpc-compiler-18.4_Generic-AArch64_RHEL-7_aarch64-linux/bin/armclang++
      f77: /opt/arm/arm-hpc-compiler-18.4_Generic-AArch64_RHEL-7_aarch64-linux/bin/armflang
      #f90: /opt/arm/arm-hpc-compiler-18.4_Generic-AArch64_RHEL-7_aarch64-linux/bin/armflang
      fc:  /opt/arm/arm-hpc-compiler-18.4_Generic-AArch64_RHEL-7_aarch64-linux/bin/armflang
    spec: clang@18.4.0
    target: aarch64
spack config get compilers
compilers:
- compiler:
    environment: {}
    extra_rpaths: []
    flags: {}
    modules:
    - Generic-AArch64/RHEL/7/gcc/8.2.0
    operating_system: rhel7
    paths:
      cc: /opt/arm/gcc-8.2.0_Generic-AArch64_RHEL-7_aarch64-linux/bin/gcc
      cxx: /opt/arm/gcc-8.2.0_Generic-AArch64_RHEL-7_aarch64-linux/bin/g++
      f77: /opt/arm/gcc-8.2.0_Generic-AArch64_RHEL-7_aarch64-linux/bin/gfortran
      fc: /opt/arm/gcc-8.2.0_Generic-AArch64_RHEL-7_aarch64-linux/bin/gfortran
    spec: gcc@8.2.0
    target: aarch64
- compiler:
    environment: {}
    extra_rpaths: []
    flags: {}
    modules:
    - gcc/8.1.0
    operating_system: rhel7
    paths:
      cc: /opt/arm/gcc-8.1.0_Generic-AArch64_RHEL-7_aarch64-linux/bin/gcc
      cxx: /opt/arm/gcc-8.1.0_Generic-AArch64_RHEL-7_aarch64-linux/bin/g++
      f77: /opt/arm/gcc-8.1.0_Generic-AArch64_RHEL-7_aarch64-linux/bin/gfortran
      fc: /opt/arm/gcc-8.1.0_Generic-AArch64_RHEL-7_aarch64-linux/bin/gfortran
    spec: gcc@8.1.0
    target: aarch64
- compiler:
    environment: {}
    extra_rpaths: []
    flags: {}
    modules:
    - Generic-AArch64/RHEL/7/gcc/7.1.0
    operating_system: rhel7
    paths:
      cc: /opt/arm/gcc-7.1.0_Generic-AArch64_RHEL-7_aarch64-linux/bin/gcc
      cxx: /opt/arm/gcc-7.1.0_Generic-AArch64_RHEL-7_aarch64-linux/bin/g++
      f77: /opt/arm/gcc-7.1.0_Generic-AArch64_RHEL-7_aarch64-linux/bin/gfortran
      fc: /opt/arm/gcc-7.1.0_Generic-AArch64_RHEL-7_aarch64-linux/bin/gfortran
    spec: gcc@7.1.0
    target: aarch64
- compiler:
    environment: {}
    extra_rpaths: []
    flags: {}
    modules: []
    operating_system: rhel7
    paths:
      cc: /usr/bin/gcc
      cxx: /usr/bin/g++
      f77: /usr/bin/gfortran
      fc: /usr/bin/gfortran
    spec: gcc@4.8.5
    target: aarch64
- compiler:
    environment: {}
    extra_rpaths: []
    flags: {}
    modules:
    - clang/7.0.0
    operating_system: rhel7
    paths:
      cc: /projects/opt/aarch64/clang/7.0.0/bin/armclang
      cxx: /projects/opt/aarch64/clang/7.0.0/bin/armclang++
      f77: /projects/opt/aarch64/clang/7.0.0/bin/armflang
      fc: /projects/opt/aarch64/clang/7.0.0/bin/armflang
    spec: clang@7.0.0
    target: aarch64
- compiler:
    environment: {}
    extra_rpaths: []
    flags: {}
    modules:
    - gcc/8.2.0
    - Generic-AArch64/RHEL/7/arm-hpc-compiler/19.1
    operating_system: rhel7
    paths:
      cc: /opt/arm/arm-hpc-compiler-19.1_Generic-AArch64_RHEL-7_aarch64-linux/bin/armclang
      cxx: /opt/arm/arm-hpc-compiler-19.1_Generic-AArch64_RHEL-7_aarch64-linux/bin/armclang++
      f77: /opt/arm/arm-hpc-compiler-19.1_Generic-AArch64_RHEL-7_aarch64-linux/bin/armflang
      fc: /opt/arm/arm-hpc-compiler-19.1_Generic-AArch64_RHEL-7_aarch64-linux/bin/armflang
    spec: arm@19.1
    target: aarch64
- compiler:
    environment: {}
    extra_rpaths: []
    flags: {}
    modules:
    - Generic-AArch64/RHEL/7/arm-hpc-compiler/18.4.2
    operating_system: rhel7
    paths:
      cc: /opt/arm/arm-hpc-compiler-18.4.2_Generic-AArch64_RHEL-7_aarch64-linux/bin/armclang
      cxx: /opt/arm/arm-hpc-compiler-18.4.2_Generic-AArch64_RHEL-7_aarch64-linux/bin/armclang++
      f77: /opt/arm/arm-hpc-compiler-18.4.2_Generic-AArch64_RHEL-7_aarch64-linux/bin/armflang
      fc: /opt/arm/arm-hpc-compiler-18.4.2_Generic-AArch64_RHEL-7_aarch64-linux/bin/armflang
    spec: clang@18.4.2
    target: aarch64
- compiler:
    environment: {}
    extra_rpaths: []
    flags: {}
    modules:
    - Generic-AArch64/RHEL/7/arm-hpc-compiler/18.4.1
    operating_system: rhel7
    paths:
      cc: /opt/arm/arm-hpc-compiler-18.4.1_Generic-AArch64_RHEL-7_aarch64-linux/bin/armclang
      cxx: /opt/arm/arm-hpc-compiler-18.4.1_Generic-AArch64_RHEL-7_aarch64-linux/bin/armclang++
      f77: /opt/arm/arm-hpc-compiler-18.4.1_Generic-AArch64_RHEL-7_aarch64-linux/bin/armflang
      fc: /opt/arm/arm-hpc-compiler-18.4.1_Generic-AArch64_RHEL-7_aarch64-linux/bin/armflang
    spec: clang@18.4.1
    target: aarch64
- compiler:
    environment: {}
    extra_rpaths: []
    flags: {}
    modules:
    - Generic-AArch64/RHEL/7/arm-hpc-compiler/18.4
    operating_system: rhel7
    paths:
      cc: /opt/arm/arm-hpc-compiler-18.4_Generic-AArch64_RHEL-7_aarch64-linux/bin/armclang
      cxx: /opt/arm/arm-hpc-compiler-18.4_Generic-AArch64_RHEL-7_aarch64-linux/bin/armclang++
      f77: /opt/arm/arm-hpc-compiler-18.4_Generic-AArch64_RHEL-7_aarch64-linux/bin/armflang
      fc: /opt/arm/arm-hpc-compiler-18.4_Generic-AArch64_RHEL-7_aarch64-linux/bin/armflang
    spec: clang@18.4.0
    target: aarch64
spack install ucx @ 1.5.0 % gcc@8.2.0  arch=linux-rhel7-aarch64  >> /scratch/users/dantopa/repos/gitlab/pull-requests/libraries/results/install-log/darwin-arm-ucx-install.log
spack install ucx @ 1.5.0 % gcc@8.1.0  arch=linux-rhel7-aarch64  >> /scratch/users/dantopa/repos/gitlab/pull-requests/libraries/results/install-log/darwin-arm-ucx-install.log
==> Error: ProcessError: Command exited with status 77:
    '/scratch/users/dantopa/new-spack/libraries/darwin-arm.ucx/var/spack/stage/libbsd-0.9.1-edbym4cnlvquvtkpmxwnricrufcyzoxu/libbsd-0.9.1/configure' '--prefix=/scratch/users/dantopa/new-spack/libraries/darwin-arm.ucx/opt/spack/linux-rhel7-aarch64/gcc-8.1.0/libbsd-0.9.1-edbym4cnlvquvtkpmxwnricrufcyzoxu'

2 errors found in build log:
     8     checking whether make sets $(MAKE)... yes
     9     checking whether make supports nested variables... yes
     10    checking whether make supports nested variables... (cached) yes
     11    checking for style of include used by make... GNU
     12    checking for gcc... /scratch/users/dantopa/new-spack/libraries/darwi
           n-arm.ucx/lib/spack/env/gcc/gcc
     13    checking whether the C compiler works... no
  >> 14    configure: error: in `/ram/tmp/dantopa/spack-stage/spack-stage-DbYtC
           e/libbsd-0.9.1':
  >> 15    configure: error: C compiler cannot create executables
     16    See `config.log' for more details

See build log for details:
  /scratch/users/dantopa/new-spack/libraries/darwin-arm.ucx/var/spack/stage/libbsd-0.9.1-edbym4cnlvquvtkpmxwnricrufcyzoxu/spack-build.out
spack install ucx @ 1.5.0 % gcc@7.1.0  arch=linux-rhel7-aarch64  >> /scratch/users/dantopa/repos/gitlab/pull-requests/libraries/results/install-log/darwin-arm-ucx-install.log
spack install ucx @ 1.5.0 % gcc@4.8.5  arch=linux-rhel7-aarch64  >> /scratch/users/dantopa/repos/gitlab/pull-requests/libraries/results/install-log/darwin-arm-ucx-install.log
spack install ucx @ 1.5.0 % arm@19.1  arch=linux-rhel7-aarch64  >> /scratch/users/dantopa/repos/gitlab/pull-requests/libraries/results/install-log/darwin-arm-ucx-install.log
==> Error: ProcessError: Command exited with status 1:
    '/scratch/users/dantopa/new-spack/libraries/darwin-arm.ucx/var/spack/stage/libbsd-0.9.1-zaahms44ac7nghhwk4tpvh5csdp3mmpy/libbsd-0.9.1/configure' '--prefix=/scratch/users/dantopa/new-spack/libraries/darwin-arm.ucx/opt/spack/linux-rhel7-aarch64/arm-19.1/libbsd-0.9.1-zaahms44ac7nghhwk4tpvh5csdp3mmpy'

2 errors found in build log:
     18    checking whether we are using the GNU C compiler... yes
     19    checking whether /scratch/users/dantopa/new-spack/libraries/darwin-a
           rm.ucx/lib/spack/env/arm/armclang accepts -g... yes
     20    checking for /scratch/users/dantopa/new-spack/libraries/darwin-arm.u
           cx/lib/spack/env/arm/armclang option to accept ISO C89... none neede
           d
     21    checking whether /scratch/users/dantopa/new-spack/libraries/darwin-a
           rm.ucx/lib/spack/env/arm/armclang understands -c and -o together... 
           yes
     22    checking dependency style of /scratch/users/dantopa/new-spack/librar
           ies/darwin-arm.ucx/lib/spack/env/arm/armclang... gcc3
     23    checking how to run the C preprocessor... cpp\ -mcpu=thunderx2t99
  >> 24    configure: error: in `/ram/tmp/dantopa/spack-stage/spack-stage-maan2
           K/libbsd-0.9.1':
  >> 25    configure: error: C preprocessor "cpp\ -mcpu=thunderx2t99" fails san
           ity check
     26    See `config.log' for more details

See build log for details:
  /scratch/users/dantopa/new-spack/libraries/darwin-arm.ucx/var/spack/stage/libbsd-0.9.1-zaahms44ac7nghhwk4tpvh5csdp3mmpy/spack-build.out
spack install ucx @ 1.5.0 % clang@18.4.2  arch=linux-rhel7-aarch64  >> /scratch/users/dantopa/repos/gitlab/pull-requests/libraries/results/install-log/darwin-arm-ucx-install.log
==> Error: ProcessError: Command exited with status 1:
    '/scratch/users/dantopa/new-spack/libraries/darwin-arm.ucx/var/spack/stage/libbsd-0.9.1-kxzf7xrwdfwihiafu5qbxff5te5dh6el/libbsd-0.9.1/configure' '--prefix=/scratch/users/dantopa/new-spack/libraries/darwin-arm.ucx/opt/spack/linux-rhel7-aarch64/clang-18.4.2/libbsd-0.9.1-kxzf7xrwdfwihiafu5qbxff5te5dh6el'

2 errors found in build log:
     18    checking whether we are using the GNU C compiler... yes
     19    checking whether /scratch/users/dantopa/new-spack/libraries/darwin-a
           rm.ucx/lib/spack/env/clang/clang accepts -g... yes
     20    checking for /scratch/users/dantopa/new-spack/libraries/darwin-arm.u
           cx/lib/spack/env/clang/clang option to accept ISO C89... none needed
     21    checking whether /scratch/users/dantopa/new-spack/libraries/darwin-a
           rm.ucx/lib/spack/env/clang/clang understands -c and -o together... y
           es
     22    checking dependency style of /scratch/users/dantopa/new-spack/librar
           ies/darwin-arm.ucx/lib/spack/env/clang/clang... gcc3
     23    checking how to run the C preprocessor... armclang\ -E
  >> 24    configure: error: in `/ram/tmp/dantopa/spack-stage/spack-stage-dJXy0
           l/libbsd-0.9.1':
  >> 25    configure: error: C preprocessor "armclang\ -E" fails sanity check
     26    See `config.log' for more details

See build log for details:
  /scratch/users/dantopa/new-spack/libraries/darwin-arm.ucx/var/spack/stage/libbsd-0.9.1-kxzf7xrwdfwihiafu5qbxff5te5dh6el/spack-build.out
spack install ucx @ 1.5.0 % clang@18.4.1  arch=linux-rhel7-aarch64  >> /scratch/users/dantopa/repos/gitlab/pull-requests/libraries/results/install-log/darwin-arm-ucx-install.log
==> Error: ProcessError: Command exited with status 1:
    '/scratch/users/dantopa/new-spack/libraries/darwin-arm.ucx/var/spack/stage/libbsd-0.9.1-k65u5pa7vqdknzpkjvz75hi7zl2ekcjb/libbsd-0.9.1/configure' '--prefix=/scratch/users/dantopa/new-spack/libraries/darwin-arm.ucx/opt/spack/linux-rhel7-aarch64/clang-18.4.1/libbsd-0.9.1-k65u5pa7vqdknzpkjvz75hi7zl2ekcjb'

2 errors found in build log:
     18    checking whether we are using the GNU C compiler... yes
     19    checking whether /scratch/users/dantopa/new-spack/libraries/darwin-a
           rm.ucx/lib/spack/env/clang/clang accepts -g... yes
     20    checking for /scratch/users/dantopa/new-spack/libraries/darwin-arm.u
           cx/lib/spack/env/clang/clang option to accept ISO C89... none needed
     21    checking whether /scratch/users/dantopa/new-spack/libraries/darwin-a
           rm.ucx/lib/spack/env/clang/clang understands -c and -o together... y
           es
     22    checking dependency style of /scratch/users/dantopa/new-spack/librar
           ies/darwin-arm.ucx/lib/spack/env/clang/clang... gcc3
     23    checking how to run the C preprocessor... armclang\ -E
  >> 24    configure: error: in `/ram/tmp/dantopa/spack-stage/spack-stage-R55xO
           t/libbsd-0.9.1':
  >> 25    configure: error: C preprocessor "armclang\ -E" fails sanity check
     26    See `config.log' for more details

See build log for details:
  /scratch/users/dantopa/new-spack/libraries/darwin-arm.ucx/var/spack/stage/libbsd-0.9.1-k65u5pa7vqdknzpkjvz75hi7zl2ekcjb/spack-build.out
spack install ucx @ 1.5.0 % clang@18.4.0  arch=linux-rhel7-aarch64  >> /scratch/users/dantopa/repos/gitlab/pull-requests/libraries/results/install-log/darwin-arm-ucx-install.log
spack install ucx @ 1.5.0 % clang@7.0.0  arch=linux-rhel7-aarch64  >> /scratch/users/dantopa/repos/gitlab/pull-requests/libraries/results/install-log/darwin-arm-ucx-install.log
==> Error: ProcessError: Command exited with status 77:
    '/scratch/users/dantopa/new-spack/libraries/darwin-arm.ucx/var/spack/stage/libbsd-0.9.1-jcwn6tolcflu4ocyewoehzi5oelvzfbl/libbsd-0.9.1/configure' '--prefix=/scratch/users/dantopa/new-spack/libraries/darwin-arm.ucx/opt/spack/linux-rhel7-aarch64/clang-7.0.0/libbsd-0.9.1-jcwn6tolcflu4ocyewoehzi5oelvzfbl'

2 errors found in build log:
     8     checking whether make sets $(MAKE)... yes
     9     checking whether make supports nested variables... yes
     10    checking whether make supports nested variables... (cached) yes
     11    checking for style of include used by make... GNU
     12    checking for gcc... /scratch/users/dantopa/new-spack/libraries/darwi
           n-arm.ucx/lib/spack/env/clang/clang
     13    checking whether the C compiler works... no
  >> 14    configure: error: in `/ram/tmp/dantopa/spack-stage/spack-stage-9Va0z
           q/libbsd-0.9.1':
  >> 15    configure: error: C compiler cannot create executables
     16    See `config.log' for more details

See build log for details:
  /scratch/users/dantopa/new-spack/libraries/darwin-arm.ucx/var/spack/stage/libbsd-0.9.1-jcwn6tolcflu4ocyewoehzi5oelvzfbl/spack-build.out
spack install ucx @ 1.4.0 % gcc@8.2.0  arch=linux-rhel7-aarch64  >> /scratch/users/dantopa/repos/gitlab/pull-requests/libraries/results/install-log/darwin-arm-ucx-install.log
spack install ucx @ 1.4.0 % gcc@8.1.0  arch=linux-rhel7-aarch64  >> /scratch/users/dantopa/repos/gitlab/pull-requests/libraries/results/install-log/darwin-arm-ucx-install.log
==> Error: ProcessError: Command exited with status 77:
    '/scratch/users/dantopa/new-spack/libraries/darwin-arm.ucx/var/spack/stage/libbsd-0.9.1-edbym4cnlvquvtkpmxwnricrufcyzoxu/libbsd-0.9.1/configure' '--prefix=/scratch/users/dantopa/new-spack/libraries/darwin-arm.ucx/opt/spack/linux-rhel7-aarch64/gcc-8.1.0/libbsd-0.9.1-edbym4cnlvquvtkpmxwnricrufcyzoxu'

2 errors found in build log:
     8     checking whether make sets $(MAKE)... yes
     9     checking whether make supports nested variables... yes
     10    checking whether make supports nested variables... (cached) yes
     11    checking for style of include used by make... GNU
     12    checking for gcc... /scratch/users/dantopa/new-spack/libraries/darwi
           n-arm.ucx/lib/spack/env/gcc/gcc
     13    checking whether the C compiler works... no
  >> 14    configure: error: in `/ram/tmp/dantopa/spack-stage/spack-stage-CxqNZ
           v/libbsd-0.9.1':
  >> 15    configure: error: C compiler cannot create executables
     16    See `config.log' for more details

See build log for details:
  /scratch/users/dantopa/new-spack/libraries/darwin-arm.ucx/var/spack/stage/libbsd-0.9.1-edbym4cnlvquvtkpmxwnricrufcyzoxu/spack-build.out
spack install ucx @ 1.4.0 % gcc@7.1.0  arch=linux-rhel7-aarch64  >> /scratch/users/dantopa/repos/gitlab/pull-requests/libraries/results/install-log/darwin-arm-ucx-install.log
spack install ucx @ 1.4.0 % gcc@4.8.5  arch=linux-rhel7-aarch64  >> /scratch/users/dantopa/repos/gitlab/pull-requests/libraries/results/install-log/darwin-arm-ucx-install.log
spack install ucx @ 1.4.0 % arm@19.1  arch=linux-rhel7-aarch64  >> /scratch/users/dantopa/repos/gitlab/pull-requests/libraries/results/install-log/darwin-arm-ucx-install.log
==> Error: ProcessError: Command exited with status 1:
    '/scratch/users/dantopa/new-spack/libraries/darwin-arm.ucx/var/spack/stage/libbsd-0.9.1-zaahms44ac7nghhwk4tpvh5csdp3mmpy/libbsd-0.9.1/configure' '--prefix=/scratch/users/dantopa/new-spack/libraries/darwin-arm.ucx/opt/spack/linux-rhel7-aarch64/arm-19.1/libbsd-0.9.1-zaahms44ac7nghhwk4tpvh5csdp3mmpy'

2 errors found in build log:
     18    checking whether we are using the GNU C compiler... yes
     19    checking whether /scratch/users/dantopa/new-spack/libraries/darwin-a
           rm.ucx/lib/spack/env/arm/armclang accepts -g... yes
     20    checking for /scratch/users/dantopa/new-spack/libraries/darwin-arm.u
           cx/lib/spack/env/arm/armclang option to accept ISO C89... none neede
           d
     21    checking whether /scratch/users/dantopa/new-spack/libraries/darwin-a
           rm.ucx/lib/spack/env/arm/armclang understands -c and -o together... 
           yes
     22    checking dependency style of /scratch/users/dantopa/new-spack/librar
           ies/darwin-arm.ucx/lib/spack/env/arm/armclang... gcc3
     23    checking how to run the C preprocessor... cpp\ -mcpu=thunderx2t99
  >> 24    configure: error: in `/ram/tmp/dantopa/spack-stage/spack-stage-CAHwn
           I/libbsd-0.9.1':
  >> 25    configure: error: C preprocessor "cpp\ -mcpu=thunderx2t99" fails san
           ity check
     26    See `config.log' for more details

See build log for details:
  /scratch/users/dantopa/new-spack/libraries/darwin-arm.ucx/var/spack/stage/libbsd-0.9.1-zaahms44ac7nghhwk4tpvh5csdp3mmpy/spack-build.out
spack install ucx @ 1.4.0 % clang@18.4.2  arch=linux-rhel7-aarch64  >> /scratch/users/dantopa/repos/gitlab/pull-requests/libraries/results/install-log/darwin-arm-ucx-install.log
==> Error: ProcessError: Command exited with status 1:
    '/scratch/users/dantopa/new-spack/libraries/darwin-arm.ucx/var/spack/stage/libbsd-0.9.1-kxzf7xrwdfwihiafu5qbxff5te5dh6el/libbsd-0.9.1/configure' '--prefix=/scratch/users/dantopa/new-spack/libraries/darwin-arm.ucx/opt/spack/linux-rhel7-aarch64/clang-18.4.2/libbsd-0.9.1-kxzf7xrwdfwihiafu5qbxff5te5dh6el'

2 errors found in build log:
     18    checking whether we are using the GNU C compiler... yes
     19    checking whether /scratch/users/dantopa/new-spack/libraries/darwin-a
           rm.ucx/lib/spack/env/clang/clang accepts -g... yes
     20    checking for /scratch/users/dantopa/new-spack/libraries/darwin-arm.u
           cx/lib/spack/env/clang/clang option to accept ISO C89... none needed
     21    checking whether /scratch/users/dantopa/new-spack/libraries/darwin-a
           rm.ucx/lib/spack/env/clang/clang understands -c and -o together... y
           es
     22    checking dependency style of /scratch/users/dantopa/new-spack/librar
           ies/darwin-arm.ucx/lib/spack/env/clang/clang... gcc3
     23    checking how to run the C preprocessor... armclang\ -E
  >> 24    configure: error: in `/ram/tmp/dantopa/spack-stage/spack-stage-MMZgl
           l/libbsd-0.9.1':
  >> 25    configure: error: C preprocessor "armclang\ -E" fails sanity check
     26    See `config.log' for more details

See build log for details:
  /scratch/users/dantopa/new-spack/libraries/darwin-arm.ucx/var/spack/stage/libbsd-0.9.1-kxzf7xrwdfwihiafu5qbxff5te5dh6el/spack-build.out
spack install ucx @ 1.4.0 % clang@18.4.1  arch=linux-rhel7-aarch64  >> /scratch/users/dantopa/repos/gitlab/pull-requests/libraries/results/install-log/darwin-arm-ucx-install.log
==> Error: ProcessError: Command exited with status 1:
    '/scratch/users/dantopa/new-spack/libraries/darwin-arm.ucx/var/spack/stage/libbsd-0.9.1-k65u5pa7vqdknzpkjvz75hi7zl2ekcjb/libbsd-0.9.1/configure' '--prefix=/scratch/users/dantopa/new-spack/libraries/darwin-arm.ucx/opt/spack/linux-rhel7-aarch64/clang-18.4.1/libbsd-0.9.1-k65u5pa7vqdknzpkjvz75hi7zl2ekcjb'

2 errors found in build log:
     18    checking whether we are using the GNU C compiler... yes
     19    checking whether /scratch/users/dantopa/new-spack/libraries/darwin-a
           rm.ucx/lib/spack/env/clang/clang accepts -g... yes
     20    checking for /scratch/users/dantopa/new-spack/libraries/darwin-arm.u
           cx/lib/spack/env/clang/clang option to accept ISO C89... none needed
     21    checking whether /scratch/users/dantopa/new-spack/libraries/darwin-a
           rm.ucx/lib/spack/env/clang/clang understands -c and -o together... y
           es
     22    checking dependency style of /scratch/users/dantopa/new-spack/librar
           ies/darwin-arm.ucx/lib/spack/env/clang/clang... gcc3
     23    checking how to run the C preprocessor... armclang\ -E
  >> 24    configure: error: in `/ram/tmp/dantopa/spack-stage/spack-stage-LDBjM
           J/libbsd-0.9.1':
  >> 25    configure: error: C preprocessor "armclang\ -E" fails sanity check
     26    See `config.log' for more details

See build log for details:
  /scratch/users/dantopa/new-spack/libraries/darwin-arm.ucx/var/spack/stage/libbsd-0.9.1-k65u5pa7vqdknzpkjvz75hi7zl2ekcjb/spack-build.out
spack install ucx @ 1.4.0 % clang@18.4.0  arch=linux-rhel7-aarch64  >> /scratch/users/dantopa/repos/gitlab/pull-requests/libraries/results/install-log/darwin-arm-ucx-install.log
spack install ucx @ 1.4.0 % clang@7.0.0  arch=linux-rhel7-aarch64  >> /scratch/users/dantopa/repos/gitlab/pull-requests/libraries/results/install-log/darwin-arm-ucx-install.log
==> Error: ProcessError: Command exited with status 77:
    '/scratch/users/dantopa/new-spack/libraries/darwin-arm.ucx/var/spack/stage/libbsd-0.9.1-jcwn6tolcflu4ocyewoehzi5oelvzfbl/libbsd-0.9.1/configure' '--prefix=/scratch/users/dantopa/new-spack/libraries/darwin-arm.ucx/opt/spack/linux-rhel7-aarch64/clang-7.0.0/libbsd-0.9.1-jcwn6tolcflu4ocyewoehzi5oelvzfbl'

2 errors found in build log:
     8     checking whether make sets $(MAKE)... yes
     9     checking whether make supports nested variables... yes
     10    checking whether make supports nested variables... (cached) yes
     11    checking for style of include used by make... GNU
     12    checking for gcc... /scratch/users/dantopa/new-spack/libraries/darwi
           n-arm.ucx/lib/spack/env/clang/clang
     13    checking whether the C compiler works... no
  >> 14    configure: error: in `/ram/tmp/dantopa/spack-stage/spack-stage-jGKAI
           j/libbsd-0.9.1':
  >> 15    configure: error: C compiler cannot create executables
     16    See `config.log' for more details

See build log for details:
  /scratch/users/dantopa/new-spack/libraries/darwin-arm.ucx/var/spack/stage/libbsd-0.9.1-jcwn6tolcflu4ocyewoehzi5oelvzfbl/spack-build.out
spack install ucx @ 1.3.1 % gcc@8.2.0  arch=linux-rhel7-aarch64  >> /scratch/users/dantopa/repos/gitlab/pull-requests/libraries/results/install-log/darwin-arm-ucx-install.log
spack install ucx @ 1.3.1 % gcc@8.1.0  arch=linux-rhel7-aarch64  >> /scratch/users/dantopa/repos/gitlab/pull-requests/libraries/results/install-log/darwin-arm-ucx-install.log
==> Error: ProcessError: Command exited with status 77:
    '/scratch/users/dantopa/new-spack/libraries/darwin-arm.ucx/var/spack/stage/libbsd-0.9.1-edbym4cnlvquvtkpmxwnricrufcyzoxu/libbsd-0.9.1/configure' '--prefix=/scratch/users/dantopa/new-spack/libraries/darwin-arm.ucx/opt/spack/linux-rhel7-aarch64/gcc-8.1.0/libbsd-0.9.1-edbym4cnlvquvtkpmxwnricrufcyzoxu'

2 errors found in build log:
     8     checking whether make sets $(MAKE)... yes
     9     checking whether make supports nested variables... yes
     10    checking whether make supports nested variables... (cached) yes
     11    checking for style of include used by make... GNU
     12    checking for gcc... /scratch/users/dantopa/new-spack/libraries/darwi
           n-arm.ucx/lib/spack/env/gcc/gcc
     13    checking whether the C compiler works... no
  >> 14    configure: error: in `/ram/tmp/dantopa/spack-stage/spack-stage-FESDo
           N/libbsd-0.9.1':
  >> 15    configure: error: C compiler cannot create executables
     16    See `config.log' for more details

See build log for details:
  /scratch/users/dantopa/new-spack/libraries/darwin-arm.ucx/var/spack/stage/libbsd-0.9.1-edbym4cnlvquvtkpmxwnricrufcyzoxu/spack-build.out
spack install ucx @ 1.3.1 % gcc@7.1.0  arch=linux-rhel7-aarch64  >> /scratch/users/dantopa/repos/gitlab/pull-requests/libraries/results/install-log/darwin-arm-ucx-install.log
spack install ucx @ 1.3.1 % gcc@4.8.5  arch=linux-rhel7-aarch64  >> /scratch/users/dantopa/repos/gitlab/pull-requests/libraries/results/install-log/darwin-arm-ucx-install.log
spack install ucx @ 1.3.1 % arm@19.1  arch=linux-rhel7-aarch64  >> /scratch/users/dantopa/repos/gitlab/pull-requests/libraries/results/install-log/darwin-arm-ucx-install.log
==> Error: ProcessError: Command exited with status 1:
    '/scratch/users/dantopa/new-spack/libraries/darwin-arm.ucx/var/spack/stage/libbsd-0.9.1-zaahms44ac7nghhwk4tpvh5csdp3mmpy/libbsd-0.9.1/configure' '--prefix=/scratch/users/dantopa/new-spack/libraries/darwin-arm.ucx/opt/spack/linux-rhel7-aarch64/arm-19.1/libbsd-0.9.1-zaahms44ac7nghhwk4tpvh5csdp3mmpy'

2 errors found in build log:
     18    checking whether we are using the GNU C compiler... yes
     19    checking whether /scratch/users/dantopa/new-spack/libraries/darwin-a
           rm.ucx/lib/spack/env/arm/armclang accepts -g... yes
     20    checking for /scratch/users/dantopa/new-spack/libraries/darwin-arm.u
           cx/lib/spack/env/arm/armclang option to accept ISO C89... none neede
           d
     21    checking whether /scratch/users/dantopa/new-spack/libraries/darwin-a
           rm.ucx/lib/spack/env/arm/armclang understands -c and -o together... 
           yes
     22    checking dependency style of /scratch/users/dantopa/new-spack/librar
           ies/darwin-arm.ucx/lib/spack/env/arm/armclang... gcc3
     23    checking how to run the C preprocessor... cpp\ -mcpu=thunderx2t99
  >> 24    configure: error: in `/ram/tmp/dantopa/spack-stage/spack-stage-aL3p5
           v/libbsd-0.9.1':
  >> 25    configure: error: C preprocessor "cpp\ -mcpu=thunderx2t99" fails san
           ity check
     26    See `config.log' for more details

See build log for details:
  /scratch/users/dantopa/new-spack/libraries/darwin-arm.ucx/var/spack/stage/libbsd-0.9.1-zaahms44ac7nghhwk4tpvh5csdp3mmpy/spack-build.out
spack install ucx @ 1.3.1 % clang@18.4.2  arch=linux-rhel7-aarch64  >> /scratch/users/dantopa/repos/gitlab/pull-requests/libraries/results/install-log/darwin-arm-ucx-install.log
==> Error: ProcessError: Command exited with status 1:
    '/scratch/users/dantopa/new-spack/libraries/darwin-arm.ucx/var/spack/stage/libbsd-0.9.1-kxzf7xrwdfwihiafu5qbxff5te5dh6el/libbsd-0.9.1/configure' '--prefix=/scratch/users/dantopa/new-spack/libraries/darwin-arm.ucx/opt/spack/linux-rhel7-aarch64/clang-18.4.2/libbsd-0.9.1-kxzf7xrwdfwihiafu5qbxff5te5dh6el'

2 errors found in build log:
     18    checking whether we are using the GNU C compiler... yes
     19    checking whether /scratch/users/dantopa/new-spack/libraries/darwin-a
           rm.ucx/lib/spack/env/clang/clang accepts -g... yes
     20    checking for /scratch/users/dantopa/new-spack/libraries/darwin-arm.u
           cx/lib/spack/env/clang/clang option to accept ISO C89... none needed
     21    checking whether /scratch/users/dantopa/new-spack/libraries/darwin-a
           rm.ucx/lib/spack/env/clang/clang understands -c and -o together... y
           es
     22    checking dependency style of /scratch/users/dantopa/new-spack/librar
           ies/darwin-arm.ucx/lib/spack/env/clang/clang... gcc3
     23    checking how to run the C preprocessor... armclang\ -E
  >> 24    configure: error: in `/ram/tmp/dantopa/spack-stage/spack-stage-8Bxse
           f/libbsd-0.9.1':
  >> 25    configure: error: C preprocessor "armclang\ -E" fails sanity check
     26    See `config.log' for more details

See build log for details:
  /scratch/users/dantopa/new-spack/libraries/darwin-arm.ucx/var/spack/stage/libbsd-0.9.1-kxzf7xrwdfwihiafu5qbxff5te5dh6el/spack-build.out
spack install ucx @ 1.3.1 % clang@18.4.1  arch=linux-rhel7-aarch64  >> /scratch/users/dantopa/repos/gitlab/pull-requests/libraries/results/install-log/darwin-arm-ucx-install.log
==> Error: ProcessError: Command exited with status 1:
    '/scratch/users/dantopa/new-spack/libraries/darwin-arm.ucx/var/spack/stage/libbsd-0.9.1-k65u5pa7vqdknzpkjvz75hi7zl2ekcjb/libbsd-0.9.1/configure' '--prefix=/scratch/users/dantopa/new-spack/libraries/darwin-arm.ucx/opt/spack/linux-rhel7-aarch64/clang-18.4.1/libbsd-0.9.1-k65u5pa7vqdknzpkjvz75hi7zl2ekcjb'

2 errors found in build log:
     18    checking whether we are using the GNU C compiler... yes
     19    checking whether /scratch/users/dantopa/new-spack/libraries/darwin-a
           rm.ucx/lib/spack/env/clang/clang accepts -g... yes
     20    checking for /scratch/users/dantopa/new-spack/libraries/darwin-arm.u
           cx/lib/spack/env/clang/clang option to accept ISO C89... none needed
     21    checking whether /scratch/users/dantopa/new-spack/libraries/darwin-a
           rm.ucx/lib/spack/env/clang/clang understands -c and -o together... y
           es
     22    checking dependency style of /scratch/users/dantopa/new-spack/librar
           ies/darwin-arm.ucx/lib/spack/env/clang/clang... gcc3
     23    checking how to run the C preprocessor... armclang\ -E
  >> 24    configure: error: in `/ram/tmp/dantopa/spack-stage/spack-stage-dKo23
           g/libbsd-0.9.1':
  >> 25    configure: error: C preprocessor "armclang\ -E" fails sanity check
     26    See `config.log' for more details

See build log for details:
  /scratch/users/dantopa/new-spack/libraries/darwin-arm.ucx/var/spack/stage/libbsd-0.9.1-k65u5pa7vqdknzpkjvz75hi7zl2ekcjb/spack-build.out
spack install ucx @ 1.3.1 % clang@18.4.0  arch=linux-rhel7-aarch64  >> /scratch/users/dantopa/repos/gitlab/pull-requests/libraries/results/install-log/darwin-arm-ucx-install.log
spack install ucx @ 1.3.1 % clang@7.0.0  arch=linux-rhel7-aarch64  >> /scratch/users/dantopa/repos/gitlab/pull-requests/libraries/results/install-log/darwin-arm-ucx-install.log
==> Error: ProcessError: Command exited with status 77:
    '/scratch/users/dantopa/new-spack/libraries/darwin-arm.ucx/var/spack/stage/libbsd-0.9.1-jcwn6tolcflu4ocyewoehzi5oelvzfbl/libbsd-0.9.1/configure' '--prefix=/scratch/users/dantopa/new-spack/libraries/darwin-arm.ucx/opt/spack/linux-rhel7-aarch64/clang-7.0.0/libbsd-0.9.1-jcwn6tolcflu4ocyewoehzi5oelvzfbl'

2 errors found in build log:
     8     checking whether make sets $(MAKE)... yes
     9     checking whether make supports nested variables... yes
     10    checking whether make supports nested variables... (cached) yes
     11    checking for style of include used by make... GNU
     12    checking for gcc... /scratch/users/dantopa/new-spack/libraries/darwi
           n-arm.ucx/lib/spack/env/clang/clang
     13    checking whether the C compiler works... no
  >> 14    configure: error: in `/ram/tmp/dantopa/spack-stage/spack-stage-rz_mN
           v/libbsd-0.9.1':
  >> 15    configure: error: C compiler cannot create executables
     16    See `config.log' for more details

See build log for details:
  /scratch/users/dantopa/new-spack/libraries/darwin-arm.ucx/var/spack/stage/libbsd-0.9.1-jcwn6tolcflu4ocyewoehzi5oelvzfbl/spack-build.out
spack install ucx @ 1.2.2 % gcc@8.2.0  arch=linux-rhel7-aarch64  >> /scratch/users/dantopa/repos/gitlab/pull-requests/libraries/results/install-log/darwin-arm-ucx-install.log
curl: (37) Couldn't open file /usr/projects/draco/vendors/spack.mirror/cmake/cmake-3.14.2.tar.gz
==> Error: ProcessError: Command exited with status 2:
    'make' '-j256'

10 errors found in build log:
     383      CC       sm/knem/libuct_la-knem_md.lo
     384      CC       sm/self/libuct_la-self_md.lo
     385      CC       sm/self/libuct_la-self_iface.lo
     386      CC       sm/self/libuct_la-self_ep.lo
     387    In file included from ib/ud/base/ud_iface.h:21,
     388                     from ib/ud/base/ud_log.c:7:
  >> 389    ib/ud/base/ud_def.h:176:1: error: alignment 1 of 'struct uct_ud_sen
            d_skb_inl' is less than 64 [-Werror=packed-not-aligned]
     390     } UCS_S_PACKED uct_ud_send_skb_inl_t;
     391     ^
     392    In file included from ib/ud/base/ud_iface.h:21,
     393                     from ib/ud/base/ud_iface.c:7:
  >> 394    ib/ud/base/ud_def.h:176:1: error: alignment 1 of 'struct uct_ud_sen
            d_skb_inl' is less than 64 [-Werror=packed-not-aligned]
     395     } UCS_S_PACKED uct_ud_send_skb_inl_t;
     396     ^
     397    cc1: all warnings being treated as errors
  >> 398    make[2]: *** [ib/ud/base/libuct_la-ud_log.lo] Error 1
     399    make[2]: *** Waiting for unfinished jobs....
     400    In file included from ib/ud/base/ud_ep.h:10,
     401                     from ib/ud/base/ud_ep.c:7:
  >> 402    ib/ud/base/ud_def.h:176:1: error: alignment 1 of 'struct uct_ud_sen
            d_skb_inl' is less than 64 [-Werror=packed-not-aligned]
     403     } UCS_S_PACKED uct_ud_send_skb_inl_t;
     404     ^
     405    In file included from /scratch/users/dantopa/new-spack/libraries/da
            rwin-arm.ucx/var/spack/stage/ucx-1.2.2-b5sps6ro5okp735nxtj6uxoopxgw
            zq4a/ucx-1.2.2/src/uct/ib/ud/base/ud_iface.h:21,
     406                     from ib/ud/verbs/ud_verbs.c:19:
  >> 407    /scratch/users/dantopa/new-spack/libraries/darwin-arm.ucx/var/spack
            /stage/ucx-1.2.2-b5sps6ro5okp735nxtj6uxoopxgwzq4a/ucx-1.2.2/src/uct
            /ib/ud/base/ud_def.h:176:1: error: alignment 1 of 'struct uct_ud_se
            nd_skb_inl' is less than 64 [-Werror=packed-not-aligned]
     408     } UCS_S_PACKED uct_ud_send_skb_inl_t;
     409     ^
     410    cc1: all warnings being treated as errors
  >> 411    make[2]: *** [ib/ud/base/libuct_la-ud_iface.lo] Error 1
     412    cc1: all warnings being treated as errors
  >> 413    make[2]: *** [ib/ud/base/libuct_la-ud_ep.lo] Error 1
     414    cc1: all warnings being treated as errors
  >> 415    make[2]: *** [ib/ud/verbs/libuct_la-ud_verbs.lo] Error 1
     416    make[2]: Leaving directory `/ram/tmp/dantopa/spack-stage/spack-stag
            e-3Y0qU3/ucx-1.2.2/src/uct'
  >> 417    make[1]: *** [all-recursive] Error 1
     418    make[1]: Leaving directory `/ram/tmp/dantopa/spack-stage/spack-stag
            e-3Y0qU3/ucx-1.2.2'
  >> 419    make: *** [all] Error 2

See build log for details:
  /scratch/users/dantopa/new-spack/libraries/darwin-arm.ucx/var/spack/stage/ucx-1.2.2-b5sps6ro5okp735nxtj6uxoopxgwzq4a/spack-build.out
spack install ucx @ 1.2.2 % gcc@8.1.0  arch=linux-rhel7-aarch64  >> /scratch/users/dantopa/repos/gitlab/pull-requests/libraries/results/install-log/darwin-arm-ucx-install.log
==> Error: ProcessError: Command exited with status 77:
    '/scratch/users/dantopa/new-spack/libraries/darwin-arm.ucx/var/spack/stage/libbsd-0.9.1-edbym4cnlvquvtkpmxwnricrufcyzoxu/libbsd-0.9.1/configure' '--prefix=/scratch/users/dantopa/new-spack/libraries/darwin-arm.ucx/opt/spack/linux-rhel7-aarch64/gcc-8.1.0/libbsd-0.9.1-edbym4cnlvquvtkpmxwnricrufcyzoxu'

2 errors found in build log:
     8     checking whether make sets $(MAKE)... yes
     9     checking whether make supports nested variables... yes
     10    checking whether make supports nested variables... (cached) yes
     11    checking for style of include used by make... GNU
     12    checking for gcc... /scratch/users/dantopa/new-spack/libraries/darwi
           n-arm.ucx/lib/spack/env/gcc/gcc
     13    checking whether the C compiler works... no
  >> 14    configure: error: in `/ram/tmp/dantopa/spack-stage/spack-stage-uHbCJ
           A/libbsd-0.9.1':
  >> 15    configure: error: C compiler cannot create executables
     16    See `config.log' for more details

See build log for details:
  /scratch/users/dantopa/new-spack/libraries/darwin-arm.ucx/var/spack/stage/libbsd-0.9.1-edbym4cnlvquvtkpmxwnricrufcyzoxu/spack-build.out
spack install ucx @ 1.2.2 % gcc@7.1.0  arch=linux-rhel7-aarch64  >> /scratch/users/dantopa/repos/gitlab/pull-requests/libraries/results/install-log/darwin-arm-ucx-install.log
spack install ucx @ 1.2.2 % gcc@4.8.5  arch=linux-rhel7-aarch64  >> /scratch/users/dantopa/repos/gitlab/pull-requests/libraries/results/install-log/darwin-arm-ucx-install.log
spack install ucx @ 1.2.2 % arm@19.1  arch=linux-rhel7-aarch64  >> /scratch/users/dantopa/repos/gitlab/pull-requests/libraries/results/install-log/darwin-arm-ucx-install.log
==> Error: ProcessError: Command exited with status 1:
    '/scratch/users/dantopa/new-spack/libraries/darwin-arm.ucx/var/spack/stage/libbsd-0.9.1-zaahms44ac7nghhwk4tpvh5csdp3mmpy/libbsd-0.9.1/configure' '--prefix=/scratch/users/dantopa/new-spack/libraries/darwin-arm.ucx/opt/spack/linux-rhel7-aarch64/arm-19.1/libbsd-0.9.1-zaahms44ac7nghhwk4tpvh5csdp3mmpy'

2 errors found in build log:
     18    checking whether we are using the GNU C compiler... yes
     19    checking whether /scratch/users/dantopa/new-spack/libraries/darwin-a
           rm.ucx/lib/spack/env/arm/armclang accepts -g... yes
     20    checking for /scratch/users/dantopa/new-spack/libraries/darwin-arm.u
           cx/lib/spack/env/arm/armclang option to accept ISO C89... none neede
           d
     21    checking whether /scratch/users/dantopa/new-spack/libraries/darwin-a
           rm.ucx/lib/spack/env/arm/armclang understands -c and -o together... 
           yes
     22    checking dependency style of /scratch/users/dantopa/new-spack/librar
           ies/darwin-arm.ucx/lib/spack/env/arm/armclang... gcc3
     23    checking how to run the C preprocessor... cpp\ -mcpu=thunderx2t99
  >> 24    configure: error: in `/ram/tmp/dantopa/spack-stage/spack-stage-p0bmh
           k/libbsd-0.9.1':
  >> 25    configure: error: C preprocessor "cpp\ -mcpu=thunderx2t99" fails san
           ity check
     26    See `config.log' for more details

See build log for details:
  /scratch/users/dantopa/new-spack/libraries/darwin-arm.ucx/var/spack/stage/libbsd-0.9.1-zaahms44ac7nghhwk4tpvh5csdp3mmpy/spack-build.out
spack install ucx @ 1.2.2 % clang@18.4.2  arch=linux-rhel7-aarch64  >> /scratch/users/dantopa/repos/gitlab/pull-requests/libraries/results/install-log/darwin-arm-ucx-install.log
==> Error: ProcessError: Command exited with status 1:
    '/scratch/users/dantopa/new-spack/libraries/darwin-arm.ucx/var/spack/stage/libbsd-0.9.1-kxzf7xrwdfwihiafu5qbxff5te5dh6el/libbsd-0.9.1/configure' '--prefix=/scratch/users/dantopa/new-spack/libraries/darwin-arm.ucx/opt/spack/linux-rhel7-aarch64/clang-18.4.2/libbsd-0.9.1-kxzf7xrwdfwihiafu5qbxff5te5dh6el'

2 errors found in build log:
     18    checking whether we are using the GNU C compiler... yes
     19    checking whether /scratch/users/dantopa/new-spack/libraries/darwin-a
           rm.ucx/lib/spack/env/clang/clang accepts -g... yes
     20    checking for /scratch/users/dantopa/new-spack/libraries/darwin-arm.u
           cx/lib/spack/env/clang/clang option to accept ISO C89... none needed
     21    checking whether /scratch/users/dantopa/new-spack/libraries/darwin-a
           rm.ucx/lib/spack/env/clang/clang understands -c and -o together... y
           es
     22    checking dependency style of /scratch/users/dantopa/new-spack/librar
           ies/darwin-arm.ucx/lib/spack/env/clang/clang... gcc3
     23    checking how to run the C preprocessor... armclang\ -E
  >> 24    configure: error: in `/ram/tmp/dantopa/spack-stage/spack-stage-rZRLI
           v/libbsd-0.9.1':
  >> 25    configure: error: C preprocessor "armclang\ -E" fails sanity check
     26    See `config.log' for more details

See build log for details:
  /scratch/users/dantopa/new-spack/libraries/darwin-arm.ucx/var/spack/stage/libbsd-0.9.1-kxzf7xrwdfwihiafu5qbxff5te5dh6el/spack-build.out
spack install ucx @ 1.2.2 % clang@18.4.1  arch=linux-rhel7-aarch64  >> /scratch/users/dantopa/repos/gitlab/pull-requests/libraries/results/install-log/darwin-arm-ucx-install.log
==> Error: ProcessError: Command exited with status 1:
    '/scratch/users/dantopa/new-spack/libraries/darwin-arm.ucx/var/spack/stage/libbsd-0.9.1-k65u5pa7vqdknzpkjvz75hi7zl2ekcjb/libbsd-0.9.1/configure' '--prefix=/scratch/users/dantopa/new-spack/libraries/darwin-arm.ucx/opt/spack/linux-rhel7-aarch64/clang-18.4.1/libbsd-0.9.1-k65u5pa7vqdknzpkjvz75hi7zl2ekcjb'

2 errors found in build log:
     18    checking whether we are using the GNU C compiler... yes
     19    checking whether /scratch/users/dantopa/new-spack/libraries/darwin-a
           rm.ucx/lib/spack/env/clang/clang accepts -g... yes
     20    checking for /scratch/users/dantopa/new-spack/libraries/darwin-arm.u
           cx/lib/spack/env/clang/clang option to accept ISO C89... none needed
     21    checking whether /scratch/users/dantopa/new-spack/libraries/darwin-a
           rm.ucx/lib/spack/env/clang/clang understands -c and -o together... y
           es
     22    checking dependency style of /scratch/users/dantopa/new-spack/librar
           ies/darwin-arm.ucx/lib/spack/env/clang/clang... gcc3
     23    checking how to run the C preprocessor... armclang\ -E
  >> 24    configure: error: in `/ram/tmp/dantopa/spack-stage/spack-stage-kT5iK
           w/libbsd-0.9.1':
  >> 25    configure: error: C preprocessor "armclang\ -E" fails sanity check
     26    See `config.log' for more details

See build log for details:
  /scratch/users/dantopa/new-spack/libraries/darwin-arm.ucx/var/spack/stage/libbsd-0.9.1-k65u5pa7vqdknzpkjvz75hi7zl2ekcjb/spack-build.out
spack install ucx @ 1.2.2 % clang@18.4.0  arch=linux-rhel7-aarch64  >> /scratch/users/dantopa/repos/gitlab/pull-requests/libraries/results/install-log/darwin-arm-ucx-install.log
==> Error: ProcessError: Command exited with status 2:
    'make' '-j256'

14 errors found in build log:
     383      CC       sm/knem/libuct_la-knem_ep.lo
     384      CC       sm/knem/libuct_la-knem_md.lo
     385      CC       sm/self/libuct_la-self_md.lo
     386      CC       sm/self/libuct_la-self_iface.lo
     387      CC       sm/self/libuct_la-self_ep.lo
     388    In file included from ib/ud/verbs/ud_verbs.c:19:
  >> 389    /scratch/users/dantopa/new-spack/libraries/darwin-arm.ucx/var/spack
            /stage/ucx-1.2.2-dmnxivj23uswhm3a3i4k62gxb762pti3/ucx-1.2.2/src/uct
            /ib/ud/base/ud_iface.h:210:17: error: taking address of packed memb
            er 'super' of class or structure 'uct_ud_send_skb_inl' may result i
            n an unaligned pointer value [-Werror,-Waddress-of-packed-member]
     390        if (skb != &iface->tx.skb_inl.super) {
     391                    ^~~~~~~~~~~~~~~~~~~~~~~
     392    In file included from ib/ud/base/ud_ep.c:8:
  >> 393    ib/ud/base/ud_iface.h:210:17: error: taking address of packed membe
            r 'super' of class or structure 'uct_ud_send_skb_inl' may result in
             an unaligned pointer value [-Werror,-Waddress-of-packed-member]
     394        if (skb != &iface->tx.skb_inl.super) {
     395                    ^~~~~~~~~~~~~~~~~~~~~~~
     396    1 error generated.
  >> 397    make[2]: *** [ib/ud/verbs/libuct_la-ud_verbs.lo] Error 1
     398    make[2]: *** Waiting for unfinished jobs....
  >> 399    ib/ud/base/ud_ep.c:556:23: error: taking address of packed member '
            peer' of class or structure 'uct_ud_ctl_hdr' may result in an unali
            gned pointer value [-Werror,-Waddress-of-packed-member]
     400        uct_ud_peer_name(&creq->peer);
     401                          ^~~~~~~~~~
  >> 402    ib/ud/base/ud_ep.c:784:23: error: taking address of packed member '
            peer' of class or structure 'uct_ud_ctl_hdr' may result in an unali
            gned pointer value [-Werror,-Waddress-of-packed-member]
     403        uct_ud_peer_name(&crep->peer);
     404                          ^~~~~~~~~~
  >> 405    ib/ud/base/ud_ep.c:884:20: error: taking address of packed member '
            super' of class or structure 'uct_ud_send_skb_inl' may result in an
             unaligned pointer value [-Werror,-Waddress-of-packed-member]
     406                skb = &iface->tx.skb_inl.super;
     407                       ^~~~~~~~~~~~~~~~~~~~~~~
  >> 408    ib/ud/base/ud_ep.c:894:16: error: taking address of packed member '
            super' of class or structure 'uct_ud_send_skb_inl' may result in an
             unaligned pointer value [-Werror,-Waddress-of-packed-member]
     409            skb = &iface->tx.skb_inl.super;
     410                   ^~~~~~~~~~~~~~~~~~~~~~~
     411    5 errors generated.
  >> 412    make[2]: *** [ib/ud/base/libuct_la-ud_ep.lo] Error 1
     413    In file included from ib/ud/base/ud_iface.c:7:
  >> 414    ib/ud/base/ud_iface.h:210:17: error: taking address of packed membe
            r 'super' of class or structure 'uct_ud_send_skb_inl' may result in
             an unaligned pointer value [-Werror,-Waddress-of-packed-member]
     415        if (skb != &iface->tx.skb_inl.super) {
     416                    ^~~~~~~~~~~~~~~~~~~~~~~
     417    1 error generated.
  >> 418    make[2]: *** [ib/ud/base/libuct_la-ud_iface.lo] Error 1
     419    In file included from ib/ud/base/ud_log.c:7:
  >> 420    ib/ud/base/ud_iface.h:210:17: error: taking address of packed membe
            r 'super' of class or structure 'uct_ud_send_skb_inl' may result in
             an unaligned pointer value [-Werror,-Waddress-of-packed-member]
     421        if (skb != &iface->tx.skb_inl.super) {
     422                    ^~~~~~~~~~~~~~~~~~~~~~~
     423    1 error generated.
  >> 424    make[2]: *** [ib/ud/base/libuct_la-ud_log.lo] Error 1
     425    make[2]: Leaving directory `/ram/tmp/dantopa/spack-stage/spack-stag
            e-C1tLsn/ucx-1.2.2/src/uct'
  >> 426    make[1]: *** [all-recursive] Error 1
     427    make[1]: Leaving directory `/ram/tmp/dantopa/spack-stage/spack-stag
            e-C1tLsn/ucx-1.2.2'
  >> 428    make: *** [all] Error 2

See build log for details:
  /scratch/users/dantopa/new-spack/libraries/darwin-arm.ucx/var/spack/stage/ucx-1.2.2-dmnxivj23uswhm3a3i4k62gxb762pti3/spack-build.out
spack install ucx @ 1.2.2 % clang@7.0.0  arch=linux-rhel7-aarch64  >> /scratch/users/dantopa/repos/gitlab/pull-requests/libraries/results/install-log/darwin-arm-ucx-install.log
==> Error: ProcessError: Command exited with status 77:
    '/scratch/users/dantopa/new-spack/libraries/darwin-arm.ucx/var/spack/stage/libbsd-0.9.1-jcwn6tolcflu4ocyewoehzi5oelvzfbl/libbsd-0.9.1/configure' '--prefix=/scratch/users/dantopa/new-spack/libraries/darwin-arm.ucx/opt/spack/linux-rhel7-aarch64/clang-7.0.0/libbsd-0.9.1-jcwn6tolcflu4ocyewoehzi5oelvzfbl'

2 errors found in build log:
     8     checking whether make sets $(MAKE)... yes
     9     checking whether make supports nested variables... yes
     10    checking whether make supports nested variables... (cached) yes
     11    checking for style of include used by make... GNU
     12    checking for gcc... /scratch/users/dantopa/new-spack/libraries/darwi
           n-arm.ucx/lib/spack/env/clang/clang
     13    checking whether the C compiler works... no
  >> 14    configure: error: in `/ram/tmp/dantopa/spack-stage/spack-stage-uNwnn
           N/libbsd-0.9.1':
  >> 15    configure: error: C compiler cannot create executables
     16    See `config.log' for more details

See build log for details:
  /scratch/users/dantopa/new-spack/libraries/darwin-arm.ucx/var/spack/stage/libbsd-0.9.1-jcwn6tolcflu4ocyewoehzi5oelvzfbl/spack-build.out
spack clean -a
==> Removing all temporary build stages
==> Removing cached downloads
==> Removing cached information on repositories
==> Removing python cache files
mkdir -p "${dir_results}/platform-order"
mkdir -p "${dir_results}/tpl-order"
mkdir -p "${dir_results}/graphs"
spack find ucx >> /scratch/users/dantopa/repos/gitlab/pull-requests/libraries/results/platform-order/darwin-arm-ucx.out
spack find ucx >> /scratch/users/dantopa/repos/gitlab/pull-requests/libraries/results/tpl-order/ucx-darwin-arm.out
spack find -ldf ucx  >> /scratch/users/dantopa/repos/gitlab/pull-requests/libraries/results/tpl-order/ucx-darwin-arm-ldf.out
spack graph ucx >> /scratch/users/dantopa/repos/gitlab/pull-requests/libraries/results/graphs/ucx-darwin-arm-graph.out
spack compilers
==> Available compilers
-- arm rhel7-aarch64 --------------------------------------------
arm@19.1

-- clang rhel7-aarch64 ------------------------------------------
clang@18.4.2
clang@18.4.1
clang@18.4.0
clang@7.0.0

-- gcc rhel7-aarch64 --------------------------------------------
gcc@8.2.0
gcc@8.1.0
gcc@7.1.0
gcc@4.8.5
spack find ucx
==> 14 installed packages
-- linux-rhel7-aarch64 / clang@18.4.0 ---------------------------
ucx@1.3.1
ucx@1.4.0
ucx@1.5.0

-- linux-rhel7-aarch64 / gcc@4.8.5 ------------------------------
ucx@1.2.2
ucx@1.3.1
ucx@1.4.0
ucx@1.5.0

-- linux-rhel7-aarch64 / gcc@7.1.0 ------------------------------
ucx@1.2.2
ucx@1.3.1
ucx@1.4.0
ucx@1.5.0

-- linux-rhel7-aarch64 / gcc@8.2.0 ------------------------------
ucx@1.3.1
ucx@1.4.0
ucx@1.5.0
spack find -ldf ucx
==> 14 installed packages
-- linux-rhel7-aarch64 / clang@18.4.0 ---------------------------
2coml2d    ucx@1.3.1%clang 
7w2k65p        ^numactl@2.0.12%clang 
wse7mg4        ^rdma-core@20%clang 
cbkli4c            ^libnl@3.3.0%clang 

toizac3    ucx@1.4.0%clang 
7w2k65p        ^numactl@2.0.12%clang 
wse7mg4        ^rdma-core@20%clang 
cbkli4c            ^libnl@3.3.0%clang 

cs5rpde    ucx@1.5.0%clang 
7w2k65p        ^numactl@2.0.12%clang 
wse7mg4        ^rdma-core@20%clang 
cbkli4c            ^libnl@3.3.0%clang 


-- linux-rhel7-aarch64 / gcc@4.8.5 ------------------------------
rrgemkp    ucx@1.2.2%gcc 
m5neuus        ^numactl@2.0.12%gcc 
u3gjtb7        ^rdma-core@20%gcc 
i36v3wa            ^libnl@3.3.0%gcc 

33vxhpm    ucx@1.3.1%gcc 
m5neuus        ^numactl@2.0.12%gcc 
u3gjtb7        ^rdma-core@20%gcc 
i36v3wa            ^libnl@3.3.0%gcc 

q3dewwk    ucx@1.4.0%gcc 
m5neuus        ^numactl@2.0.12%gcc 
u3gjtb7        ^rdma-core@20%gcc 
i36v3wa            ^libnl@3.3.0%gcc 

6m5xem5    ucx@1.5.0%gcc 
m5neuus        ^numactl@2.0.12%gcc 
u3gjtb7        ^rdma-core@20%gcc 
i36v3wa            ^libnl@3.3.0%gcc 


-- linux-rhel7-aarch64 / gcc@7.1.0 ------------------------------
p7m4ae3    ucx@1.2.2%gcc 
eukhjxm        ^numactl@2.0.12%gcc 
d4bbhzb        ^rdma-core@20%gcc 
5ypgewv            ^libnl@3.3.0%gcc 

kxu35ol    ucx@1.3.1%gcc 
eukhjxm        ^numactl@2.0.12%gcc 
d4bbhzb        ^rdma-core@20%gcc 
5ypgewv            ^libnl@3.3.0%gcc 

c5a374k    ucx@1.4.0%gcc 
eukhjxm        ^numactl@2.0.12%gcc 
d4bbhzb        ^rdma-core@20%gcc 
5ypgewv            ^libnl@3.3.0%gcc 

fzmzyot    ucx@1.5.0%gcc 
eukhjxm        ^numactl@2.0.12%gcc 
d4bbhzb        ^rdma-core@20%gcc 
5ypgewv            ^libnl@3.3.0%gcc 


-- linux-rhel7-aarch64 / gcc@8.2.0 ------------------------------
c2l5q54    ucx@1.3.1%gcc 
opoop4g        ^numactl@2.0.12%gcc 
bymgqwi        ^rdma-core@20%gcc 
c55ryes            ^libnl@3.3.0%gcc 

myisxuj    ucx@1.4.0%gcc 
opoop4g        ^numactl@2.0.12%gcc 
bymgqwi        ^rdma-core@20%gcc 
c55ryes            ^libnl@3.3.0%gcc 

cikgfog    ucx@1.5.0%gcc 
opoop4g        ^numactl@2.0.12%gcc 
bymgqwi        ^rdma-core@20%gcc 
c55ryes            ^libnl@3.3.0%gcc 

mv  /scratch/users/dantopa/repos/gitlab/pull-requests/libraries/tools/bash/darwin-arm-batch.out   /scratch/users/dantopa/repos/gitlab/pull-requests/libraries/results/batch-out/darwin-arm-ucx-2019-04-24-batch.out
cd /scratch/users/dantopa/repos/gitlab/pull-requests/libraries
git add -A .
git commit -m "${USER} ${tpl} ${hpc} ${partition} ${ymd}"
[master 47d920b] dantopa ucx darwin arm 2019-04-24
 11 files changed, 1418 insertions(+), 191 deletions(-)
 create mode 100644 libraries/results/batch-out/darwin-arm-ucx-2019-04-24-batch.out
 create mode 100644 libraries/results/graphs/ucx-darwin-arm-graph.out
 create mode 100644 libraries/results/platform-order/darwin-arm-ucx.out
 rewrite libraries/results/tpl-order/ucx-darwin-arm-ldf.out (85%)
 delete mode 100644 libraries/tools/bash/darwin-arm-batch.out
Wed Apr 24 12:31:42 MDT 2019
