Wed Apr 24 20:54:07 MDT 2019 /var/spool/slurm/job545966/slurm_script
source "${dir_tools}/bash/master-tpl-sweep.sh"
Wed Apr 24 20:54:07 MDT 2019 /lustre/ttscratch1/dantopa/repos/gitlab/pull-requests/libraries/tools/bash/master-tpl-sweep.sh
cd /lustre/ttscratch1/dantopa/repos/gitlab/pull-requests/libraries/tools
source directories/libraries-trinitite.sh
Wed Apr 24 20:54:07 MDT 2019 [1mdirectories/libraries-trinitite.sh(B[m
source tpl-versions/versions-ucx.sh
Wed Apr 24 20:54:07 MDT 2019 [1mtpl-versions/versions-ucx.sh(B[m
4 ucx versions loaded:
1.5.0  1.4.0  1.3.1  1.2.2

source compilers/compilers-trinitite-standard.sh
Wed Apr 24 20:54:07 MDT 2019 [1mcompilers/compilers-trinitite-standard.sh(B[m
7 Spack-recognized compilers loaded:
cce@8.7.9  cce@8.7.8  gcc@8.2.0  gcc@7.3.0  gcc@6.3.0  intel@19.0.1  intel@18.0.5

source klingons/trinitite-standard-ucx.sh
/lustre/ttscratch1/dantopa/repos/gitlab/pull-requests/libraries/tools/bash/master-tpl-sweep.sh: line 36: klingons/trinitite-standard-ucx.sh: No such file or directory
cd /lustre/ttscratch1/dantopa/spack/libraries/trinitite-standard.ucx
. share/spack/setup-env.sh
==> Removing all temporary build stages
==> Removing cached downloads
==> Removing cached information on repositories
==> Removing python cache files
spack compilers
export spack_architecture='arch=cray-cnl6-haswell'
==> Available compilers
-- cce cnl6-any -------------------------------------------------
cce@8.7.10
cce@8.7.9
cce@8.7.8

-- gcc cnl6-any -------------------------------------------------
gcc@8.3.0
gcc@8.2.0
gcc@7.3.0
gcc@6.3.0
gcc@6.1.0

-- gcc sles15-aarch64 -------------------------------------------
gcc@7.4.0

-- intel cnl6-any -----------------------------------------------
intel@19.0.1
intel@18.0.5
ls -alh etc/spack/defaults
total 56K
drwxr-xr-x 4 dantopa dantopa 4.0K Apr 18 16:54 .
drwxr-xr-x 3 dantopa dantopa 4.0K Oct 15  2018 ..
-rw-r----- 1 dantopa dantopa 2.6K Apr 18 17:18 compilers.yaml
-rw-r----- 1 dantopa dantopa 4.4K Mar 15 18:15 config.yaml
drwxr-xr-x 2 dantopa dantopa 4.0K Oct 15  2018 darwin
drwxr-xr-x 2 dantopa dantopa 4.0K Oct 15  2018 linux
-rw-r----- 1 dantopa dantopa 2.8K Apr 18 17:18 lmod-modules.yaml
-rw-r----- 1 dantopa dantopa   77 Apr 18 17:18 mirrors.yaml
-rw-r--r-- 1 dantopa dantopa 3.7K Apr 18 17:18 modules.yaml
-rw-r----- 1 dantopa dantopa 3.1K Apr 18 17:18 packages.yaml
-rw-r----- 1 dantopa dantopa  530 Mar  7 17:30 release.yaml
-rw-r--r-- 1 dantopa dantopa  546 Oct 15  2018 repos.yaml
-rw-r----- 1 dantopa dantopa 3.7K Apr 18 17:18 tcl-modules.yaml
cat etc/spack/defaults/compilers.yaml
# # # Trinitite system compilers

# dantopa@tt-fey1:spack.trinitite.compilers $ date
# Tue Jan 29 19:06:30 MST 2019

# dantopa@tt-fey1:spack.trinitite.compilers $ pwd
# /lustre/ttscratch1/dantopa/repos/spack/spack.trinitite.compilers

# dantopa@tt-fey1:spack.trinitite.compilers $ spack compilers
# ==> Available compilers
# -- cce cnl6-any -------------------------------------------------
# cce@8.7.9  cce@8.7.8
#
# -- gcc cnl6-any -------------------------------------------------
# gcc@8.2.0  gcc@7.3.0  gcc@6.3.0
#
# -- intel cnl6-any -----------------------------------------------
# intel@19.0.1  intel@18.0.5
compilers:
- compiler:
    environment: {}
    extra_rpaths: []
    flags: {}
    modules:
    - PrgEnv-cray
    - !!python/unicode
      'cce/8.7.9'
    operating_system: cnl6
    paths:
      cc:  cc
      cxx: CC
      f77: ftn
      fc:  ftn
    spec: cce@8.7.9
    target: any
- compiler:
    environment: {}
    extra_rpaths: []
    flags: {}
    modules:
    - PrgEnv-cray
    - !!python/unicode
      'cce/8.7.8'
    operating_system: cnl6
    paths:
      cc:  cc
      cxx: CC
      f77: ftn
      fc:  ftn
    spec: cce@8.7.8
    target: any
# # # GCC
  #  # gcc@8.2.0  gcc@7.3.0  gcc@6.3.0
- compiler:
    environment: {}
    extra_rpaths: []
    flags: {}
    modules:
    - PrgEnv-gnu
    - !!python/unicode
      'gcc/8.2.0'
    operating_system: cnl6
    paths:
      cc:  cc
      cxx: CC
      f77: ftn
      fc:  ftn
    spec: gcc@8.2.0
    target: any
- compiler:
    environment: {}
    extra_rpaths: []
    flags: {}
    modules:
    - PrgEnv-gnu
    - !!python/unicode
      'gcc/7.3.0'
    operating_system: cnl6
    paths:
      cc:  cc
      cxx: CC
      f77: ftn
      fc:  ftn
    spec: gcc@7.3.0
    target: any
- compiler:
    environment: {}
    extra_rpaths: []
    flags: {}
    modules:
    - PrgEnv-gnu
    - !!python/unicode
      'gcc/6.3.0'
    operating_system: cnl6
    paths:
      cc:  cc
      cxx: CC
      f77: ftn
      fc:  ftn
    spec: gcc@6.3.0
    target: any
# # # intel
  # #  intel@19.0.1  intel@18.0.5
- compiler:
    environment: {}
    extra_rpaths: []
    flags: {}
    modules:
    - PrgEnv-intel
    - friendly-testing
    - !!python/unicode
      'intel/19.0.1'
    operating_system: cnl6
    paths:
      cc:  cc
      cxx: CC
      f77: ftn
      fc:  ftn
    spec: intel@19.0.1
    target: any
- compiler:
    environment: {}
    extra_rpaths: []
    flags: {}
    modules:
    - PrgEnv-intel
    - !!python/unicode
      'intel/18.0.5'
    operating_system: cnl6
    paths:
      cc:  cc
      cxx: CC
      f77: ftn
      fc:  ftn
    spec: intel@18.0.5
    target: any
spack config get compilers
spack clean -a
compilers:
- compiler:
    environment: {}
    extra_rpaths: []
    flags: {}
    modules:
    - PrgEnv-cray
    - !!python/unicode
      'cce/8.7.9'
    operating_system: cnl6
    paths:
      cc: cc
      cxx: CC
      f77: ftn
      fc: ftn
    spec: cce@8.7.9
    target: any
- compiler:
    environment: {}
    extra_rpaths: []
    flags: {}
    modules:
    - PrgEnv-cray
    - !!python/unicode
      'cce/8.7.10'
    operating_system: cnl6
    paths:
      cc: cc
      cxx: CC
      f77: ftn
      fc: ftn
    spec: cce@8.7.10
    target: any
- compiler:
    environment: {}
    extra_rpaths: []
    flags: {}
    modules:
    - PrgEnv-gnu
    - !!python/unicode
      'gcc/6.1.0'
    operating_system: cnl6
    paths:
      cc: cc
      cxx: CC
      f77: ftn
      fc: ftn
    spec: gcc@6.1.0
    target: any
- compiler:
    environment: {}
    extra_rpaths: []
    flags: {}
    modules:
    - PrgEnv-gnu
    - !!python/unicode
      'gcc/7.3.0'
    operating_system: cnl6
    paths:
      cc: cc
      cxx: CC
      f77: ftn
      fc: ftn
    spec: gcc@7.3.0
    target: any
- compiler:
    environment: {}
    extra_rpaths: []
    flags: {}
    modules:
    - PrgEnv-gnu
    - !!python/unicode
      'gcc/8.2.0'
    operating_system: cnl6
    paths:
      cc: cc
      cxx: CC
      f77: ftn
      fc: ftn
    spec: gcc@8.2.0
    target: any
- compiler:
    environment: {}
    extra_rpaths: []
    flags: {}
    modules:
    - PrgEnv-gnu
    - !!python/unicode
      'gcc/8.3.0'
    operating_system: cnl6
    paths:
      cc: cc
      cxx: CC
      f77: ftn
      fc: ftn
    spec: gcc@8.3.0
    target: any
- compiler:
    environment: {}
    extra_rpaths: []
    flags: {}
    modules: []
    operating_system: sles15
    paths:
      cc: /usr/bin/gcc
      cxx: /usr/bin/g++
      f77: null
      fc: null
    spec: gcc@7.4.0
    target: aarch64
- compiler:
    environment: {}
    extra_rpaths: []
    flags: {}
    modules:
    - PrgEnv-cray
    - !!python/unicode
      'cce/8.7.8'
    operating_system: cnl6
    paths:
      cc: cc
      cxx: CC
      f77: ftn
      fc: ftn
    spec: cce@8.7.8
    target: any
- compiler:
    environment: {}
    extra_rpaths: []
    flags: {}
    modules:
    - PrgEnv-gnu
    - !!python/unicode
      'gcc/6.3.0'
    operating_system: cnl6
    paths:
      cc: cc
      cxx: CC
      f77: ftn
      fc: ftn
    spec: gcc@6.3.0
    target: any
- compiler:
    environment: {}
    extra_rpaths: []
    flags: {}
    modules:
    - PrgEnv-intel
    - friendly-testing
    - !!python/unicode
      'intel/19.0.1'
    operating_system: cnl6
    paths:
      cc: cc
      cxx: CC
      f77: ftn
      fc: ftn
    spec: intel@19.0.1
    target: any
- compiler:
    environment: {}
    extra_rpaths: []
    flags: {}
    modules:
    - PrgEnv-intel
    - !!python/unicode
      'intel/18.0.5'
    operating_system: cnl6
    paths:
      cc: cc
      cxx: CC
      f77: ftn
      fc: ftn
    spec: intel@18.0.5
    target: any
==> Removing all temporary build stages
==> Removing cached downloads
==> Removing cached information on repositories
==> Removing python cache files
spack install libhio @ 1.4.1.3 % cce@8.7.9  arch=cray-cnl6-haswell  >> /lustre/ttscratch1/dantopa/repos/gitlab/pull-requests/libraries/results/install-log/trinitite-standard-libhio-install.log
spack compilers
==> Available compilers
-- cce cnl6-any -------------------------------------------------
cce@8.7.10
cce@8.7.9
cce@8.7.8

-- gcc cnl6-any -------------------------------------------------
gcc@8.3.0
gcc@8.2.0
gcc@7.3.0
gcc@6.3.0
gcc@6.1.0

-- gcc sles15-aarch64 -------------------------------------------
gcc@7.4.0

-- intel cnl6-any -----------------------------------------------
intel@19.0.1
intel@18.0.5
ls -alh etc/spack/defaults
total 56K
drwxr-xr-x 4 dantopa dantopa 4.0K Apr 18 16:54 .
drwxr-xr-x 3 dantopa dantopa 4.0K Oct 15  2018 ..
-rw-r----- 1 dantopa dantopa 2.6K Apr 18 17:18 compilers.yaml
-rw-r----- 1 dantopa dantopa 4.4K Mar 15 18:15 config.yaml
drwxr-xr-x 2 dantopa dantopa 4.0K Oct 15  2018 darwin
drwxr-xr-x 2 dantopa dantopa 4.0K Oct 15  2018 linux
-rw-r----- 1 dantopa dantopa 2.8K Apr 18 17:18 lmod-modules.yaml
-rw-r----- 1 dantopa dantopa   77 Apr 18 17:18 mirrors.yaml
-rw-r--r-- 1 dantopa dantopa 3.7K Apr 18 17:18 modules.yaml
-rw-r----- 1 dantopa dantopa 3.1K Apr 18 17:18 packages.yaml
-rw-r----- 1 dantopa dantopa  530 Mar  7 17:30 release.yaml
-rw-r--r-- 1 dantopa dantopa  546 Oct 15  2018 repos.yaml
-rw-r----- 1 dantopa dantopa 3.7K Apr 18 17:18 tcl-modules.yaml
cat etc/spack/defaults/compilers.yaml
# # # Trinitite system compilers

# dantopa@tt-fey1:spack.trinitite.compilers $ date
# Tue Jan 29 19:06:30 MST 2019

# dantopa@tt-fey1:spack.trinitite.compilers $ pwd
# /lustre/ttscratch1/dantopa/repos/spack/spack.trinitite.compilers

# dantopa@tt-fey1:spack.trinitite.compilers $ spack compilers
# ==> Available compilers
# -- cce cnl6-any -------------------------------------------------
# cce@8.7.9  cce@8.7.8
#
# -- gcc cnl6-any -------------------------------------------------
# gcc@8.2.0  gcc@7.3.0  gcc@6.3.0
#
# -- intel cnl6-any -----------------------------------------------
# intel@19.0.1  intel@18.0.5
compilers:
- compiler:
    environment: {}
    extra_rpaths: []
    flags: {}
    modules:
    - PrgEnv-cray
    - !!python/unicode
      'cce/8.7.9'
    operating_system: cnl6
    paths:
      cc:  cc
      cxx: CC
      f77: ftn
      fc:  ftn
    spec: cce@8.7.9
    target: any
- compiler:
    environment: {}
    extra_rpaths: []
    flags: {}
    modules:
    - PrgEnv-cray
    - !!python/unicode
      'cce/8.7.8'
    operating_system: cnl6
    paths:
      cc:  cc
      cxx: CC
      f77: ftn
      fc:  ftn
    spec: cce@8.7.8
    target: any
# # # GCC
  #  # gcc@8.2.0  gcc@7.3.0  gcc@6.3.0
- compiler:
    environment: {}
    extra_rpaths: []
    flags: {}
    modules:
    - PrgEnv-gnu
    - !!python/unicode
      'gcc/8.2.0'
    operating_system: cnl6
    paths:
      cc:  cc
      cxx: CC
      f77: ftn
      fc:  ftn
    spec: gcc@8.2.0
    target: any
- compiler:
    environment: {}
    extra_rpaths: []
    flags: {}
    modules:
    - PrgEnv-gnu
    - !!python/unicode
      'gcc/7.3.0'
    operating_system: cnl6
    paths:
      cc:  cc
      cxx: CC
      f77: ftn
      fc:  ftn
    spec: gcc@7.3.0
    target: any
- compiler:
    environment: {}
    extra_rpaths: []
    flags: {}
    modules:
    - PrgEnv-gnu
    - !!python/unicode
      'gcc/6.3.0'
    operating_system: cnl6
    paths:
      cc:  cc
      cxx: CC
      f77: ftn
      fc:  ftn
    spec: gcc@6.3.0
    target: any
# # # intel
  # #  intel@19.0.1  intel@18.0.5
- compiler:
    environment: {}
    extra_rpaths: []
    flags: {}
    modules:
    - PrgEnv-intel
    - friendly-testing
    - !!python/unicode
      'intel/19.0.1'
    operating_system: cnl6
    paths:
      cc:  cc
      cxx: CC
      f77: ftn
      fc:  ftn
    spec: intel@19.0.1
    target: any
- compiler:
    environment: {}
    extra_rpaths: []
    flags: {}
    modules:
    - PrgEnv-intel
    - !!python/unicode
      'intel/18.0.5'
    operating_system: cnl6
    paths:
      cc:  cc
      cxx: CC
      f77: ftn
      fc:  ftn
    spec: intel@18.0.5
    target: any
spack config get compilers
compilers:
- compiler:
    environment: {}
    extra_rpaths: []
    flags: {}
    modules:
    - PrgEnv-cray
    - !!python/unicode
      'cce/8.7.9'
    operating_system: cnl6
    paths:
      cc: cc
      cxx: CC
      f77: ftn
      fc: ftn
    spec: cce@8.7.9
    target: any
- compiler:
    environment: {}
    extra_rpaths: []
    flags: {}
    modules:
    - PrgEnv-cray
    - !!python/unicode
      'cce/8.7.10'
    operating_system: cnl6
    paths:
      cc: cc
      cxx: CC
      f77: ftn
      fc: ftn
    spec: cce@8.7.10
    target: any
- compiler:
    environment: {}
    extra_rpaths: []
    flags: {}
    modules:
    - PrgEnv-gnu
    - !!python/unicode
      'gcc/6.1.0'
    operating_system: cnl6
    paths:
      cc: cc
      cxx: CC
      f77: ftn
      fc: ftn
    spec: gcc@6.1.0
    target: any
- compiler:
    environment: {}
    extra_rpaths: []
    flags: {}
    modules:
    - PrgEnv-gnu
    - !!python/unicode
      'gcc/7.3.0'
    operating_system: cnl6
    paths:
      cc: cc
      cxx: CC
      f77: ftn
      fc: ftn
    spec: gcc@7.3.0
    target: any
- compiler:
    environment: {}
    extra_rpaths: []
    flags: {}
    modules:
    - PrgEnv-gnu
    - !!python/unicode
      'gcc/8.2.0'
    operating_system: cnl6
    paths:
      cc: cc
      cxx: CC
      f77: ftn
      fc: ftn
    spec: gcc@8.2.0
    target: any
- compiler:
    environment: {}
    extra_rpaths: []
    flags: {}
    modules:
    - PrgEnv-gnu
    - !!python/unicode
      'gcc/8.3.0'
    operating_system: cnl6
    paths:
      cc: cc
      cxx: CC
      f77: ftn
      fc: ftn
    spec: gcc@8.3.0
    target: any
- compiler:
    environment: {}
    extra_rpaths: []
    flags: {}
    modules: []
    operating_system: sles15
    paths:
      cc: /usr/bin/gcc
      cxx: /usr/bin/g++
      f77: null
      fc: null
    spec: gcc@7.4.0
    target: aarch64
- compiler:
    environment: {}
    extra_rpaths: []
    flags: {}
    modules:
    - PrgEnv-cray
    - !!python/unicode
      'cce/8.7.8'
    operating_system: cnl6
    paths:
      cc: cc
      cxx: CC
      f77: ftn
      fc: ftn
    spec: cce@8.7.8
    target: any
- compiler:
    environment: {}
    extra_rpaths: []
    flags: {}
    modules:
    - PrgEnv-gnu
    - !!python/unicode
      'gcc/6.3.0'
    operating_system: cnl6
    paths:
      cc: cc
      cxx: CC
      f77: ftn
      fc: ftn
    spec: gcc@6.3.0
    target: any
- compiler:
    environment: {}
    extra_rpaths: []
    flags: {}
    modules:
    - PrgEnv-intel
    - friendly-testing
    - !!python/unicode
      'intel/19.0.1'
    operating_system: cnl6
    paths:
      cc: cc
      cxx: CC
      f77: ftn
      fc: ftn
    spec: intel@19.0.1
    target: any
- compiler:
    environment: {}
    extra_rpaths: []
    flags: {}
    modules:
    - PrgEnv-intel
    - !!python/unicode
      'intel/18.0.5'
    operating_system: cnl6
    paths:
      cc: cc
      cxx: CC
      f77: ftn
      fc: ftn
    spec: intel@18.0.5
    target: any
spack install pmix @ 3.1.2 % cce@8.7.9  arch=cray-cnl6-haswell  >> /lustre/ttscratch1/dantopa/repos/gitlab/pull-requests/libraries/results/install-log/trinitite-standard-pmix-install.log
==> Removing all temporary build stages
==> Removing cached downloads
==> Removing cached information on repositories
==> Removing python cache files
spack compilers
==> Available compilers
-- cce cnl6-any -------------------------------------------------
cce@8.7.10
cce@8.7.9
cce@8.7.8

-- gcc cnl6-any -------------------------------------------------
gcc@8.3.0
gcc@8.2.0
gcc@7.3.0
gcc@6.3.0
gcc@6.1.0

-- gcc sles15-aarch64 -------------------------------------------
gcc@7.4.0

-- intel cnl6-any -----------------------------------------------
intel@19.0.1
intel@18.0.5
ls -alh etc/spack/defaults
total 56K
drwxr-x--- 4 dantopa dantopa 4.0K Apr 18 17:22 .
drwxr-x--- 3 dantopa dantopa 4.0K Apr 18 13:26 ..
-rw-r----- 1 dantopa dantopa 2.6K Apr 18 17:18 compilers.yaml
-rw-r----- 1 dantopa dantopa 4.4K Apr 18 13:27 config.yaml
drwxr-x--- 2 dantopa dantopa 4.0K Apr 18 13:26 darwin
drwxr-x--- 2 dantopa dantopa 4.0K Apr 18 13:26 linux
-rw-r----- 1 dantopa dantopa 2.8K Apr 18 17:18 lmod-modules.yaml
-rw-r----- 1 dantopa dantopa   77 Apr 18 17:18 mirrors.yaml
-rw-r----- 1 dantopa dantopa 3.7K Apr 18 17:18 modules.yaml
-rw-r----- 1 dantopa dantopa 3.1K Apr 18 17:18 packages.yaml
-rw-r----- 1 dantopa dantopa  530 Apr 18 13:27 release.yaml
-rw-r----- 1 dantopa dantopa  546 Apr 18 13:27 repos.yaml
-rw-r----- 1 dantopa dantopa 3.7K Apr 18 17:18 tcl-modules.yaml
cat etc/spack/defaults/compilers.yaml
# # # Trinitite system compilers

# dantopa@tt-fey1:spack.trinitite.compilers $ date
# Tue Jan 29 19:06:30 MST 2019

# dantopa@tt-fey1:spack.trinitite.compilers $ pwd
# /lustre/ttscratch1/dantopa/repos/spack/spack.trinitite.compilers

# dantopa@tt-fey1:spack.trinitite.compilers $ spack compilers
# ==> Available compilers
# -- cce cnl6-any -------------------------------------------------
# cce@8.7.9  cce@8.7.8
#
# -- gcc cnl6-any -------------------------------------------------
# gcc@8.2.0  gcc@7.3.0  gcc@6.3.0
#
# -- intel cnl6-any -----------------------------------------------
# intel@19.0.1  intel@18.0.5
compilers:
- compiler:
    environment: {}
    extra_rpaths: []
    flags: {}
    modules:
    - PrgEnv-cray
    - !!python/unicode
      'cce/8.7.9'
    operating_system: cnl6
    paths:
      cc:  cc
      cxx: CC
      f77: ftn
      fc:  ftn
    spec: cce@8.7.9
    target: any
- compiler:
    environment: {}
    extra_rpaths: []
    flags: {}
    modules:
    - PrgEnv-cray
    - !!python/unicode
      'cce/8.7.8'
    operating_system: cnl6
    paths:
      cc:  cc
      cxx: CC
      f77: ftn
      fc:  ftn
    spec: cce@8.7.8
    target: any
# # # GCC
  #  # gcc@8.2.0  gcc@7.3.0  gcc@6.3.0
- compiler:
    environment: {}
    extra_rpaths: []
    flags: {}
    modules:
    - PrgEnv-gnu
    - !!python/unicode
      'gcc/8.2.0'
    operating_system: cnl6
    paths:
      cc:  cc
      cxx: CC
      f77: ftn
      fc:  ftn
    spec: gcc@8.2.0
    target: any
- compiler:
    environment: {}
    extra_rpaths: []
    flags: {}
    modules:
    - PrgEnv-gnu
    - !!python/unicode
      'gcc/7.3.0'
    operating_system: cnl6
    paths:
      cc:  cc
      cxx: CC
      f77: ftn
      fc:  ftn
    spec: gcc@7.3.0
    target: any
- compiler:
    environment: {}
    extra_rpaths: []
    flags: {}
    modules:
    - PrgEnv-gnu
    - !!python/unicode
      'gcc/6.3.0'
    operating_system: cnl6
    paths:
      cc:  cc
      cxx: CC
      f77: ftn
      fc:  ftn
    spec: gcc@6.3.0
    target: any
# # # intel
  # #  intel@19.0.1  intel@18.0.5
- compiler:
    environment: {}
    extra_rpaths: []
    flags: {}
    modules:
    - PrgEnv-intel
    - friendly-testing
    - !!python/unicode
      'intel/19.0.1'
    operating_system: cnl6
    paths:
      cc:  cc
      cxx: CC
      f77: ftn
      fc:  ftn
    spec: intel@19.0.1
    target: any
- compiler:
    environment: {}
    extra_rpaths: []
    flags: {}
    modules:
    - PrgEnv-intel
    - !!python/unicode
      'intel/18.0.5'
    operating_system: cnl6
    paths:
      cc:  cc
      cxx: CC
      f77: ftn
      fc:  ftn
    spec: intel@18.0.5
    target: any
spack config get compilers
compilers:
- compiler:
    environment: {}
    extra_rpaths: []
    flags: {}
    modules:
    - PrgEnv-cray
    - !!python/unicode
      'cce/8.7.9'
    operating_system: cnl6
    paths:
      cc: cc
      cxx: CC
      f77: ftn
      fc: ftn
    spec: cce@8.7.9
    target: any
- compiler:
    environment: {}
    extra_rpaths: []
    flags: {}
    modules:
    - PrgEnv-cray
    - !!python/unicode
      'cce/8.7.10'
    operating_system: cnl6
    paths:
      cc: cc
      cxx: CC
      f77: ftn
      fc: ftn
    spec: cce@8.7.10
    target: any
- compiler:
    environment: {}
    extra_rpaths: []
    flags: {}
    modules:
    - PrgEnv-gnu
    - !!python/unicode
      'gcc/6.1.0'
    operating_system: cnl6
    paths:
      cc: cc
      cxx: CC
      f77: ftn
      fc: ftn
    spec: gcc@6.1.0
    target: any
- compiler:
    environment: {}
    extra_rpaths: []
    flags: {}
    modules:
    - PrgEnv-gnu
    - !!python/unicode
      'gcc/7.3.0'
    operating_system: cnl6
    paths:
      cc: cc
      cxx: CC
      f77: ftn
      fc: ftn
    spec: gcc@7.3.0
    target: any
- compiler:
    environment: {}
    extra_rpaths: []
    flags: {}
    modules:
    - PrgEnv-gnu
    - !!python/unicode
      'gcc/8.2.0'
    operating_system: cnl6
    paths:
      cc: cc
      cxx: CC
      f77: ftn
      fc: ftn
    spec: gcc@8.2.0
    target: any
- compiler:
    environment: {}
    extra_rpaths: []
    flags: {}
    modules:
    - PrgEnv-gnu
    - !!python/unicode
      'gcc/8.3.0'
    operating_system: cnl6
    paths:
      cc: cc
      cxx: CC
      f77: ftn
      fc: ftn
    spec: gcc@8.3.0
    target: any
- compiler:
    environment: {}
    extra_rpaths: []
    flags: {}
    modules: []
    operating_system: sles15
    paths:
      cc: /usr/bin/gcc
      cxx: /usr/bin/g++
      f77: null
      fc: null
    spec: gcc@7.4.0
    target: aarch64
- compiler:
    environment: {}
    extra_rpaths: []
    flags: {}
    modules:
    - PrgEnv-cray
    - !!python/unicode
      'cce/8.7.8'
    operating_system: cnl6
    paths:
      cc: cc
      cxx: CC
      f77: ftn
      fc: ftn
    spec: cce@8.7.8
    target: any
- compiler:
    environment: {}
    extra_rpaths: []
    flags: {}
    modules:
    - PrgEnv-gnu
    - !!python/unicode
      'gcc/6.3.0'
    operating_system: cnl6
    paths:
      cc: cc
      cxx: CC
      f77: ftn
      fc: ftn
    spec: gcc@6.3.0
    target: any
- compiler:
    environment: {}
    extra_rpaths: []
    flags: {}
    modules:
    - PrgEnv-intel
    - friendly-testing
    - !!python/unicode
      'intel/19.0.1'
    operating_system: cnl6
    paths:
      cc: cc
      cxx: CC
      f77: ftn
      fc: ftn
    spec: intel@19.0.1
    target: any
- compiler:
    environment: {}
    extra_rpaths: []
    flags: {}
    modules:
    - PrgEnv-intel
    - !!python/unicode
      'intel/18.0.5'
    operating_system: cnl6
    paths:
      cc: cc
      cxx: CC
      f77: ftn
      fc: ftn
    spec: intel@18.0.5
    target: any
spack install ucx @ 1.5.0 % cce@8.7.9  arch=cray-cnl6-haswell  >> /lustre/ttscratch1/dantopa/repos/gitlab/pull-requests/libraries/results/install-log/trinitite-standard-ucx-install.log
==> Error: [Errno 116] Stale file handle
==> Error: [Errno 2] No such file or directory: '/users/dantopa/.spack/cache/tags/builtin-index.json.tmp'
spack install ucx @ 1.5.0 % cce@8.7.8  arch=cray-cnl6-haswell  >> /lustre/ttscratch1/dantopa/repos/gitlab/pull-requests/libraries/results/install-log/trinitite-standard-ucx-install.log
spack install libhio @ 1.4.1.3 % cce@8.7.8  arch=cray-cnl6-haswell  >> /lustre/ttscratch1/dantopa/repos/gitlab/pull-requests/libraries/results/install-log/trinitite-standard-libhio-install.log
==> Error: [Errno 2] No such file or directory: '/users/dantopa/.spack/cache/tags/builtin-index.json.tmp'
spack install pmix @ 3.1.2 % cce@8.7.8  arch=cray-cnl6-haswell  >> /lustre/ttscratch1/dantopa/repos/gitlab/pull-requests/libraries/results/install-log/trinitite-standard-pmix-install.log
==> Error: [Errno 116] Stale file handle
spack install ucx @ 1.5.0 % gcc@8.2.0  arch=cray-cnl6-haswell  >> /lustre/ttscratch1/dantopa/repos/gitlab/pull-requests/libraries/results/install-log/trinitite-standard-ucx-install.log
==> Error: ProcessError: Command exited with status 2:
    'make' '-j64'

13 errors found in build log:
     859      An invalid option "no-strict-aliasing" appears on the command lin
            e.
     860    
     861    CC-571 craycc: ERROR
     862      An invalid option "no-strict-aliasing" appears on the command lin
            e.
     863    
     864    Makefile:539: recipe for target 'linux_sysfs.lo' failed
  >> 865    make[2]: *** [linux_sysfs.lo] Error 1
     866    make[2]: *** Waiting for unfinished jobs....
     867    Makefile:539: recipe for target 'common_device_name.lo' failed
  >> 868    make[2]: *** [common_device_name.lo] Error 1
     869    Makefile:539: recipe for target 'common_interface.lo' failed
  >> 870    make[2]: *** [common_interface.lo] Error 1
     871    Makefile:539: recipe for target 'common_iterator.lo' failed
  >> 872    make[2]: *** [common_iterator.lo] Error 1
     873    Makefile:539: recipe for target 'common_init.lo' failed
  >> 874    make[2]: *** [common_init.lo] Error 1
     875    CC-571 craycc: ERROR
     876      An invalid option "no-strict-aliasing" appears on the command lin
            e.
     877    
     878    Makefile:539: recipe for target 'linux_devmem.lo' failed
  >> 879    make[2]: *** [linux_devmem.lo] Error 1
     880    Makefile:539: recipe for target 'common_bridge.lo' failed
  >> 881    make[2]: *** [common_bridge.lo] Error 1
     882    Makefile:539: recipe for target 'common_map.lo' failed
  >> 883    make[2]: *** [common_map.lo] Error 1
     884    Makefile:539: recipe for target 'common_vgaarb.lo' failed
  >> 885    make[2]: *** [common_vgaarb.lo] Error 1
     886    Makefile:539: recipe for target 'common_io.lo' failed
  >> 887    make[2]: *** [common_io.lo] Error 1
     888    Makefile:539: recipe for target 'common_capability.lo' failed
  >> 889    make[2]: *** [common_capability.lo] Error 1
     890    make[2]: Leaving directory '/tmp/dantopa/spack-stage/spack-stage-2L
            dDGi/libpciaccess-0.13.5/src'
     891    Makefile:503: recipe for target 'all-recursive' failed
  >> 892    make[1]: *** [all-recursive] Error 1
     893    make[1]: Leaving directory '/tmp/dantopa/spack-stage/spack-stage-2L
            dDGi/libpciaccess-0.13.5'
     894    Makefile:412: recipe for target 'all' failed
  >> 895    make: *** [all] Error 2

See build log for details:
  /lustre/ttscratch1/dantopa/spack/libraries/trinitite-standard.pmix/var/spack/stage/libpciaccess-0.13.5-kvtpv6d5nqzxdxqh3uioxmnkmftzfhx6/spack-build.out
spack install pmix @ 3.1.2 % gcc@8.2.0  arch=cray-cnl6-haswell  >> /lustre/ttscratch1/dantopa/repos/gitlab/pull-requests/libraries/results/install-log/trinitite-standard-pmix-install.log
==> Error: [Errno 2] No such file or directory
spack install ucx @ 1.5.0 % gcc@7.3.0  arch=cray-cnl6-haswell  >> /lustre/ttscratch1/dantopa/repos/gitlab/pull-requests/libraries/results/install-log/trinitite-standard-ucx-install.log
==> Error: ProcessError: Command exited with status 2:
    'make' '-j64'

13 errors found in build log:
     835      An invalid option "no-strict-aliasing" appears on the command lin
            e.
     836    
     837    CC-571 craycc: ERROR
     838      An invalid option "no-strict-aliasing" appears on the command lin
            e.
     839    
     840    Makefile:539: recipe for target 'linux_devmem.lo' failed
  >> 841    make[2]: *** [linux_devmem.lo] Error 1
     842    make[2]: *** Waiting for unfinished jobs....
     843    CC-571 craycc: ERROR
     844      An invalid option "no-strict-aliasing" appears on the command lin
            e.
     845    
     846    Makefile:539: recipe for target 'common_map.lo' failed
  >> 847    make[2]: *** [common_map.lo] Error 1
     848    Makefile:539: recipe for target 'common_iterator.lo' failed
  >> 849    make[2]: *** [common_iterator.lo] Error 1
     850    CC-571 craycc: ERROR
     851      An invalid option "no-strict-aliasing" appears on the command lin
            e.
     852    
     853    Makefile:539: recipe for target 'common_bridge.lo' failed
  >> 854    make[2]: *** [common_bridge.lo] Error 1
     855    CC-571 craycc: ERROR
     856      An invalid option "no-strict-aliasing" appears on the command lin
            e.
     857    
     858    CC-571 craycc: ERROR
     859      An invalid option "no-strict-aliasing" appears on the command lin
            e.
     860    

     ...

     871      An invalid option "no-strict-aliasing" appears on the command lin
            e.
     872    
     873    CC-571 craycc: ERROR
     874      An invalid option "no-strict-aliasing" appears on the command lin
            e.
     875    
     876    Makefile:539: recipe for target 'linux_sysfs.lo' failed
  >> 877    make[2]: *** [linux_sysfs.lo] Error 1
     878    Makefile:539: recipe for target 'common_init.lo' failed
  >> 879    make[2]: *** [common_init.lo] Error 1
     880    Makefile:539: recipe for target 'common_device_name.lo' failed
  >> 881    make[2]: *** [common_device_name.lo] Error 1
     882    Makefile:539: recipe for target 'common_io.lo' failed
  >> 883    make[2]: *** [common_io.lo] Error 1
     884    Makefile:539: recipe for target 'common_vgaarb.lo' failed
  >> 885    make[2]: *** [common_vgaarb.lo] Error 1
     886    Makefile:539: recipe for target 'common_interface.lo' failed
  >> 887    make[2]: *** [common_interface.lo] Error 1
     888    Makefile:539: recipe for target 'common_capability.lo' failed
  >> 889    make[2]: *** [common_capability.lo] Error 1
     890    make[2]: Leaving directory '/tmp/dantopa/spack-stage/spack-stage-ph
            cRz7/libpciaccess-0.13.5/src'
     891    Makefile:503: recipe for target 'all-recursive' failed
  >> 892    make[1]: *** [all-recursive] Error 1
     893    make[1]: Leaving directory '/tmp/dantopa/spack-stage/spack-stage-ph
            cRz7/libpciaccess-0.13.5'
     894    Makefile:412: recipe for target 'all' failed
  >> 895    make: *** [all] Error 2

See build log for details:
  /lustre/ttscratch1/dantopa/spack/libraries/trinitite-standard.libhio/var/spack/stage/libpciaccess-0.13.5-kvtpv6d5nqzxdxqh3uioxmnkmftzfhx6/spack-build.out
spack install libhio @ 1.4.1.3 % gcc@8.2.0  arch=cray-cnl6-haswell  >> /lustre/ttscratch1/dantopa/repos/gitlab/pull-requests/libraries/results/install-log/trinitite-standard-libhio-install.log
==> Error: ProcessError: Command exited with status 2:
    'make' '-j64'

18 errors found in build log:
     598    make[2]: Entering directory '/tmp/dantopa/spack-stage/spack-stage-i
            7wTgM/hwloc-2.0.2/utils/netloc/mpi'
     599      CC       netloc_rank_order.o
     600      CC       netloc_mpi_find_hosts-netloc_mpi_find_hosts.o
     601      CCLD     netloc_rank_order
     602      CCLD     netloc_mpi_find_hosts
     603    /usr/bin/ld: netloc_mpi_find_hosts-netloc_mpi_find_hosts.o: in func
            tion `main':
  >> 604    /tmp/dantopa/spack-stage/spack-stage-i7wTgM/hwloc-2.0.2/utils/netlo
            c/mpi/netloc_mpi_find_hosts.c:40: undefined reference to `MPI_Init'
  >> 605    /usr/bin/ld: /tmp/dantopa/spack-stage/spack-stage-i7wTgM/hwloc-2.0.
            2/utils/netloc/mpi/netloc_mpi_find_hosts.c:42: undefined reference 
            to `MPI_Comm_rank'
  >> 606    /usr/bin/ld: /tmp/dantopa/spack-stage/spack-stage-i7wTgM/hwloc-2.0.
            2/utils/netloc/mpi/netloc_mpi_find_hosts.c:43: undefined reference 
            to `MPI_Comm_size'
  >> 607    /usr/bin/ld: /tmp/dantopa/spack-stage/spack-stage-i7wTgM/hwloc-2.0.
            2/utils/netloc/mpi/netloc_mpi_find_hosts.c:48: undefined reference 
            to `MPI_Abort'
  >> 608    /usr/bin/ld: /tmp/dantopa/spack-stage/spack-stage-i7wTgM/hwloc-2.0.
            2/utils/netloc/mpi/netloc_mpi_find_hosts.c:57: undefined reference 
            to `MPI_Get_processor_name'
  >> 609    /usr/bin/ld: /tmp/dantopa/spack-stage/spack-stage-i7wTgM/hwloc-2.0.
            2/utils/netloc/mpi/netloc_mpi_find_hosts.c:157: undefined reference
             to `MPI_Send'
  >> 610    /usr/bin/ld: /tmp/dantopa/spack-stage/spack-stage-i7wTgM/hwloc-2.0.
            2/utils/netloc/mpi/netloc_mpi_find_hosts.c:159: undefined reference
             to `MPI_Send'
  >> 611    /usr/bin/ld: /tmp/dantopa/spack-stage/spack-stage-i7wTgM/hwloc-2.0.
            2/utils/netloc/mpi/netloc_mpi_find_hosts.c:162: undefined reference
             to `MPI_Recv'
  >> 612    /usr/bin/ld: /tmp/dantopa/spack-stage/spack-stage-i7wTgM/hwloc-2.0.
            2/utils/netloc/mpi/netloc_mpi_find_hosts.c:223: undefined reference
             to `MPI_Finalize'
  >> 613    /usr/bin/ld: /tmp/dantopa/spack-stage/spack-stage-i7wTgM/hwloc-2.0.
            2/utils/netloc/mpi/netloc_mpi_find_hosts.c:93: undefined reference 
            to `MPI_Recv'
  >> 614    /usr/bin/ld: /tmp/dantopa/spack-stage/spack-stage-i7wTgM/hwloc-2.0.
            2/utils/netloc/mpi/netloc_mpi_find_hosts.c:99: undefined reference 
            to `MPI_Recv'
  >> 615    /usr/bin/ld: /tmp/dantopa/spack-stage/spack-stage-i7wTgM/hwloc-2.0.
            2/utils/netloc/mpi/netloc_mpi_find_hosts.c:116: undefined reference
             to `MPI_Send'
  >> 616    /usr/bin/ld: /tmp/dantopa/spack-stage/spack-stage-i7wTgM/hwloc-2.0.
            2/utils/netloc/mpi/netloc_mpi_find_hosts.c:112: undefined reference
             to `MPI_Send'
  >> 617    /usr/bin/ld: /tmp/dantopa/spack-stage/spack-stage-i7wTgM/hwloc-2.0.
            2/utils/netloc/mpi/netloc_mpi_find_hosts.c:65: undefined reference 
            to `MPI_Abort'
  >> 618    collect2: error: ld returned 1 exit status
     619    Makefile:516: recipe for target 'netloc_mpi_find_hosts' failed
  >> 620    make[2]: *** [netloc_mpi_find_hosts] Error 1
     621    make[2]: Leaving directory '/tmp/dantopa/spack-stage/spack-stage-i7
            wTgM/hwloc-2.0.2/utils/netloc/mpi'
     622    Makefile:454: recipe for target 'all-recursive' failed
  >> 623    make[1]: *** [all-recursive] Error 1
     624    make[1]: Leaving directory '/tmp/dantopa/spack-stage/spack-stage-i7
            wTgM/hwloc-2.0.2/utils'
     625    Makefile:629: recipe for target 'all-recursive' failed
  >> 626    make: *** [all-recursive] Error 1

See build log for details:
  /lustre/ttscratch1/dantopa/spack/libraries/trinitite-standard.pmix/var/spack/stage/hwloc-2.0.2-e5adoxrsaf2hb3r5l34hqglexwxonaf6/spack-build.out
spack install pmix @ 3.1.2 % gcc@7.3.0  arch=cray-cnl6-haswell  >> /lustre/ttscratch1/dantopa/repos/gitlab/pull-requests/libraries/results/install-log/trinitite-standard-pmix-install.log
==> Error: ProcessError: Command exited with status 1:
    'cmake' '/lustre/ttscratch1/dantopa/spack/libraries/trinitite-standard.ucx/var/spack/stage/rdma-core-20-hgw6nh2xqkjb2aqjqcjy6wjft75ntqkg/rdma-core-20' '-G' 'Unix Makefiles' '-DCMAKE_INSTALL_PREFIX:PATH=/lustre/ttscratch1/dantopa/spack/libraries/trinitite-standard.ucx/opt/spack/cray-cnl6-haswell/gcc-7.3.0/rdma-core-20-hgw6nh2xqkjb2aqjqcjy6wjft75ntqkg' '-DCMAKE_BUILD_TYPE:STRING=RelWithDebInfo' '-DCMAKE_VERBOSE_MAKEFILE:BOOL=ON' '-DCMAKE_INSTALL_RPATH_USE_LINK_PATH:BOOL=FALSE' '-DCMAKE_INSTALL_RPATH:STRING=/lustre/ttscratch1/dantopa/spack/libraries/trinitite-standard.ucx/opt/spack/cray-cnl6-haswell/gcc-7.3.0/rdma-core-20-hgw6nh2xqkjb2aqjqcjy6wjft75ntqkg/lib;/lustre/ttscratch1/dantopa/spack/libraries/trinitite-standard.ucx/opt/spack/cray-cnl6-haswell/gcc-7.3.0/rdma-core-20-hgw6nh2xqkjb2aqjqcjy6wjft75ntqkg/lib64;/lustre/ttscratch1/dantopa/spack/libraries/trinitite-standard.ucx/opt/spack/cray-cnl6-haswell/gcc-7.3.0/libnl-3.3.0-4bomwwjjku537bsd5mbcwy55gtxdst5g/lib;/opt/gcc/7.3.0/snos' '-DCMAKE_PREFIX_PATH:STRING=/lustre/ttscratch1/dantopa/spack/libraries/trinitite-standard.ucx/opt/spack/cray-cnl6-haswell/gcc-7.3.0/libnl-3.3.0-4bomwwjjku537bsd5mbcwy55gtxdst5g;/usr/projects/hpcsoft/cle6.0/common/cmake/3.12.1' '-DCMAKE_INSTALL_SYSCONFDIR=/lustre/ttscratch1/dantopa/spack/libraries/trinitite-standard.ucx/opt/spack/cray-cnl6-haswell/gcc-7.3.0/rdma-core-20-hgw6nh2xqkjb2aqjqcjy6wjft75ntqkg/etc' '-DCMAKE_INSTALL_RUNDIR=/var/run'

1 error found in build log:
     53    -- Performing Test SUPPORTS_AS_NEEDED
     54    -- Performing Test SUPPORTS_AS_NEEDED - Success
     55    -- Performing Test SUPPORTS_NO_UNDEFINED
     56    -- Performing Test SUPPORTS_NO_UNDEFINED - Success
     57    -- Performing Test _LDSYMVER_SUCCESS
     58    -- Performing Test _LDSYMVER_SUCCESS - Failed
  >> 59    CMake Error at /usr/projects/hpcsoft/cle6.0/common/cmake/3.12.1/shar
           e/cmake-3.12/Modules/FindPackageHandleStandardArgs.cmake:137 (messag
           e):
     60      Could NOT find LDSymVer (missing: LDSYMVER_MODE)
     61    Call Stack (most recent call first):
     62      /usr/projects/hpcsoft/cle6.0/common/cmake/3.12.1/share/cmake-3.12/
           Modules/FindPackageHandleStandardArgs.cmake:378 (_FPHSA_FAILURE_MESS
           AGE)
     63      buildlib/FindLDSymVer.cmake:49 (find_package_handle_standard_args)
     64      CMakeLists.txt:343 (find_package)
     65    

See build log for details:
  /lustre/ttscratch1/dantopa/spack/libraries/trinitite-standard.ucx/var/spack/stage/rdma-core-20-hgw6nh2xqkjb2aqjqcjy6wjft75ntqkg/spack-build.out
spack install ucx @ 1.5.0 % gcc@6.3.0  arch=cray-cnl6-haswell  >> /lustre/ttscratch1/dantopa/repos/gitlab/pull-requests/libraries/results/install-log/trinitite-standard-ucx-install.log
==> Error: SyntaxError: invalid syntax (<string>, line 1)

/lustre/ttscratch1/dantopa/spack/libraries/trinitite-standard.ucx/lib/spack/spack/build_environment.py:784, in child_process:
        781            tb_string = traceback.format_exc()
        782
        783            # build up some context from the offending package so we can
  >>    784            # show that, too.
        785            package_context = get_package_context(tb)
        786
        787            build_log = None


spack install ucx @ 1.5.0 % intel@19.0.1  arch=cray-cnl6-haswell  >> /lustre/ttscratch1/dantopa/repos/gitlab/pull-requests/libraries/results/install-log/trinitite-standard-ucx-install.log
==> Error: Conflicts in concretized spec "ucx@1.5.0%intel@19.0.1 arch=cray-cnl6-haswell/cpqxtat"
List of matching conflicts for spec:

    rdma-core@20%intel@19.0.1 build_type=RelWithDebInfo arch=cray-cnl6-haswell
        ^cmake@3.14.2%intel@19.0.1~doc+ncurses+openssl~ownlibs~qt arch=cray-cnl6-haswell
        ^libnl@3.3.0%intel@19.0.1 arch=cray-cnl6-haswell
            ^bison@3.0.5%intel@19.0.1 arch=cray-cnl6-haswell
            ^flex@2.6.4%intel@19.0.1+lex patches=09c22e5c6fef327d3e48eb23f0d610dcd3a35ab9207f12e0f875701c677978d3 arch=cray-cnl6-haswell
            ^m4@1.4.18%intel@19.0.1 patches=3877ab548f88597ab2327a2230ee048d2d07ace1062efe81fc92e91b7f39cd00,c0a408fbffb7255fcc75e26bd8edab116fc81d216bfd18b473668b7739a4158e,fc9b61654a3ba1a8d6cd78ce087e7c96366c290bc8d2c299f09828d793b853c8 +sigsegv arch=cray-cnl6-haswell
        ^pkg-config@0.29.2%intel@19.0.1+internal_glib arch=cray-cnl6-haswell

1. "%intel" conflicts with "rdma-core" [rdma-core cannot be built with intel (use gcc instead)]

spack install ucx @ 1.5.0 % intel@18.0.5  arch=cray-cnl6-haswell  >> /lustre/ttscratch1/dantopa/repos/gitlab/pull-requests/libraries/results/install-log/trinitite-standard-ucx-install.log
==> Error: Conflicts in concretized spec "ucx@1.5.0%intel@18.0.5 arch=cray-cnl6-haswell/fxhggbc"
List of matching conflicts for spec:

    rdma-core@20%intel@18.0.5 build_type=RelWithDebInfo arch=cray-cnl6-haswell
        ^cmake@3.14.2%intel@18.0.5~doc+ncurses+openssl~ownlibs~qt arch=cray-cnl6-haswell
        ^libnl@3.3.0%intel@18.0.5 arch=cray-cnl6-haswell
            ^bison@3.0.5%intel@18.0.5 arch=cray-cnl6-haswell
            ^flex@2.6.4%intel@18.0.5+lex patches=09c22e5c6fef327d3e48eb23f0d610dcd3a35ab9207f12e0f875701c677978d3 arch=cray-cnl6-haswell
            ^m4@1.4.18%intel@18.0.5 patches=3877ab548f88597ab2327a2230ee048d2d07ace1062efe81fc92e91b7f39cd00,c0a408fbffb7255fcc75e26bd8edab116fc81d216bfd18b473668b7739a4158e,fc9b61654a3ba1a8d6cd78ce087e7c96366c290bc8d2c299f09828d793b853c8 +sigsegv arch=cray-cnl6-haswell
        ^pkg-config@0.29.2%intel@18.0.5+internal_glib arch=cray-cnl6-haswell

1. "%intel" conflicts with "rdma-core" [rdma-core cannot be built with intel (use gcc instead)]

spack install ucx @ 1.4.0 % cce@8.7.9  arch=cray-cnl6-haswell  >> /lustre/ttscratch1/dantopa/repos/gitlab/pull-requests/libraries/results/install-log/trinitite-standard-ucx-install.log
==> Error: ProcessError: Command exited with status 2:
    'make' '-j64'

18 errors found in build log:
     598    make[2]: Entering directory '/tmp/dantopa/spack-stage/spack-stage-P
            ppbTU/hwloc-2.0.2/utils/netloc/mpi'
     599      CC       netloc_rank_order.o
     600      CC       netloc_mpi_find_hosts-netloc_mpi_find_hosts.o
     601      CCLD     netloc_rank_order
     602      CCLD     netloc_mpi_find_hosts
     603    /usr/bin/ld: netloc_mpi_find_hosts-netloc_mpi_find_hosts.o: in func
            tion `main':
  >> 604    /tmp/dantopa/spack-stage/spack-stage-PppbTU/hwloc-2.0.2/utils/netlo
            c/mpi/netloc_mpi_find_hosts.c:40: undefined reference to `MPI_Init'
  >> 605    /usr/bin/ld: /tmp/dantopa/spack-stage/spack-stage-PppbTU/hwloc-2.0.
            2/utils/netloc/mpi/netloc_mpi_find_hosts.c:42: undefined reference 
            to `MPI_Comm_rank'
  >> 606    /usr/bin/ld: /tmp/dantopa/spack-stage/spack-stage-PppbTU/hwloc-2.0.
            2/utils/netloc/mpi/netloc_mpi_find_hosts.c:43: undefined reference 
            to `MPI_Comm_size'
  >> 607    /usr/bin/ld: /tmp/dantopa/spack-stage/spack-stage-PppbTU/hwloc-2.0.
            2/utils/netloc/mpi/netloc_mpi_find_hosts.c:48: undefined reference 
            to `MPI_Abort'
  >> 608    /usr/bin/ld: /tmp/dantopa/spack-stage/spack-stage-PppbTU/hwloc-2.0.
            2/utils/netloc/mpi/netloc_mpi_find_hosts.c:57: undefined reference 
            to `MPI_Get_processor_name'
  >> 609    /usr/bin/ld: /tmp/dantopa/spack-stage/spack-stage-PppbTU/hwloc-2.0.
            2/utils/netloc/mpi/netloc_mpi_find_hosts.c:157: undefined reference
             to `MPI_Send'
  >> 610    /usr/bin/ld: /tmp/dantopa/spack-stage/spack-stage-PppbTU/hwloc-2.0.
            2/utils/netloc/mpi/netloc_mpi_find_hosts.c:159: undefined reference
             to `MPI_Send'
  >> 611    /usr/bin/ld: /tmp/dantopa/spack-stage/spack-stage-PppbTU/hwloc-2.0.
            2/utils/netloc/mpi/netloc_mpi_find_hosts.c:162: undefined reference
             to `MPI_Recv'
  >> 612    /usr/bin/ld: /tmp/dantopa/spack-stage/spack-stage-PppbTU/hwloc-2.0.
            2/utils/netloc/mpi/netloc_mpi_find_hosts.c:223: undefined reference
             to `MPI_Finalize'
  >> 613    /usr/bin/ld: /tmp/dantopa/spack-stage/spack-stage-PppbTU/hwloc-2.0.
            2/utils/netloc/mpi/netloc_mpi_find_hosts.c:93: undefined reference 
            to `MPI_Recv'
  >> 614    /usr/bin/ld: /tmp/dantopa/spack-stage/spack-stage-PppbTU/hwloc-2.0.
            2/utils/netloc/mpi/netloc_mpi_find_hosts.c:99: undefined reference 
            to `MPI_Recv'
  >> 615    /usr/bin/ld: /tmp/dantopa/spack-stage/spack-stage-PppbTU/hwloc-2.0.
            2/utils/netloc/mpi/netloc_mpi_find_hosts.c:116: undefined reference
             to `MPI_Send'
  >> 616    /usr/bin/ld: /tmp/dantopa/spack-stage/spack-stage-PppbTU/hwloc-2.0.
            2/utils/netloc/mpi/netloc_mpi_find_hosts.c:112: undefined reference
             to `MPI_Send'
  >> 617    /usr/bin/ld: /tmp/dantopa/spack-stage/spack-stage-PppbTU/hwloc-2.0.
            2/utils/netloc/mpi/netloc_mpi_find_hosts.c:65: undefined reference 
            to `MPI_Abort'
  >> 618    collect2: error: ld returned 1 exit status
     619    Makefile:516: recipe for target 'netloc_mpi_find_hosts' failed
  >> 620    make[2]: *** [netloc_mpi_find_hosts] Error 1
     621    make[2]: Leaving directory '/tmp/dantopa/spack-stage/spack-stage-Pp
            pbTU/hwloc-2.0.2/utils/netloc/mpi'
     622    Makefile:454: recipe for target 'all-recursive' failed
  >> 623    make[1]: *** [all-recursive] Error 1
     624    make[1]: Leaving directory '/tmp/dantopa/spack-stage/spack-stage-Pp
            pbTU/hwloc-2.0.2/utils'
     625    Makefile:629: recipe for target 'all-recursive' failed
  >> 626    make: *** [all-recursive] Error 1

See build log for details:
  /lustre/ttscratch1/dantopa/spack/libraries/trinitite-standard.pmix/var/spack/stage/hwloc-2.0.2-nlvylts6t564nekxvdttpyraivcemhry/spack-build.out
spack install pmix @ 3.1.2 % gcc@6.3.0  arch=cray-cnl6-haswell  >> /lustre/ttscratch1/dantopa/repos/gitlab/pull-requests/libraries/results/install-log/trinitite-standard-pmix-install.log
==> Error: ProcessError: Command exited with status 1:
    'cmake' '/lustre/ttscratch1/dantopa/spack/libraries/trinitite-standard.ucx/var/spack/stage/rdma-core-20-lohpaykt22txejldu32npfbr57ja3ptm/rdma-core-20' '-G' 'Unix Makefiles' '-DCMAKE_INSTALL_PREFIX:PATH=/lustre/ttscratch1/dantopa/spack/libraries/trinitite-standard.ucx/opt/spack/cray-cnl6-haswell/cce-8.7.9/rdma-core-20-lohpaykt22txejldu32npfbr57ja3ptm' '-DCMAKE_BUILD_TYPE:STRING=RelWithDebInfo' '-DCMAKE_VERBOSE_MAKEFILE:BOOL=ON' '-DCMAKE_INSTALL_RPATH_USE_LINK_PATH:BOOL=FALSE' '-DCMAKE_INSTALL_RPATH:STRING=/lustre/ttscratch1/dantopa/spack/libraries/trinitite-standard.ucx/opt/spack/cray-cnl6-haswell/cce-8.7.9/rdma-core-20-lohpaykt22txejldu32npfbr57ja3ptm/lib;/lustre/ttscratch1/dantopa/spack/libraries/trinitite-standard.ucx/opt/spack/cray-cnl6-haswell/cce-8.7.9/rdma-core-20-lohpaykt22txejldu32npfbr57ja3ptm/lib64;/lustre/ttscratch1/dantopa/spack/libraries/trinitite-standard.ucx/opt/spack/cray-cnl6-haswell/cce-8.7.9/libnl-3.3.0-jq2kvxyfmftq5iqinsfe7geenbm3tu2u/lib;/opt/cray/pe/cce/8.7.9/cce/x86_64' '-DCMAKE_PREFIX_PATH:STRING=/lustre/ttscratch1/dantopa/spack/libraries/trinitite-standard.ucx/opt/spack/cray-cnl6-haswell/cce-8.7.9/libnl-3.3.0-jq2kvxyfmftq5iqinsfe7geenbm3tu2u;/usr/projects/hpcsoft/cle6.0/common/cmake/3.12.1' '-DCMAKE_INSTALL_SYSCONFDIR=/lustre/ttscratch1/dantopa/spack/libraries/trinitite-standard.ucx/opt/spack/cray-cnl6-haswell/cce-8.7.9/rdma-core-20-lohpaykt22txejldu32npfbr57ja3ptm/etc' '-DCMAKE_INSTALL_RUNDIR=/var/run'

1 error found in build log:
     53    -- Performing Test SUPPORTS_AS_NEEDED
     54    -- Performing Test SUPPORTS_AS_NEEDED - Failed
     55    -- Performing Test SUPPORTS_NO_UNDEFINED
     56    -- Performing Test SUPPORTS_NO_UNDEFINED - Failed
     57    -- Performing Test _LDSYMVER_SUCCESS
     58    -- Performing Test _LDSYMVER_SUCCESS - Failed
  >> 59    CMake Error at /usr/projects/hpcsoft/cle6.0/common/cmake/3.12.1/shar
           e/cmake-3.12/Modules/FindPackageHandleStandardArgs.cmake:137 (messag
           e):
     60      Could NOT find LDSymVer (missing: LDSYMVER_MODE)
     61    Call Stack (most recent call first):
     62      /usr/projects/hpcsoft/cle6.0/common/cmake/3.12.1/share/cmake-3.12/
           Modules/FindPackageHandleStandardArgs.cmake:378 (_FPHSA_FAILURE_MESS
           AGE)
     63      buildlib/FindLDSymVer.cmake:49 (find_package_handle_standard_args)
     64      CMakeLists.txt:343 (find_package)
     65    

See build log for details:
  /lustre/ttscratch1/dantopa/spack/libraries/trinitite-standard.ucx/var/spack/stage/rdma-core-20-lohpaykt22txejldu32npfbr57ja3ptm/spack-build.out
spack install ucx @ 1.4.0 % cce@8.7.8  arch=cray-cnl6-haswell  >> /lustre/ttscratch1/dantopa/repos/gitlab/pull-requests/libraries/results/install-log/trinitite-standard-ucx-install.log
==> Error: ProcessError: Command exited with status 77:
    '/lustre/ttscratch1/dantopa/spack/libraries/trinitite-standard.pmix/var/spack/stage/libpciaccess-0.13.5-upvrvvm3axk2d2zhjvsyokb6xc6odss4/libpciaccess-0.13.5/configure' '--prefix=/lustre/ttscratch1/dantopa/spack/libraries/trinitite-standard.pmix/opt/spack/cray-cnl6-haswell/gcc-6.3.0/libpciaccess-0.13.5-upvrvvm3axk2d2zhjvsyokb6xc6odss4'

2 errors found in build log:
     7     checking for gawk... gawk
     8     checking whether make sets $(MAKE)... yes
     9     checking whether make supports nested variables... yes
     10    checking for style of include used by make... GNU
     11    checking for gcc... /lustre/ttscratch1/dantopa/spack/libraries/trini
           tite-standard.pmix/lib/spack/env/gcc/gcc
     12    checking whether the C compiler works... no
  >> 13    configure: error: in `/tmp/dantopa/spack-stage/spack-stage-V6pikJ/li
           bpciaccess-0.13.5':
  >> 14    configure: error: C compiler cannot create executables
     15    See `config.log' for more details

See build log for details:
  /lustre/ttscratch1/dantopa/spack/libraries/trinitite-standard.pmix/var/spack/stage/libpciaccess-0.13.5-upvrvvm3axk2d2zhjvsyokb6xc6odss4/spack-build.out
spack install pmix @ 3.1.2 % intel@19.0.1  arch=cray-cnl6-haswell  >> /lustre/ttscratch1/dantopa/repos/gitlab/pull-requests/libraries/results/install-log/trinitite-standard-pmix-install.log
==> Error: sequence item 2: expected string, NoneType found
spack install pmix @ 3.1.2 % intel@18.0.5  arch=cray-cnl6-haswell  >> /lustre/ttscratch1/dantopa/repos/gitlab/pull-requests/libraries/results/install-log/trinitite-standard-pmix-install.log
==> Error: ProcessError: Command exited with status 1:
    'cmake' '/lustre/ttscratch1/dantopa/spack/libraries/trinitite-standard.ucx/var/spack/stage/rdma-core-20-yjfm7fb5beiae3wp7f7rc4poy5byhrt3/rdma-core-20' '-G' 'Unix Makefiles' '-DCMAKE_INSTALL_PREFIX:PATH=/lustre/ttscratch1/dantopa/spack/libraries/trinitite-standard.ucx/opt/spack/cray-cnl6-haswell/cce-8.7.8/rdma-core-20-yjfm7fb5beiae3wp7f7rc4poy5byhrt3' '-DCMAKE_BUILD_TYPE:STRING=RelWithDebInfo' '-DCMAKE_VERBOSE_MAKEFILE:BOOL=ON' '-DCMAKE_INSTALL_RPATH_USE_LINK_PATH:BOOL=FALSE' '-DCMAKE_INSTALL_RPATH:STRING=/lustre/ttscratch1/dantopa/spack/libraries/trinitite-standard.ucx/opt/spack/cray-cnl6-haswell/cce-8.7.8/rdma-core-20-yjfm7fb5beiae3wp7f7rc4poy5byhrt3/lib;/lustre/ttscratch1/dantopa/spack/libraries/trinitite-standard.ucx/opt/spack/cray-cnl6-haswell/cce-8.7.8/rdma-core-20-yjfm7fb5beiae3wp7f7rc4poy5byhrt3/lib64;/lustre/ttscratch1/dantopa/spack/libraries/trinitite-standard.ucx/opt/spack/cray-cnl6-haswell/cce-8.7.8/libnl-3.3.0-rapk5ylsifpczjuq26sav3p4vmmbnwjd/lib;/opt/cray/pe/cce/8.7.8/cce/x86_64' '-DCMAKE_PREFIX_PATH:STRING=/lustre/ttscratch1/dantopa/spack/libraries/trinitite-standard.ucx/opt/spack/cray-cnl6-haswell/cce-8.7.8/libnl-3.3.0-rapk5ylsifpczjuq26sav3p4vmmbnwjd;/usr/projects/hpcsoft/cle6.0/common/cmake/3.12.1' '-DCMAKE_INSTALL_SYSCONFDIR=/lustre/ttscratch1/dantopa/spack/libraries/trinitite-standard.ucx/opt/spack/cray-cnl6-haswell/cce-8.7.8/rdma-core-20-yjfm7fb5beiae3wp7f7rc4poy5byhrt3/etc' '-DCMAKE_INSTALL_RUNDIR=/var/run'

1 error found in build log:
     53    -- Performing Test SUPPORTS_AS_NEEDED
     54    -- Performing Test SUPPORTS_AS_NEEDED - Failed
     55    -- Performing Test SUPPORTS_NO_UNDEFINED
     56    -- Performing Test SUPPORTS_NO_UNDEFINED - Failed
     57    -- Performing Test _LDSYMVER_SUCCESS
     58    -- Performing Test _LDSYMVER_SUCCESS - Failed
  >> 59    CMake Error at /usr/projects/hpcsoft/cle6.0/common/cmake/3.12.1/shar
           e/cmake-3.12/Modules/FindPackageHandleStandardArgs.cmake:137 (messag
           e):
     60      Could NOT find LDSymVer (missing: LDSYMVER_MODE)
     61    Call Stack (most recent call first):
     62      /usr/projects/hpcsoft/cle6.0/common/cmake/3.12.1/share/cmake-3.12/
           Modules/FindPackageHandleStandardArgs.cmake:378 (_FPHSA_FAILURE_MESS
           AGE)
     63      buildlib/FindLDSymVer.cmake:49 (find_package_handle_standard_args)
     64      CMakeLists.txt:343 (find_package)
     65    

See build log for details:
  /lustre/ttscratch1/dantopa/spack/libraries/trinitite-standard.ucx/var/spack/stage/rdma-core-20-yjfm7fb5beiae3wp7f7rc4poy5byhrt3/spack-build.out
spack install ucx @ 1.4.0 % gcc@8.2.0  arch=cray-cnl6-haswell  >> /lustre/ttscratch1/dantopa/repos/gitlab/pull-requests/libraries/results/install-log/trinitite-standard-ucx-install.log
==> Error: ProcessError: Command exited with status 1:
    'cmake' '/lustre/ttscratch1/dantopa/spack/libraries/trinitite-standard.ucx/var/spack/stage/rdma-core-20-kh35sfe3lvpamma6yrnb23voeyy455um/rdma-core-20' '-G' 'Unix Makefiles' '-DCMAKE_INSTALL_PREFIX:PATH=/lustre/ttscratch1/dantopa/spack/libraries/trinitite-standard.ucx/opt/spack/cray-cnl6-haswell/gcc-8.2.0/rdma-core-20-kh35sfe3lvpamma6yrnb23voeyy455um' '-DCMAKE_BUILD_TYPE:STRING=RelWithDebInfo' '-DCMAKE_VERBOSE_MAKEFILE:BOOL=ON' '-DCMAKE_INSTALL_RPATH_USE_LINK_PATH:BOOL=FALSE' '-DCMAKE_INSTALL_RPATH:STRING=/lustre/ttscratch1/dantopa/spack/libraries/trinitite-standard.ucx/opt/spack/cray-cnl6-haswell/gcc-8.2.0/rdma-core-20-kh35sfe3lvpamma6yrnb23voeyy455um/lib;/lustre/ttscratch1/dantopa/spack/libraries/trinitite-standard.ucx/opt/spack/cray-cnl6-haswell/gcc-8.2.0/rdma-core-20-kh35sfe3lvpamma6yrnb23voeyy455um/lib64;/lustre/ttscratch1/dantopa/spack/libraries/trinitite-standard.ucx/opt/spack/cray-cnl6-haswell/gcc-8.2.0/libnl-3.3.0-q4rgvq4sjsafpceamk2mrqavkpyb2n2d/lib;/opt/gcc/8.2.0/snos' '-DCMAKE_PREFIX_PATH:STRING=/lustre/ttscratch1/dantopa/spack/libraries/trinitite-standard.ucx/opt/spack/cray-cnl6-haswell/gcc-8.2.0/libnl-3.3.0-q4rgvq4sjsafpceamk2mrqavkpyb2n2d;/usr/projects/hpcsoft/cle6.0/common/cmake/3.12.1' '-DCMAKE_INSTALL_SYSCONFDIR=/lustre/ttscratch1/dantopa/spack/libraries/trinitite-standard.ucx/opt/spack/cray-cnl6-haswell/gcc-8.2.0/rdma-core-20-kh35sfe3lvpamma6yrnb23voeyy455um/etc' '-DCMAKE_INSTALL_RUNDIR=/var/run'

1 error found in build log:
     53    -- Performing Test SUPPORTS_AS_NEEDED
     54    -- Performing Test SUPPORTS_AS_NEEDED - Success
     55    -- Performing Test SUPPORTS_NO_UNDEFINED
     56    -- Performing Test SUPPORTS_NO_UNDEFINED - Success
     57    -- Performing Test _LDSYMVER_SUCCESS
     58    -- Performing Test _LDSYMVER_SUCCESS - Failed
  >> 59    CMake Error at /usr/projects/hpcsoft/cle6.0/common/cmake/3.12.1/shar
           e/cmake-3.12/Modules/FindPackageHandleStandardArgs.cmake:137 (messag
           e):
     60      Could NOT find LDSymVer (missing: LDSYMVER_MODE)
     61    Call Stack (most recent call first):
     62      /usr/projects/hpcsoft/cle6.0/common/cmake/3.12.1/share/cmake-3.12/
           Modules/FindPackageHandleStandardArgs.cmake:378 (_FPHSA_FAILURE_MESS
           AGE)
     63      buildlib/FindLDSymVer.cmake:49 (find_package_handle_standard_args)
     64      CMakeLists.txt:343 (find_package)
     65    

See build log for details:
  /lustre/ttscratch1/dantopa/spack/libraries/trinitite-standard.ucx/var/spack/stage/rdma-core-20-kh35sfe3lvpamma6yrnb23voeyy455um/spack-build.out
spack install ucx @ 1.4.0 % gcc@7.3.0  arch=cray-cnl6-haswell  >> /lustre/ttscratch1/dantopa/repos/gitlab/pull-requests/libraries/results/install-log/trinitite-standard-ucx-install.log
==> Error: ProcessError: Command exited with status 1:
    'cmake' '/lustre/ttscratch1/dantopa/spack/libraries/trinitite-standard.ucx/var/spack/stage/rdma-core-20-hgw6nh2xqkjb2aqjqcjy6wjft75ntqkg/rdma-core-20' '-G' 'Unix Makefiles' '-DCMAKE_INSTALL_PREFIX:PATH=/lustre/ttscratch1/dantopa/spack/libraries/trinitite-standard.ucx/opt/spack/cray-cnl6-haswell/gcc-7.3.0/rdma-core-20-hgw6nh2xqkjb2aqjqcjy6wjft75ntqkg' '-DCMAKE_BUILD_TYPE:STRING=RelWithDebInfo' '-DCMAKE_VERBOSE_MAKEFILE:BOOL=ON' '-DCMAKE_INSTALL_RPATH_USE_LINK_PATH:BOOL=FALSE' '-DCMAKE_INSTALL_RPATH:STRING=/lustre/ttscratch1/dantopa/spack/libraries/trinitite-standard.ucx/opt/spack/cray-cnl6-haswell/gcc-7.3.0/rdma-core-20-hgw6nh2xqkjb2aqjqcjy6wjft75ntqkg/lib;/lustre/ttscratch1/dantopa/spack/libraries/trinitite-standard.ucx/opt/spack/cray-cnl6-haswell/gcc-7.3.0/rdma-core-20-hgw6nh2xqkjb2aqjqcjy6wjft75ntqkg/lib64;/lustre/ttscratch1/dantopa/spack/libraries/trinitite-standard.ucx/opt/spack/cray-cnl6-haswell/gcc-7.3.0/libnl-3.3.0-4bomwwjjku537bsd5mbcwy55gtxdst5g/lib;/opt/gcc/7.3.0/snos' '-DCMAKE_PREFIX_PATH:STRING=/lustre/ttscratch1/dantopa/spack/libraries/trinitite-standard.ucx/opt/spack/cray-cnl6-haswell/gcc-7.3.0/libnl-3.3.0-4bomwwjjku537bsd5mbcwy55gtxdst5g;/usr/projects/hpcsoft/cle6.0/common/cmake/3.12.1' '-DCMAKE_INSTALL_SYSCONFDIR=/lustre/ttscratch1/dantopa/spack/libraries/trinitite-standard.ucx/opt/spack/cray-cnl6-haswell/gcc-7.3.0/rdma-core-20-hgw6nh2xqkjb2aqjqcjy6wjft75ntqkg/etc' '-DCMAKE_INSTALL_RUNDIR=/var/run'

1 error found in build log:
     53    -- Performing Test SUPPORTS_AS_NEEDED
     54    -- Performing Test SUPPORTS_AS_NEEDED - Success
     55    -- Performing Test SUPPORTS_NO_UNDEFINED
     56    -- Performing Test SUPPORTS_NO_UNDEFINED - Success
     57    -- Performing Test _LDSYMVER_SUCCESS
     58    -- Performing Test _LDSYMVER_SUCCESS - Failed
  >> 59    CMake Error at /usr/projects/hpcsoft/cle6.0/common/cmake/3.12.1/shar
           e/cmake-3.12/Modules/FindPackageHandleStandardArgs.cmake:137 (messag
           e):
     60      Could NOT find LDSymVer (missing: LDSYMVER_MODE)
     61    Call Stack (most recent call first):
     62      /usr/projects/hpcsoft/cle6.0/common/cmake/3.12.1/share/cmake-3.12/
           Modules/FindPackageHandleStandardArgs.cmake:378 (_FPHSA_FAILURE_MESS
           AGE)
     63      buildlib/FindLDSymVer.cmake:49 (find_package_handle_standard_args)
     64      CMakeLists.txt:343 (find_package)
     65    

See build log for details:
  /lustre/ttscratch1/dantopa/spack/libraries/trinitite-standard.ucx/var/spack/stage/rdma-core-20-hgw6nh2xqkjb2aqjqcjy6wjft75ntqkg/spack-build.out
spack install ucx @ 1.4.0 % gcc@6.3.0  arch=cray-cnl6-haswell  >> /lustre/ttscratch1/dantopa/repos/gitlab/pull-requests/libraries/results/install-log/trinitite-standard-ucx-install.log
==> Error: SyntaxError: invalid syntax (<string>, line 1)

/lustre/ttscratch1/dantopa/spack/libraries/trinitite-standard.ucx/lib/spack/spack/build_environment.py:784, in child_process:
        781            tb_string = traceback.format_exc()
        782
        783            # build up some context from the offending package so we can
  >>    784            # show that, too.
        785            package_context = get_package_context(tb)
        786
        787            build_log = None


spack install ucx @ 1.4.0 % intel@19.0.1  arch=cray-cnl6-haswell  >> /lustre/ttscratch1/dantopa/repos/gitlab/pull-requests/libraries/results/install-log/trinitite-standard-ucx-install.log
==> Error: Conflicts in concretized spec "ucx@1.4.0%intel@19.0.1 arch=cray-cnl6-haswell/cgie5c4"
List of matching conflicts for spec:

    rdma-core@20%intel@19.0.1 build_type=RelWithDebInfo arch=cray-cnl6-haswell
        ^cmake@3.14.2%intel@19.0.1~doc+ncurses+openssl~ownlibs~qt arch=cray-cnl6-haswell
        ^libnl@3.3.0%intel@19.0.1 arch=cray-cnl6-haswell
            ^bison@3.0.5%intel@19.0.1 arch=cray-cnl6-haswell
            ^flex@2.6.4%intel@19.0.1+lex patches=09c22e5c6fef327d3e48eb23f0d610dcd3a35ab9207f12e0f875701c677978d3 arch=cray-cnl6-haswell
            ^m4@1.4.18%intel@19.0.1 patches=3877ab548f88597ab2327a2230ee048d2d07ace1062efe81fc92e91b7f39cd00,c0a408fbffb7255fcc75e26bd8edab116fc81d216bfd18b473668b7739a4158e,fc9b61654a3ba1a8d6cd78ce087e7c96366c290bc8d2c299f09828d793b853c8 +sigsegv arch=cray-cnl6-haswell
        ^pkg-config@0.29.2%intel@19.0.1+internal_glib arch=cray-cnl6-haswell

1. "%intel" conflicts with "rdma-core" [rdma-core cannot be built with intel (use gcc instead)]

spack install ucx @ 1.4.0 % intel@18.0.5  arch=cray-cnl6-haswell  >> /lustre/ttscratch1/dantopa/repos/gitlab/pull-requests/libraries/results/install-log/trinitite-standard-ucx-install.log
==> Error: Conflicts in concretized spec "ucx@1.4.0%intel@18.0.5 arch=cray-cnl6-haswell/5ffrzw6"
List of matching conflicts for spec:

    rdma-core@20%intel@18.0.5 build_type=RelWithDebInfo arch=cray-cnl6-haswell
        ^cmake@3.14.2%intel@18.0.5~doc+ncurses+openssl~ownlibs~qt arch=cray-cnl6-haswell
        ^libnl@3.3.0%intel@18.0.5 arch=cray-cnl6-haswell
            ^bison@3.0.5%intel@18.0.5 arch=cray-cnl6-haswell
            ^flex@2.6.4%intel@18.0.5+lex patches=09c22e5c6fef327d3e48eb23f0d610dcd3a35ab9207f12e0f875701c677978d3 arch=cray-cnl6-haswell
            ^m4@1.4.18%intel@18.0.5 patches=3877ab548f88597ab2327a2230ee048d2d07ace1062efe81fc92e91b7f39cd00,c0a408fbffb7255fcc75e26bd8edab116fc81d216bfd18b473668b7739a4158e,fc9b61654a3ba1a8d6cd78ce087e7c96366c290bc8d2c299f09828d793b853c8 +sigsegv arch=cray-cnl6-haswell
        ^pkg-config@0.29.2%intel@18.0.5+internal_glib arch=cray-cnl6-haswell

1. "%intel" conflicts with "rdma-core" [rdma-core cannot be built with intel (use gcc instead)]

spack install ucx @ 1.3.1 % cce@8.7.9  arch=cray-cnl6-haswell  >> /lustre/ttscratch1/dantopa/repos/gitlab/pull-requests/libraries/results/install-log/trinitite-standard-ucx-install.log
==> Error: ProcessError: Command exited with status 1:
    'cmake' '/lustre/ttscratch1/dantopa/spack/libraries/trinitite-standard.ucx/var/spack/stage/rdma-core-20-lohpaykt22txejldu32npfbr57ja3ptm/rdma-core-20' '-G' 'Unix Makefiles' '-DCMAKE_INSTALL_PREFIX:PATH=/lustre/ttscratch1/dantopa/spack/libraries/trinitite-standard.ucx/opt/spack/cray-cnl6-haswell/cce-8.7.9/rdma-core-20-lohpaykt22txejldu32npfbr57ja3ptm' '-DCMAKE_BUILD_TYPE:STRING=RelWithDebInfo' '-DCMAKE_VERBOSE_MAKEFILE:BOOL=ON' '-DCMAKE_INSTALL_RPATH_USE_LINK_PATH:BOOL=FALSE' '-DCMAKE_INSTALL_RPATH:STRING=/lustre/ttscratch1/dantopa/spack/libraries/trinitite-standard.ucx/opt/spack/cray-cnl6-haswell/cce-8.7.9/rdma-core-20-lohpaykt22txejldu32npfbr57ja3ptm/lib;/lustre/ttscratch1/dantopa/spack/libraries/trinitite-standard.ucx/opt/spack/cray-cnl6-haswell/cce-8.7.9/rdma-core-20-lohpaykt22txejldu32npfbr57ja3ptm/lib64;/lustre/ttscratch1/dantopa/spack/libraries/trinitite-standard.ucx/opt/spack/cray-cnl6-haswell/cce-8.7.9/libnl-3.3.0-jq2kvxyfmftq5iqinsfe7geenbm3tu2u/lib;/opt/cray/pe/cce/8.7.9/cce/x86_64' '-DCMAKE_PREFIX_PATH:STRING=/lustre/ttscratch1/dantopa/spack/libraries/trinitite-standard.ucx/opt/spack/cray-cnl6-haswell/cce-8.7.9/libnl-3.3.0-jq2kvxyfmftq5iqinsfe7geenbm3tu2u;/usr/projects/hpcsoft/cle6.0/common/cmake/3.12.1' '-DCMAKE_INSTALL_SYSCONFDIR=/lustre/ttscratch1/dantopa/spack/libraries/trinitite-standard.ucx/opt/spack/cray-cnl6-haswell/cce-8.7.9/rdma-core-20-lohpaykt22txejldu32npfbr57ja3ptm/etc' '-DCMAKE_INSTALL_RUNDIR=/var/run'

1 error found in build log:
     53    -- Performing Test SUPPORTS_AS_NEEDED
     54    -- Performing Test SUPPORTS_AS_NEEDED - Failed
     55    -- Performing Test SUPPORTS_NO_UNDEFINED
     56    -- Performing Test SUPPORTS_NO_UNDEFINED - Failed
     57    -- Performing Test _LDSYMVER_SUCCESS
     58    -- Performing Test _LDSYMVER_SUCCESS - Failed
  >> 59    CMake Error at /usr/projects/hpcsoft/cle6.0/common/cmake/3.12.1/shar
           e/cmake-3.12/Modules/FindPackageHandleStandardArgs.cmake:137 (messag
           e):
     60      Could NOT find LDSymVer (missing: LDSYMVER_MODE)
     61    Call Stack (most recent call first):
     62      /usr/projects/hpcsoft/cle6.0/common/cmake/3.12.1/share/cmake-3.12/
           Modules/FindPackageHandleStandardArgs.cmake:378 (_FPHSA_FAILURE_MESS
           AGE)
     63      buildlib/FindLDSymVer.cmake:49 (find_package_handle_standard_args)
     64      CMakeLists.txt:343 (find_package)
     65    

See build log for details:
  /lustre/ttscratch1/dantopa/spack/libraries/trinitite-standard.ucx/var/spack/stage/rdma-core-20-lohpaykt22txejldu32npfbr57ja3ptm/spack-build.out
spack install ucx @ 1.3.1 % cce@8.7.8  arch=cray-cnl6-haswell  >> /lustre/ttscratch1/dantopa/repos/gitlab/pull-requests/libraries/results/install-log/trinitite-standard-ucx-install.log
==> Error: ProcessError: Command exited with status 2:
    'make' '-j64'

17 errors found in build log:
     597    make[2]: Entering directory '/tmp/dantopa/spack-stage/spack-stage-x
            JaW5S/hwloc-2.0.2/utils/netloc/mpi'
     598      CC       netloc_rank_order.o
     599      CC       netloc_mpi_find_hosts-netloc_mpi_find_hosts.o
     600      CCLD     netloc_rank_order
     601      CCLD     netloc_mpi_find_hosts
     602    ld: netloc_mpi_find_hosts-netloc_mpi_find_hosts.o: in function `mai
            n':
  >> 603    /tmp/dantopa/spack-stage/spack-stage-xJaW5S/hwloc-2.0.2/utils/netlo
            c/mpi/netloc_mpi_find_hosts.c:40: undefined reference to `MPI_Init'
  >> 604    ld: /tmp/dantopa/spack-stage/spack-stage-xJaW5S/hwloc-2.0.2/utils/n
            etloc/mpi/netloc_mpi_find_hosts.c:42: undefined reference to `MPI_C
            omm_rank'
  >> 605    ld: /tmp/dantopa/spack-stage/spack-stage-xJaW5S/hwloc-2.0.2/utils/n
            etloc/mpi/netloc_mpi_find_hosts.c:43: undefined reference to `MPI_C
            omm_size'
  >> 606    ld: /tmp/dantopa/spack-stage/spack-stage-xJaW5S/hwloc-2.0.2/utils/n
            etloc/mpi/netloc_mpi_find_hosts.c:48: undefined reference to `MPI_A
            bort'
  >> 607    ld: /tmp/dantopa/spack-stage/spack-stage-xJaW5S/hwloc-2.0.2/utils/n
            etloc/mpi/netloc_mpi_find_hosts.c:57: undefined reference to `MPI_G
            et_processor_name'
  >> 608    ld: /tmp/dantopa/spack-stage/spack-stage-xJaW5S/hwloc-2.0.2/utils/n
            etloc/mpi/netloc_mpi_find_hosts.c:93: undefined reference to `MPI_R
            ecv'
  >> 609    ld: /tmp/dantopa/spack-stage/spack-stage-xJaW5S/hwloc-2.0.2/utils/n
            etloc/mpi/netloc_mpi_find_hosts.c:99: undefined reference to `MPI_R
            ecv'
  >> 610    ld: /tmp/dantopa/spack-stage/spack-stage-xJaW5S/hwloc-2.0.2/utils/n
            etloc/mpi/netloc_mpi_find_hosts.c:112: undefined reference to `MPI_
            Send'
  >> 611    ld: /tmp/dantopa/spack-stage/spack-stage-xJaW5S/hwloc-2.0.2/utils/n
            etloc/mpi/netloc_mpi_find_hosts.c:157: undefined reference to `MPI_
            Send'
  >> 612    ld: /tmp/dantopa/spack-stage/spack-stage-xJaW5S/hwloc-2.0.2/utils/n
            etloc/mpi/netloc_mpi_find_hosts.c:159: undefined reference to `MPI_
            Send'
  >> 613    ld: /tmp/dantopa/spack-stage/spack-stage-xJaW5S/hwloc-2.0.2/utils/n
            etloc/mpi/netloc_mpi_find_hosts.c:162: undefined reference to `MPI_
            Recv'
  >> 614    ld: /tmp/dantopa/spack-stage/spack-stage-xJaW5S/hwloc-2.0.2/utils/n
            etloc/mpi/netloc_mpi_find_hosts.c:223: undefined reference to `MPI_
            Finalize'
  >> 615    ld: /tmp/dantopa/spack-stage/spack-stage-xJaW5S/hwloc-2.0.2/utils/n
            etloc/mpi/netloc_mpi_find_hosts.c:116: undefined reference to `MPI_
            Send'
  >> 616    ld: /tmp/dantopa/spack-stage/spack-stage-xJaW5S/hwloc-2.0.2/utils/n
            etloc/mpi/netloc_mpi_find_hosts.c:65: undefined reference to `MPI_A
            bort'
     617    Makefile:516: recipe for target 'netloc_mpi_find_hosts' failed
  >> 618    make[2]: *** [netloc_mpi_find_hosts] Error 1
     619    make[2]: Leaving directory '/tmp/dantopa/spack-stage/spack-stage-xJ
            aW5S/hwloc-2.0.2/utils/netloc/mpi'
     620    Makefile:454: recipe for target 'all-recursive' failed
  >> 621    make[1]: *** [all-recursive] Error 1
     622    make[1]: Leaving directory '/tmp/dantopa/spack-stage/spack-stage-xJ
            aW5S/hwloc-2.0.2/utils'
     623    Makefile:629: recipe for target 'all-recursive' failed
  >> 624    make: *** [all-recursive] Error 1

See build log for details:
  /lustre/ttscratch1/dantopa/spack/libraries/trinitite-standard.pmix/var/spack/stage/hwloc-2.0.2-kqzvskcxsdtvqipxzrxuscxnnsvj3ycu/spack-build.out
spack install pmix @ 3.0.2 % cce@8.7.9  arch=cray-cnl6-haswell  >> /lustre/ttscratch1/dantopa/repos/gitlab/pull-requests/libraries/results/install-log/trinitite-standard-pmix-install.log
==> Error: ProcessError: Command exited with status 1:
    'cmake' '/lustre/ttscratch1/dantopa/spack/libraries/trinitite-standard.ucx/var/spack/stage/rdma-core-20-yjfm7fb5beiae3wp7f7rc4poy5byhrt3/rdma-core-20' '-G' 'Unix Makefiles' '-DCMAKE_INSTALL_PREFIX:PATH=/lustre/ttscratch1/dantopa/spack/libraries/trinitite-standard.ucx/opt/spack/cray-cnl6-haswell/cce-8.7.8/rdma-core-20-yjfm7fb5beiae3wp7f7rc4poy5byhrt3' '-DCMAKE_BUILD_TYPE:STRING=RelWithDebInfo' '-DCMAKE_VERBOSE_MAKEFILE:BOOL=ON' '-DCMAKE_INSTALL_RPATH_USE_LINK_PATH:BOOL=FALSE' '-DCMAKE_INSTALL_RPATH:STRING=/lustre/ttscratch1/dantopa/spack/libraries/trinitite-standard.ucx/opt/spack/cray-cnl6-haswell/cce-8.7.8/rdma-core-20-yjfm7fb5beiae3wp7f7rc4poy5byhrt3/lib;/lustre/ttscratch1/dantopa/spack/libraries/trinitite-standard.ucx/opt/spack/cray-cnl6-haswell/cce-8.7.8/rdma-core-20-yjfm7fb5beiae3wp7f7rc4poy5byhrt3/lib64;/lustre/ttscratch1/dantopa/spack/libraries/trinitite-standard.ucx/opt/spack/cray-cnl6-haswell/cce-8.7.8/libnl-3.3.0-rapk5ylsifpczjuq26sav3p4vmmbnwjd/lib;/opt/cray/pe/cce/8.7.8/cce/x86_64' '-DCMAKE_PREFIX_PATH:STRING=/lustre/ttscratch1/dantopa/spack/libraries/trinitite-standard.ucx/opt/spack/cray-cnl6-haswell/cce-8.7.8/libnl-3.3.0-rapk5ylsifpczjuq26sav3p4vmmbnwjd;/usr/projects/hpcsoft/cle6.0/common/cmake/3.12.1' '-DCMAKE_INSTALL_SYSCONFDIR=/lustre/ttscratch1/dantopa/spack/libraries/trinitite-standard.ucx/opt/spack/cray-cnl6-haswell/cce-8.7.8/rdma-core-20-yjfm7fb5beiae3wp7f7rc4poy5byhrt3/etc' '-DCMAKE_INSTALL_RUNDIR=/var/run'

1 error found in build log:
     53    -- Performing Test SUPPORTS_AS_NEEDED
     54    -- Performing Test SUPPORTS_AS_NEEDED - Failed
     55    -- Performing Test SUPPORTS_NO_UNDEFINED
     56    -- Performing Test SUPPORTS_NO_UNDEFINED - Failed
     57    -- Performing Test _LDSYMVER_SUCCESS
     58    -- Performing Test _LDSYMVER_SUCCESS - Failed
  >> 59    CMake Error at /usr/projects/hpcsoft/cle6.0/common/cmake/3.12.1/shar
           e/cmake-3.12/Modules/FindPackageHandleStandardArgs.cmake:137 (messag
           e):
     60      Could NOT find LDSymVer (missing: LDSYMVER_MODE)
     61    Call Stack (most recent call first):
     62      /usr/projects/hpcsoft/cle6.0/common/cmake/3.12.1/share/cmake-3.12/
           Modules/FindPackageHandleStandardArgs.cmake:378 (_FPHSA_FAILURE_MESS
           AGE)
     63      buildlib/FindLDSymVer.cmake:49 (find_package_handle_standard_args)
     64      CMakeLists.txt:343 (find_package)
     65    

See build log for details:
  /lustre/ttscratch1/dantopa/spack/libraries/trinitite-standard.ucx/var/spack/stage/rdma-core-20-yjfm7fb5beiae3wp7f7rc4poy5byhrt3/spack-build.out
spack install ucx @ 1.3.1 % gcc@8.2.0  arch=cray-cnl6-haswell  >> /lustre/ttscratch1/dantopa/repos/gitlab/pull-requests/libraries/results/install-log/trinitite-standard-ucx-install.log
==> Error: ProcessError: Command exited with status 2:
    'make' '-j64'

13 errors found in build log:
     844      An invalid option "no-strict-aliasing" appears on the command lin
            e.
     845    
     846    CC-571 craycc: ERROR
     847      An invalid option "no-strict-aliasing" appears on the command lin
            e.
     848    
     849    Makefile:539: recipe for target 'common_bridge.lo' failed
  >> 850    make[2]: *** [common_bridge.lo] Error 1
     851    make[2]: *** Waiting for unfinished jobs....
     852    Makefile:539: recipe for target 'common_iterator.lo' failed
  >> 853    make[2]: *** [common_iterator.lo] Error 1
     854    CC-571 craycc: ERROR
     855      An invalid option "no-strict-aliasing" appears on the command lin
            e.
     856    
     857    Makefile:539: recipe for target 'common_vgaarb.lo' failed
  >> 858    make[2]: *** [common_vgaarb.lo] Error 1
     859    Makefile:539: recipe for target 'common_device_name.lo' failed
  >> 860    make[2]: *** [common_device_name.lo] Error 1
     861    Makefile:539: recipe for target 'linux_sysfs.lo' failed
  >> 862    make[2]: *** [linux_sysfs.lo] Error 1
     863    CC-571 craycc: ERROR
     864      An invalid option "no-strict-aliasing" appears on the command lin
            e.
     865    
     866    CC-571 craycc: ERROR
     867      An invalid option "no-strict-aliasing" appears on the command lin
            e.
     868    

     ...

     873      An invalid option "no-strict-aliasing" appears on the command lin
            e.
     874    
     875    CC-571 craycc: ERROR
     876      An invalid option "no-strict-aliasing" appears on the command lin
            e.
     877    
     878    Makefile:539: recipe for target 'common_io.lo' failed
  >> 879    make[2]: *** [common_io.lo] Error 1
     880    Makefile:539: recipe for target 'linux_devmem.lo' failed
  >> 881    make[2]: *** [linux_devmem.lo] Error 1
     882    Makefile:539: recipe for target 'common_map.lo' failed
  >> 883    make[2]: *** [common_map.lo] Error 1
     884    Makefile:539: recipe for target 'common_init.lo' failed
  >> 885    make[2]: *** [common_init.lo] Error 1
     886    Makefile:539: recipe for target 'common_interface.lo' failed
  >> 887    make[2]: *** [common_interface.lo] Error 1
     888    Makefile:539: recipe for target 'common_capability.lo' failed
  >> 889    make[2]: *** [common_capability.lo] Error 1
     890    make[2]: Leaving directory '/tmp/dantopa/spack-stage/spack-stage-WL
            IgZP/libpciaccess-0.13.5/src'
     891    Makefile:503: recipe for target 'all-recursive' failed
  >> 892    make[1]: *** [all-recursive] Error 1
     893    make[1]: Leaving directory '/tmp/dantopa/spack-stage/spack-stage-WL
            IgZP/libpciaccess-0.13.5'
     894    Makefile:412: recipe for target 'all' failed
  >> 895    make: *** [all] Error 2

See build log for details:
  /lustre/ttscratch1/dantopa/spack/libraries/trinitite-standard.pmix/var/spack/stage/libpciaccess-0.13.5-euyrnaoulwxf2vi44xod7l46oo7zwy5g/spack-build.out
spack install pmix @ 3.0.2 % cce@8.7.8  arch=cray-cnl6-haswell  >> /lustre/ttscratch1/dantopa/repos/gitlab/pull-requests/libraries/results/install-log/trinitite-standard-pmix-install.log
==> Error: ProcessError: Command exited with status 1:
    'cmake' '/lustre/ttscratch1/dantopa/spack/libraries/trinitite-standard.ucx/var/spack/stage/rdma-core-20-kh35sfe3lvpamma6yrnb23voeyy455um/rdma-core-20' '-G' 'Unix Makefiles' '-DCMAKE_INSTALL_PREFIX:PATH=/lustre/ttscratch1/dantopa/spack/libraries/trinitite-standard.ucx/opt/spack/cray-cnl6-haswell/gcc-8.2.0/rdma-core-20-kh35sfe3lvpamma6yrnb23voeyy455um' '-DCMAKE_BUILD_TYPE:STRING=RelWithDebInfo' '-DCMAKE_VERBOSE_MAKEFILE:BOOL=ON' '-DCMAKE_INSTALL_RPATH_USE_LINK_PATH:BOOL=FALSE' '-DCMAKE_INSTALL_RPATH:STRING=/lustre/ttscratch1/dantopa/spack/libraries/trinitite-standard.ucx/opt/spack/cray-cnl6-haswell/gcc-8.2.0/rdma-core-20-kh35sfe3lvpamma6yrnb23voeyy455um/lib;/lustre/ttscratch1/dantopa/spack/libraries/trinitite-standard.ucx/opt/spack/cray-cnl6-haswell/gcc-8.2.0/rdma-core-20-kh35sfe3lvpamma6yrnb23voeyy455um/lib64;/lustre/ttscratch1/dantopa/spack/libraries/trinitite-standard.ucx/opt/spack/cray-cnl6-haswell/gcc-8.2.0/libnl-3.3.0-q4rgvq4sjsafpceamk2mrqavkpyb2n2d/lib;/opt/gcc/8.2.0/snos' '-DCMAKE_PREFIX_PATH:STRING=/lustre/ttscratch1/dantopa/spack/libraries/trinitite-standard.ucx/opt/spack/cray-cnl6-haswell/gcc-8.2.0/libnl-3.3.0-q4rgvq4sjsafpceamk2mrqavkpyb2n2d;/usr/projects/hpcsoft/cle6.0/common/cmake/3.12.1' '-DCMAKE_INSTALL_SYSCONFDIR=/lustre/ttscratch1/dantopa/spack/libraries/trinitite-standard.ucx/opt/spack/cray-cnl6-haswell/gcc-8.2.0/rdma-core-20-kh35sfe3lvpamma6yrnb23voeyy455um/etc' '-DCMAKE_INSTALL_RUNDIR=/var/run'

1 error found in build log:
     53    -- Performing Test SUPPORTS_AS_NEEDED
     54    -- Performing Test SUPPORTS_AS_NEEDED - Success
     55    -- Performing Test SUPPORTS_NO_UNDEFINED
     56    -- Performing Test SUPPORTS_NO_UNDEFINED - Success
     57    -- Performing Test _LDSYMVER_SUCCESS
     58    -- Performing Test _LDSYMVER_SUCCESS - Failed
  >> 59    CMake Error at /usr/projects/hpcsoft/cle6.0/common/cmake/3.12.1/shar
           e/cmake-3.12/Modules/FindPackageHandleStandardArgs.cmake:137 (messag
           e):
     60      Could NOT find LDSymVer (missing: LDSYMVER_MODE)
     61    Call Stack (most recent call first):
     62      /usr/projects/hpcsoft/cle6.0/common/cmake/3.12.1/share/cmake-3.12/
           Modules/FindPackageHandleStandardArgs.cmake:378 (_FPHSA_FAILURE_MESS
           AGE)
     63      buildlib/FindLDSymVer.cmake:49 (find_package_handle_standard_args)
     64      CMakeLists.txt:343 (find_package)
     65    

See build log for details:
  /lustre/ttscratch1/dantopa/spack/libraries/trinitite-standard.ucx/var/spack/stage/rdma-core-20-kh35sfe3lvpamma6yrnb23voeyy455um/spack-build.out
spack install ucx @ 1.3.1 % gcc@7.3.0  arch=cray-cnl6-haswell  >> /lustre/ttscratch1/dantopa/repos/gitlab/pull-requests/libraries/results/install-log/trinitite-standard-ucx-install.log
==> Error: ProcessError: Command exited with status 1:
    'cmake' '/lustre/ttscratch1/dantopa/spack/libraries/trinitite-standard.ucx/var/spack/stage/rdma-core-20-hgw6nh2xqkjb2aqjqcjy6wjft75ntqkg/rdma-core-20' '-G' 'Unix Makefiles' '-DCMAKE_INSTALL_PREFIX:PATH=/lustre/ttscratch1/dantopa/spack/libraries/trinitite-standard.ucx/opt/spack/cray-cnl6-haswell/gcc-7.3.0/rdma-core-20-hgw6nh2xqkjb2aqjqcjy6wjft75ntqkg' '-DCMAKE_BUILD_TYPE:STRING=RelWithDebInfo' '-DCMAKE_VERBOSE_MAKEFILE:BOOL=ON' '-DCMAKE_INSTALL_RPATH_USE_LINK_PATH:BOOL=FALSE' '-DCMAKE_INSTALL_RPATH:STRING=/lustre/ttscratch1/dantopa/spack/libraries/trinitite-standard.ucx/opt/spack/cray-cnl6-haswell/gcc-7.3.0/rdma-core-20-hgw6nh2xqkjb2aqjqcjy6wjft75ntqkg/lib;/lustre/ttscratch1/dantopa/spack/libraries/trinitite-standard.ucx/opt/spack/cray-cnl6-haswell/gcc-7.3.0/rdma-core-20-hgw6nh2xqkjb2aqjqcjy6wjft75ntqkg/lib64;/lustre/ttscratch1/dantopa/spack/libraries/trinitite-standard.ucx/opt/spack/cray-cnl6-haswell/gcc-7.3.0/libnl-3.3.0-4bomwwjjku537bsd5mbcwy55gtxdst5g/lib;/opt/gcc/7.3.0/snos' '-DCMAKE_PREFIX_PATH:STRING=/lustre/ttscratch1/dantopa/spack/libraries/trinitite-standard.ucx/opt/spack/cray-cnl6-haswell/gcc-7.3.0/libnl-3.3.0-4bomwwjjku537bsd5mbcwy55gtxdst5g;/usr/projects/hpcsoft/cle6.0/common/cmake/3.12.1' '-DCMAKE_INSTALL_SYSCONFDIR=/lustre/ttscratch1/dantopa/spack/libraries/trinitite-standard.ucx/opt/spack/cray-cnl6-haswell/gcc-7.3.0/rdma-core-20-hgw6nh2xqkjb2aqjqcjy6wjft75ntqkg/etc' '-DCMAKE_INSTALL_RUNDIR=/var/run'

1 error found in build log:
     53    -- Performing Test SUPPORTS_AS_NEEDED
     54    -- Performing Test SUPPORTS_AS_NEEDED - Success
     55    -- Performing Test SUPPORTS_NO_UNDEFINED
     56    -- Performing Test SUPPORTS_NO_UNDEFINED - Success
     57    -- Performing Test _LDSYMVER_SUCCESS
     58    -- Performing Test _LDSYMVER_SUCCESS - Failed
  >> 59    CMake Error at /usr/projects/hpcsoft/cle6.0/common/cmake/3.12.1/shar
           e/cmake-3.12/Modules/FindPackageHandleStandardArgs.cmake:137 (messag
           e):
     60      Could NOT find LDSymVer (missing: LDSYMVER_MODE)
     61    Call Stack (most recent call first):
     62      /usr/projects/hpcsoft/cle6.0/common/cmake/3.12.1/share/cmake-3.12/
           Modules/FindPackageHandleStandardArgs.cmake:378 (_FPHSA_FAILURE_MESS
           AGE)
     63      buildlib/FindLDSymVer.cmake:49 (find_package_handle_standard_args)
     64      CMakeLists.txt:343 (find_package)
     65    

See build log for details:
  /lustre/ttscratch1/dantopa/spack/libraries/trinitite-standard.ucx/var/spack/stage/rdma-core-20-hgw6nh2xqkjb2aqjqcjy6wjft75ntqkg/spack-build.out
spack install ucx @ 1.3.1 % gcc@6.3.0  arch=cray-cnl6-haswell  >> /lustre/ttscratch1/dantopa/repos/gitlab/pull-requests/libraries/results/install-log/trinitite-standard-ucx-install.log
==> Error: SyntaxError: invalid syntax (<string>, line 1)

/lustre/ttscratch1/dantopa/spack/libraries/trinitite-standard.ucx/lib/spack/spack/build_environment.py:784, in child_process:
        781            tb_string = traceback.format_exc()
        782
        783            # build up some context from the offending package so we can
  >>    784            # show that, too.
        785            package_context = get_package_context(tb)
        786
        787            build_log = None


spack install ucx @ 1.3.1 % intel@19.0.1  arch=cray-cnl6-haswell  >> /lustre/ttscratch1/dantopa/repos/gitlab/pull-requests/libraries/results/install-log/trinitite-standard-ucx-install.log
==> Error: ProcessError: Command exited with status 2:
    'make' '-j64'

13 errors found in build log:
     838      An invalid option "no-strict-aliasing" appears on the command lin
            e.
     839    
     840    CC-571 craycc: ERROR
     841      An invalid option "no-strict-aliasing" appears on the command lin
            e.
     842    
     843    Makefile:539: recipe for target 'common_io.lo' failed
  >> 844    make[2]: *** [common_io.lo] Error 1
     845    make[2]: *** Waiting for unfinished jobs....
     846    CC-571 craycc: ERROR
     847      An invalid option "no-strict-aliasing" appears on the command lin
            e.
     848    
     849    CC-571 craycc: ERROR
     850      An invalid option "no-strict-aliasing" appears on the command lin
            e.

     ...

     862      An invalid option "no-strict-aliasing" appears on the command lin
            e.
     863    
     864    CC-571 craycc: ERROR
     865      An invalid option "no-strict-aliasing" appears on the command lin
            e.
     866    
     867    Makefile:539: recipe for target 'linux_devmem.lo' failed
  >> 868    make[2]: *** [linux_devmem.lo] Error 1
     869    Makefile:539: recipe for target 'common_interface.lo' failed
  >> 870    make[2]: *** [common_interface.lo] Error 1
     871    CC-571 craycc: ERROR
     872      An invalid option "no-strict-aliasing" appears on the command lin
            e.
     873    
     874    Makefile:539: recipe for target 'common_bridge.lo' failed
  >> 875    make[2]: *** [common_bridge.lo] Error 1
     876    Makefile:539: recipe for target 'common_map.lo' failed
  >> 877    make[2]: *** [common_map.lo] Error 1
     878    Makefile:539: recipe for target 'common_init.lo' failed
  >> 879    make[2]: *** [common_init.lo] Error 1
     880    Makefile:539: recipe for target 'common_iterator.lo' failed
  >> 881    make[2]: *** [common_iterator.lo] Error 1
     882    Makefile:539: recipe for target 'linux_sysfs.lo' failed
  >> 883    make[2]: *** [linux_sysfs.lo] Error 1
     884    Makefile:539: recipe for target 'common_capability.lo' failed
  >> 885    make[2]: *** [common_capability.lo] Error 1
     886    Makefile:539: recipe for target 'common_device_name.lo' failed
  >> 887    make[2]: *** [common_device_name.lo] Error 1
     888    Makefile:539: recipe for target 'common_vgaarb.lo' failed
  >> 889    make[2]: *** [common_vgaarb.lo] Error 1
     890    make[2]: Leaving directory '/tmp/dantopa/spack-stage/spack-stage-G1
            JiSo/libpciaccess-0.13.5/src'
     891    Makefile:503: recipe for target 'all-recursive' failed
  >> 892    make[1]: *** [all-recursive] Error 1
     893    make[1]: Leaving directory '/tmp/dantopa/spack-stage/spack-stage-G1
            JiSo/libpciaccess-0.13.5'
     894    Makefile:412: recipe for target 'all' failed
  >> 895    make: *** [all] Error 2

See build log for details:
  /lustre/ttscratch1/dantopa/spack/libraries/trinitite-standard.pmix/var/spack/stage/libpciaccess-0.13.5-kvtpv6d5nqzxdxqh3uioxmnkmftzfhx6/spack-build.out
spack install pmix @ 3.0.2 % gcc@8.2.0  arch=cray-cnl6-haswell  >> /lustre/ttscratch1/dantopa/repos/gitlab/pull-requests/libraries/results/install-log/trinitite-standard-pmix-install.log
==> Error: Conflicts in concretized spec "ucx@1.3.1%intel@19.0.1 arch=cray-cnl6-haswell/poleqsb"
List of matching conflicts for spec:

    rdma-core@20%intel@19.0.1 build_type=RelWithDebInfo arch=cray-cnl6-haswell
        ^cmake@3.14.2%intel@19.0.1~doc+ncurses+openssl~ownlibs~qt arch=cray-cnl6-haswell
        ^libnl@3.3.0%intel@19.0.1 arch=cray-cnl6-haswell
            ^bison@3.0.5%intel@19.0.1 arch=cray-cnl6-haswell
            ^flex@2.6.4%intel@19.0.1+lex patches=09c22e5c6fef327d3e48eb23f0d610dcd3a35ab9207f12e0f875701c677978d3 arch=cray-cnl6-haswell
            ^m4@1.4.18%intel@19.0.1 patches=3877ab548f88597ab2327a2230ee048d2d07ace1062efe81fc92e91b7f39cd00,c0a408fbffb7255fcc75e26bd8edab116fc81d216bfd18b473668b7739a4158e,fc9b61654a3ba1a8d6cd78ce087e7c96366c290bc8d2c299f09828d793b853c8 +sigsegv arch=cray-cnl6-haswell
        ^pkg-config@0.29.2%intel@19.0.1+internal_glib arch=cray-cnl6-haswell

1. "%intel" conflicts with "rdma-core" [rdma-core cannot be built with intel (use gcc instead)]

spack install ucx @ 1.3.1 % intel@18.0.5  arch=cray-cnl6-haswell  >> /lustre/ttscratch1/dantopa/repos/gitlab/pull-requests/libraries/results/install-log/trinitite-standard-ucx-install.log
==> Error: Conflicts in concretized spec "ucx@1.3.1%intel@18.0.5 arch=cray-cnl6-haswell/xmrg5uw"
List of matching conflicts for spec:

    rdma-core@20%intel@18.0.5 build_type=RelWithDebInfo arch=cray-cnl6-haswell
        ^cmake@3.14.2%intel@18.0.5~doc+ncurses+openssl~ownlibs~qt arch=cray-cnl6-haswell
        ^libnl@3.3.0%intel@18.0.5 arch=cray-cnl6-haswell
            ^bison@3.0.5%intel@18.0.5 arch=cray-cnl6-haswell
            ^flex@2.6.4%intel@18.0.5+lex patches=09c22e5c6fef327d3e48eb23f0d610dcd3a35ab9207f12e0f875701c677978d3 arch=cray-cnl6-haswell
            ^m4@1.4.18%intel@18.0.5 patches=3877ab548f88597ab2327a2230ee048d2d07ace1062efe81fc92e91b7f39cd00,c0a408fbffb7255fcc75e26bd8edab116fc81d216bfd18b473668b7739a4158e,fc9b61654a3ba1a8d6cd78ce087e7c96366c290bc8d2c299f09828d793b853c8 +sigsegv arch=cray-cnl6-haswell
        ^pkg-config@0.29.2%intel@18.0.5+internal_glib arch=cray-cnl6-haswell

1. "%intel" conflicts with "rdma-core" [rdma-core cannot be built with intel (use gcc instead)]

spack install ucx @ 1.2.2 % cce@8.7.9  arch=cray-cnl6-haswell  >> /lustre/ttscratch1/dantopa/repos/gitlab/pull-requests/libraries/results/install-log/trinitite-standard-ucx-install.log
==> Error: ProcessError: Command exited with status 1:
    'cmake' '/lustre/ttscratch1/dantopa/spack/libraries/trinitite-standard.ucx/var/spack/stage/rdma-core-20-lohpaykt22txejldu32npfbr57ja3ptm/rdma-core-20' '-G' 'Unix Makefiles' '-DCMAKE_INSTALL_PREFIX:PATH=/lustre/ttscratch1/dantopa/spack/libraries/trinitite-standard.ucx/opt/spack/cray-cnl6-haswell/cce-8.7.9/rdma-core-20-lohpaykt22txejldu32npfbr57ja3ptm' '-DCMAKE_BUILD_TYPE:STRING=RelWithDebInfo' '-DCMAKE_VERBOSE_MAKEFILE:BOOL=ON' '-DCMAKE_INSTALL_RPATH_USE_LINK_PATH:BOOL=FALSE' '-DCMAKE_INSTALL_RPATH:STRING=/lustre/ttscratch1/dantopa/spack/libraries/trinitite-standard.ucx/opt/spack/cray-cnl6-haswell/cce-8.7.9/rdma-core-20-lohpaykt22txejldu32npfbr57ja3ptm/lib;/lustre/ttscratch1/dantopa/spack/libraries/trinitite-standard.ucx/opt/spack/cray-cnl6-haswell/cce-8.7.9/rdma-core-20-lohpaykt22txejldu32npfbr57ja3ptm/lib64;/lustre/ttscratch1/dantopa/spack/libraries/trinitite-standard.ucx/opt/spack/cray-cnl6-haswell/cce-8.7.9/libnl-3.3.0-jq2kvxyfmftq5iqinsfe7geenbm3tu2u/lib;/opt/cray/pe/cce/8.7.9/cce/x86_64' '-DCMAKE_PREFIX_PATH:STRING=/lustre/ttscratch1/dantopa/spack/libraries/trinitite-standard.ucx/opt/spack/cray-cnl6-haswell/cce-8.7.9/libnl-3.3.0-jq2kvxyfmftq5iqinsfe7geenbm3tu2u;/usr/projects/hpcsoft/cle6.0/common/cmake/3.12.1' '-DCMAKE_INSTALL_SYSCONFDIR=/lustre/ttscratch1/dantopa/spack/libraries/trinitite-standard.ucx/opt/spack/cray-cnl6-haswell/cce-8.7.9/rdma-core-20-lohpaykt22txejldu32npfbr57ja3ptm/etc' '-DCMAKE_INSTALL_RUNDIR=/var/run'

1 error found in build log:
     53    -- Performing Test SUPPORTS_AS_NEEDED
     54    -- Performing Test SUPPORTS_AS_NEEDED - Failed
     55    -- Performing Test SUPPORTS_NO_UNDEFINED
     56    -- Performing Test SUPPORTS_NO_UNDEFINED - Failed
     57    -- Performing Test _LDSYMVER_SUCCESS
     58    -- Performing Test _LDSYMVER_SUCCESS - Failed
  >> 59    CMake Error at /usr/projects/hpcsoft/cle6.0/common/cmake/3.12.1/shar
           e/cmake-3.12/Modules/FindPackageHandleStandardArgs.cmake:137 (messag
           e):
     60      Could NOT find LDSymVer (missing: LDSYMVER_MODE)
     61    Call Stack (most recent call first):
     62      /usr/projects/hpcsoft/cle6.0/common/cmake/3.12.1/share/cmake-3.12/
           Modules/FindPackageHandleStandardArgs.cmake:378 (_FPHSA_FAILURE_MESS
           AGE)
     63      buildlib/FindLDSymVer.cmake:49 (find_package_handle_standard_args)
     64      CMakeLists.txt:343 (find_package)
     65    

See build log for details:
  /lustre/ttscratch1/dantopa/spack/libraries/trinitite-standard.ucx/var/spack/stage/rdma-core-20-lohpaykt22txejldu32npfbr57ja3ptm/spack-build.out
spack install ucx @ 1.2.2 % cce@8.7.8  arch=cray-cnl6-haswell  >> /lustre/ttscratch1/dantopa/repos/gitlab/pull-requests/libraries/results/install-log/trinitite-standard-ucx-install.log
==> Error: ProcessError: Command exited with status 2:
    'make' '-j64'

18 errors found in build log:
     598    make[2]: Entering directory '/tmp/dantopa/spack-stage/spack-stage-Q
            MA18f/hwloc-2.0.2/utils/netloc/mpi'
     599      CC       netloc_rank_order.o
     600      CC       netloc_mpi_find_hosts-netloc_mpi_find_hosts.o
     601      CCLD     netloc_rank_order
     602      CCLD     netloc_mpi_find_hosts
     603    /usr/bin/ld: netloc_mpi_find_hosts-netloc_mpi_find_hosts.o: in func
            tion `main':
  >> 604    /tmp/dantopa/spack-stage/spack-stage-QMA18f/hwloc-2.0.2/utils/netlo
            c/mpi/netloc_mpi_find_hosts.c:40: undefined reference to `MPI_Init'
  >> 605    /usr/bin/ld: /tmp/dantopa/spack-stage/spack-stage-QMA18f/hwloc-2.0.
            2/utils/netloc/mpi/netloc_mpi_find_hosts.c:42: undefined reference 
            to `MPI_Comm_rank'
  >> 606    /usr/bin/ld: /tmp/dantopa/spack-stage/spack-stage-QMA18f/hwloc-2.0.
            2/utils/netloc/mpi/netloc_mpi_find_hosts.c:43: undefined reference 
            to `MPI_Comm_size'
  >> 607    /usr/bin/ld: /tmp/dantopa/spack-stage/spack-stage-QMA18f/hwloc-2.0.
            2/utils/netloc/mpi/netloc_mpi_find_hosts.c:48: undefined reference 
            to `MPI_Abort'
  >> 608    /usr/bin/ld: /tmp/dantopa/spack-stage/spack-stage-QMA18f/hwloc-2.0.
            2/utils/netloc/mpi/netloc_mpi_find_hosts.c:57: undefined reference 
            to `MPI_Get_processor_name'
  >> 609    /usr/bin/ld: /tmp/dantopa/spack-stage/spack-stage-QMA18f/hwloc-2.0.
            2/utils/netloc/mpi/netloc_mpi_find_hosts.c:157: undefined reference
             to `MPI_Send'
  >> 610    /usr/bin/ld: /tmp/dantopa/spack-stage/spack-stage-QMA18f/hwloc-2.0.
            2/utils/netloc/mpi/netloc_mpi_find_hosts.c:159: undefined reference
             to `MPI_Send'
  >> 611    /usr/bin/ld: /tmp/dantopa/spack-stage/spack-stage-QMA18f/hwloc-2.0.
            2/utils/netloc/mpi/netloc_mpi_find_hosts.c:162: undefined reference
             to `MPI_Recv'
  >> 612    /usr/bin/ld: /tmp/dantopa/spack-stage/spack-stage-QMA18f/hwloc-2.0.
            2/utils/netloc/mpi/netloc_mpi_find_hosts.c:223: undefined reference
             to `MPI_Finalize'
  >> 613    /usr/bin/ld: /tmp/dantopa/spack-stage/spack-stage-QMA18f/hwloc-2.0.
            2/utils/netloc/mpi/netloc_mpi_find_hosts.c:93: undefined reference 
            to `MPI_Recv'
  >> 614    /usr/bin/ld: /tmp/dantopa/spack-stage/spack-stage-QMA18f/hwloc-2.0.
            2/utils/netloc/mpi/netloc_mpi_find_hosts.c:99: undefined reference 
            to `MPI_Recv'
  >> 615    /usr/bin/ld: /tmp/dantopa/spack-stage/spack-stage-QMA18f/hwloc-2.0.
            2/utils/netloc/mpi/netloc_mpi_find_hosts.c:116: undefined reference
             to `MPI_Send'
  >> 616    /usr/bin/ld: /tmp/dantopa/spack-stage/spack-stage-QMA18f/hwloc-2.0.
            2/utils/netloc/mpi/netloc_mpi_find_hosts.c:112: undefined reference
             to `MPI_Send'
  >> 617    /usr/bin/ld: /tmp/dantopa/spack-stage/spack-stage-QMA18f/hwloc-2.0.
            2/utils/netloc/mpi/netloc_mpi_find_hosts.c:65: undefined reference 
            to `MPI_Abort'
  >> 618    collect2: error: ld returned 1 exit status
     619    Makefile:516: recipe for target 'netloc_mpi_find_hosts' failed
  >> 620    make[2]: *** [netloc_mpi_find_hosts] Error 1
     621    make[2]: Leaving directory '/tmp/dantopa/spack-stage/spack-stage-QM
            A18f/hwloc-2.0.2/utils/netloc/mpi'
     622    Makefile:454: recipe for target 'all-recursive' failed
  >> 623    make[1]: *** [all-recursive] Error 1
     624    make[1]: Leaving directory '/tmp/dantopa/spack-stage/spack-stage-QM
            A18f/hwloc-2.0.2/utils'
     625    Makefile:629: recipe for target 'all-recursive' failed
  >> 626    make: *** [all-recursive] Error 1

See build log for details:
  /lustre/ttscratch1/dantopa/spack/libraries/trinitite-standard.pmix/var/spack/stage/hwloc-2.0.2-e5adoxrsaf2hb3r5l34hqglexwxonaf6/spack-build.out
spack install pmix @ 3.0.2 % gcc@7.3.0  arch=cray-cnl6-haswell  >> /lustre/ttscratch1/dantopa/repos/gitlab/pull-requests/libraries/results/install-log/trinitite-standard-pmix-install.log
==> Error: ProcessError: Command exited with status 1:
    'cmake' '/lustre/ttscratch1/dantopa/spack/libraries/trinitite-standard.ucx/var/spack/stage/rdma-core-20-yjfm7fb5beiae3wp7f7rc4poy5byhrt3/rdma-core-20' '-G' 'Unix Makefiles' '-DCMAKE_INSTALL_PREFIX:PATH=/lustre/ttscratch1/dantopa/spack/libraries/trinitite-standard.ucx/opt/spack/cray-cnl6-haswell/cce-8.7.8/rdma-core-20-yjfm7fb5beiae3wp7f7rc4poy5byhrt3' '-DCMAKE_BUILD_TYPE:STRING=RelWithDebInfo' '-DCMAKE_VERBOSE_MAKEFILE:BOOL=ON' '-DCMAKE_INSTALL_RPATH_USE_LINK_PATH:BOOL=FALSE' '-DCMAKE_INSTALL_RPATH:STRING=/lustre/ttscratch1/dantopa/spack/libraries/trinitite-standard.ucx/opt/spack/cray-cnl6-haswell/cce-8.7.8/rdma-core-20-yjfm7fb5beiae3wp7f7rc4poy5byhrt3/lib;/lustre/ttscratch1/dantopa/spack/libraries/trinitite-standard.ucx/opt/spack/cray-cnl6-haswell/cce-8.7.8/rdma-core-20-yjfm7fb5beiae3wp7f7rc4poy5byhrt3/lib64;/lustre/ttscratch1/dantopa/spack/libraries/trinitite-standard.ucx/opt/spack/cray-cnl6-haswell/cce-8.7.8/libnl-3.3.0-rapk5ylsifpczjuq26sav3p4vmmbnwjd/lib;/opt/cray/pe/cce/8.7.8/cce/x86_64' '-DCMAKE_PREFIX_PATH:STRING=/lustre/ttscratch1/dantopa/spack/libraries/trinitite-standard.ucx/opt/spack/cray-cnl6-haswell/cce-8.7.8/libnl-3.3.0-rapk5ylsifpczjuq26sav3p4vmmbnwjd;/usr/projects/hpcsoft/cle6.0/common/cmake/3.12.1' '-DCMAKE_INSTALL_SYSCONFDIR=/lustre/ttscratch1/dantopa/spack/libraries/trinitite-standard.ucx/opt/spack/cray-cnl6-haswell/cce-8.7.8/rdma-core-20-yjfm7fb5beiae3wp7f7rc4poy5byhrt3/etc' '-DCMAKE_INSTALL_RUNDIR=/var/run'

1 error found in build log:
     53    -- Performing Test SUPPORTS_AS_NEEDED
     54    -- Performing Test SUPPORTS_AS_NEEDED - Failed
     55    -- Performing Test SUPPORTS_NO_UNDEFINED
     56    -- Performing Test SUPPORTS_NO_UNDEFINED - Failed
     57    -- Performing Test _LDSYMVER_SUCCESS
     58    -- Performing Test _LDSYMVER_SUCCESS - Failed
  >> 59    CMake Error at /usr/projects/hpcsoft/cle6.0/common/cmake/3.12.1/shar
           e/cmake-3.12/Modules/FindPackageHandleStandardArgs.cmake:137 (messag
           e):
     60      Could NOT find LDSymVer (missing: LDSYMVER_MODE)
     61    Call Stack (most recent call first):
     62      /usr/projects/hpcsoft/cle6.0/common/cmake/3.12.1/share/cmake-3.12/
           Modules/FindPackageHandleStandardArgs.cmake:378 (_FPHSA_FAILURE_MESS
           AGE)
     63      buildlib/FindLDSymVer.cmake:49 (find_package_handle_standard_args)
     64      CMakeLists.txt:343 (find_package)
     65    

See build log for details:
  /lustre/ttscratch1/dantopa/spack/libraries/trinitite-standard.ucx/var/spack/stage/rdma-core-20-yjfm7fb5beiae3wp7f7rc4poy5byhrt3/spack-build.out
spack install ucx @ 1.2.2 % gcc@8.2.0  arch=cray-cnl6-haswell  >> /lustre/ttscratch1/dantopa/repos/gitlab/pull-requests/libraries/results/install-log/trinitite-standard-ucx-install.log
==> Error: ProcessError: Command exited with status 1:
    'cmake' '/lustre/ttscratch1/dantopa/spack/libraries/trinitite-standard.ucx/var/spack/stage/rdma-core-20-kh35sfe3lvpamma6yrnb23voeyy455um/rdma-core-20' '-G' 'Unix Makefiles' '-DCMAKE_INSTALL_PREFIX:PATH=/lustre/ttscratch1/dantopa/spack/libraries/trinitite-standard.ucx/opt/spack/cray-cnl6-haswell/gcc-8.2.0/rdma-core-20-kh35sfe3lvpamma6yrnb23voeyy455um' '-DCMAKE_BUILD_TYPE:STRING=RelWithDebInfo' '-DCMAKE_VERBOSE_MAKEFILE:BOOL=ON' '-DCMAKE_INSTALL_RPATH_USE_LINK_PATH:BOOL=FALSE' '-DCMAKE_INSTALL_RPATH:STRING=/lustre/ttscratch1/dantopa/spack/libraries/trinitite-standard.ucx/opt/spack/cray-cnl6-haswell/gcc-8.2.0/rdma-core-20-kh35sfe3lvpamma6yrnb23voeyy455um/lib;/lustre/ttscratch1/dantopa/spack/libraries/trinitite-standard.ucx/opt/spack/cray-cnl6-haswell/gcc-8.2.0/rdma-core-20-kh35sfe3lvpamma6yrnb23voeyy455um/lib64;/lustre/ttscratch1/dantopa/spack/libraries/trinitite-standard.ucx/opt/spack/cray-cnl6-haswell/gcc-8.2.0/libnl-3.3.0-q4rgvq4sjsafpceamk2mrqavkpyb2n2d/lib;/opt/gcc/8.2.0/snos' '-DCMAKE_PREFIX_PATH:STRING=/lustre/ttscratch1/dantopa/spack/libraries/trinitite-standard.ucx/opt/spack/cray-cnl6-haswell/gcc-8.2.0/libnl-3.3.0-q4rgvq4sjsafpceamk2mrqavkpyb2n2d;/usr/projects/hpcsoft/cle6.0/common/cmake/3.12.1' '-DCMAKE_INSTALL_SYSCONFDIR=/lustre/ttscratch1/dantopa/spack/libraries/trinitite-standard.ucx/opt/spack/cray-cnl6-haswell/gcc-8.2.0/rdma-core-20-kh35sfe3lvpamma6yrnb23voeyy455um/etc' '-DCMAKE_INSTALL_RUNDIR=/var/run'

1 error found in build log:
     53    -- Performing Test SUPPORTS_AS_NEEDED
     54    -- Performing Test SUPPORTS_AS_NEEDED - Success
     55    -- Performing Test SUPPORTS_NO_UNDEFINED
     56    -- Performing Test SUPPORTS_NO_UNDEFINED - Success
     57    -- Performing Test _LDSYMVER_SUCCESS
     58    -- Performing Test _LDSYMVER_SUCCESS - Failed
  >> 59    CMake Error at /usr/projects/hpcsoft/cle6.0/common/cmake/3.12.1/shar
           e/cmake-3.12/Modules/FindPackageHandleStandardArgs.cmake:137 (messag
           e):
     60      Could NOT find LDSymVer (missing: LDSYMVER_MODE)
     61    Call Stack (most recent call first):
     62      /usr/projects/hpcsoft/cle6.0/common/cmake/3.12.1/share/cmake-3.12/
           Modules/FindPackageHandleStandardArgs.cmake:378 (_FPHSA_FAILURE_MESS
           AGE)
     63      buildlib/FindLDSymVer.cmake:49 (find_package_handle_standard_args)
     64      CMakeLists.txt:343 (find_package)
     65    

See build log for details:
  /lustre/ttscratch1/dantopa/spack/libraries/trinitite-standard.ucx/var/spack/stage/rdma-core-20-kh35sfe3lvpamma6yrnb23voeyy455um/spack-build.out
spack install ucx @ 1.2.2 % gcc@7.3.0  arch=cray-cnl6-haswell  >> /lustre/ttscratch1/dantopa/repos/gitlab/pull-requests/libraries/results/install-log/trinitite-standard-ucx-install.log
==> Error: ProcessError: Command exited with status 1:
    'cmake' '/lustre/ttscratch1/dantopa/spack/libraries/trinitite-standard.ucx/var/spack/stage/rdma-core-20-hgw6nh2xqkjb2aqjqcjy6wjft75ntqkg/rdma-core-20' '-G' 'Unix Makefiles' '-DCMAKE_INSTALL_PREFIX:PATH=/lustre/ttscratch1/dantopa/spack/libraries/trinitite-standard.ucx/opt/spack/cray-cnl6-haswell/gcc-7.3.0/rdma-core-20-hgw6nh2xqkjb2aqjqcjy6wjft75ntqkg' '-DCMAKE_BUILD_TYPE:STRING=RelWithDebInfo' '-DCMAKE_VERBOSE_MAKEFILE:BOOL=ON' '-DCMAKE_INSTALL_RPATH_USE_LINK_PATH:BOOL=FALSE' '-DCMAKE_INSTALL_RPATH:STRING=/lustre/ttscratch1/dantopa/spack/libraries/trinitite-standard.ucx/opt/spack/cray-cnl6-haswell/gcc-7.3.0/rdma-core-20-hgw6nh2xqkjb2aqjqcjy6wjft75ntqkg/lib;/lustre/ttscratch1/dantopa/spack/libraries/trinitite-standard.ucx/opt/spack/cray-cnl6-haswell/gcc-7.3.0/rdma-core-20-hgw6nh2xqkjb2aqjqcjy6wjft75ntqkg/lib64;/lustre/ttscratch1/dantopa/spack/libraries/trinitite-standard.ucx/opt/spack/cray-cnl6-haswell/gcc-7.3.0/libnl-3.3.0-4bomwwjjku537bsd5mbcwy55gtxdst5g/lib;/opt/gcc/7.3.0/snos' '-DCMAKE_PREFIX_PATH:STRING=/lustre/ttscratch1/dantopa/spack/libraries/trinitite-standard.ucx/opt/spack/cray-cnl6-haswell/gcc-7.3.0/libnl-3.3.0-4bomwwjjku537bsd5mbcwy55gtxdst5g;/usr/projects/hpcsoft/cle6.0/common/cmake/3.12.1' '-DCMAKE_INSTALL_SYSCONFDIR=/lustre/ttscratch1/dantopa/spack/libraries/trinitite-standard.ucx/opt/spack/cray-cnl6-haswell/gcc-7.3.0/rdma-core-20-hgw6nh2xqkjb2aqjqcjy6wjft75ntqkg/etc' '-DCMAKE_INSTALL_RUNDIR=/var/run'

1 error found in build log:
     53    -- Performing Test SUPPORTS_AS_NEEDED
     54    -- Performing Test SUPPORTS_AS_NEEDED - Success
     55    -- Performing Test SUPPORTS_NO_UNDEFINED
     56    -- Performing Test SUPPORTS_NO_UNDEFINED - Success
     57    -- Performing Test _LDSYMVER_SUCCESS
     58    -- Performing Test _LDSYMVER_SUCCESS - Failed
  >> 59    CMake Error at /usr/projects/hpcsoft/cle6.0/common/cmake/3.12.1/shar
           e/cmake-3.12/Modules/FindPackageHandleStandardArgs.cmake:137 (messag
           e):
     60      Could NOT find LDSymVer (missing: LDSYMVER_MODE)
     61    Call Stack (most recent call first):
     62      /usr/projects/hpcsoft/cle6.0/common/cmake/3.12.1/share/cmake-3.12/
           Modules/FindPackageHandleStandardArgs.cmake:378 (_FPHSA_FAILURE_MESS
           AGE)
     63      buildlib/FindLDSymVer.cmake:49 (find_package_handle_standard_args)
     64      CMakeLists.txt:343 (find_package)
     65    

See build log for details:
  /lustre/ttscratch1/dantopa/spack/libraries/trinitite-standard.ucx/var/spack/stage/rdma-core-20-hgw6nh2xqkjb2aqjqcjy6wjft75ntqkg/spack-build.out
spack install ucx @ 1.2.2 % gcc@6.3.0  arch=cray-cnl6-haswell  >> /lustre/ttscratch1/dantopa/repos/gitlab/pull-requests/libraries/results/install-log/trinitite-standard-ucx-install.log
==> Error: SyntaxError: invalid syntax (<string>, line 1)

/lustre/ttscratch1/dantopa/spack/libraries/trinitite-standard.ucx/lib/spack/spack/build_environment.py:784, in child_process:
        781            tb_string = traceback.format_exc()
        782
        783            # build up some context from the offending package so we can
  >>    784            # show that, too.
        785            package_context = get_package_context(tb)
        786
        787            build_log = None


spack install ucx @ 1.2.2 % intel@19.0.1  arch=cray-cnl6-haswell  >> /lustre/ttscratch1/dantopa/repos/gitlab/pull-requests/libraries/results/install-log/trinitite-standard-ucx-install.log
==> Error: ProcessError: Command exited with status 2:
    'make' '-j64'

18 errors found in build log:
     598    make[2]: Entering directory '/tmp/dantopa/spack-stage/spack-stage-3
            PHWSF/hwloc-2.0.2/utils/netloc/mpi'
     599      CC       netloc_rank_order.o
     600      CC       netloc_mpi_find_hosts-netloc_mpi_find_hosts.o
     601      CCLD     netloc_rank_order
     602      CCLD     netloc_mpi_find_hosts
     603    /usr/bin/ld: netloc_mpi_find_hosts-netloc_mpi_find_hosts.o: in func
            tion `main':
  >> 604    /tmp/dantopa/spack-stage/spack-stage-3PHWSF/hwloc-2.0.2/utils/netlo
            c/mpi/netloc_mpi_find_hosts.c:40: undefined reference to `MPI_Init'
  >> 605    /usr/bin/ld: /tmp/dantopa/spack-stage/spack-stage-3PHWSF/hwloc-2.0.
            2/utils/netloc/mpi/netloc_mpi_find_hosts.c:42: undefined reference 
            to `MPI_Comm_rank'
  >> 606    /usr/bin/ld: /tmp/dantopa/spack-stage/spack-stage-3PHWSF/hwloc-2.0.
            2/utils/netloc/mpi/netloc_mpi_find_hosts.c:43: undefined reference 
            to `MPI_Comm_size'
  >> 607    /usr/bin/ld: /tmp/dantopa/spack-stage/spack-stage-3PHWSF/hwloc-2.0.
            2/utils/netloc/mpi/netloc_mpi_find_hosts.c:48: undefined reference 
            to `MPI_Abort'
  >> 608    /usr/bin/ld: /tmp/dantopa/spack-stage/spack-stage-3PHWSF/hwloc-2.0.
            2/utils/netloc/mpi/netloc_mpi_find_hosts.c:57: undefined reference 
            to `MPI_Get_processor_name'
  >> 609    /usr/bin/ld: /tmp/dantopa/spack-stage/spack-stage-3PHWSF/hwloc-2.0.
            2/utils/netloc/mpi/netloc_mpi_find_hosts.c:157: undefined reference
             to `MPI_Send'
  >> 610    /usr/bin/ld: /tmp/dantopa/spack-stage/spack-stage-3PHWSF/hwloc-2.0.
            2/utils/netloc/mpi/netloc_mpi_find_hosts.c:159: undefined reference
             to `MPI_Send'
  >> 611    /usr/bin/ld: /tmp/dantopa/spack-stage/spack-stage-3PHWSF/hwloc-2.0.
            2/utils/netloc/mpi/netloc_mpi_find_hosts.c:162: undefined reference
             to `MPI_Recv'
  >> 612    /usr/bin/ld: /tmp/dantopa/spack-stage/spack-stage-3PHWSF/hwloc-2.0.
            2/utils/netloc/mpi/netloc_mpi_find_hosts.c:223: undefined reference
             to `MPI_Finalize'
  >> 613    /usr/bin/ld: /tmp/dantopa/spack-stage/spack-stage-3PHWSF/hwloc-2.0.
            2/utils/netloc/mpi/netloc_mpi_find_hosts.c:93: undefined reference 
            to `MPI_Recv'
  >> 614    /usr/bin/ld: /tmp/dantopa/spack-stage/spack-stage-3PHWSF/hwloc-2.0.
            2/utils/netloc/mpi/netloc_mpi_find_hosts.c:99: undefined reference 
            to `MPI_Recv'
  >> 615    /usr/bin/ld: /tmp/dantopa/spack-stage/spack-stage-3PHWSF/hwloc-2.0.
            2/utils/netloc/mpi/netloc_mpi_find_hosts.c:116: undefined reference
             to `MPI_Send'
  >> 616    /usr/bin/ld: /tmp/dantopa/spack-stage/spack-stage-3PHWSF/hwloc-2.0.
            2/utils/netloc/mpi/netloc_mpi_find_hosts.c:112: undefined reference
             to `MPI_Send'
  >> 617    /usr/bin/ld: /tmp/dantopa/spack-stage/spack-stage-3PHWSF/hwloc-2.0.
            2/utils/netloc/mpi/netloc_mpi_find_hosts.c:65: undefined reference 
            to `MPI_Abort'
  >> 618    collect2: error: ld returned 1 exit status
     619    Makefile:516: recipe for target 'netloc_mpi_find_hosts' failed
  >> 620    make[2]: *** [netloc_mpi_find_hosts] Error 1
     621    make[2]: Leaving directory '/tmp/dantopa/spack-stage/spack-stage-3P
            HWSF/hwloc-2.0.2/utils/netloc/mpi'
     622    Makefile:454: recipe for target 'all-recursive' failed
  >> 623    make[1]: *** [all-recursive] Error 1
     624    make[1]: Leaving directory '/tmp/dantopa/spack-stage/spack-stage-3P
            HWSF/hwloc-2.0.2/utils'
     625    Makefile:629: recipe for target 'all-recursive' failed
  >> 626    make: *** [all-recursive] Error 1

See build log for details:
  /lustre/ttscratch1/dantopa/spack/libraries/trinitite-standard.pmix/var/spack/stage/hwloc-2.0.2-nlvylts6t564nekxvdttpyraivcemhry/spack-build.out
spack install pmix @ 3.0.2 % gcc@6.3.0  arch=cray-cnl6-haswell  >> /lustre/ttscratch1/dantopa/repos/gitlab/pull-requests/libraries/results/install-log/trinitite-standard-pmix-install.log
==> Error: Conflicts in concretized spec "ucx@1.2.2%intel@19.0.1 arch=cray-cnl6-haswell/73ge7eb"
List of matching conflicts for spec:

    rdma-core@20%intel@19.0.1 build_type=RelWithDebInfo arch=cray-cnl6-haswell
        ^cmake@3.14.2%intel@19.0.1~doc+ncurses+openssl~ownlibs~qt arch=cray-cnl6-haswell
        ^libnl@3.3.0%intel@19.0.1 arch=cray-cnl6-haswell
            ^bison@3.0.5%intel@19.0.1 arch=cray-cnl6-haswell
            ^flex@2.6.4%intel@19.0.1+lex patches=09c22e5c6fef327d3e48eb23f0d610dcd3a35ab9207f12e0f875701c677978d3 arch=cray-cnl6-haswell
            ^m4@1.4.18%intel@19.0.1 patches=3877ab548f88597ab2327a2230ee048d2d07ace1062efe81fc92e91b7f39cd00,c0a408fbffb7255fcc75e26bd8edab116fc81d216bfd18b473668b7739a4158e,fc9b61654a3ba1a8d6cd78ce087e7c96366c290bc8d2c299f09828d793b853c8 +sigsegv arch=cray-cnl6-haswell
        ^pkg-config@0.29.2%intel@19.0.1+internal_glib arch=cray-cnl6-haswell

1. "%intel" conflicts with "rdma-core" [rdma-core cannot be built with intel (use gcc instead)]

spack install ucx @ 1.2.2 % intel@18.0.5  arch=cray-cnl6-haswell  >> /lustre/ttscratch1/dantopa/repos/gitlab/pull-requests/libraries/results/install-log/trinitite-standard-ucx-install.log
==> Error: Conflicts in concretized spec "ucx@1.2.2%intel@18.0.5 arch=cray-cnl6-haswell/6n5vnc3"
List of matching conflicts for spec:

    rdma-core@20%intel@18.0.5 build_type=RelWithDebInfo arch=cray-cnl6-haswell
        ^cmake@3.14.2%intel@18.0.5~doc+ncurses+openssl~ownlibs~qt arch=cray-cnl6-haswell
        ^libnl@3.3.0%intel@18.0.5 arch=cray-cnl6-haswell
            ^bison@3.0.5%intel@18.0.5 arch=cray-cnl6-haswell
            ^flex@2.6.4%intel@18.0.5+lex patches=09c22e5c6fef327d3e48eb23f0d610dcd3a35ab9207f12e0f875701c677978d3 arch=cray-cnl6-haswell
            ^m4@1.4.18%intel@18.0.5 patches=3877ab548f88597ab2327a2230ee048d2d07ace1062efe81fc92e91b7f39cd00,c0a408fbffb7255fcc75e26bd8edab116fc81d216bfd18b473668b7739a4158e,fc9b61654a3ba1a8d6cd78ce087e7c96366c290bc8d2c299f09828d793b853c8 +sigsegv arch=cray-cnl6-haswell
        ^pkg-config@0.29.2%intel@18.0.5+internal_glib arch=cray-cnl6-haswell

1. "%intel" conflicts with "rdma-core" [rdma-core cannot be built with intel (use gcc instead)]

spack clean -a
==> Error: ProcessError: Command exited with status 77:
    '/lustre/ttscratch1/dantopa/spack/libraries/trinitite-standard.pmix/var/spack/stage/libpciaccess-0.13.5-upvrvvm3axk2d2zhjvsyokb6xc6odss4/libpciaccess-0.13.5/configure' '--prefix=/lustre/ttscratch1/dantopa/spack/libraries/trinitite-standard.pmix/opt/spack/cray-cnl6-haswell/gcc-6.3.0/libpciaccess-0.13.5-upvrvvm3axk2d2zhjvsyokb6xc6odss4'

2 errors found in build log:
     7     checking for gawk... gawk
     8     checking whether make sets $(MAKE)... yes
     9     checking whether make supports nested variables... yes
     10    checking for style of include used by make... GNU
     11    checking for gcc... /lustre/ttscratch1/dantopa/spack/libraries/trini
           tite-standard.pmix/lib/spack/env/gcc/gcc
     12    checking whether the C compiler works... no
  >> 13    configure: error: in `/tmp/dantopa/spack-stage/spack-stage-hh6578/li
           bpciaccess-0.13.5':
  >> 14    configure: error: C compiler cannot create executables
     15    See `config.log' for more details

See build log for details:
  /lustre/ttscratch1/dantopa/spack/libraries/trinitite-standard.pmix/var/spack/stage/libpciaccess-0.13.5-upvrvvm3axk2d2zhjvsyokb6xc6odss4/spack-build.out
spack install pmix @ 3.0.2 % intel@19.0.1  arch=cray-cnl6-haswell  >> /lustre/ttscratch1/dantopa/repos/gitlab/pull-requests/libraries/results/install-log/trinitite-standard-pmix-install.log
==> Removing all temporary build stages
==> Removing cached downloads
==> Removing cached information on repositories
==> Removing python cache files
mkdir -p "${dir_results}/platform-order"
mkdir -p "${dir_results}/tpl-order"
mkdir -p "${dir_results}/graphs"
spack find ucx >> /lustre/ttscratch1/dantopa/repos/gitlab/pull-requests/libraries/results/platform-order/trinitite-standard-ucx.out
==> Error: cannot create lock '/users/dantopa/.spack/cache/tags/.builtin-index.json.lock': file does not exist and location is not writable
spack install pmix @ 3.0.2 % intel@18.0.5  arch=cray-cnl6-haswell  >> /lustre/ttscratch1/dantopa/repos/gitlab/pull-requests/libraries/results/install-log/trinitite-standard-pmix-install.log
spack find ucx >> /lustre/ttscratch1/dantopa/repos/gitlab/pull-requests/libraries/results/tpl-order/ucx-trinitite-standard.out
spack find -ldf ucx  >> /lustre/ttscratch1/dantopa/repos/gitlab/pull-requests/libraries/results/tpl-order/ucx-trinitite-standard-ldf.out
spack graph ucx >> /lustre/ttscratch1/dantopa/repos/gitlab/pull-requests/libraries/results/graphs/ucx-trinitite-standard-graph.out
spack compilers
==> Available compilers
-- cce cnl6-any -------------------------------------------------
cce@8.7.10
cce@8.7.9
cce@8.7.8

-- gcc cnl6-any -------------------------------------------------
gcc@8.3.0
gcc@8.2.0
gcc@7.3.0
gcc@6.3.0
gcc@6.1.0

-- gcc sles15-aarch64 -------------------------------------------
gcc@7.4.0

-- intel cnl6-any -----------------------------------------------
intel@19.0.1
intel@18.0.5
spack find ucx
==> No package matches the query: ucx
spack find -ldf ucx
==> No package matches the query: ucx
mv  /lustre/ttscratch1/dantopa/repos/gitlab/pull-requests/libraries/tools/bash/trinitite-standard-batch.out   /lustre/ttscratch1/dantopa/repos/gitlab/pull-requests/libraries/results/batch-out/trinitite-standard-ucx-2019-04-24-batch.out
cd /lustre/ttscratch1/dantopa/repos/gitlab/pull-requests/libraries
git add -A .
git commit -m "${USER} ${tpl} ${hpc} ${partition} ${ymd}"
[master 233e8e4] dantopa ucx trinitite standard 2019-04-24
 11 files changed, 2678 insertions(+), 784 deletions(-)
 create mode 100644 libraries/results/batch-out/trinitite-standard-ucx-2019-04-24-batch.out
 create mode 100644 libraries/results/command-log/trinitite-standard-libhio-command.log
 create mode 100644 libraries/results/command-log/trinitite-standard-pmix-command.log
 create mode 100644 libraries/results/graphs/ucx-trinitite-standard-graph.out
 create mode 100644 libraries/results/install-log/trinitite-standard-libhio-install.log
 rewrite libraries/results/install-log/trinitite-standard-pmix-install.log (68%)
 create mode 100644 libraries/results/platform-order/trinitite-standard-ucx.out
Wed Apr 24 21:07:15 MDT 2019
==> Error: ProcessError: Command exited with status 2:
    'make' '-j64'

17 errors found in build log:
     597    make[2]: Entering directory '/tmp/dantopa/spack-stage/spack-stage-F
            egoZ2/hwloc-2.0.2/utils/netloc/mpi'
     598      CC       netloc_rank_order.o
     599      CC       netloc_mpi_find_hosts-netloc_mpi_find_hosts.o
     600      CCLD     netloc_rank_order
     601      CCLD     netloc_mpi_find_hosts
     602    ld: netloc_mpi_find_hosts-netloc_mpi_find_hosts.o: in function `mai
            n':
  >> 603    /tmp/dantopa/spack-stage/spack-stage-FegoZ2/hwloc-2.0.2/utils/netlo
            c/mpi/netloc_mpi_find_hosts.c:40: undefined reference to `MPI_Init'
  >> 604    ld: /tmp/dantopa/spack-stage/spack-stage-FegoZ2/hwloc-2.0.2/utils/n
            etloc/mpi/netloc_mpi_find_hosts.c:42: undefined reference to `MPI_C
            omm_rank'
  >> 605    ld: /tmp/dantopa/spack-stage/spack-stage-FegoZ2/hwloc-2.0.2/utils/n
            etloc/mpi/netloc_mpi_find_hosts.c:43: undefined reference to `MPI_C
            omm_size'
  >> 606    ld: /tmp/dantopa/spack-stage/spack-stage-FegoZ2/hwloc-2.0.2/utils/n
            etloc/mpi/netloc_mpi_find_hosts.c:48: undefined reference to `MPI_A
            bort'
  >> 607    ld: /tmp/dantopa/spack-stage/spack-stage-FegoZ2/hwloc-2.0.2/utils/n
            etloc/mpi/netloc_mpi_find_hosts.c:57: undefined reference to `MPI_G
            et_processor_name'
  >> 608    ld: /tmp/dantopa/spack-stage/spack-stage-FegoZ2/hwloc-2.0.2/utils/n
            etloc/mpi/netloc_mpi_find_hosts.c:93: undefined reference to `MPI_R
            ecv'
  >> 609    ld: /tmp/dantopa/spack-stage/spack-stage-FegoZ2/hwloc-2.0.2/utils/n
            etloc/mpi/netloc_mpi_find_hosts.c:99: undefined reference to `MPI_R
            ecv'
  >> 610    ld: /tmp/dantopa/spack-stage/spack-stage-FegoZ2/hwloc-2.0.2/utils/n
            etloc/mpi/netloc_mpi_find_hosts.c:112: undefined reference to `MPI_
            Send'
  >> 611    ld: /tmp/dantopa/spack-stage/spack-stage-FegoZ2/hwloc-2.0.2/utils/n
            etloc/mpi/netloc_mpi_find_hosts.c:157: undefined reference to `MPI_
            Send'
  >> 612    ld: /tmp/dantopa/spack-stage/spack-stage-FegoZ2/hwloc-2.0.2/utils/n
            etloc/mpi/netloc_mpi_find_hosts.c:159: undefined reference to `MPI_
            Send'
  >> 613    ld: /tmp/dantopa/spack-stage/spack-stage-FegoZ2/hwloc-2.0.2/utils/n
            etloc/mpi/netloc_mpi_find_hosts.c:162: undefined reference to `MPI_
            Recv'
  >> 614    ld: /tmp/dantopa/spack-stage/spack-stage-FegoZ2/hwloc-2.0.2/utils/n
            etloc/mpi/netloc_mpi_find_hosts.c:223: undefined reference to `MPI_
            Finalize'
  >> 615    ld: /tmp/dantopa/spack-stage/spack-stage-FegoZ2/hwloc-2.0.2/utils/n
            etloc/mpi/netloc_mpi_find_hosts.c:116: undefined reference to `MPI_
            Send'
  >> 616    ld: /tmp/dantopa/spack-stage/spack-stage-FegoZ2/hwloc-2.0.2/utils/n
            etloc/mpi/netloc_mpi_find_hosts.c:65: undefined reference to `MPI_A
            bort'
     617    Makefile:516: recipe for target 'netloc_mpi_find_hosts' failed
  >> 618    make[2]: *** [netloc_mpi_find_hosts] Error 1
     619    make[2]: Leaving directory '/tmp/dantopa/spack-stage/spack-stage-Fe
            goZ2/hwloc-2.0.2/utils/netloc/mpi'
     620    Makefile:454: recipe for target 'all-recursive' failed
  >> 621    make[1]: *** [all-recursive] Error 1
     622    make[1]: Leaving directory '/tmp/dantopa/spack-stage/spack-stage-Fe
            goZ2/hwloc-2.0.2/utils'
     623    Makefile:629: recipe for target 'all-recursive' failed
  >> 624    make: *** [all-recursive] Error 1

See build log for details:
  /lustre/ttscratch1/dantopa/spack/libraries/trinitite-standard.pmix/var/spack/stage/hwloc-2.0.2-kqzvskcxsdtvqipxzrxuscxnnsvj3ycu/spack-build.out
spack install pmix @ 2.2.2 % cce@8.7.9  arch=cray-cnl6-haswell  >> /lustre/ttscratch1/dantopa/repos/gitlab/pull-requests/libraries/results/install-log/trinitite-standard-pmix-install.log
==> Error: ProcessError: Command exited with status 2:
    'make' '-j64'

61 errors found in build log:
     2772    CC-2103 craycc: WARNING in command line
     2773      The -Wstrict-aliasing option is not supported or invalid and wil
             l be ignored.
     2774    CC-571 craycc: ERROR
     2775      An invalid option "no-strict-aliasing" appears on the command li
             ne.
     2776    
     2777    Makefile:1705: recipe for target 'sample/http-connect.o' failed
  >> 2778    make[1]: *** [sample/http-connect.o] Error 1
     2779    make[1]: *** Waiting for unfinished jobs....
     2780    CC-571 craycc: ERROR
     2781      An invalid option "no-strict-aliasing" appears on the command li
             ne.
     2782    
     2783    Makefile:1705: recipe for target 'sample/http-server.o' failed
  >> 2784    make[1]: *** [sample/http-server.o] Error 1
     2785    CC-571 craycc: ERROR
     2786      An invalid option "no-strict-aliasing" appears on the command li
             ne.
     2787    
     2788    Makefile:1705: recipe for target 'sample/hostcheck.o' failed
  >> 2789    make[1]: *** [sample/hostcheck.o] Error 1
     2790    CC-571 craycc: ERROR
     2791      An invalid option "no-strict-aliasing" appears on the command li
             ne.
     2792    
     2793    Makefile:1705: recipe for target 'test/test-eof.o' failed
  >> 2794    make[1]: *** [test/test-eof.o] Error 1
     2795    CC-571 craycc: ERROR
     2796      An invalid option "no-strict-aliasing" appears on the command li
             ne.
     2797    
     2798    Makefile:1705: recipe for target 'test/test-time.o' failed
  >> 2799    make[1]: *** [test/test-time.o] Error 1
     2800    CC-571 craycc: ERROR
     2801      An invalid option "no-strict-aliasing" appears on the command li
             ne.
     2802    
     2803    Makefile:1791: recipe for target 'test/test_regress-regress_dns.o'
              failed
  >> 2804    make[1]: *** [test/test_regress-regress_dns.o] Error 1
     2805    CC-571 craycc: ERROR
     2806      An invalid option "no-strict-aliasing" appears on the command li
             ne.
     2807    
     2808    CC-571 craycc: ERROR
     2809      An invalid option "no-strict-aliasing" appears on the command li
             ne.
     2810    
     2811    Makefile:1705: recipe for target 'sample/dns-example.o' failed
  >> 2812    make[1]: *** [sample/dns-example.o] Error 1
     2813    Makefile:1705: recipe for target 'test/test-fdleak.o' failed
  >> 2814    make[1]: *** [test/test-fdleak.o] Error 1
     2815    CC-571 craycc: ERROR
     2816      An invalid option "no-strict-aliasing" appears on the command li
             ne.
     2817    
     2818    Makefile:1705: recipe for target 'test/test-changelist.o' failed
  >> 2819    make[1]: *** [test/test-changelist.o] Error 1
     2820    CC-571 craycc: ERROR
     2821      An invalid option "no-strict-aliasing" appears on the command li
             ne.
     2822    
     2823    Makefile:1705: recipe for target 'test/test-dumpevents.o' failed
  >> 2824    make[1]: *** [test/test-dumpevents.o] Error 1
     2825    CC-571 craycc: ERROR
     2826      An invalid option "no-strict-aliasing" appears on the command li
             ne.
     2827    
     2828    Makefile:1705: recipe for target 'sample/time-test.o' failed
  >> 2829    make[1]: *** [sample/time-test.o] Error 1
     2830    CC-571 craycc: ERROR
     2831      An invalid option "no-strict-aliasing" appears on the command li
             ne.
     2832    
     2833    CC-571 craycc: ERROR
     2834      An invalid option "no-strict-aliasing" appears on the command li
             ne.
     2835    
     2836    CC-571 craycc: ERROR
     2837      An invalid option "no-strict-aliasing" appears on the command li
             ne.
     2838    
     2839    Makefile:1705: recipe for target 'sample/hello-world.o' failed
  >> 2840    make[1]: *** [sample/hello-world.o] Error 1
     2841    Makefile:1805: recipe for target 'test/test_regress-regress_et.o' 
             failed
  >> 2842    make[1]: *** [test/test_regress-regress_et.o] Error 1
     2843    Makefile:1705: recipe for target 'sample/https-client.o' failed
  >> 2844    make[1]: *** [sample/https-client.o] Error 1
     2845    CC-571 craycc: ERROR
     2846      An invalid option "no-strict-aliasing" appears on the command li
             ne.
     2847    
     2848    Makefile:1705: recipe for target 'sample/le-proxy.o' failed
  >> 2849    make[1]: *** [sample/le-proxy.o] Error 1
     2850    CC-571 craycc: ERROR
     2851      An invalid option "no-strict-aliasing" appears on the command li
             ne.
     2852    
     2853    CC-571 craycc: ERROR
     2854      An invalid option "no-strict-aliasing" appears on the command li
             ne.
     2855    
     2856    Makefile:1705: recipe for target 'test/test-weof.o' failed
  >> 2857    make[1]: *** [test/test-weof.o] Error 1
     2858    CC-571 craycc: ERROR
     2859      An invalid option "no-strict-aliasing" appears on the command li
             ne.
     2860    
     2861    Makefile:1705: recipe for target 'sample/event-read-fifo.o' failed
  >> 2862    make[1]: *** [sample/event-read-fifo.o] Error 1
     2863    Makefile:1705: recipe for target 'test/test-init.o' failed
  >> 2864    make[1]: *** [test/test-init.o] Error 1
     2865    CC-571 craycc: ERROR
     2866      An invalid option "no-strict-aliasing" appears on the command li
             ne.
     2867    
     2868    CC-571 craycc: ERROR
     2869      An invalid option "no-strict-aliasing" appears on the command li
             ne.
     2870    
     2871    Makefile:1705: recipe for target 'test/bench_cascade.o' failed
  >> 2872    make[1]: *** [test/bench_cascade.o] Error 1
     2873    Makefile:1705: recipe for target 'test/bench_httpclient.o' failed
  >> 2874    make[1]: *** [test/bench_httpclient.o] Error 1
     2875    CC-571 craycc: ERROR
     2876      An invalid option "no-strict-aliasing" appears on the command li
             ne.
     2877    
     2878    CC-571 craycc: ERROR
     2879      An invalid option "no-strict-aliasing" appears on the command li
             ne.
     2880    

     ...

     2885      An invalid option "no-strict-aliasing" appears on the command li
             ne.
     2886    
     2887    CC-571 craycc: ERROR
     2888      An invalid option "no-strict-aliasing" appears on the command li
             ne.
     2889    
     2890    Makefile:1705: recipe for target 'test/bench.o' failed
  >> 2891    make[1]: *** [test/bench.o] Error 1
     2892    Makefile:1705: recipe for target 'sample/openssl_hostname_validati
             on.o' failed
  >> 2893    make[1]: *** [sample/openssl_hostname_validation.o] Error 1
     2894    Makefile:1705: recipe for target 'test/bench_http.o' failed
  >> 2895    make[1]: *** [test/bench_http.o] Error 1
     2896    Makefile:1705: recipe for target 'test/test-ratelim.o' failed
  >> 2897    make[1]: *** [test/test-ratelim.o] Error 1
     2898    Makefile:1819: recipe for target 'test/test_regress-regress_finali
             ze.o' failed
  >> 2899    make[1]: *** [test/test_regress-regress_finalize.o] Error 1
     2900    CC-571 craycc: ERROR
     2901      An invalid option "no-strict-aliasing" appears on the command li
             ne.
     2902    
     2903    CC-571 craycc: ERROR
     2904      An invalid option "no-strict-aliasing" appears on the command li
             ne.
     2905    
     2906    CC-571 craycc: ERROR
     2907      An invalid option "no-strict-aliasing" appears on the command li
             ne.
     2908    
     2909    Makefile:1705: recipe for target 'sample/signal-test.o' failed
  >> 2910    make[1]: *** [sample/signal-test.o] Error 1
     2911    CC-571 craycc: ERROR
     2912      An invalid option "no-strict-aliasing" appears on the command li
             ne.
     2913    
     2914    Makefile:1749: recipe for target 'test/test_regress-regress.gen.o'
              failed
  >> 2915    make[1]: *** [test/test_regress-regress.gen.o] Error 1
     2916    Makefile:1705: recipe for target 'test/test-closed.o' failed
  >> 2917    make[1]: *** [test/test-closed.o] Error 1
     2918    Makefile:1763: recipe for target 'test/test_regress-regress_buffer
             .o' failed
  >> 2919    make[1]: *** [test/test_regress-regress_buffer.o] Error 1
     2920    CC-571 craycc: ERROR
     2921      An invalid option "no-strict-aliasing" appears on the command li
             ne.
     2922    
     2923    CC-571 craycc: ERROR
     2924      An invalid option "no-strict-aliasing" appears on the command li
             ne.
     2925    
     2926    CC-571 craycc: ERROR
     2927      An invalid option "no-strict-aliasing" appears on the command li
             ne.
     2928    
     2929    Makefile:1833: recipe for target 'test/test_regress-regress_http.o
             ' failed
  >> 2930    make[1]: *** [test/test_regress-regress_http.o] Error 1
     2931    CC-571 craycc: ERROR
     2932      An invalid option "no-strict-aliasing" appears on the command li
             ne.
     2933    
     2934    Makefile:1931: recipe for target 'test/test_regress-tinytest.o' fa
             iled
  >> 2935    make[1]: *** [test/test_regress-tinytest.o] Error 1
     2936    CC-571 craycc: ERROR
     2937      An invalid option "no-strict-aliasing" appears on the command li
             ne.
     2938    
     2939    Makefile:1917: recipe for target 'test/test_regress-regress_util.o
             ' failed
  >> 2940    make[1]: *** [test/test_regress-regress_util.o] Error 1
     2941    Makefile:1875: recipe for target 'test/test_regress-regress_minhea
             p.o' failed
  >> 2942    make[1]: *** [test/test_regress-regress_minheap.o] Error 1
     2943    Makefile:1735: recipe for target 'test/test_regress-regress.o' fai
             led
  >> 2944    make[1]: *** [test/test_regress-regress.o] Error 1
     2945    CC-571 craycc: ERROR
     2946      An invalid option "no-strict-aliasing" appears on the command li
             ne.
     2947    
     2948    CC-571 craycc: ERROR
     2949      An invalid option "no-strict-aliasing" appears on the command li
             ne.
     2950    
     2951    CC-571 craycc: ERROR
     2952      An invalid option "no-strict-aliasing" appears on the command li
             ne.
     2953    
     2954    Makefile:1777: recipe for target 'test/test_regress-regress_buffer
             event.o' failed
  >> 2955    make[1]: *** [test/test_regress-regress_bufferevent.o] Error 1
     2956    CC-571 craycc: ERROR
     2957      An invalid option "no-strict-aliasing" appears on the command li
             ne.
     2958    
     2959    Makefile:1987: recipe for target 'test/test_regress-regress_ssl.o'
              failed
  >> 2960    make[1]: *** [test/test_regress-regress_ssl.o] Error 1
     2961    Makefile:1889: recipe for target 'test/test_regress-regress_rpc.o'
              failed
  >> 2962    make[1]: *** [test/test_regress-regress_rpc.o] Error 1
     2963    CC-571 craycc: ERROR
     2964      An invalid option "no-strict-aliasing" appears on the command li
             ne.
     2965    
     2966    Makefile:1847: recipe for target 'test/test_regress-regress_listen
             er.o' failed
  >> 2967    make[1]: *** [test/test_regress-regress_listener.o] Error 1
     2968    CC-571 craycc: ERROR
     2969      An invalid option "no-strict-aliasing" appears on the command li
             ne.
     2970    
     2971    Makefile:1861: recipe for target 'test/test_regress-regress_main.o
             ' failed
  >> 2972    make[1]: *** [test/test_regress-regress_main.o] Error 1
     2973    Makefile:1903: recipe for target 'test/test_regress-regress_testut
             ils.o' failed
  >> 2974    make[1]: *** [test/test_regress-regress_testutils.o] Error 1
     2975    CC-571 craycc: ERROR
     2976      An invalid option "no-strict-aliasing" appears on the command li
             ne.
     2977    
     2978    CC-571 craycc: ERROR
     2979      An invalid option "no-strict-aliasing" appears on the command li
             ne.
     2980    

     ...

     2985      An invalid option "no-strict-aliasing" appears on the command li
             ne.
     2986    
     2987    CC-571 craycc: ERROR
     2988      An invalid option "no-strict-aliasing" appears on the command li
             ne.
     2989    
     2990    Makefile:1721: recipe for target 'buffer.lo' failed
  >> 2991    make[1]: *** [buffer.lo] Error 1
     2992    CC-571 craycc: ERROR
     2993      An invalid option "no-strict-aliasing" appears on the command li
             ne.
     2994    
     2995    CC-571 craycc: ERROR
     2996      An invalid option "no-strict-aliasing" appears on the command li
             ne.
     2997    
     2998    Makefile:1721: recipe for target 'evdns.lo' failed
  >> 2999    make[1]: *** [evdns.lo] Error 1
     3000    CC-571 craycc: ERROR
     3001      An invalid option "no-strict-aliasing" appears on the command li
             ne.
     3002    
     3003    Makefile:1721: recipe for target 'bufferevent_sock.lo' failed
  >> 3004    make[1]: *** [bufferevent_sock.lo] Error 1
     3005    CC-571 craycc: ERROR
     3006      An invalid option "no-strict-aliasing" appears on the command li
             ne.
     3007    
     3008    CC-571 craycc: ERROR
     3009      An invalid option "no-strict-aliasing" appears on the command li
             ne.
     3010    

     ...

     3036      An invalid option "no-strict-aliasing" appears on the command li
             ne.
     3037    
     3038    CC-571 craycc: ERROR
     3039      An invalid option "no-strict-aliasing" appears on the command li
             ne.
     3040    
     3041    Makefile:1721: recipe for target 'event.lo' failed
  >> 3042    make[1]: *** [event.lo] Error 1
     3043    Makefile:1721: recipe for target 'evutil_time.lo' failed
  >> 3044    make[1]: *** [evutil_time.lo] Error 1
     3045    Makefile:1721: recipe for target 'listener.lo' failed
  >> 3046    make[1]: *** [listener.lo] Error 1
     3047    Makefile:1721: recipe for target 'evutil_rand.lo' failed
  >> 3048    make[1]: *** [evutil_rand.lo] Error 1
     3049    Makefile:1721: recipe for target 'http.lo' failed
  >> 3050    make[1]: *** [http.lo] Error 1
     3051    Makefile:1721: recipe for target 'bufferevent_filter.lo' failed
  >> 3052    make[1]: *** [bufferevent_filter.lo] Error 1
     3053    Makefile:1728: recipe for target 'libevent_openssl_la-bufferevent_
             openssl.lo' failed
  >> 3054    make[1]: *** [libevent_openssl_la-bufferevent_openssl.lo] Error 1
     3055    Makefile:1721: recipe for target 'evmap.lo' failed
  >> 3056    make[1]: *** [evmap.lo] Error 1
     3057    Makefile:1721: recipe for target 'event_tagging.lo' failed
  >> 3058    make[1]: *** [event_tagging.lo] Error 1
     3059    Makefile:1721: recipe for target 'evthread.lo' failed
  >> 3060    make[1]: *** [evthread.lo] Error 1
     3061    Makefile:1721: recipe for target 'bufferevent_pair.lo' failed
  >> 3062    make[1]: *** [bufferevent_pair.lo] Error 1
     3063    Makefile:1721: recipe for target 'evutil.lo' failed
  >> 3064    make[1]: *** [evutil.lo] Error 1
     3065    Makefile:1721: recipe for target 'evrpc.lo' failed
  >> 3066    make[1]: *** [evrpc.lo] Error 1
     3067    Makefile:1721: recipe for target 'bufferevent.lo' failed
  >> 3068    make[1]: *** [bufferevent.lo] Error 1
     3069    Makefile:1721: recipe for target 'strlcpy.lo' failed
  >> 3070    make[1]: *** [strlcpy.lo] Error 1
     3071    Makefile:1721: recipe for target 'bufferevent_ratelim.lo' failed
  >> 3072    make[1]: *** [bufferevent_ratelim.lo] Error 1
     3073    Makefile:1721: recipe for target 'log.lo' failed
  >> 3074    make[1]: *** [log.lo] Error 1
     3075    make[1]: Leaving directory '/tmp/dantopa/spack-stage/spack-stage-J
             pwgNx/libevent-2.1.8-stable'
     3076    Makefile:1248: recipe for target 'all' failed
  >> 3077    make: *** [all] Error 2

See build log for details:
  /lustre/ttscratch1/dantopa/spack/libraries/trinitite-standard.pmix/var/spack/stage/libevent-2.1.8-reuykx4zvc4ysexguy3yjtjud3pah5ye/spack-build.out
spack install pmix @ 2.2.2 % cce@8.7.8  arch=cray-cnl6-haswell  >> /lustre/ttscratch1/dantopa/repos/gitlab/pull-requests/libraries/results/install-log/trinitite-standard-pmix-install.log
==> Error: ProcessError: Command exited with status 2:
    'make' '-j64'

50 errors found in build log:
     2343    CC-2103 craycc: WARNING in command line
     2344      The -Wstrict-aliasing option is not supported or invalid and wil
             l be ignored.
     2345    CC-571 craycc: ERROR
     2346      An invalid option "no-strict-aliasing" appears on the command li
             ne.
     2347    
     2348    Makefile:1705: recipe for target 'test/bench.o' failed
  >> 2349    make[1]: *** [test/bench.o] Error 1
     2350    make[1]: *** Waiting for unfinished jobs....
     2351    CC-571 craycc: ERROR
     2352      An invalid option "no-strict-aliasing" appears on the command li
             ne.
     2353    
     2354    CC-571 craycc: ERROR
     2355      An invalid option "no-strict-aliasing" appears on the command li
             ne.
     2356    
     2357    Makefile:1705: recipe for target 'test/bench_httpclient.o' failed
  >> 2358    make[1]: *** [test/bench_httpclient.o] Error 1
     2359    Makefile:1705: recipe for target 'test/bench_cascade.o' failed
  >> 2360    make[1]: *** [test/bench_cascade.o] Error 1
     2361    CC-571 craycc: ERROR
     2362      An invalid option "no-strict-aliasing" appears on the command li
             ne.
     2363    
     2364    Makefile:1705: recipe for target 'test/test-fdleak.o' failed
  >> 2365    make[1]: *** [test/test-fdleak.o] Error 1
     2366    CC-571 craycc: ERROR
     2367      An invalid option "no-strict-aliasing" appears on the command li
             ne.
     2368    
     2369    Makefile:1705: recipe for target 'test/test-time.o' failed
  >> 2370    make[1]: *** [test/test-time.o] Error 1
     2371    CC-571 craycc: ERROR
     2372      An invalid option "no-strict-aliasing" appears on the command li
             ne.
     2373    
     2374    Makefile:1705: recipe for target 'test/test-eof.o' failed
  >> 2375    make[1]: *** [test/test-eof.o] Error 1
     2376    CC-571 craycc: ERROR
     2377      An invalid option "no-strict-aliasing" appears on the command li
             ne.
     2378    
     2379    Makefile:1705: recipe for target 'test/bench_http.o' failed
  >> 2380    make[1]: *** [test/bench_http.o] Error 1
     2381    CC-571 craycc: ERROR
     2382      An invalid option "no-strict-aliasing" appears on the command li
             ne.
     2383    
     2384    CC-571 craycc: ERROR
     2385      An invalid option "no-strict-aliasing" appears on the command li
             ne.
     2386    
     2387    Makefile:1705: recipe for target 'test/test-changelist.o' failed
  >> 2388    make[1]: *** [test/test-changelist.o] Error 1
     2389    Makefile:1705: recipe for target 'test/test-dumpevents.o' failed
  >> 2390    make[1]: *** [test/test-dumpevents.o] Error 1
     2391    CC-571 craycc: ERROR
     2392      An invalid option "no-strict-aliasing" appears on the command li
             ne.
     2393    
     2394    CC-571 craycc: ERROR
     2395      An invalid option "no-strict-aliasing" appears on the command li
             ne.
     2396    
     2397    Makefile:1705: recipe for target 'test/test-ratelim.o' failed
  >> 2398    make[1]: *** [test/test-ratelim.o] Error 1
     2399    Makefile:1791: recipe for target 'test/test_regress-regress_dns.o'
              failed
  >> 2400    make[1]: *** [test/test_regress-regress_dns.o] Error 1
     2401    CC-571 craycc: ERROR
     2402      An invalid option "no-strict-aliasing" appears on the command li
             ne.
     2403    
     2404    CC-571 craycc: ERROR
     2405      An invalid option "no-strict-aliasing" appears on the command li
             ne.
     2406    
     2407    CC-571 craycc: ERROR
     2408      An invalid option "no-strict-aliasing" appears on the command li
             ne.
     2409    
     2410    Makefile:1705: recipe for target 'test/test-init.o' failed
  >> 2411    make[1]: *** [test/test-init.o] Error 1
     2412    Makefile:1763: recipe for target 'test/test_regress-regress_buffer
             .o' failed
  >> 2413    make[1]: *** [test/test_regress-regress_buffer.o] Error 1
     2414    Makefile:1777: recipe for target 'test/test_regress-regress_buffer
             event.o' failed
  >> 2415    make[1]: *** [test/test_regress-regress_bufferevent.o] Error 1
     2416    CC-571 craycc: ERROR
     2417      An invalid option "no-strict-aliasing" appears on the command li
             ne.
     2418    
     2419    CC-571 craycc: ERROR
     2420      An invalid option "no-strict-aliasing" appears on the command li
             ne.
     2421    
     2422    CC-571 craycc: ERROR
     2423      An invalid option "no-strict-aliasing" appears on the command li
             ne.
     2424    
     2425    Makefile:1705: recipe for target 'test/test-closed.o' failed
  >> 2426    make[1]: *** [test/test-closed.o] Error 1
     2427    Makefile:1833: recipe for target 'test/test_regress-regress_http.o
             ' failed
  >> 2428    make[1]: *** [test/test_regress-regress_http.o] Error 1
     2429    Makefile:1735: recipe for target 'test/test_regress-regress.o' fai
             led
  >> 2430    make[1]: *** [test/test_regress-regress.o] Error 1
     2431    CC-571 craycc: ERROR
     2432      An invalid option "no-strict-aliasing" appears on the command li
             ne.
     2433    
     2434    CC-571 craycc: ERROR
     2435      An invalid option "no-strict-aliasing" appears on the command li
             ne.
     2436    
     2437    Makefile:1705: recipe for target 'test/test-weof.o' failed
  >> 2438    make[1]: *** [test/test-weof.o] Error 1
     2439    Makefile:1749: recipe for target 'test/test_regress-regress.gen.o'
              failed
  >> 2440    make[1]: *** [test/test_regress-regress.gen.o] Error 1
     2441    CC-571 craycc: ERROR
     2442      An invalid option "no-strict-aliasing" appears on the command li
             ne.
     2443    
     2444    Makefile:1903: recipe for target 'test/test_regress-regress_testut
             ils.o' failed
  >> 2445    make[1]: *** [test/test_regress-regress_testutils.o] Error 1
     2446    CC-571 craycc: ERROR
     2447      An invalid option "no-strict-aliasing" appears on the command li
             ne.
     2448    
     2449    CC-571 craycc: ERROR
     2450      An invalid option "no-strict-aliasing" appears on the command li
             ne.
     2451    

     ...

     2453      An invalid option "no-strict-aliasing" appears on the command li
             ne.
     2454    
     2455    CC-571 craycc: ERROR
     2456      An invalid option "no-strict-aliasing" appears on the command li
             ne.
     2457    
     2458    Makefile:1917: recipe for target 'test/test_regress-regress_util.o
             ' failed
  >> 2459    make[1]: *** [test/test_regress-regress_util.o] Error 1
     2460    Makefile:1819: recipe for target 'test/test_regress-regress_finali
             ze.o' failed
  >> 2461    make[1]: *** [test/test_regress-regress_finalize.o] Error 1
     2462    Makefile:1861: recipe for target 'test/test_regress-regress_main.o
             ' failed
  >> 2463    make[1]: *** [test/test_regress-regress_main.o] Error 1
     2464    Makefile:1875: recipe for target 'test/test_regress-regress_minhea
             p.o' failed
  >> 2465    make[1]: *** [test/test_regress-regress_minheap.o] Error 1
     2466    CC-571 craycc: ERROR
     2467      An invalid option "no-strict-aliasing" appears on the command li
             ne.
     2468    
     2469    CC-571 craycc: ERROR
     2470      An invalid option "no-strict-aliasing" appears on the command li
             ne.
     2471    

     ...

     2476      An invalid option "no-strict-aliasing" appears on the command li
             ne.
     2477    
     2478    CC-571 craycc: ERROR
     2479      An invalid option "no-strict-aliasing" appears on the command li
             ne.
     2480    
     2481    Makefile:1987: recipe for target 'test/test_regress-regress_ssl.o'
              failed
  >> 2482    make[1]: *** [test/test_regress-regress_ssl.o] Error 1
     2483    Makefile:1847: recipe for target 'test/test_regress-regress_listen
             er.o' failed
  >> 2484    make[1]: *** [test/test_regress-regress_listener.o] Error 1
     2485    Makefile:1931: recipe for target 'test/test_regress-tinytest.o' fa
             iled
  >> 2486    make[1]: *** [test/test_regress-tinytest.o] Error 1
     2487    Makefile:1805: recipe for target 'test/test_regress-regress_et.o' 
             failed
  >> 2488    make[1]: *** [test/test_regress-regress_et.o] Error 1
     2489    Makefile:1889: recipe for target 'test/test_regress-regress_rpc.o'
              failed
  >> 2490    make[1]: *** [test/test_regress-regress_rpc.o] Error 1
     2491    CC-571 craycc: ERROR
     2492      An invalid option "no-strict-aliasing" appears on the command li
             ne.
     2493    
     2494    CC-571 craycc: ERROR
     2495      An invalid option "no-strict-aliasing" appears on the command li
             ne.
     2496    

     ...

     2498      An invalid option "no-strict-aliasing" appears on the command li
             ne.
     2499    
     2500    CC-571 craycc: ERROR
     2501      An invalid option "no-strict-aliasing" appears on the command li
             ne.
     2502    
     2503    Makefile:1721: recipe for target 'bufferevent_ratelim.lo' failed
  >> 2504    make[1]: *** [bufferevent_ratelim.lo] Error 1
     2505    Makefile:1721: recipe for target 'bufferevent_sock.lo' failed
  >> 2506    make[1]: *** [bufferevent_sock.lo] Error 1
     2507    CC-571 craycc: ERROR
     2508      An invalid option "no-strict-aliasing" appears on the command li
             ne.
     2509    
     2510    CC-571 craycc: ERROR
     2511      An invalid option "no-strict-aliasing" appears on the command li
             ne.
     2512    

     ...

     2517      An invalid option "no-strict-aliasing" appears on the command li
             ne.
     2518    
     2519    CC-571 craycc: ERROR
     2520      An invalid option "no-strict-aliasing" appears on the command li
             ne.
     2521    
     2522    Makefile:1721: recipe for target 'evrpc.lo' failed
  >> 2523    make[1]: *** [evrpc.lo] Error 1
     2524    Makefile:1721: recipe for target 'evutil.lo' failed
  >> 2525    make[1]: *** [evutil.lo] Error 1
     2526    CC-571 craycc: ERROR
     2527      An invalid option "no-strict-aliasing" appears on the command li
             ne.
     2528    
     2529    CC-571 craycc: ERROR
     2530      An invalid option "no-strict-aliasing" appears on the command li
             ne.
     2531    

     ...

     2542      An invalid option "no-strict-aliasing" appears on the command li
             ne.
     2543    
     2544    CC-571 craycc: ERROR
     2545      An invalid option "no-strict-aliasing" appears on the command li
             ne.
     2546    
     2547    Makefile:1721: recipe for target 'bufferevent_pair.lo' failed
  >> 2548    make[1]: *** [bufferevent_pair.lo] Error 1
     2549    CC-571 craycc: ERROR
     2550      An invalid option "no-strict-aliasing" appears on the command li
             ne.
     2551    
     2552    CC-571 craycc: ERROR
     2553      An invalid option "no-strict-aliasing" appears on the command li
             ne.
     2554    
     2555    CC-571 craycc: ERROR
     2556      An invalid option "no-strict-aliasing" appears on the command li
             ne.
     2557    
     2558    Makefile:1721: recipe for target 'http.lo' failed
  >> 2559    make[1]: *** [http.lo] Error 1
     2560    CC-571 craycc: ERROR
     2561      An invalid option "no-strict-aliasing" appears on the command li
             ne.
     2562    
     2563    Makefile:1721: recipe for target 'bufferevent_filter.lo' failed
  >> 2564    make[1]: *** [bufferevent_filter.lo] Error 1
     2565    Makefile:1728: recipe for target 'libevent_openssl_la-bufferevent_
             openssl.lo' failed
  >> 2566    make[1]: *** [libevent_openssl_la-bufferevent_openssl.lo] Error 1
     2567    Makefile:1721: recipe for target 'log.lo' failed
  >> 2568    make[1]: *** [log.lo] Error 1
     2569    Makefile:1721: recipe for target 'buffer.lo' failed
  >> 2570    make[1]: *** [buffer.lo] Error 1
     2571    Makefile:1721: recipe for target 'event.lo' failed
  >> 2572    make[1]: *** [event.lo] Error 1
     2573    Makefile:1721: recipe for target 'bufferevent.lo' failed
  >> 2574    make[1]: *** [bufferevent.lo] Error 1
     2575    Makefile:1721: recipe for target 'strlcpy.lo' failed
  >> 2576    make[1]: *** [strlcpy.lo] Error 1
     2577    Makefile:1721: recipe for target 'evthread.lo' failed
  >> 2578    make[1]: *** [evthread.lo] Error 1
     2579    Makefile:1721: recipe for target 'evmap.lo' failed
  >> 2580    make[1]: *** [evmap.lo] Error 1
     2581    Makefile:1721: recipe for target 'listener.lo' failed
  >> 2582    make[1]: *** [listener.lo] Error 1
     2583    Makefile:1721: recipe for target 'event_tagging.lo' failed
  >> 2584    make[1]: *** [event_tagging.lo] Error 1
     2585    Makefile:1721: recipe for target 'evdns.lo' failed
  >> 2586    make[1]: *** [evdns.lo] Error 1
     2587    Makefile:1721: recipe for target 'evutil_rand.lo' failed
  >> 2588    make[1]: *** [evutil_rand.lo] Error 1
     2589    Makefile:1721: recipe for target 'evutil_time.lo' failed
  >> 2590    make[1]: *** [evutil_time.lo] Error 1
     2591    make[1]: Leaving directory '/tmp/dantopa/spack-stage/spack-stage-a
             6NQxv/libevent-2.1.8-stable'
     2592    Makefile:1248: recipe for target 'all' failed
  >> 2593    make: *** [all] Error 2

See build log for details:
  /lustre/ttscratch1/dantopa/spack/libraries/trinitite-standard.pmix/var/spack/stage/libevent-2.1.8-hxprd7x4ycbevu76bevke4yldq6hnl4o/spack-build.out
spack install pmix @ 2.2.2 % gcc@8.2.0  arch=cray-cnl6-haswell  >> /lustre/ttscratch1/dantopa/repos/gitlab/pull-requests/libraries/results/install-log/trinitite-standard-pmix-install.log
spack install pmix @ 2.2.2 % gcc@7.3.0  arch=cray-cnl6-haswell  >> /lustre/ttscratch1/dantopa/repos/gitlab/pull-requests/libraries/results/install-log/trinitite-standard-pmix-install.log
spack install pmix @ 2.2.2 % gcc@6.3.0  arch=cray-cnl6-haswell  >> /lustre/ttscratch1/dantopa/repos/gitlab/pull-requests/libraries/results/install-log/trinitite-standard-pmix-install.log
==> Error: ProcessError: Command exited with status 77:
    '/lustre/ttscratch1/dantopa/spack/libraries/trinitite-standard.pmix/var/spack/stage/libevent-2.1.8-lterkh2ho2ypjx5qhxnfvaso5uwyfcel/libevent-2.1.8-stable/configure' '--prefix=/lustre/ttscratch1/dantopa/spack/libraries/trinitite-standard.pmix/opt/spack/cray-cnl6-haswell/gcc-6.3.0/libevent-2.1.8-lterkh2ho2ypjx5qhxnfvaso5uwyfcel' '--enable-openssl'

2 errors found in build log:
     8     checking whether make sets $(MAKE)... yes
     9     checking whether make supports nested variables... yes
     10    checking whether make supports nested variables... (cached) yes
     11    checking for style of include used by make... GNU
     12    checking for gcc... /lustre/ttscratch1/dantopa/spack/libraries/trini
           tite-standard.pmix/lib/spack/env/gcc/gcc
     13    checking whether the C compiler works... no
  >> 14    configure: error: in `/tmp/dantopa/spack-stage/spack-stage-nxAjNo/li
           bevent-2.1.8-stable':
  >> 15    configure: error: C compiler cannot create executables
     16    See `config.log' for more details

See build log for details:
  /lustre/ttscratch1/dantopa/spack/libraries/trinitite-standard.pmix/var/spack/stage/libevent-2.1.8-lterkh2ho2ypjx5qhxnfvaso5uwyfcel/spack-build.out
spack install pmix @ 2.2.2 % intel@19.0.1  arch=cray-cnl6-haswell  >> /lustre/ttscratch1/dantopa/repos/gitlab/pull-requests/libraries/results/install-log/trinitite-standard-pmix-install.log
==> Error: sequence item 2: expected string, NoneType found
spack install pmix @ 2.2.2 % intel@18.0.5  arch=cray-cnl6-haswell  >> /lustre/ttscratch1/dantopa/repos/gitlab/pull-requests/libraries/results/install-log/trinitite-standard-pmix-install.log
spack install pmix @ 2.1.4 % cce@8.7.9  arch=cray-cnl6-haswell  >> /lustre/ttscratch1/dantopa/repos/gitlab/pull-requests/libraries/results/install-log/trinitite-standard-pmix-install.log
==> Error: ProcessError: Command exited with status 2:
    'make' '-j64'

61 errors found in build log:
     2775      An invalid option "no-strict-aliasing" appears on the command li
             ne.
     2776    
     2777    CC-571 craycc: ERROR
     2778      An invalid option "no-strict-aliasing" appears on the command li
             ne.
     2779    
     2780    Makefile:1705: recipe for target 'test/bench_http.o' failed
  >> 2781    make[1]: *** [test/bench_http.o] Error 1
     2782    make[1]: *** Waiting for unfinished jobs....
     2783    Makefile:1705: recipe for target 'sample/hello-world.o' failed
  >> 2784    make[1]: *** [sample/hello-world.o] Error 1
     2785    CC-571 craycc: ERROR
     2786      An invalid option "no-strict-aliasing" appears on the command li
             ne.
     2787    
     2788    Makefile:1705: recipe for target 'test/bench_cascade.o' failed
  >> 2789    make[1]: *** [test/bench_cascade.o] Error 1
     2790    CC-571 craycc: ERROR
     2791      An invalid option "no-strict-aliasing" appears on the command li
             ne.
     2792    
     2793    Makefile:1705: recipe for target 'sample/le-proxy.o' failed
  >> 2794    make[1]: *** [sample/le-proxy.o] Error 1
     2795    CC-571 craycc: ERROR
     2796      An invalid option "no-strict-aliasing" appears on the command li
             ne.
     2797    
     2798    Makefile:1705: recipe for target 'sample/hostcheck.o' failed
  >> 2799    make[1]: *** [sample/hostcheck.o] Error 1
     2800    CC-571 craycc: ERROR
     2801      An invalid option "no-strict-aliasing" appears on the command li
             ne.
     2802    
     2803    Makefile:1705: recipe for target 'sample/http-connect.o' failed
  >> 2804    make[1]: *** [sample/http-connect.o] Error 1
     2805    CC-571 craycc: ERROR
     2806      An invalid option "no-strict-aliasing" appears on the command li
             ne.
     2807    
     2808    Makefile:1705: recipe for target 'sample/signal-test.o' failed
  >> 2809    make[1]: *** [sample/signal-test.o] Error 1
     2810    CC-571 craycc: ERROR
     2811      An invalid option "no-strict-aliasing" appears on the command li
             ne.
     2812    
     2813    Makefile:1705: recipe for target 'sample/dns-example.o' failed
  >> 2814    make[1]: *** [sample/dns-example.o] Error 1
     2815    CC-571 craycc: ERROR
     2816      An invalid option "no-strict-aliasing" appears on the command li
             ne.
     2817    
     2818    Makefile:1705: recipe for target 'test/test-eof.o' failed
  >> 2819    make[1]: *** [test/test-eof.o] Error 1
     2820    CC-571 craycc: ERROR
     2821      An invalid option "no-strict-aliasing" appears on the command li
             ne.
     2822    
     2823    Makefile:1705: recipe for target 'test/bench.o' failed
  >> 2824    make[1]: *** [test/bench.o] Error 1
     2825    CC-571 craycc: ERROR
     2826      An invalid option "no-strict-aliasing" appears on the command li
             ne.
     2827    
     2828    Makefile:1705: recipe for target 'sample/openssl_hostname_validati
             on.o' failed
  >> 2829    make[1]: *** [sample/openssl_hostname_validation.o] Error 1
     2830    CC-571 craycc: ERROR
     2831      An invalid option "no-strict-aliasing" appears on the command li
             ne.
     2832    
     2833    Makefile:1705: recipe for target 'test/test-init.o' failed
  >> 2834    make[1]: *** [test/test-init.o] Error 1
     2835    CC-571 craycc: ERROR
     2836      An invalid option "no-strict-aliasing" appears on the command li
             ne.
     2837    
     2838    CC-571 craycc: ERROR
     2839      An invalid option "no-strict-aliasing" appears on the command li
             ne.
     2840    
     2841    Makefile:1705: recipe for target 'sample/http-server.o' failed
  >> 2842    make[1]: *** [sample/http-server.o] Error 1
     2843    Makefile:1705: recipe for target 'test/test-changelist.o' failed
  >> 2844    make[1]: *** [test/test-changelist.o] Error 1
     2845    CC-571 craycc: ERROR
     2846      An invalid option "no-strict-aliasing" appears on the command li
             ne.
     2847    
     2848    Makefile:1705: recipe for target 'test/test-dumpevents.o' failed
  >> 2849    make[1]: *** [test/test-dumpevents.o] Error 1
     2850    CC-571 craycc: ERROR
     2851      An invalid option "no-strict-aliasing" appears on the command li
             ne.
     2852    
     2853    Makefile:1705: recipe for target 'test/test-closed.o' failed
  >> 2854    make[1]: *** [test/test-closed.o] Error 1
     2855    CC-571 craycc: ERROR
     2856      An invalid option "no-strict-aliasing" appears on the command li
             ne.
     2857    
     2858    Makefile:1705: recipe for target 'sample/event-read-fifo.o' failed
  >> 2859    make[1]: *** [sample/event-read-fifo.o] Error 1
     2860    CC-571 craycc: ERROR
     2861      An invalid option "no-strict-aliasing" appears on the command li
             ne.
     2862    
     2863    Makefile:1705: recipe for target 'test/test-fdleak.o' failed
  >> 2864    make[1]: *** [test/test-fdleak.o] Error 1
     2865    CC-571 craycc: ERROR
     2866      An invalid option "no-strict-aliasing" appears on the command li
             ne.
     2867    
     2868    Makefile:1705: recipe for target 'sample/https-client.o' failed
  >> 2869    make[1]: *** [sample/https-client.o] Error 1
     2870    CC-571 craycc: ERROR
     2871      An invalid option "no-strict-aliasing" appears on the command li
             ne.
     2872    
     2873    CC-571 craycc: ERROR
     2874      An invalid option "no-strict-aliasing" appears on the command li
             ne.
     2875    
     2876    CC-571 craycc: ERROR
     2877      An invalid option "no-strict-aliasing" appears on the command li
             ne.
     2878    
     2879    Makefile:1705: recipe for target 'test/bench_httpclient.o' failed
  >> 2880    make[1]: *** [test/bench_httpclient.o] Error 1
     2881    Makefile:1705: recipe for target 'test/test-ratelim.o' failed
  >> 2882    make[1]: *** [test/test-ratelim.o] Error 1
     2883    CC-571 craycc: ERROR
     2884      An invalid option "no-strict-aliasing" appears on the command li
             ne.
     2885    
     2886    CC-571 craycc: ERROR
     2887      An invalid option "no-strict-aliasing" appears on the command li
             ne.
     2888    
     2889    Makefile:1847: recipe for target 'test/test_regress-regress_listen
             er.o' failed
  >> 2890    make[1]: *** [test/test_regress-regress_listener.o] Error 1
     2891    CC-571 craycc: ERROR
     2892      An invalid option "no-strict-aliasing" appears on the command li
             ne.
     2893    
     2894    Makefile:1917: recipe for target 'test/test_regress-regress_util.o
             ' failed
  >> 2895    make[1]: *** [test/test_regress-regress_util.o] Error 1
     2896    Makefile:1705: recipe for target 'test/test-time.o' failed
  >> 2897    make[1]: *** [test/test-time.o] Error 1
     2898    Makefile:1763: recipe for target 'test/test_regress-regress_buffer
             .o' failed
  >> 2899    make[1]: *** [test/test_regress-regress_buffer.o] Error 1
     2900    CC-571 craycc: ERROR
     2901      An invalid option "no-strict-aliasing" appears on the command li
             ne.
     2902    
     2903    CC-571 craycc: ERROR
     2904      An invalid option "no-strict-aliasing" appears on the command li
             ne.
     2905    
     2906    CC-571 craycc: ERROR
     2907      An invalid option "no-strict-aliasing" appears on the command li
             ne.
     2908    
     2909    Makefile:1749: recipe for target 'test/test_regress-regress.gen.o'
              failed
  >> 2910    make[1]: *** [test/test_regress-regress.gen.o] Error 1
     2911    CC-571 craycc: ERROR
     2912      An invalid option "no-strict-aliasing" appears on the command li
             ne.
     2913    
     2914    Makefile:1903: recipe for target 'test/test_regress-regress_testut
             ils.o' failed
  >> 2915    make[1]: *** [test/test_regress-regress_testutils.o] Error 1
     2916    CC-571 craycc: ERROR
     2917      An invalid option "no-strict-aliasing" appears on the command li
             ne.
     2918    
     2919    Makefile:1861: recipe for target 'test/test_regress-regress_main.o
             ' failed
  >> 2920    make[1]: *** [test/test_regress-regress_main.o] Error 1
     2921    CC-571 craycc: ERROR
     2922      An invalid option "no-strict-aliasing" appears on the command li
             ne.
     2923    
     2924    Makefile:1987: recipe for target 'test/test_regress-regress_ssl.o'
              failed
  >> 2925    make[1]: *** [test/test_regress-regress_ssl.o] Error 1
     2926    Makefile:1705: recipe for target 'test/test-weof.o' failed
  >> 2927    make[1]: *** [test/test-weof.o] Error 1
     2928    CC-571 craycc: ERROR
     2929      An invalid option "no-strict-aliasing" appears on the command li
             ne.
     2930    
     2931    CC-571 craycc: ERROR
     2932      An invalid option "no-strict-aliasing" appears on the command li
             ne.
     2933    
     2934    Makefile:1931: recipe for target 'test/test_regress-tinytest.o' fa
             iled
  >> 2935    make[1]: *** [test/test_regress-tinytest.o] Error 1
     2936    CC-571 craycc: ERROR
     2937      An invalid option "no-strict-aliasing" appears on the command li
             ne.
     2938    
     2939    Makefile:1819: recipe for target 'test/test_regress-regress_finali
             ze.o' failed
  >> 2940    make[1]: *** [test/test_regress-regress_finalize.o] Error 1
     2941    CC-571 craycc: ERROR
     2942      An invalid option "no-strict-aliasing" appears on the command li
             ne.
     2943    
     2944    Makefile:1791: recipe for target 'test/test_regress-regress_dns.o'
              failed
  >> 2945    make[1]: *** [test/test_regress-regress_dns.o] Error 1
     2946    CC-571 craycc: ERROR
     2947      An invalid option "no-strict-aliasing" appears on the command li
             ne.
     2948    
     2949    CC-571 craycc: ERROR
     2950      An invalid option "no-strict-aliasing" appears on the command li
             ne.
     2951    
     2952    Makefile:1805: recipe for target 'test/test_regress-regress_et.o' 
             failed
  >> 2953    make[1]: *** [test/test_regress-regress_et.o] Error 1
     2954    Makefile:1705: recipe for target 'sample/time-test.o' failed
  >> 2955    make[1]: *** [sample/time-test.o] Error 1
     2956    CC-571 craycc: ERROR
     2957      An invalid option "no-strict-aliasing" appears on the command li
             ne.
     2958    
     2959    Makefile:1889: recipe for target 'test/test_regress-regress_rpc.o'
              failed
  >> 2960    make[1]: *** [test/test_regress-regress_rpc.o] Error 1
     2961    Makefile:1777: recipe for target 'test/test_regress-regress_buffer
             event.o' failed
  >> 2962    make[1]: *** [test/test_regress-regress_bufferevent.o] Error 1
     2963    Makefile:1833: recipe for target 'test/test_regress-regress_http.o
             ' failed
  >> 2964    make[1]: *** [test/test_regress-regress_http.o] Error 1
     2965    CC-571 craycc: ERROR
     2966      An invalid option "no-strict-aliasing" appears on the command li
             ne.
     2967    
     2968    Makefile:1735: recipe for target 'test/test_regress-regress.o' fai
             led
  >> 2969    make[1]: *** [test/test_regress-regress.o] Error 1
     2970    CC-571 craycc: ERROR
     2971      An invalid option "no-strict-aliasing" appears on the command li
             ne.
     2972    
     2973    Makefile:1875: recipe for target 'test/test_regress-regress_minhea
             p.o' failed
  >> 2974    make[1]: *** [test/test_regress-regress_minheap.o] Error 1
     2975    CC-571 craycc: ERROR
     2976      An invalid option "no-strict-aliasing" appears on the command li
             ne.
     2977    
     2978    CC-571 craycc: ERROR
     2979      An invalid option "no-strict-aliasing" appears on the command li
             ne.
     2980    

     ...

     2982      An invalid option "no-strict-aliasing" appears on the command li
             ne.
     2983    
     2984    CC-571 craycc: ERROR
     2985      An invalid option "no-strict-aliasing" appears on the command li
             ne.
     2986    
     2987    Makefile:1721: recipe for target 'bufferevent.lo' failed
  >> 2988    make[1]: *** [bufferevent.lo] Error 1
     2989    CC-571 craycc: ERROR
     2990      An invalid option "no-strict-aliasing" appears on the command li
             ne.
     2991    
     2992    CC-571 craycc: ERROR
     2993      An invalid option "no-strict-aliasing" appears on the command li
             ne.
     2994    

     ...

     2996      An invalid option "no-strict-aliasing" appears on the command li
             ne.
     2997    
     2998    CC-571 craycc: ERROR
     2999      An invalid option "no-strict-aliasing" appears on the command li
             ne.
     3000    
     3001    Makefile:1721: recipe for target 'bufferevent_pair.lo' failed
  >> 3002    make[1]: *** [bufferevent_pair.lo] Error 1
     3003    CC-571 craycc: ERROR
     3004      An invalid option "no-strict-aliasing" appears on the command li
             ne.
     3005    
     3006    CC-571 craycc: ERROR
     3007      An invalid option "no-strict-aliasing" appears on the command li
             ne.
     3008    
     3009    Makefile:1721: recipe for target 'http.lo' failed
  >> 3010    make[1]: *** [http.lo] Error 1
     3011    Makefile:1721: recipe for target 'evutil_time.lo' failed
  >> 3012    make[1]: *** [evutil_time.lo] Error 1
     3013    CC-571 craycc: ERROR
     3014      An invalid option "no-strict-aliasing" appears on the command li
             ne.
     3015    
     3016    CC-571 craycc: ERROR
     3017      An invalid option "no-strict-aliasing" appears on the command li
             ne.
     3018    
     3019    Makefile:1721: recipe for target 'event.lo' failed
  >> 3020    make[1]: *** [event.lo] Error 1
     3021    CC-571 craycc: ERROR
     3022      An invalid option "no-strict-aliasing" appears on the command li
             ne.
     3023    
     3024    CC-571 craycc: ERROR
     3025      An invalid option "no-strict-aliasing" appears on the command li
             ne.
     3026    

     ...

     3031      An invalid option "no-strict-aliasing" appears on the command li
             ne.
     3032    
     3033    CC-571 craycc: ERROR
     3034      An invalid option "no-strict-aliasing" appears on the command li
             ne.
     3035    
     3036    Makefile:1721: recipe for target 'bufferevent_filter.lo' failed
  >> 3037    make[1]: *** [bufferevent_filter.lo] Error 1
     3038    CC-571 craycc: ERROR
     3039      An invalid option "no-strict-aliasing" appears on the command li
             ne.
     3040    
     3041    CC-571 craycc: ERROR
     3042      An invalid option "no-strict-aliasing" appears on the command li
             ne.
     3043    
     3044    CC-571 craycc: ERROR
     3045      An invalid option "no-strict-aliasing" appears on the command li
             ne.
     3046    
     3047    Makefile:1721: recipe for target 'strlcpy.lo' failed
  >> 3048    make[1]: *** [strlcpy.lo] Error 1
     3049    Makefile:1721: recipe for target 'evrpc.lo' failed
  >> 3050    make[1]: *** [evrpc.lo] Error 1
     3051    Makefile:1721: recipe for target 'evmap.lo' failed
  >> 3052    make[1]: *** [evmap.lo] Error 1
     3053    Makefile:1721: recipe for target 'evdns.lo' failed
  >> 3054    make[1]: *** [evdns.lo] Error 1
     3055    Makefile:1721: recipe for target 'evthread.lo' failed
  >> 3056    make[1]: *** [evthread.lo] Error 1
     3057    Makefile:1721: recipe for target 'bufferevent_sock.lo' failed
  >> 3058    make[1]: *** [bufferevent_sock.lo] Error 1
     3059    Makefile:1728: recipe for target 'libevent_openssl_la-bufferevent_
             openssl.lo' failed
  >> 3060    make[1]: *** [libevent_openssl_la-bufferevent_openssl.lo] Error 1
     3061    Makefile:1721: recipe for target 'event_tagging.lo' failed
  >> 3062    make[1]: *** [event_tagging.lo] Error 1
     3063    Makefile:1721: recipe for target 'log.lo' failed
  >> 3064    make[1]: *** [log.lo] Error 1
     3065    Makefile:1721: recipe for target 'bufferevent_ratelim.lo' failed
  >> 3066    make[1]: *** [bufferevent_ratelim.lo] Error 1
     3067    Makefile:1721: recipe for target 'evutil_rand.lo' failed
  >> 3068    make[1]: *** [evutil_rand.lo] Error 1
     3069    Makefile:1721: recipe for target 'listener.lo' failed
  >> 3070    make[1]: *** [listener.lo] Error 1
     3071    Makefile:1721: recipe for target 'buffer.lo' failed
  >> 3072    make[1]: *** [buffer.lo] Error 1
     3073    Makefile:1721: recipe for target 'evutil.lo' failed
  >> 3074    make[1]: *** [evutil.lo] Error 1
     3075    make[1]: Leaving directory '/tmp/dantopa/spack-stage/spack-stage-r
             WZ_QV/libevent-2.1.8-stable'
     3076    Makefile:1248: recipe for target 'all' failed
  >> 3077    make: *** [all] Error 2

See build log for details:
  /lustre/ttscratch1/dantopa/spack/libraries/trinitite-standard.pmix/var/spack/stage/libevent-2.1.8-reuykx4zvc4ysexguy3yjtjud3pah5ye/spack-build.out
spack install pmix @ 2.1.4 % cce@8.7.8  arch=cray-cnl6-haswell  >> /lustre/ttscratch1/dantopa/repos/gitlab/pull-requests/libraries/results/install-log/trinitite-standard-pmix-install.log
==> Error: ProcessError: Command exited with status 2:
    'make' '-j64'

61 errors found in build log:
     2202      The -Wswitch option is not supported or invalid and will be igno
             red.
     2203    CC-2103 craycc: WARNING in command line
     2204      The -Wno-unused-parameter option is not supported or invalid and
              will be ignored.
     2205    CC-2103 craycc: WARNING in command line
     2206      The -Wstrict-aliasing option is not supported or invalid and wil
             l be ignored.
     2207    Makefile:1705: recipe for target 'sample/le-proxy.o' failed
  >> 2208    make[1]: *** [sample/le-proxy.o] Error 1
     2209    make[1]: *** Waiting for unfinished jobs....
     2210    CC-2103 craycc: WARNING in command line
     2211      The -Wall option is not supported or invalid and will be ignored
             .
     2212    CC-2103 craycc: WARNING in command line
     2213      The -W-Wfloat-equal option is not supported or invalid and will 
             be ignored.
     2214    CC-2103 craycc: WARNING in command line

     ...

     2778    CC-2103 craycc: WARNING in command line
     2779      The -Wstrict-aliasing option is not supported or invalid and wil
             l be ignored.
     2780    CC-571 craycc: ERROR
     2781      An invalid option "no-strict-aliasing" appears on the command li
             ne.
     2782    
     2783    Makefile:1705: recipe for target 'sample/dns-example.o' failed
  >> 2784    make[1]: *** [sample/dns-example.o] Error 1
     2785    CC-571 craycc: ERROR
     2786      An invalid option "no-strict-aliasing" appears on the command li
             ne.
     2787    
     2788    Makefile:1705: recipe for target 'sample/event-read-fifo.o' failed
  >> 2789    make[1]: *** [sample/event-read-fifo.o] Error 1
     2790    CC-571 craycc: ERROR
     2791      An invalid option "no-strict-aliasing" appears on the command li
             ne.
     2792    
     2793    Makefile:1705: recipe for target 'sample/hello-world.o' failed
  >> 2794    make[1]: *** [sample/hello-world.o] Error 1
     2795    CC-571 craycc: ERROR
     2796      An invalid option "no-strict-aliasing" appears on the command li
             ne.
     2797    
     2798    Makefile:1705: recipe for target 'sample/time-test.o' failed
  >> 2799    make[1]: *** [sample/time-test.o] Error 1
     2800    CC-571 craycc: ERROR
     2801      An invalid option "no-strict-aliasing" appears on the command li
             ne.
     2802    
     2803    Makefile:1705: recipe for target 'sample/http-connect.o' failed
  >> 2804    make[1]: *** [sample/http-connect.o] Error 1
     2805    CC-571 craycc: ERROR
     2806      An invalid option "no-strict-aliasing" appears on the command li
             ne.
     2807    
     2808    Makefile:1763: recipe for target 'test/test_regress-regress_buffer
             .o' failed
  >> 2809    make[1]: *** [test/test_regress-regress_buffer.o] Error 1
     2810    CC-571 craycc: ERROR
     2811      An invalid option "no-strict-aliasing" appears on the command li
             ne.
     2812    
     2813    Makefile:1705: recipe for target 'test/test-closed.o' failed
  >> 2814    make[1]: *** [test/test-closed.o] Error 1
     2815    CC-571 craycc: ERROR
     2816      An invalid option "no-strict-aliasing" appears on the command li
             ne.
     2817    
     2818    Makefile:1705: recipe for target 'test/test-fdleak.o' failed
  >> 2819    make[1]: *** [test/test-fdleak.o] Error 1
     2820    CC-571 craycc: ERROR
     2821      An invalid option "no-strict-aliasing" appears on the command li
             ne.
     2822    
     2823    CC-571 craycc: ERROR
     2824      An invalid option "no-strict-aliasing" appears on the command li
             ne.
     2825    
     2826    CC-571 craycc: ERROR
     2827      An invalid option "no-strict-aliasing" appears on the command li
             ne.
     2828    
     2829    Makefile:1705: recipe for target 'sample/https-client.o' failed
  >> 2830    make[1]: *** [sample/https-client.o] Error 1
     2831    Makefile:1705: recipe for target 'test/test-weof.o' failed
  >> 2832    make[1]: *** [test/test-weof.o] Error 1
     2833    Makefile:1705: recipe for target 'test/test-changelist.o' failed
  >> 2834    make[1]: *** [test/test-changelist.o] Error 1
     2835    CC-571 craycc: ERROR
     2836      An invalid option "no-strict-aliasing" appears on the command li
             ne.
     2837    
     2838    CC-571 craycc: ERROR
     2839      An invalid option "no-strict-aliasing" appears on the command li
             ne.
     2840    
     2841    Makefile:1705: recipe for target 'test/test-init.o' failed
  >> 2842    make[1]: *** [test/test-init.o] Error 1
     2843    CC-571 craycc: ERROR
     2844      An invalid option "no-strict-aliasing" appears on the command li
             ne.
     2845    
     2846    Makefile:1705: recipe for target 'sample/openssl_hostname_validati
             on.o' failed
  >> 2847    make[1]: *** [sample/openssl_hostname_validation.o] Error 1
     2848    Makefile:1705: recipe for target 'test/bench_httpclient.o' failed
  >> 2849    make[1]: *** [test/bench_httpclient.o] Error 1
     2850    CC-571 craycc: ERROR
     2851      An invalid option "no-strict-aliasing" appears on the command li
             ne.
     2852    
     2853    CC-571 craycc: ERROR
     2854      An invalid option "no-strict-aliasing" appears on the command li
             ne.
     2855    
     2856    Makefile:1705: recipe for target 'sample/hostcheck.o' failed
  >> 2857    make[1]: *** [sample/hostcheck.o] Error 1
     2858    CC-571 craycc: ERROR
     2859      An invalid option "no-strict-aliasing" appears on the command li
             ne.
     2860    
     2861    Makefile:1705: recipe for target 'test/bench.o' failed
  >> 2862    make[1]: *** [test/bench.o] Error 1
     2863    CC-571 craycc: ERROR
     2864      An invalid option "no-strict-aliasing" appears on the command li
             ne.
     2865    
     2866    Makefile:1777: recipe for target 'test/test_regress-regress_buffer
             event.o' failed
  >> 2867    make[1]: *** [test/test_regress-regress_bufferevent.o] Error 1
     2868    Makefile:1749: recipe for target 'test/test_regress-regress.gen.o'
              failed
  >> 2869    make[1]: *** [test/test_regress-regress.gen.o] Error 1
     2870    CC-571 craycc: ERROR
     2871      An invalid option "no-strict-aliasing" appears on the command li
             ne.
     2872    
     2873    CC-571 craycc: ERROR
     2874      An invalid option "no-strict-aliasing" appears on the command li
             ne.
     2875    

     ...

     2877      An invalid option "no-strict-aliasing" appears on the command li
             ne.
     2878    
     2879    CC-571 craycc: ERROR
     2880      An invalid option "no-strict-aliasing" appears on the command li
             ne.
     2881    
     2882    Makefile:1705: recipe for target 'test/test-ratelim.o' failed
  >> 2883    make[1]: *** [test/test-ratelim.o] Error 1
     2884    CC-571 craycc: ERROR
     2885      An invalid option "no-strict-aliasing" appears on the command li
             ne.
     2886    
     2887    CC-571 craycc: ERROR
     2888      An invalid option "no-strict-aliasing" appears on the command li
             ne.
     2889    
     2890    Makefile:1833: recipe for target 'test/test_regress-regress_http.o
             ' failed
  >> 2891    make[1]: *** [test/test_regress-regress_http.o] Error 1
     2892    Makefile:1805: recipe for target 'test/test_regress-regress_et.o' 
             failed
  >> 2893    make[1]: *** [test/test_regress-regress_et.o] Error 1
     2894    Makefile:1705: recipe for target 'test/bench_http.o' failed
  >> 2895    make[1]: *** [test/bench_http.o] Error 1
     2896    Makefile:1987: recipe for target 'test/test_regress-regress_ssl.o'
              failed
  >> 2897    make[1]: *** [test/test_regress-regress_ssl.o] Error 1
     2898    Makefile:1705: recipe for target 'sample/http-server.o' failed
  >> 2899    make[1]: *** [sample/http-server.o] Error 1
     2900    CC-571 craycc: ERROR
     2901      An invalid option "no-strict-aliasing" appears on the command li
             ne.
     2902    
     2903    CC-571 craycc: ERROR
     2904      An invalid option "no-strict-aliasing" appears on the command li
             ne.
     2905    
     2906    CC-571 craycc: ERROR
     2907      An invalid option "no-strict-aliasing" appears on the command li
             ne.
     2908    
     2909    Makefile:1705: recipe for target 'test/bench_cascade.o' failed
  >> 2910    make[1]: *** [test/bench_cascade.o] Error 1
     2911    CC-571 craycc: ERROR
     2912      An invalid option "no-strict-aliasing" appears on the command li
             ne.
     2913    
     2914    Makefile:1705: recipe for target 'test/test-dumpevents.o' failed
  >> 2915    make[1]: *** [test/test-dumpevents.o] Error 1
     2916    CC-571 craycc: ERROR
     2917      An invalid option "no-strict-aliasing" appears on the command li
             ne.
     2918    
     2919    Makefile:1861: recipe for target 'test/test_regress-regress_main.o
             ' failed
  >> 2920    make[1]: *** [test/test_regress-regress_main.o] Error 1
     2921    CC-571 craycc: ERROR
     2922      An invalid option "no-strict-aliasing" appears on the command li
             ne.
     2923    
     2924    Makefile:1705: recipe for target 'test/test-time.o' failed
  >> 2925    make[1]: *** [test/test-time.o] Error 1
     2926    Makefile:1705: recipe for target 'test/test-eof.o' failed
  >> 2927    make[1]: *** [test/test-eof.o] Error 1
     2928    CC-571 craycc: ERROR
     2929      An invalid option "no-strict-aliasing" appears on the command li
             ne.
     2930    
     2931    CC-571 craycc: ERROR
     2932      An invalid option "no-strict-aliasing" appears on the command li
             ne.
     2933    
     2934    Makefile:1903: recipe for target 'test/test_regress-regress_testut
             ils.o' failed
  >> 2935    make[1]: *** [test/test_regress-regress_testutils.o] Error 1
     2936    CC-571 craycc: ERROR
     2937      An invalid option "no-strict-aliasing" appears on the command li
             ne.
     2938    
     2939    CC-571 craycc: ERROR
     2940      An invalid option "no-strict-aliasing" appears on the command li
             ne.
     2941    
     2942    Makefile:1917: recipe for target 'test/test_regress-regress_util.o
             ' failed
  >> 2943    make[1]: *** [test/test_regress-regress_util.o] Error 1
     2944    Makefile:1705: recipe for target 'sample/signal-test.o' failed
  >> 2945    make[1]: *** [sample/signal-test.o] Error 1
     2946    CC-571 craycc: ERROR
     2947      An invalid option "no-strict-aliasing" appears on the command li
             ne.
     2948    
     2949    Makefile:1889: recipe for target 'test/test_regress-regress_rpc.o'
              failed
  >> 2950    make[1]: *** [test/test_regress-regress_rpc.o] Error 1
     2951    Makefile:1931: recipe for target 'test/test_regress-tinytest.o' fa
             iled
  >> 2952    make[1]: *** [test/test_regress-tinytest.o] Error 1
     2953    Makefile:1875: recipe for target 'test/test_regress-regress_minhea
             p.o' failed
  >> 2954    make[1]: *** [test/test_regress-regress_minheap.o] Error 1
     2955    CC-571 craycc: ERROR
     2956      An invalid option "no-strict-aliasing" appears on the command li
             ne.
     2957    
     2958    CC-571 craycc: ERROR
     2959      An invalid option "no-strict-aliasing" appears on the command li
             ne.
     2960    
     2961    Makefile:1735: recipe for target 'test/test_regress-regress.o' fai
             led
  >> 2962    make[1]: *** [test/test_regress-regress.o] Error 1
     2963    Makefile:1791: recipe for target 'test/test_regress-regress_dns.o'
              failed
  >> 2964    make[1]: *** [test/test_regress-regress_dns.o] Error 1
     2965    CC-571 craycc: ERROR
     2966      An invalid option "no-strict-aliasing" appears on the command li
             ne.
     2967    
     2968    CC-571 craycc: ERROR
     2969      An invalid option "no-strict-aliasing" appears on the command li
             ne.
     2970    
     2971    Makefile:1819: recipe for target 'test/test_regress-regress_finali
             ze.o' failed
  >> 2972    make[1]: *** [test/test_regress-regress_finalize.o] Error 1
     2973    Makefile:1847: recipe for target 'test/test_regress-regress_listen
             er.o' failed
  >> 2974    make[1]: *** [test/test_regress-regress_listener.o] Error 1
     2975    CC-571 craycc: ERROR
     2976      An invalid option "no-strict-aliasing" appears on the command li
             ne.
     2977    
     2978    CC-571 craycc: ERROR
     2979      An invalid option "no-strict-aliasing" appears on the command li
             ne.
     2980    
     2981    Makefile:1721: recipe for target 'strlcpy.lo' failed
  >> 2982    make[1]: *** [strlcpy.lo] Error 1
     2983    CC-571 craycc: ERROR
     2984      An invalid option "no-strict-aliasing" appears on the command li
             ne.
     2985    
     2986    CC-571 craycc: ERROR
     2987      An invalid option "no-strict-aliasing" appears on the command li
             ne.
     2988    

     ...

     2990      An invalid option "no-strict-aliasing" appears on the command li
             ne.
     2991    
     2992    CC-571 craycc: ERROR
     2993      An invalid option "no-strict-aliasing" appears on the command li
             ne.
     2994    
     2995    Makefile:1721: recipe for target 'bufferevent.lo' failed
  >> 2996    make[1]: *** [bufferevent.lo] Error 1
     2997    CC-571 craycc: ERROR
     2998      An invalid option "no-strict-aliasing" appears on the command li
             ne.
     2999    
     3000    CC-571 craycc: ERROR
     3001      An invalid option "no-strict-aliasing" appears on the command li
             ne.
     3002    

     ...

     3034      An invalid option "no-strict-aliasing" appears on the command li
             ne.
     3035    
     3036    CC-571 craycc: ERROR
     3037      An invalid option "no-strict-aliasing" appears on the command li
             ne.
     3038    
     3039    Makefile:1721: recipe for target 'bufferevent_ratelim.lo' failed
  >> 3040    make[1]: *** [bufferevent_ratelim.lo] Error 1
     3041    Makefile:1721: recipe for target 'evutil_time.lo' failed
  >> 3042    make[1]: *** [evutil_time.lo] Error 1
     3043    Makefile:1721: recipe for target 'evutil_rand.lo' failed
  >> 3044    make[1]: *** [evutil_rand.lo] Error 1
     3045    Makefile:1721: recipe for target 'evmap.lo' failed
  >> 3046    make[1]: *** [evmap.lo] Error 1
     3047    Makefile:1721: recipe for target 'bufferevent_sock.lo' failed
  >> 3048    make[1]: *** [bufferevent_sock.lo] Error 1
     3049    Makefile:1721: recipe for target 'evutil.lo' failed
  >> 3050    make[1]: *** [evutil.lo] Error 1
     3051    Makefile:1721: recipe for target 'event_tagging.lo' failed
  >> 3052    make[1]: *** [event_tagging.lo] Error 1
     3053    Makefile:1721: recipe for target 'evdns.lo' failed
  >> 3054    make[1]: *** [evdns.lo] Error 1
     3055    Makefile:1721: recipe for target 'bufferevent_pair.lo' failed
  >> 3056    make[1]: *** [bufferevent_pair.lo] Error 1
     3057    Makefile:1721: recipe for target 'evthread.lo' failed
  >> 3058    make[1]: *** [evthread.lo] Error 1
     3059    Makefile:1721: recipe for target 'log.lo' failed
  >> 3060    make[1]: *** [log.lo] Error 1
     3061    Makefile:1721: recipe for target 'buffer.lo' failed
  >> 3062    make[1]: *** [buffer.lo] Error 1
     3063    Makefile:1721: recipe for target 'evrpc.lo' failed
  >> 3064    make[1]: *** [evrpc.lo] Error 1
     3065    Makefile:1721: recipe for target 'bufferevent_filter.lo' failed
  >> 3066    make[1]: *** [bufferevent_filter.lo] Error 1
     3067    Makefile:1721: recipe for target 'listener.lo' failed
  >> 3068    make[1]: *** [listener.lo] Error 1
     3069    Makefile:1721: recipe for target 'event.lo' failed
  >> 3070    make[1]: *** [event.lo] Error 1
     3071    Makefile:1721: recipe for target 'http.lo' failed
  >> 3072    make[1]: *** [http.lo] Error 1
     3073    Makefile:1728: recipe for target 'libevent_openssl_la-bufferevent_
             openssl.lo' failed
  >> 3074    make[1]: *** [libevent_openssl_la-bufferevent_openssl.lo] Error 1
     3075    make[1]: Leaving directory '/tmp/dantopa/spack-stage/spack-stage-x
             kfi26/libevent-2.1.8-stable'
     3076    Makefile:1248: recipe for target 'all' failed
  >> 3077    make: *** [all] Error 2

See build log for details:
  /lustre/ttscratch1/dantopa/spack/libraries/trinitite-standard.pmix/var/spack/stage/libevent-2.1.8-hxprd7x4ycbevu76bevke4yldq6hnl4o/spack-build.out
spack install pmix @ 2.1.4 % gcc@8.2.0  arch=cray-cnl6-haswell  >> /lustre/ttscratch1/dantopa/repos/gitlab/pull-requests/libraries/results/install-log/trinitite-standard-pmix-install.log
spack install pmix @ 2.1.4 % gcc@7.3.0  arch=cray-cnl6-haswell  >> /lustre/ttscratch1/dantopa/repos/gitlab/pull-requests/libraries/results/install-log/trinitite-standard-pmix-install.log
spack install pmix @ 2.1.4 % gcc@6.3.0  arch=cray-cnl6-haswell  >> /lustre/ttscratch1/dantopa/repos/gitlab/pull-requests/libraries/results/install-log/trinitite-standard-pmix-install.log
==> Error: ProcessError: Command exited with status 77:
    '/lustre/ttscratch1/dantopa/spack/libraries/trinitite-standard.pmix/var/spack/stage/libevent-2.1.8-lterkh2ho2ypjx5qhxnfvaso5uwyfcel/libevent-2.1.8-stable/configure' '--prefix=/lustre/ttscratch1/dantopa/spack/libraries/trinitite-standard.pmix/opt/spack/cray-cnl6-haswell/gcc-6.3.0/libevent-2.1.8-lterkh2ho2ypjx5qhxnfvaso5uwyfcel' '--enable-openssl'

2 errors found in build log:
     8     checking whether make sets $(MAKE)... yes
     9     checking whether make supports nested variables... yes
     10    checking whether make supports nested variables... (cached) yes
     11    checking for style of include used by make... GNU
     12    checking for gcc... /lustre/ttscratch1/dantopa/spack/libraries/trini
           tite-standard.pmix/lib/spack/env/gcc/gcc
     13    checking whether the C compiler works... no
  >> 14    configure: error: in `/tmp/dantopa/spack-stage/spack-stage-Hr9ckF/li
           bevent-2.1.8-stable':
  >> 15    configure: error: C compiler cannot create executables
     16    See `config.log' for more details

See build log for details:
  /lustre/ttscratch1/dantopa/spack/libraries/trinitite-standard.pmix/var/spack/stage/libevent-2.1.8-lterkh2ho2ypjx5qhxnfvaso5uwyfcel/spack-build.out
spack install pmix @ 2.1.4 % intel@19.0.1  arch=cray-cnl6-haswell  >> /lustre/ttscratch1/dantopa/repos/gitlab/pull-requests/libraries/results/install-log/trinitite-standard-pmix-install.log
==> Error: sequence item 2: expected string, NoneType found
spack install pmix @ 2.1.4 % intel@18.0.5  arch=cray-cnl6-haswell  >> /lustre/ttscratch1/dantopa/repos/gitlab/pull-requests/libraries/results/install-log/trinitite-standard-pmix-install.log
spack clean -a
==> Removing all temporary build stages
==> Removing cached downloads
==> Removing cached information on repositories
==> Removing python cache files
mkdir -p "${dir_results}/platform-order"
mkdir -p "${dir_results}/tpl-order"
mkdir -p "${dir_results}/graphs"
spack find pmix >> /lustre/ttscratch1/dantopa/repos/gitlab/pull-requests/libraries/results/platform-order/trinitite-standard-pmix.out
spack find pmix >> /lustre/ttscratch1/dantopa/repos/gitlab/pull-requests/libraries/results/tpl-order/pmix-trinitite-standard.out
spack find -ldf pmix  >> /lustre/ttscratch1/dantopa/repos/gitlab/pull-requests/libraries/results/tpl-order/pmix-trinitite-standard-ldf.out
spack graph pmix >> /lustre/ttscratch1/dantopa/repos/gitlab/pull-requests/libraries/results/graphs/pmix-trinitite-standard-graph.out
spack compilers
==> Available compilers
-- cce cnl6-any -------------------------------------------------
cce@8.7.10
cce@8.7.9
cce@8.7.8

-- gcc cnl6-any -------------------------------------------------
gcc@8.3.0
gcc@8.2.0
gcc@7.3.0
gcc@6.3.0
gcc@6.1.0

-- gcc sles15-aarch64 -------------------------------------------
gcc@7.4.0

-- intel cnl6-any -----------------------------------------------
intel@19.0.1
intel@18.0.5
spack find pmix
==> 6 installed packages
-- cray-cnl6-haswell / gcc@7.3.0 --------------------------------
pmix@2.1.4
pmix@2.2.2

-- cray-cnl6-haswell / gcc@8.2.0 --------------------------------
pmix@2.1.4
pmix@2.2.2

-- cray-cnl6-haswell / intel@18.0.5 -----------------------------
pmix@2.1.4
pmix@2.2.2
spack find -ldf pmix
==> 6 installed packages
-- cray-cnl6-haswell / gcc@7.3.0 --------------------------------
ar24pft    pmix@2.1.4%gcc 
mlziyjj        ^libevent@2.1.8%gcc 
fn2kcwq            ^openssl@1.1.1b%gcc 

zhs5ipx    pmix@2.2.2%gcc 
mlziyjj        ^libevent@2.1.8%gcc 
fn2kcwq            ^openssl@1.1.1b%gcc 


-- cray-cnl6-haswell / gcc@8.2.0 --------------------------------
fwnojwt    pmix@2.1.4%gcc 
z7xuhjn        ^libevent@2.1.8%gcc 
atiy67o            ^openssl@1.1.1b%gcc 

4uvj63g    pmix@2.2.2%gcc 
z7xuhjn        ^libevent@2.1.8%gcc 
atiy67o            ^openssl@1.1.1b%gcc 


-- cray-cnl6-haswell / intel@18.0.5 -----------------------------
cgnsluq    pmix@2.1.4%intel 
t7an36a        ^libevent@2.1.8%intel 
fqe5yac            ^openssl@1.1.1b%intel 

iyqy5a6    pmix@2.2.2%intel 
t7an36a        ^libevent@2.1.8%intel 
fqe5yac            ^openssl@1.1.1b%intel 

mv  /lustre/ttscratch1/dantopa/repos/gitlab/pull-requests/libraries/tools/bash/trinitite-standard-batch.out   /lustre/ttscratch1/dantopa/repos/gitlab/pull-requests/libraries/results/batch-out/trinitite-standard-pmix-2019-04-24-batch.out
mv: cannot stat '/lustre/ttscratch1/dantopa/repos/gitlab/pull-requests/libraries/tools/bash/trinitite-standard-batch.out': No such file or directory
cd /lustre/ttscratch1/dantopa/repos/gitlab/pull-requests/libraries
git add -A .
git commit -m "${USER} ${tpl} ${hpc} ${partition} ${ymd}"
[master 6c50646] dantopa pmix trinitite standard 2019-04-24
 8 files changed, 1841 insertions(+), 2 deletions(-)
 create mode 100644 libraries/results/graphs/pmix-trinitite-standard-graph.out
 create mode 100644 libraries/results/platform-order/trinitite-standard-pmix.out
Wed Apr 24 21:13:33 MDT 2019
spack install libhio @ 1.4.1.3 % gcc@7.3.0  arch=cray-cnl6-haswell  >> /lustre/ttscratch1/dantopa/repos/gitlab/pull-requests/libraries/results/install-log/trinitite-standard-libhio-install.log
spack install libhio @ 1.4.1.3 % gcc@6.3.0  arch=cray-cnl6-haswell  >> /lustre/ttscratch1/dantopa/repos/gitlab/pull-requests/libraries/results/install-log/trinitite-standard-libhio-install.log
==> Error: ProcessError: Command exited with status 77:
    '/lustre/ttscratch1/dantopa/spack/libraries/trinitite-standard.libhio/var/spack/stage/libpciaccess-0.13.5-upvrvvm3axk2d2zhjvsyokb6xc6odss4/libpciaccess-0.13.5/configure' '--prefix=/lustre/ttscratch1/dantopa/spack/libraries/trinitite-standard.libhio/opt/spack/cray-cnl6-haswell/gcc-6.3.0/libpciaccess-0.13.5-upvrvvm3axk2d2zhjvsyokb6xc6odss4'

2 errors found in build log:
     7     checking for gawk... gawk
     8     checking whether make sets $(MAKE)... yes
     9     checking whether make supports nested variables... yes
     10    checking for style of include used by make... GNU
     11    checking for gcc... /lustre/ttscratch1/dantopa/spack/libraries/trini
           tite-standard.libhio/lib/spack/env/gcc/gcc
     12    checking whether the C compiler works... no
  >> 13    configure: error: in `/tmp/dantopa/spack-stage/spack-stage-8yjxKs/li
           bpciaccess-0.13.5':
  >> 14    configure: error: C compiler cannot create executables
     15    See `config.log' for more details

See build log for details:
  /lustre/ttscratch1/dantopa/spack/libraries/trinitite-standard.libhio/var/spack/stage/libpciaccess-0.13.5-upvrvvm3axk2d2zhjvsyokb6xc6odss4/spack-build.out
spack install libhio @ 1.4.1.3 % intel@19.0.1  arch=cray-cnl6-haswell  >> /lustre/ttscratch1/dantopa/repos/gitlab/pull-requests/libraries/results/install-log/trinitite-standard-libhio-install.log
==> Error: sequence item 2: expected string, NoneType found
spack install libhio @ 1.4.1.3 % intel@18.0.5  arch=cray-cnl6-haswell  >> /lustre/ttscratch1/dantopa/repos/gitlab/pull-requests/libraries/results/install-log/trinitite-standard-libhio-install.log
spack install libhio @ 1.4.1.2 % cce@8.7.9  arch=cray-cnl6-haswell  >> /lustre/ttscratch1/dantopa/repos/gitlab/pull-requests/libraries/results/install-log/trinitite-standard-libhio-install.log
==> Error: ProcessError: Command exited with status 2:
    'make' '-j64'

13 errors found in build log:
     838      An invalid option "no-strict-aliasing" appears on the command lin
            e.
     839    
     840    CC-571 craycc: ERROR
     841      An invalid option "no-strict-aliasing" appears on the command lin
            e.
     842    
     843    Makefile:539: recipe for target 'common_iterator.lo' failed
  >> 844    make[2]: *** [common_iterator.lo] Error 1
     845    make[2]: *** Waiting for unfinished jobs....
     846    Makefile:539: recipe for target 'common_bridge.lo' failed
  >> 847    make[2]: *** [common_bridge.lo] Error 1
     848    CC-571 craycc: ERROR
     849      An invalid option "no-strict-aliasing" appears on the command lin
            e.
     850    
     851    CC-571 craycc: ERROR
     852      An invalid option "no-strict-aliasing" appears on the command lin
            e.
     853    
     854    CC-571 craycc: ERROR
     855      An invalid option "no-strict-aliasing" appears on the command lin
            e.
     856    
     857    Makefile:539: recipe for target 'common_capability.lo' failed
  >> 858    make[2]: *** [common_capability.lo] Error 1
     859    CC-571 craycc: ERROR
     860      An invalid option "no-strict-aliasing" appears on the command lin
            e.
     861    
     862    Makefile:539: recipe for target 'common_io.lo' failed
  >> 863    make[2]: *** [common_io.lo] Error 1
     864    Makefile:539: recipe for target 'common_device_name.lo' failed
  >> 865    make[2]: *** [common_device_name.lo] Error 1
     866    CC-571 craycc: ERROR
     867      An invalid option "no-strict-aliasing" appears on the command lin
            e.
     868    
     869    Makefile:539: recipe for target 'common_interface.lo' failed
  >> 870    make[2]: *** [common_interface.lo] Error 1
     871    CC-571 craycc: ERROR
     872      An invalid option "no-strict-aliasing" appears on the command lin
            e.
     873    
     874    CC-571 craycc: ERROR
     875      An invalid option "no-strict-aliasing" appears on the command lin
            e.
     876    
     877    Makefile:539: recipe for target 'linux_devmem.lo' failed
  >> 878    make[2]: *** [linux_devmem.lo] Error 1
     879    CC-571 craycc: ERROR
     880      An invalid option "no-strict-aliasing" appears on the command lin
            e.
     881    
     882    Makefile:539: recipe for target 'common_vgaarb.lo' failed
  >> 883    make[2]: *** [common_vgaarb.lo] Error 1
     884    Makefile:539: recipe for target 'common_init.lo' failed
  >> 885    make[2]: *** [common_init.lo] Error 1
     886    Makefile:539: recipe for target 'linux_sysfs.lo' failed
  >> 887    make[2]: *** [linux_sysfs.lo] Error 1
     888    Makefile:539: recipe for target 'common_map.lo' failed
  >> 889    make[2]: *** [common_map.lo] Error 1
     890    make[2]: Leaving directory '/tmp/dantopa/spack-stage/spack-stage-E7
            R7cE/libpciaccess-0.13.5/src'
     891    Makefile:503: recipe for target 'all-recursive' failed
  >> 892    make[1]: *** [all-recursive] Error 1
     893    make[1]: Leaving directory '/tmp/dantopa/spack-stage/spack-stage-E7
            R7cE/libpciaccess-0.13.5'
     894    Makefile:412: recipe for target 'all' failed
  >> 895    make: *** [all] Error 2

See build log for details:
  /lustre/ttscratch1/dantopa/spack/libraries/trinitite-standard.libhio/var/spack/stage/libpciaccess-0.13.5-euyrnaoulwxf2vi44xod7l46oo7zwy5g/spack-build.out
spack install libhio @ 1.4.1.2 % cce@8.7.8  arch=cray-cnl6-haswell  >> /lustre/ttscratch1/dantopa/repos/gitlab/pull-requests/libraries/results/install-log/trinitite-standard-libhio-install.log
==> Error: ProcessError: Command exited with status 2:
    'make' '-j64'

13 errors found in build log:
     832    CC-2103 craycc: WARNING in command line
     833      The -Werror=pointer-to-int-cast option is not supported or invali
            d and will be ignored.
     834    CC-571 craycc: ERROR
     835      An invalid option "no-strict-aliasing" appears on the command lin
            e.
     836    
     837    Makefile:539: recipe for target 'linux_sysfs.lo' failed
  >> 838    make[2]: *** [linux_sysfs.lo] Error 1
     839    make[2]: *** Waiting for unfinished jobs....
     840    CC-571 craycc: ERROR
     841      An invalid option "no-strict-aliasing" appears on the command lin
            e.
     842    
     843    CC-571 craycc: ERROR
     844      An invalid option "no-strict-aliasing" appears on the command lin
            e.
     845    
     846    Makefile:539: recipe for target 'common_bridge.lo' failed
  >> 847    make[2]: *** [common_bridge.lo] Error 1
     848    Makefile:539: recipe for target 'common_iterator.lo' failed
  >> 849    make[2]: *** [common_iterator.lo] Error 1
     850    CC-571 craycc: ERROR
     851      An invalid option "no-strict-aliasing" appears on the command lin
            e.
     852    
     853    CC-571 craycc: ERROR
     854      An invalid option "no-strict-aliasing" appears on the command lin
            e.
     855    

     ...

     866      An invalid option "no-strict-aliasing" appears on the command lin
            e.
     867    
     868    CC-571 craycc: ERROR
     869      An invalid option "no-strict-aliasing" appears on the command lin
            e.
     870    
     871    Makefile:539: recipe for target 'common_map.lo' failed
  >> 872    make[2]: *** [common_map.lo] Error 1
     873    Makefile:539: recipe for target 'common_init.lo' failed
  >> 874    make[2]: *** [common_init.lo] Error 1
     875    Makefile:539: recipe for target 'common_capability.lo' failed
  >> 876    make[2]: *** [common_capability.lo] Error 1
     877    Makefile:539: recipe for target 'linux_devmem.lo' failed
  >> 878    make[2]: *** [linux_devmem.lo] Error 1
     879    CC-571 craycc: ERROR
     880      An invalid option "no-strict-aliasing" appears on the command lin
            e.
     881    
     882    Makefile:539: recipe for target 'common_interface.lo' failed
  >> 883    make[2]: *** [common_interface.lo] Error 1
     884    Makefile:539: recipe for target 'common_io.lo' failed
  >> 885    make[2]: *** [common_io.lo] Error 1
     886    Makefile:539: recipe for target 'common_device_name.lo' failed
  >> 887    make[2]: *** [common_device_name.lo] Error 1
     888    Makefile:539: recipe for target 'common_vgaarb.lo' failed
  >> 889    make[2]: *** [common_vgaarb.lo] Error 1
     890    make[2]: Leaving directory '/tmp/dantopa/spack-stage/spack-stage-5G
            b514/libpciaccess-0.13.5/src'
     891    Makefile:503: recipe for target 'all-recursive' failed
  >> 892    make[1]: *** [all-recursive] Error 1
     893    make[1]: Leaving directory '/tmp/dantopa/spack-stage/spack-stage-5G
            b514/libpciaccess-0.13.5'
     894    Makefile:412: recipe for target 'all' failed
  >> 895    make: *** [all] Error 2

See build log for details:
  /lustre/ttscratch1/dantopa/spack/libraries/trinitite-standard.libhio/var/spack/stage/libpciaccess-0.13.5-kvtpv6d5nqzxdxqh3uioxmnkmftzfhx6/spack-build.out
spack install libhio @ 1.4.1.2 % gcc@8.2.0  arch=cray-cnl6-haswell  >> /lustre/ttscratch1/dantopa/repos/gitlab/pull-requests/libraries/results/install-log/trinitite-standard-libhio-install.log
spack install libhio @ 1.4.1.2 % gcc@7.3.0  arch=cray-cnl6-haswell  >> /lustre/ttscratch1/dantopa/repos/gitlab/pull-requests/libraries/results/install-log/trinitite-standard-libhio-install.log
spack install libhio @ 1.4.1.2 % gcc@6.3.0  arch=cray-cnl6-haswell  >> /lustre/ttscratch1/dantopa/repos/gitlab/pull-requests/libraries/results/install-log/trinitite-standard-libhio-install.log
==> Error: ProcessError: Command exited with status 77:
    '/lustre/ttscratch1/dantopa/spack/libraries/trinitite-standard.libhio/var/spack/stage/libpciaccess-0.13.5-upvrvvm3axk2d2zhjvsyokb6xc6odss4/libpciaccess-0.13.5/configure' '--prefix=/lustre/ttscratch1/dantopa/spack/libraries/trinitite-standard.libhio/opt/spack/cray-cnl6-haswell/gcc-6.3.0/libpciaccess-0.13.5-upvrvvm3axk2d2zhjvsyokb6xc6odss4'

2 errors found in build log:
     7     checking for gawk... gawk
     8     checking whether make sets $(MAKE)... yes
     9     checking whether make supports nested variables... yes
     10    checking for style of include used by make... GNU
     11    checking for gcc... /lustre/ttscratch1/dantopa/spack/libraries/trini
           tite-standard.libhio/lib/spack/env/gcc/gcc
     12    checking whether the C compiler works... no
  >> 13    configure: error: in `/tmp/dantopa/spack-stage/spack-stage-dVWAI1/li
           bpciaccess-0.13.5':
  >> 14    configure: error: C compiler cannot create executables
     15    See `config.log' for more details

See build log for details:
  /lustre/ttscratch1/dantopa/spack/libraries/trinitite-standard.libhio/var/spack/stage/libpciaccess-0.13.5-upvrvvm3axk2d2zhjvsyokb6xc6odss4/spack-build.out
spack install libhio @ 1.4.1.2 % intel@19.0.1  arch=cray-cnl6-haswell  >> /lustre/ttscratch1/dantopa/repos/gitlab/pull-requests/libraries/results/install-log/trinitite-standard-libhio-install.log
==> Error: sequence item 2: expected string, NoneType found
spack install libhio @ 1.4.1.2 % intel@18.0.5  arch=cray-cnl6-haswell  >> /lustre/ttscratch1/dantopa/repos/gitlab/pull-requests/libraries/results/install-log/trinitite-standard-libhio-install.log
spack clean -a
==> Removing all temporary build stages
==> Removing cached downloads
==> Removing cached information on repositories
==> Removing python cache files
mkdir -p "${dir_results}/platform-order"
mkdir -p "${dir_results}/tpl-order"
mkdir -p "${dir_results}/graphs"
spack find libhio >> /lustre/ttscratch1/dantopa/repos/gitlab/pull-requests/libraries/results/platform-order/trinitite-standard-libhio.out
spack find libhio >> /lustre/ttscratch1/dantopa/repos/gitlab/pull-requests/libraries/results/tpl-order/libhio-trinitite-standard.out
spack find -ldf libhio  >> /lustre/ttscratch1/dantopa/repos/gitlab/pull-requests/libraries/results/tpl-order/libhio-trinitite-standard-ldf.out
spack graph libhio >> /lustre/ttscratch1/dantopa/repos/gitlab/pull-requests/libraries/results/graphs/libhio-trinitite-standard-graph.out
spack compilers
==> Available compilers
-- cce cnl6-any -------------------------------------------------
cce@8.7.10
cce@8.7.9
cce@8.7.8

-- gcc cnl6-any -------------------------------------------------
gcc@8.3.0
gcc@8.2.0
gcc@7.3.0
gcc@6.3.0
gcc@6.1.0

-- gcc sles15-aarch64 -------------------------------------------
gcc@7.4.0

-- intel cnl6-any -----------------------------------------------
intel@19.0.1
intel@18.0.5
spack find libhio
==> 6 installed packages
-- cray-cnl6-haswell / gcc@7.3.0 --------------------------------
libhio@1.4.1.2
libhio@1.4.1.3

-- cray-cnl6-haswell / gcc@8.2.0 --------------------------------
libhio@1.4.1.2
libhio@1.4.1.3

-- cray-cnl6-haswell / intel@18.0.5 -----------------------------
libhio@1.4.1.2
libhio@1.4.1.3
spack find -ldf libhio
==> 6 installed packages
-- cray-cnl6-haswell / gcc@7.3.0 --------------------------------
4w2crh6    libhio@1.4.1.2%gcc 
7b4tn2m        ^bzip2@1.0.6%gcc 
wv5njwt        ^hdf5@1.10.5%gcc 
2y6czbj            ^openmpi@3.1.4%gcc 
7zmbmjq                ^hwloc@1.11.11%gcc 
h2ms6q3                    ^libpciaccess@0.13.5%gcc 
36vc6qy                    ^libxml2@2.9.8%gcc 
jo6rhc5                ^numactl@2.0.12%gcc 
uw4fzi4                ^zlib@1.2.11%gcc 
um3fijf        ^json-c@0.13.1%gcc 

7mufv3r    libhio@1.4.1.3%gcc 
7b4tn2m        ^bzip2@1.0.6%gcc 
wv5njwt        ^hdf5@1.10.5%gcc 
2y6czbj            ^openmpi@3.1.4%gcc 
7zmbmjq                ^hwloc@1.11.11%gcc 
h2ms6q3                    ^libpciaccess@0.13.5%gcc 
36vc6qy                    ^libxml2@2.9.8%gcc 
jo6rhc5                ^numactl@2.0.12%gcc 
uw4fzi4                ^zlib@1.2.11%gcc 
um3fijf        ^json-c@0.13.1%gcc 


-- cray-cnl6-haswell / gcc@8.2.0 --------------------------------
mr4fuxd    libhio@1.4.1.2%gcc 
pijz26s        ^bzip2@1.0.6%gcc 
w2yqgsk        ^hdf5@1.10.5%gcc 
3xwpbhs            ^openmpi@3.1.4%gcc 
fusyoi5                ^hwloc@1.11.11%gcc 
ahkgt2w                    ^libpciaccess@0.13.5%gcc 
zrurfh6                    ^libxml2@2.9.8%gcc 
tq5cpbs                ^numactl@2.0.12%gcc 
v25hso5                ^zlib@1.2.11%gcc 
xp2i4a3        ^json-c@0.13.1%gcc 

tkgzmbs    libhio@1.4.1.3%gcc 
pijz26s        ^bzip2@1.0.6%gcc 
w2yqgsk        ^hdf5@1.10.5%gcc 
3xwpbhs            ^openmpi@3.1.4%gcc 
fusyoi5                ^hwloc@1.11.11%gcc 
ahkgt2w                    ^libpciaccess@0.13.5%gcc 
zrurfh6                    ^libxml2@2.9.8%gcc 
tq5cpbs                ^numactl@2.0.12%gcc 
v25hso5                ^zlib@1.2.11%gcc 
xp2i4a3        ^json-c@0.13.1%gcc 


-- cray-cnl6-haswell / intel@18.0.5 -----------------------------
tczn2qe    libhio@1.4.1.2%intel 
nmrxwl5        ^bzip2@1.0.6%intel 
4g7pxvz        ^hdf5@1.10.5%intel 
ekgrtei            ^openmpi@3.1.4%intel 
q2ysccq                ^hwloc@1.11.11%intel 
sil2bz2                    ^libpciaccess@0.13.5%intel 
c7h2sun                    ^libxml2@2.9.8%intel 
rrzv6cm                ^numactl@2.0.12%intel 
fqgrfuy                ^zlib@1.2.11%intel 
jo7tu7f        ^json-c@0.13.1%intel 

baunmnw    libhio@1.4.1.3%intel 
nmrxwl5        ^bzip2@1.0.6%intel 
4g7pxvz        ^hdf5@1.10.5%intel 
ekgrtei            ^openmpi@3.1.4%intel 
q2ysccq                ^hwloc@1.11.11%intel 
sil2bz2                    ^libpciaccess@0.13.5%intel 
c7h2sun                    ^libxml2@2.9.8%intel 
rrzv6cm                ^numactl@2.0.12%intel 
fqgrfuy                ^zlib@1.2.11%intel 
jo7tu7f        ^json-c@0.13.1%intel 

mv  /lustre/ttscratch1/dantopa/repos/gitlab/pull-requests/libraries/tools/bash/trinitite-standard-batch.out   /lustre/ttscratch1/dantopa/repos/gitlab/pull-requests/libraries/results/batch-out/trinitite-standard-libhio-2019-04-24-batch.out
mv: cannot stat '/lustre/ttscratch1/dantopa/repos/gitlab/pull-requests/libraries/tools/bash/trinitite-standard-batch.out': No such file or directory
cd /lustre/ttscratch1/dantopa/repos/gitlab/pull-requests/libraries
git add -A .
git commit -m "${USER} ${tpl} ${hpc} ${partition} ${ymd}"
[master 7f4a3fb] dantopa libhio trinitite standard 2019-04-24
 7 files changed, 972 insertions(+)
 create mode 100644 libraries/results/graphs/libhio-trinitite-standard-graph.out
 create mode 100644 libraries/results/platform-order/trinitite-standard-libhio.out
 create mode 100644 libraries/results/tpl-order/libhio-trinitite-standard-ldf.out
 create mode 100644 libraries/results/tpl-order/libhio-trinitite-standard.out
Wed Apr 24 22:33:54 MDT 2019
