Wed Apr 24 09:21:01 MDT 2019 /var/spool/slurm/job545688/slurm_script
source "${dir_tools}/bash/master-tpl-sweep.sh"
Wed Apr 24 09:21:01 MDT 2019 /lustre/ttscratch1/dantopa/repos/gitlab/pull-requests/libraries/tools/bash/master-tpl-sweep.sh
cd /lustre/ttscratch1/dantopa/repos/gitlab/pull-requests/libraries/tools
source directories/libraries-trinitite.sh
Wed Apr 24 09:21:01 MDT 2019 [1mdirectories/libraries-trinitite.sh(B[m
source tpl-versions/versions-pmix.sh
Wed Apr 24 09:21:01 MDT 2019 [1mtpl-versions/versions-pmix.sh(B[m
4 pmix versions loaded:
3.1.2  3.0.2  2.2.2  2.1.4

source compilers/compilers-trinitite-standard.sh
Wed Apr 24 09:21:01 MDT 2019 [1mcompilers/compilers-trinitite-standard.sh(B[m
7 Spack-recognized compilers loaded:
cce@8.7.9  cce@8.7.8  gcc@8.2.0  gcc@7.3.0  gcc@6.3.0  intel@19.0.1  intel@18.0.5

source klingons/trinitite-standard-pmix.sh
/lustre/ttscratch1/dantopa/repos/gitlab/pull-requests/libraries/tools/bash/master-tpl-sweep.sh: line 36: klingons/trinitite-standard-pmix.sh: No such file or directory
cd /lustre/ttscratch1/dantopa/spack/libraries/trinitite-standard.pmix
. share/spack/setup-env.sh
export spack_architecture='arch=cray-cnl6-haswell'
spack clean -a
==> Removing all temporary build stages
==> Removing cached downloads
==> Removing cached information on repositories
==> Removing python cache files
spack install pmix @ 3.1.2 % cce@8.7.9  arch=cray-cnl6-haswell  >> /lustre/ttscratch1/dantopa/repos/gitlab/pull-requests/libraries/results/install-log/trinitite-standard-pmix-install.log
==> Error: ProcessError: Command exited with status 2:
    'make' '-j64'

13 errors found in build log:
     832    CC-2103 craycc: WARNING in command line
     833      The -Werror=pointer-to-int-cast option is not supported or invali
            d and will be ignored.
     834    CC-571 craycc: ERROR
     835      An invalid option "no-strict-aliasing" appears on the command lin
            e.
     836    
     837    Makefile:539: recipe for target 'common_interface.lo' failed
  >> 838    make[2]: *** [common_interface.lo] Error 1
     839    make[2]: *** Waiting for unfinished jobs....
     840    CC-571 craycc: ERROR
     841      An invalid option "no-strict-aliasing" appears on the command lin
            e.
     842    
     843    CC-571 craycc: ERROR
     844      An invalid option "no-strict-aliasing" appears on the command lin
            e.
     845    
     846    Makefile:539: recipe for target 'common_io.lo' failed
  >> 847    make[2]: *** [common_io.lo] Error 1
     848    Makefile:539: recipe for target 'common_bridge.lo' failed
  >> 849    make[2]: *** [common_bridge.lo] Error 1
     850    CC-571 craycc: ERROR
     851      An invalid option "no-strict-aliasing" appears on the command lin
            e.
     852    
     853    CC-571 craycc: ERROR
     854      An invalid option "no-strict-aliasing" appears on the command lin
            e.
     855    

     ...

     866      An invalid option "no-strict-aliasing" appears on the command lin
            e.
     867    
     868    CC-571 craycc: ERROR
     869      An invalid option "no-strict-aliasing" appears on the command lin
            e.
     870    
     871    Makefile:539: recipe for target 'common_capability.lo' failed
  >> 872    make[2]: *** [common_capability.lo] Error 1
     873    Makefile:539: recipe for target 'common_map.lo' failed
  >> 874    make[2]: *** [common_map.lo] Error 1
     875    CC-571 craycc: ERROR
     876      An invalid option "no-strict-aliasing" appears on the command lin
            e.
     877    
     878    Makefile:539: recipe for target 'linux_devmem.lo' failed
  >> 879    make[2]: *** [linux_devmem.lo] Error 1
     880    Makefile:539: recipe for target 'linux_sysfs.lo' failed
  >> 881    make[2]: *** [linux_sysfs.lo] Error 1
     882    Makefile:539: recipe for target 'common_vgaarb.lo' failed
  >> 883    make[2]: *** [common_vgaarb.lo] Error 1
     884    Makefile:539: recipe for target 'common_iterator.lo' failed
  >> 885    make[2]: *** [common_iterator.lo] Error 1
     886    Makefile:539: recipe for target 'common_init.lo' failed
  >> 887    make[2]: *** [common_init.lo] Error 1
     888    Makefile:539: recipe for target 'common_device_name.lo' failed
  >> 889    make[2]: *** [common_device_name.lo] Error 1
     890    make[2]: Leaving directory '/tmp/dantopa/spack-stage/spack-stage-Pd
            1B0u/libpciaccess-0.13.5/src'
     891    Makefile:503: recipe for target 'all-recursive' failed
  >> 892    make[1]: *** [all-recursive] Error 1
     893    make[1]: Leaving directory '/tmp/dantopa/spack-stage/spack-stage-Pd
            1B0u/libpciaccess-0.13.5'
     894    Makefile:412: recipe for target 'all' failed
  >> 895    make: *** [all] Error 2

See build log for details:
  /lustre/ttscratch1/dantopa/spack/libraries/trinitite-standard.pmix/var/spack/stage/libpciaccess-0.13.5-euyrnaoulwxf2vi44xod7l46oo7zwy5g/spack-build.out
spack install pmix @ 3.1.2 % cce@8.7.8  arch=cray-cnl6-haswell  >> /lustre/ttscratch1/dantopa/repos/gitlab/pull-requests/libraries/results/install-log/trinitite-standard-pmix-install.log
==> Error: ProcessError: Command exited with status 2:
    'make' '-j64'

13 errors found in build log:
     835      An invalid option "no-strict-aliasing" appears on the command lin
            e.
     836    
     837    CC-571 craycc: ERROR
     838      An invalid option "no-strict-aliasing" appears on the command lin
            e.
     839    
     840    Makefile:539: recipe for target 'common_iterator.lo' failed
  >> 841    make[2]: *** [common_iterator.lo] Error 1
     842    make[2]: *** Waiting for unfinished jobs....
     843    Makefile:539: recipe for target 'common_interface.lo' failed
  >> 844    make[2]: *** [common_interface.lo] Error 1
     845    CC-571 craycc: ERROR
     846      An invalid option "no-strict-aliasing" appears on the command lin
            e.
     847    
     848    Makefile:539: recipe for target 'common_bridge.lo' failed
  >> 849    make[2]: *** [common_bridge.lo] Error 1
     850    CC-571 craycc: ERROR
     851      An invalid option "no-strict-aliasing" appears on the command lin
            e.
     852    
     853    CC-571 craycc: ERROR
     854      An invalid option "no-strict-aliasing" appears on the command lin
            e.
     855    
     856    Makefile:539: recipe for target 'common_init.lo' failed
  >> 857    make[2]: *** [common_init.lo] Error 1
     858    CC-571 craycc: ERROR
     859      An invalid option "no-strict-aliasing" appears on the command lin
            e.
     860    
     861    Makefile:539: recipe for target 'linux_devmem.lo' failed
  >> 862    make[2]: *** [linux_devmem.lo] Error 1
     863    CC-571 craycc: ERROR
     864      An invalid option "no-strict-aliasing" appears on the command lin
            e.
     865    
     866    CC-571 craycc: ERROR
     867      An invalid option "no-strict-aliasing" appears on the command lin
            e.
     868    

     ...

     873      An invalid option "no-strict-aliasing" appears on the command lin
            e.
     874    
     875    CC-571 craycc: ERROR
     876      An invalid option "no-strict-aliasing" appears on the command lin
            e.
     877    
     878    Makefile:539: recipe for target 'common_device_name.lo' failed
  >> 879    make[2]: *** [common_device_name.lo] Error 1
     880    Makefile:539: recipe for target 'common_io.lo' failed
  >> 881    make[2]: *** [common_io.lo] Error 1
     882    Makefile:539: recipe for target 'common_map.lo' failed
  >> 883    make[2]: *** [common_map.lo] Error 1
     884    Makefile:539: recipe for target 'common_vgaarb.lo' failed
  >> 885    make[2]: *** [common_vgaarb.lo] Error 1
     886    Makefile:539: recipe for target 'linux_sysfs.lo' failed
  >> 887    make[2]: *** [linux_sysfs.lo] Error 1
     888    Makefile:539: recipe for target 'common_capability.lo' failed
  >> 889    make[2]: *** [common_capability.lo] Error 1
     890    make[2]: Leaving directory '/tmp/dantopa/spack-stage/spack-stage-oP
            83Mf/libpciaccess-0.13.5/src'
     891    Makefile:503: recipe for target 'all-recursive' failed
  >> 892    make[1]: *** [all-recursive] Error 1
     893    make[1]: Leaving directory '/tmp/dantopa/spack-stage/spack-stage-oP
            83Mf/libpciaccess-0.13.5'
     894    Makefile:412: recipe for target 'all' failed
  >> 895    make: *** [all] Error 2

See build log for details:
  /lustre/ttscratch1/dantopa/spack/libraries/trinitite-standard.pmix/var/spack/stage/libpciaccess-0.13.5-kvtpv6d5nqzxdxqh3uioxmnkmftzfhx6/spack-build.out
spack install pmix @ 3.1.2 % gcc@8.2.0  arch=cray-cnl6-haswell  >> /lustre/ttscratch1/dantopa/repos/gitlab/pull-requests/libraries/results/install-log/trinitite-standard-pmix-install.log
==> Error: ProcessError: Command exited with status 2:
    'make' '-j64'

18 errors found in build log:
     598    make[2]: Entering directory '/tmp/dantopa/spack-stage/spack-stage-g
            Zg0f7/hwloc-2.0.2/utils/netloc/mpi'
     599      CC       netloc_rank_order.o
     600      CC       netloc_mpi_find_hosts-netloc_mpi_find_hosts.o
     601      CCLD     netloc_rank_order
     602      CCLD     netloc_mpi_find_hosts
     603    /usr/bin/ld: netloc_mpi_find_hosts-netloc_mpi_find_hosts.o: in func
            tion `main':
  >> 604    /tmp/dantopa/spack-stage/spack-stage-gZg0f7/hwloc-2.0.2/utils/netlo
            c/mpi/netloc_mpi_find_hosts.c:40: undefined reference to `MPI_Init'
  >> 605    /usr/bin/ld: /tmp/dantopa/spack-stage/spack-stage-gZg0f7/hwloc-2.0.
            2/utils/netloc/mpi/netloc_mpi_find_hosts.c:42: undefined reference 
            to `MPI_Comm_rank'
  >> 606    /usr/bin/ld: /tmp/dantopa/spack-stage/spack-stage-gZg0f7/hwloc-2.0.
            2/utils/netloc/mpi/netloc_mpi_find_hosts.c:43: undefined reference 
            to `MPI_Comm_size'
  >> 607    /usr/bin/ld: /tmp/dantopa/spack-stage/spack-stage-gZg0f7/hwloc-2.0.
            2/utils/netloc/mpi/netloc_mpi_find_hosts.c:48: undefined reference 
            to `MPI_Abort'
  >> 608    /usr/bin/ld: /tmp/dantopa/spack-stage/spack-stage-gZg0f7/hwloc-2.0.
            2/utils/netloc/mpi/netloc_mpi_find_hosts.c:57: undefined reference 
            to `MPI_Get_processor_name'
  >> 609    /usr/bin/ld: /tmp/dantopa/spack-stage/spack-stage-gZg0f7/hwloc-2.0.
            2/utils/netloc/mpi/netloc_mpi_find_hosts.c:157: undefined reference
             to `MPI_Send'
  >> 610    /usr/bin/ld: /tmp/dantopa/spack-stage/spack-stage-gZg0f7/hwloc-2.0.
            2/utils/netloc/mpi/netloc_mpi_find_hosts.c:159: undefined reference
             to `MPI_Send'
  >> 611    /usr/bin/ld: /tmp/dantopa/spack-stage/spack-stage-gZg0f7/hwloc-2.0.
            2/utils/netloc/mpi/netloc_mpi_find_hosts.c:162: undefined reference
             to `MPI_Recv'
  >> 612    /usr/bin/ld: /tmp/dantopa/spack-stage/spack-stage-gZg0f7/hwloc-2.0.
            2/utils/netloc/mpi/netloc_mpi_find_hosts.c:223: undefined reference
             to `MPI_Finalize'
  >> 613    /usr/bin/ld: /tmp/dantopa/spack-stage/spack-stage-gZg0f7/hwloc-2.0.
            2/utils/netloc/mpi/netloc_mpi_find_hosts.c:93: undefined reference 
            to `MPI_Recv'
  >> 614    /usr/bin/ld: /tmp/dantopa/spack-stage/spack-stage-gZg0f7/hwloc-2.0.
            2/utils/netloc/mpi/netloc_mpi_find_hosts.c:99: undefined reference 
            to `MPI_Recv'
  >> 615    /usr/bin/ld: /tmp/dantopa/spack-stage/spack-stage-gZg0f7/hwloc-2.0.
            2/utils/netloc/mpi/netloc_mpi_find_hosts.c:116: undefined reference
             to `MPI_Send'
  >> 616    /usr/bin/ld: /tmp/dantopa/spack-stage/spack-stage-gZg0f7/hwloc-2.0.
            2/utils/netloc/mpi/netloc_mpi_find_hosts.c:112: undefined reference
             to `MPI_Send'
  >> 617    /usr/bin/ld: /tmp/dantopa/spack-stage/spack-stage-gZg0f7/hwloc-2.0.
            2/utils/netloc/mpi/netloc_mpi_find_hosts.c:65: undefined reference 
            to `MPI_Abort'
  >> 618    collect2: error: ld returned 1 exit status
     619    Makefile:516: recipe for target 'netloc_mpi_find_hosts' failed
  >> 620    make[2]: *** [netloc_mpi_find_hosts] Error 1
     621    make[2]: Leaving directory '/tmp/dantopa/spack-stage/spack-stage-gZ
            g0f7/hwloc-2.0.2/utils/netloc/mpi'
     622    Makefile:454: recipe for target 'all-recursive' failed
  >> 623    make[1]: *** [all-recursive] Error 1
     624    make[1]: Leaving directory '/tmp/dantopa/spack-stage/spack-stage-gZ
            g0f7/hwloc-2.0.2/utils'
     625    Makefile:629: recipe for target 'all-recursive' failed
  >> 626    make: *** [all-recursive] Error 1

See build log for details:
  /lustre/ttscratch1/dantopa/spack/libraries/trinitite-standard.pmix/var/spack/stage/hwloc-2.0.2-e5adoxrsaf2hb3r5l34hqglexwxonaf6/spack-build.out
spack install pmix @ 3.1.2 % gcc@7.3.0  arch=cray-cnl6-haswell  >> /lustre/ttscratch1/dantopa/repos/gitlab/pull-requests/libraries/results/install-log/trinitite-standard-pmix-install.log
==> Error: ProcessError: Command exited with status 2:
    'make' '-j64'

18 errors found in build log:
     598    make[2]: Entering directory '/tmp/dantopa/spack-stage/spack-stage-G
            FOmoN/hwloc-2.0.2/utils/netloc/mpi'
     599      CC       netloc_rank_order.o
     600      CC       netloc_mpi_find_hosts-netloc_mpi_find_hosts.o
     601      CCLD     netloc_rank_order
     602      CCLD     netloc_mpi_find_hosts
     603    /usr/bin/ld: netloc_mpi_find_hosts-netloc_mpi_find_hosts.o: in func
            tion `main':
  >> 604    /tmp/dantopa/spack-stage/spack-stage-GFOmoN/hwloc-2.0.2/utils/netlo
            c/mpi/netloc_mpi_find_hosts.c:40: undefined reference to `MPI_Init'
  >> 605    /usr/bin/ld: /tmp/dantopa/spack-stage/spack-stage-GFOmoN/hwloc-2.0.
            2/utils/netloc/mpi/netloc_mpi_find_hosts.c:42: undefined reference 
            to `MPI_Comm_rank'
  >> 606    /usr/bin/ld: /tmp/dantopa/spack-stage/spack-stage-GFOmoN/hwloc-2.0.
            2/utils/netloc/mpi/netloc_mpi_find_hosts.c:43: undefined reference 
            to `MPI_Comm_size'
  >> 607    /usr/bin/ld: /tmp/dantopa/spack-stage/spack-stage-GFOmoN/hwloc-2.0.
            2/utils/netloc/mpi/netloc_mpi_find_hosts.c:48: undefined reference 
            to `MPI_Abort'
  >> 608    /usr/bin/ld: /tmp/dantopa/spack-stage/spack-stage-GFOmoN/hwloc-2.0.
            2/utils/netloc/mpi/netloc_mpi_find_hosts.c:57: undefined reference 
            to `MPI_Get_processor_name'
  >> 609    /usr/bin/ld: /tmp/dantopa/spack-stage/spack-stage-GFOmoN/hwloc-2.0.
            2/utils/netloc/mpi/netloc_mpi_find_hosts.c:157: undefined reference
             to `MPI_Send'
  >> 610    /usr/bin/ld: /tmp/dantopa/spack-stage/spack-stage-GFOmoN/hwloc-2.0.
            2/utils/netloc/mpi/netloc_mpi_find_hosts.c:159: undefined reference
             to `MPI_Send'
  >> 611    /usr/bin/ld: /tmp/dantopa/spack-stage/spack-stage-GFOmoN/hwloc-2.0.
            2/utils/netloc/mpi/netloc_mpi_find_hosts.c:162: undefined reference
             to `MPI_Recv'
  >> 612    /usr/bin/ld: /tmp/dantopa/spack-stage/spack-stage-GFOmoN/hwloc-2.0.
            2/utils/netloc/mpi/netloc_mpi_find_hosts.c:223: undefined reference
             to `MPI_Finalize'
  >> 613    /usr/bin/ld: /tmp/dantopa/spack-stage/spack-stage-GFOmoN/hwloc-2.0.
            2/utils/netloc/mpi/netloc_mpi_find_hosts.c:93: undefined reference 
            to `MPI_Recv'
  >> 614    /usr/bin/ld: /tmp/dantopa/spack-stage/spack-stage-GFOmoN/hwloc-2.0.
            2/utils/netloc/mpi/netloc_mpi_find_hosts.c:99: undefined reference 
            to `MPI_Recv'
  >> 615    /usr/bin/ld: /tmp/dantopa/spack-stage/spack-stage-GFOmoN/hwloc-2.0.
            2/utils/netloc/mpi/netloc_mpi_find_hosts.c:116: undefined reference
             to `MPI_Send'
  >> 616    /usr/bin/ld: /tmp/dantopa/spack-stage/spack-stage-GFOmoN/hwloc-2.0.
            2/utils/netloc/mpi/netloc_mpi_find_hosts.c:112: undefined reference
             to `MPI_Send'
  >> 617    /usr/bin/ld: /tmp/dantopa/spack-stage/spack-stage-GFOmoN/hwloc-2.0.
            2/utils/netloc/mpi/netloc_mpi_find_hosts.c:65: undefined reference 
            to `MPI_Abort'
  >> 618    collect2: error: ld returned 1 exit status
     619    Makefile:516: recipe for target 'netloc_mpi_find_hosts' failed
  >> 620    make[2]: *** [netloc_mpi_find_hosts] Error 1
     621    make[2]: Leaving directory '/tmp/dantopa/spack-stage/spack-stage-GF
            OmoN/hwloc-2.0.2/utils/netloc/mpi'
     622    Makefile:454: recipe for target 'all-recursive' failed
  >> 623    make[1]: *** [all-recursive] Error 1
     624    make[1]: Leaving directory '/tmp/dantopa/spack-stage/spack-stage-GF
            OmoN/hwloc-2.0.2/utils'
     625    Makefile:629: recipe for target 'all-recursive' failed
  >> 626    make: *** [all-recursive] Error 1

See build log for details:
  /lustre/ttscratch1/dantopa/spack/libraries/trinitite-standard.pmix/var/spack/stage/hwloc-2.0.2-nlvylts6t564nekxvdttpyraivcemhry/spack-build.out
spack install pmix @ 3.1.2 % gcc@6.3.0  arch=cray-cnl6-haswell  >> /lustre/ttscratch1/dantopa/repos/gitlab/pull-requests/libraries/results/install-log/trinitite-standard-pmix-install.log
==> Error: ProcessError: Command exited with status 77:
    '/lustre/ttscratch1/dantopa/spack/libraries/trinitite-standard.pmix/var/spack/stage/libpciaccess-0.13.5-upvrvvm3axk2d2zhjvsyokb6xc6odss4/libpciaccess-0.13.5/configure' '--prefix=/lustre/ttscratch1/dantopa/spack/libraries/trinitite-standard.pmix/opt/spack/cray-cnl6-haswell/gcc-6.3.0/libpciaccess-0.13.5-upvrvvm3axk2d2zhjvsyokb6xc6odss4'

2 errors found in build log:
     7     checking for gawk... gawk
     8     checking whether make sets $(MAKE)... yes
     9     checking whether make supports nested variables... yes
     10    checking for style of include used by make... GNU
     11    checking for gcc... /lustre/ttscratch1/dantopa/spack/libraries/trini
           tite-standard.pmix/lib/spack/env/gcc/gcc
     12    checking whether the C compiler works... no
  >> 13    configure: error: in `/tmp/dantopa/spack-stage/spack-stage-YvMLxv/li
           bpciaccess-0.13.5':
  >> 14    configure: error: C compiler cannot create executables
     15    See `config.log' for more details

See build log for details:
  /lustre/ttscratch1/dantopa/spack/libraries/trinitite-standard.pmix/var/spack/stage/libpciaccess-0.13.5-upvrvvm3axk2d2zhjvsyokb6xc6odss4/spack-build.out
spack install pmix @ 3.1.2 % intel@19.0.1  arch=cray-cnl6-haswell  >> /lustre/ttscratch1/dantopa/repos/gitlab/pull-requests/libraries/results/install-log/trinitite-standard-pmix-install.log
==> Error: sequence item 2: expected string, NoneType found
spack install pmix @ 3.1.2 % intel@18.0.5  arch=cray-cnl6-haswell  >> /lustre/ttscratch1/dantopa/repos/gitlab/pull-requests/libraries/results/install-log/trinitite-standard-pmix-install.log
==> Error: ProcessError: Command exited with status 2:
    'make' '-j64'

17 errors found in build log:
     597    make[2]: Entering directory '/tmp/dantopa/spack-stage/spack-stage-c
            kUJIM/hwloc-2.0.2/utils/netloc/mpi'
     598      CC       netloc_rank_order.o
     599      CC       netloc_mpi_find_hosts-netloc_mpi_find_hosts.o
     600      CCLD     netloc_rank_order
     601      CCLD     netloc_mpi_find_hosts
     602    ld: netloc_mpi_find_hosts-netloc_mpi_find_hosts.o: in function `mai
            n':
  >> 603    /tmp/dantopa/spack-stage/spack-stage-ckUJIM/hwloc-2.0.2/utils/netlo
            c/mpi/netloc_mpi_find_hosts.c:40: undefined reference to `MPI_Init'
  >> 604    ld: /tmp/dantopa/spack-stage/spack-stage-ckUJIM/hwloc-2.0.2/utils/n
            etloc/mpi/netloc_mpi_find_hosts.c:42: undefined reference to `MPI_C
            omm_rank'
  >> 605    ld: /tmp/dantopa/spack-stage/spack-stage-ckUJIM/hwloc-2.0.2/utils/n
            etloc/mpi/netloc_mpi_find_hosts.c:43: undefined reference to `MPI_C
            omm_size'
  >> 606    ld: /tmp/dantopa/spack-stage/spack-stage-ckUJIM/hwloc-2.0.2/utils/n
            etloc/mpi/netloc_mpi_find_hosts.c:48: undefined reference to `MPI_A
            bort'
  >> 607    ld: /tmp/dantopa/spack-stage/spack-stage-ckUJIM/hwloc-2.0.2/utils/n
            etloc/mpi/netloc_mpi_find_hosts.c:57: undefined reference to `MPI_G
            et_processor_name'
  >> 608    ld: /tmp/dantopa/spack-stage/spack-stage-ckUJIM/hwloc-2.0.2/utils/n
            etloc/mpi/netloc_mpi_find_hosts.c:93: undefined reference to `MPI_R
            ecv'
  >> 609    ld: /tmp/dantopa/spack-stage/spack-stage-ckUJIM/hwloc-2.0.2/utils/n
            etloc/mpi/netloc_mpi_find_hosts.c:99: undefined reference to `MPI_R
            ecv'
  >> 610    ld: /tmp/dantopa/spack-stage/spack-stage-ckUJIM/hwloc-2.0.2/utils/n
            etloc/mpi/netloc_mpi_find_hosts.c:112: undefined reference to `MPI_
            Send'
  >> 611    ld: /tmp/dantopa/spack-stage/spack-stage-ckUJIM/hwloc-2.0.2/utils/n
            etloc/mpi/netloc_mpi_find_hosts.c:157: undefined reference to `MPI_
            Send'
  >> 612    ld: /tmp/dantopa/spack-stage/spack-stage-ckUJIM/hwloc-2.0.2/utils/n
            etloc/mpi/netloc_mpi_find_hosts.c:159: undefined reference to `MPI_
            Send'
  >> 613    ld: /tmp/dantopa/spack-stage/spack-stage-ckUJIM/hwloc-2.0.2/utils/n
            etloc/mpi/netloc_mpi_find_hosts.c:162: undefined reference to `MPI_
            Recv'
  >> 614    ld: /tmp/dantopa/spack-stage/spack-stage-ckUJIM/hwloc-2.0.2/utils/n
            etloc/mpi/netloc_mpi_find_hosts.c:223: undefined reference to `MPI_
            Finalize'
  >> 615    ld: /tmp/dantopa/spack-stage/spack-stage-ckUJIM/hwloc-2.0.2/utils/n
            etloc/mpi/netloc_mpi_find_hosts.c:116: undefined reference to `MPI_
            Send'
  >> 616    ld: /tmp/dantopa/spack-stage/spack-stage-ckUJIM/hwloc-2.0.2/utils/n
            etloc/mpi/netloc_mpi_find_hosts.c:65: undefined reference to `MPI_A
            bort'
     617    Makefile:516: recipe for target 'netloc_mpi_find_hosts' failed
  >> 618    make[2]: *** [netloc_mpi_find_hosts] Error 1
     619    make[2]: Leaving directory '/tmp/dantopa/spack-stage/spack-stage-ck
            UJIM/hwloc-2.0.2/utils/netloc/mpi'
     620    Makefile:454: recipe for target 'all-recursive' failed
  >> 621    make[1]: *** [all-recursive] Error 1
     622    make[1]: Leaving directory '/tmp/dantopa/spack-stage/spack-stage-ck
            UJIM/hwloc-2.0.2/utils'
     623    Makefile:629: recipe for target 'all-recursive' failed
  >> 624    make: *** [all-recursive] Error 1

See build log for details:
  /lustre/ttscratch1/dantopa/spack/libraries/trinitite-standard.pmix/var/spack/stage/hwloc-2.0.2-kqzvskcxsdtvqipxzrxuscxnnsvj3ycu/spack-build.out
spack install pmix @ 3.0.2 % cce@8.7.9  arch=cray-cnl6-haswell  >> /lustre/ttscratch1/dantopa/repos/gitlab/pull-requests/libraries/results/install-log/trinitite-standard-pmix-install.log
==> Error: ProcessError: Command exited with status 2:
    'make' '-j64'

13 errors found in build log:
     838      An invalid option "no-strict-aliasing" appears on the command lin
            e.
     839    
     840    CC-571 craycc: ERROR
     841      An invalid option "no-strict-aliasing" appears on the command lin
            e.
     842    
     843    Makefile:539: recipe for target 'common_capability.lo' failed
  >> 844    make[2]: *** [common_capability.lo] Error 1
     845    CC-571 craycc: ERROR
     846      An invalid option "no-strict-aliasing" appears on the command lin
            e.
     847    
     848    make[2]: *** Waiting for unfinished jobs....
     849    Makefile:539: recipe for target 'linux_devmem.lo' failed
  >> 850    make[2]: *** [linux_devmem.lo] Error 1
     851    CC-571 craycc: ERROR
     852      An invalid option "no-strict-aliasing" appears on the command lin
            e.
     853    
     854    CC-571 craycc: ERROR
     855      An invalid option "no-strict-aliasing" appears on the command lin
            e.
     856    
     857    CC-571 craycc: ERROR
     858      An invalid option "no-strict-aliasing" appears on the command lin
            e.
     859    
     860    Makefile:539: recipe for target 'common_init.lo' failed
  >> 861    make[2]: *** [common_init.lo] Error 1
     862    CC-571 craycc: ERROR
     863      An invalid option "no-strict-aliasing" appears on the command lin
            e.
     864    
     865    CC-571 craycc: ERROR
     866      An invalid option "no-strict-aliasing" appears on the command lin
            e.
     867    
     868    Makefile:539: recipe for target 'common_interface.lo' failed
  >> 869    make[2]: *** [common_interface.lo] Error 1
     870    CC-571 craycc: ERROR
     871      An invalid option "no-strict-aliasing" appears on the command lin
            e.
     872    
     873    Makefile:539: recipe for target 'common_bridge.lo' failed
  >> 874    make[2]: *** [common_bridge.lo] Error 1
     875    Makefile:539: recipe for target 'common_iterator.lo' failed
  >> 876    make[2]: *** [common_iterator.lo] Error 1
     877    Makefile:539: recipe for target 'linux_sysfs.lo' failed
  >> 878    make[2]: *** [linux_sysfs.lo] Error 1
     879    CC-571 craycc: ERROR
     880      An invalid option "no-strict-aliasing" appears on the command lin
            e.
     881    
     882    Makefile:539: recipe for target 'common_io.lo' failed
  >> 883    make[2]: *** [common_io.lo] Error 1
     884    Makefile:539: recipe for target 'common_vgaarb.lo' failed
  >> 885    make[2]: *** [common_vgaarb.lo] Error 1
     886    Makefile:539: recipe for target 'common_map.lo' failed
  >> 887    make[2]: *** [common_map.lo] Error 1
     888    Makefile:539: recipe for target 'common_device_name.lo' failed
  >> 889    make[2]: *** [common_device_name.lo] Error 1
     890    make[2]: Leaving directory '/tmp/dantopa/spack-stage/spack-stage-oh
            NVXV/libpciaccess-0.13.5/src'
     891    Makefile:503: recipe for target 'all-recursive' failed
  >> 892    make[1]: *** [all-recursive] Error 1
     893    make[1]: Leaving directory '/tmp/dantopa/spack-stage/spack-stage-oh
            NVXV/libpciaccess-0.13.5'
     894    Makefile:412: recipe for target 'all' failed
  >> 895    make: *** [all] Error 2

See build log for details:
  /lustre/ttscratch1/dantopa/spack/libraries/trinitite-standard.pmix/var/spack/stage/libpciaccess-0.13.5-euyrnaoulwxf2vi44xod7l46oo7zwy5g/spack-build.out
spack install pmix @ 3.0.2 % cce@8.7.8  arch=cray-cnl6-haswell  >> /lustre/ttscratch1/dantopa/repos/gitlab/pull-requests/libraries/results/install-log/trinitite-standard-pmix-install.log
==> Error: ProcessError: Command exited with status 2:
    'make' '-j64'

13 errors found in build log:
     835      An invalid option "no-strict-aliasing" appears on the command lin
            e.
     836    
     837    CC-571 craycc: ERROR
     838      An invalid option "no-strict-aliasing" appears on the command lin
            e.
     839    
     840    Makefile:539: recipe for target 'common_init.lo' failed
  >> 841    make[2]: *** [common_init.lo] Error 1
     842    make[2]: *** Waiting for unfinished jobs....
     843    CC-571 craycc: ERROR
     844      An invalid option "no-strict-aliasing" appears on the command lin
            e.
     845    
     846    CC-571 craycc: ERROR
     847      An invalid option "no-strict-aliasing" appears on the command lin
            e.

     ...

     853      An invalid option "no-strict-aliasing" appears on the command lin
            e.
     854    
     855    CC-571 craycc: ERROR
     856      An invalid option "no-strict-aliasing" appears on the command lin
            e.
     857    
     858    Makefile:539: recipe for target 'common_bridge.lo' failed
  >> 859    make[2]: *** [common_bridge.lo] Error 1
     860    CC-571 craycc: ERROR
     861      An invalid option "no-strict-aliasing" appears on the command lin
            e.
     862    
     863    Makefile:539: recipe for target 'common_capability.lo' failed
  >> 864    make[2]: *** [common_capability.lo] Error 1
     865    Makefile:539: recipe for target 'common_io.lo' failed
  >> 866    make[2]: *** [common_io.lo] Error 1
     867    Makefile:539: recipe for target 'common_iterator.lo' failed
  >> 868    make[2]: *** [common_iterator.lo] Error 1
     869    Makefile:539: recipe for target 'common_interface.lo' failed
  >> 870    make[2]: *** [common_interface.lo] Error 1
     871    CC-571 craycc: ERROR
     872      An invalid option "no-strict-aliasing" appears on the command lin
            e.
     873    
     874    Makefile:539: recipe for target 'linux_devmem.lo' failed
  >> 875    make[2]: *** [linux_devmem.lo] Error 1
     876    CC-571 craycc: ERROR
     877      An invalid option "no-strict-aliasing" appears on the command lin
            e.
     878    
     879    CC-571 craycc: ERROR
     880      An invalid option "no-strict-aliasing" appears on the command lin
            e.
     881    
     882    Makefile:539: recipe for target 'common_map.lo' failed
  >> 883    make[2]: *** [common_map.lo] Error 1
     884    Makefile:539: recipe for target 'common_device_name.lo' failed
  >> 885    make[2]: *** [common_device_name.lo] Error 1
     886    Makefile:539: recipe for target 'common_vgaarb.lo' failed
  >> 887    make[2]: *** [common_vgaarb.lo] Error 1
     888    Makefile:539: recipe for target 'linux_sysfs.lo' failed
  >> 889    make[2]: *** [linux_sysfs.lo] Error 1
     890    make[2]: Leaving directory '/tmp/dantopa/spack-stage/spack-stage-tz
            BSnc/libpciaccess-0.13.5/src'
     891    Makefile:503: recipe for target 'all-recursive' failed
  >> 892    make[1]: *** [all-recursive] Error 1
     893    make[1]: Leaving directory '/tmp/dantopa/spack-stage/spack-stage-tz
            BSnc/libpciaccess-0.13.5'
     894    Makefile:412: recipe for target 'all' failed
  >> 895    make: *** [all] Error 2

See build log for details:
  /lustre/ttscratch1/dantopa/spack/libraries/trinitite-standard.pmix/var/spack/stage/libpciaccess-0.13.5-kvtpv6d5nqzxdxqh3uioxmnkmftzfhx6/spack-build.out
spack install pmix @ 3.0.2 % gcc@8.2.0  arch=cray-cnl6-haswell  >> /lustre/ttscratch1/dantopa/repos/gitlab/pull-requests/libraries/results/install-log/trinitite-standard-pmix-install.log
==> Error: ProcessError: Command exited with status 2:
    'make' '-j64'

18 errors found in build log:
     598    make[2]: Entering directory '/tmp/dantopa/spack-stage/spack-stage-E
            T6iYr/hwloc-2.0.2/utils/netloc/mpi'
     599      CC       netloc_rank_order.o
     600      CC       netloc_mpi_find_hosts-netloc_mpi_find_hosts.o
     601      CCLD     netloc_rank_order
     602      CCLD     netloc_mpi_find_hosts
     603    /usr/bin/ld: netloc_mpi_find_hosts-netloc_mpi_find_hosts.o: in func
            tion `main':
  >> 604    /tmp/dantopa/spack-stage/spack-stage-ET6iYr/hwloc-2.0.2/utils/netlo
            c/mpi/netloc_mpi_find_hosts.c:40: undefined reference to `MPI_Init'
  >> 605    /usr/bin/ld: /tmp/dantopa/spack-stage/spack-stage-ET6iYr/hwloc-2.0.
            2/utils/netloc/mpi/netloc_mpi_find_hosts.c:42: undefined reference 
            to `MPI_Comm_rank'
  >> 606    /usr/bin/ld: /tmp/dantopa/spack-stage/spack-stage-ET6iYr/hwloc-2.0.
            2/utils/netloc/mpi/netloc_mpi_find_hosts.c:43: undefined reference 
            to `MPI_Comm_size'
  >> 607    /usr/bin/ld: /tmp/dantopa/spack-stage/spack-stage-ET6iYr/hwloc-2.0.
            2/utils/netloc/mpi/netloc_mpi_find_hosts.c:48: undefined reference 
            to `MPI_Abort'
  >> 608    /usr/bin/ld: /tmp/dantopa/spack-stage/spack-stage-ET6iYr/hwloc-2.0.
            2/utils/netloc/mpi/netloc_mpi_find_hosts.c:57: undefined reference 
            to `MPI_Get_processor_name'
  >> 609    /usr/bin/ld: /tmp/dantopa/spack-stage/spack-stage-ET6iYr/hwloc-2.0.
            2/utils/netloc/mpi/netloc_mpi_find_hosts.c:157: undefined reference
             to `MPI_Send'
  >> 610    /usr/bin/ld: /tmp/dantopa/spack-stage/spack-stage-ET6iYr/hwloc-2.0.
            2/utils/netloc/mpi/netloc_mpi_find_hosts.c:159: undefined reference
             to `MPI_Send'
  >> 611    /usr/bin/ld: /tmp/dantopa/spack-stage/spack-stage-ET6iYr/hwloc-2.0.
            2/utils/netloc/mpi/netloc_mpi_find_hosts.c:162: undefined reference
             to `MPI_Recv'
  >> 612    /usr/bin/ld: /tmp/dantopa/spack-stage/spack-stage-ET6iYr/hwloc-2.0.
            2/utils/netloc/mpi/netloc_mpi_find_hosts.c:223: undefined reference
             to `MPI_Finalize'
  >> 613    /usr/bin/ld: /tmp/dantopa/spack-stage/spack-stage-ET6iYr/hwloc-2.0.
            2/utils/netloc/mpi/netloc_mpi_find_hosts.c:93: undefined reference 
            to `MPI_Recv'
  >> 614    /usr/bin/ld: /tmp/dantopa/spack-stage/spack-stage-ET6iYr/hwloc-2.0.
            2/utils/netloc/mpi/netloc_mpi_find_hosts.c:99: undefined reference 
            to `MPI_Recv'
  >> 615    /usr/bin/ld: /tmp/dantopa/spack-stage/spack-stage-ET6iYr/hwloc-2.0.
            2/utils/netloc/mpi/netloc_mpi_find_hosts.c:116: undefined reference
             to `MPI_Send'
  >> 616    /usr/bin/ld: /tmp/dantopa/spack-stage/spack-stage-ET6iYr/hwloc-2.0.
            2/utils/netloc/mpi/netloc_mpi_find_hosts.c:112: undefined reference
             to `MPI_Send'
  >> 617    /usr/bin/ld: /tmp/dantopa/spack-stage/spack-stage-ET6iYr/hwloc-2.0.
            2/utils/netloc/mpi/netloc_mpi_find_hosts.c:65: undefined reference 
            to `MPI_Abort'
  >> 618    collect2: error: ld returned 1 exit status
     619    Makefile:516: recipe for target 'netloc_mpi_find_hosts' failed
  >> 620    make[2]: *** [netloc_mpi_find_hosts] Error 1
     621    make[2]: Leaving directory '/tmp/dantopa/spack-stage/spack-stage-ET
            6iYr/hwloc-2.0.2/utils/netloc/mpi'
     622    Makefile:454: recipe for target 'all-recursive' failed
  >> 623    make[1]: *** [all-recursive] Error 1
     624    make[1]: Leaving directory '/tmp/dantopa/spack-stage/spack-stage-ET
            6iYr/hwloc-2.0.2/utils'
     625    Makefile:629: recipe for target 'all-recursive' failed
  >> 626    make: *** [all-recursive] Error 1

See build log for details:
  /lustre/ttscratch1/dantopa/spack/libraries/trinitite-standard.pmix/var/spack/stage/hwloc-2.0.2-e5adoxrsaf2hb3r5l34hqglexwxonaf6/spack-build.out
spack install pmix @ 3.0.2 % gcc@7.3.0  arch=cray-cnl6-haswell  >> /lustre/ttscratch1/dantopa/repos/gitlab/pull-requests/libraries/results/install-log/trinitite-standard-pmix-install.log
==> Error: ProcessError: Command exited with status 2:
    'make' '-j64'

18 errors found in build log:
     598    make[2]: Entering directory '/tmp/dantopa/spack-stage/spack-stage-E
            5tH0m/hwloc-2.0.2/utils/netloc/mpi'
     599      CC       netloc_rank_order.o
     600      CC       netloc_mpi_find_hosts-netloc_mpi_find_hosts.o
     601      CCLD     netloc_rank_order
     602      CCLD     netloc_mpi_find_hosts
     603    /usr/bin/ld: netloc_mpi_find_hosts-netloc_mpi_find_hosts.o: in func
            tion `main':
  >> 604    /tmp/dantopa/spack-stage/spack-stage-E5tH0m/hwloc-2.0.2/utils/netlo
            c/mpi/netloc_mpi_find_hosts.c:40: undefined reference to `MPI_Init'
  >> 605    /usr/bin/ld: /tmp/dantopa/spack-stage/spack-stage-E5tH0m/hwloc-2.0.
            2/utils/netloc/mpi/netloc_mpi_find_hosts.c:42: undefined reference 
            to `MPI_Comm_rank'
  >> 606    /usr/bin/ld: /tmp/dantopa/spack-stage/spack-stage-E5tH0m/hwloc-2.0.
            2/utils/netloc/mpi/netloc_mpi_find_hosts.c:43: undefined reference 
            to `MPI_Comm_size'
  >> 607    /usr/bin/ld: /tmp/dantopa/spack-stage/spack-stage-E5tH0m/hwloc-2.0.
            2/utils/netloc/mpi/netloc_mpi_find_hosts.c:48: undefined reference 
            to `MPI_Abort'
  >> 608    /usr/bin/ld: /tmp/dantopa/spack-stage/spack-stage-E5tH0m/hwloc-2.0.
            2/utils/netloc/mpi/netloc_mpi_find_hosts.c:57: undefined reference 
            to `MPI_Get_processor_name'
  >> 609    /usr/bin/ld: /tmp/dantopa/spack-stage/spack-stage-E5tH0m/hwloc-2.0.
            2/utils/netloc/mpi/netloc_mpi_find_hosts.c:157: undefined reference
             to `MPI_Send'
  >> 610    /usr/bin/ld: /tmp/dantopa/spack-stage/spack-stage-E5tH0m/hwloc-2.0.
            2/utils/netloc/mpi/netloc_mpi_find_hosts.c:159: undefined reference
             to `MPI_Send'
  >> 611    /usr/bin/ld: /tmp/dantopa/spack-stage/spack-stage-E5tH0m/hwloc-2.0.
            2/utils/netloc/mpi/netloc_mpi_find_hosts.c:162: undefined reference
             to `MPI_Recv'
  >> 612    /usr/bin/ld: /tmp/dantopa/spack-stage/spack-stage-E5tH0m/hwloc-2.0.
            2/utils/netloc/mpi/netloc_mpi_find_hosts.c:223: undefined reference
             to `MPI_Finalize'
  >> 613    /usr/bin/ld: /tmp/dantopa/spack-stage/spack-stage-E5tH0m/hwloc-2.0.
            2/utils/netloc/mpi/netloc_mpi_find_hosts.c:93: undefined reference 
            to `MPI_Recv'
  >> 614    /usr/bin/ld: /tmp/dantopa/spack-stage/spack-stage-E5tH0m/hwloc-2.0.
            2/utils/netloc/mpi/netloc_mpi_find_hosts.c:99: undefined reference 
            to `MPI_Recv'
  >> 615    /usr/bin/ld: /tmp/dantopa/spack-stage/spack-stage-E5tH0m/hwloc-2.0.
            2/utils/netloc/mpi/netloc_mpi_find_hosts.c:116: undefined reference
             to `MPI_Send'
  >> 616    /usr/bin/ld: /tmp/dantopa/spack-stage/spack-stage-E5tH0m/hwloc-2.0.
            2/utils/netloc/mpi/netloc_mpi_find_hosts.c:112: undefined reference
             to `MPI_Send'
  >> 617    /usr/bin/ld: /tmp/dantopa/spack-stage/spack-stage-E5tH0m/hwloc-2.0.
            2/utils/netloc/mpi/netloc_mpi_find_hosts.c:65: undefined reference 
            to `MPI_Abort'
  >> 618    collect2: error: ld returned 1 exit status
     619    Makefile:516: recipe for target 'netloc_mpi_find_hosts' failed
  >> 620    make[2]: *** [netloc_mpi_find_hosts] Error 1
     621    make[2]: Leaving directory '/tmp/dantopa/spack-stage/spack-stage-E5
            tH0m/hwloc-2.0.2/utils/netloc/mpi'
     622    Makefile:454: recipe for target 'all-recursive' failed
  >> 623    make[1]: *** [all-recursive] Error 1
     624    make[1]: Leaving directory '/tmp/dantopa/spack-stage/spack-stage-E5
            tH0m/hwloc-2.0.2/utils'
     625    Makefile:629: recipe for target 'all-recursive' failed
  >> 626    make: *** [all-recursive] Error 1

See build log for details:
  /lustre/ttscratch1/dantopa/spack/libraries/trinitite-standard.pmix/var/spack/stage/hwloc-2.0.2-nlvylts6t564nekxvdttpyraivcemhry/spack-build.out
spack install pmix @ 3.0.2 % gcc@6.3.0  arch=cray-cnl6-haswell  >> /lustre/ttscratch1/dantopa/repos/gitlab/pull-requests/libraries/results/install-log/trinitite-standard-pmix-install.log
==> Error: ProcessError: Command exited with status 77:
    '/lustre/ttscratch1/dantopa/spack/libraries/trinitite-standard.pmix/var/spack/stage/libpciaccess-0.13.5-upvrvvm3axk2d2zhjvsyokb6xc6odss4/libpciaccess-0.13.5/configure' '--prefix=/lustre/ttscratch1/dantopa/spack/libraries/trinitite-standard.pmix/opt/spack/cray-cnl6-haswell/gcc-6.3.0/libpciaccess-0.13.5-upvrvvm3axk2d2zhjvsyokb6xc6odss4'

2 errors found in build log:
     7     checking for gawk... gawk
     8     checking whether make sets $(MAKE)... yes
     9     checking whether make supports nested variables... yes
     10    checking for style of include used by make... GNU
     11    checking for gcc... /lustre/ttscratch1/dantopa/spack/libraries/trini
           tite-standard.pmix/lib/spack/env/gcc/gcc
     12    checking whether the C compiler works... no
  >> 13    configure: error: in `/tmp/dantopa/spack-stage/spack-stage-RnQ9BA/li
           bpciaccess-0.13.5':
  >> 14    configure: error: C compiler cannot create executables
     15    See `config.log' for more details

See build log for details:
  /lustre/ttscratch1/dantopa/spack/libraries/trinitite-standard.pmix/var/spack/stage/libpciaccess-0.13.5-upvrvvm3axk2d2zhjvsyokb6xc6odss4/spack-build.out
spack install pmix @ 3.0.2 % intel@19.0.1  arch=cray-cnl6-haswell  >> /lustre/ttscratch1/dantopa/repos/gitlab/pull-requests/libraries/results/install-log/trinitite-standard-pmix-install.log
==> Error: sequence item 2: expected string, NoneType found
spack install pmix @ 3.0.2 % intel@18.0.5  arch=cray-cnl6-haswell  >> /lustre/ttscratch1/dantopa/repos/gitlab/pull-requests/libraries/results/install-log/trinitite-standard-pmix-install.log
==> Error: ProcessError: Command exited with status 2:
    'make' '-j64'

17 errors found in build log:
     597    make[2]: Entering directory '/tmp/dantopa/spack-stage/spack-stage-P
            lVOjx/hwloc-2.0.2/utils/netloc/mpi'
     598      CC       netloc_rank_order.o
     599      CC       netloc_mpi_find_hosts-netloc_mpi_find_hosts.o
     600      CCLD     netloc_rank_order
     601      CCLD     netloc_mpi_find_hosts
     602    ld: netloc_mpi_find_hosts-netloc_mpi_find_hosts.o: in function `mai
            n':
  >> 603    /tmp/dantopa/spack-stage/spack-stage-PlVOjx/hwloc-2.0.2/utils/netlo
            c/mpi/netloc_mpi_find_hosts.c:40: undefined reference to `MPI_Init'
  >> 604    ld: /tmp/dantopa/spack-stage/spack-stage-PlVOjx/hwloc-2.0.2/utils/n
            etloc/mpi/netloc_mpi_find_hosts.c:42: undefined reference to `MPI_C
            omm_rank'
  >> 605    ld: /tmp/dantopa/spack-stage/spack-stage-PlVOjx/hwloc-2.0.2/utils/n
            etloc/mpi/netloc_mpi_find_hosts.c:43: undefined reference to `MPI_C
            omm_size'
  >> 606    ld: /tmp/dantopa/spack-stage/spack-stage-PlVOjx/hwloc-2.0.2/utils/n
            etloc/mpi/netloc_mpi_find_hosts.c:48: undefined reference to `MPI_A
            bort'
  >> 607    ld: /tmp/dantopa/spack-stage/spack-stage-PlVOjx/hwloc-2.0.2/utils/n
            etloc/mpi/netloc_mpi_find_hosts.c:57: undefined reference to `MPI_G
            et_processor_name'
  >> 608    ld: /tmp/dantopa/spack-stage/spack-stage-PlVOjx/hwloc-2.0.2/utils/n
            etloc/mpi/netloc_mpi_find_hosts.c:93: undefined reference to `MPI_R
            ecv'
  >> 609    ld: /tmp/dantopa/spack-stage/spack-stage-PlVOjx/hwloc-2.0.2/utils/n
            etloc/mpi/netloc_mpi_find_hosts.c:99: undefined reference to `MPI_R
            ecv'
  >> 610    ld: /tmp/dantopa/spack-stage/spack-stage-PlVOjx/hwloc-2.0.2/utils/n
            etloc/mpi/netloc_mpi_find_hosts.c:112: undefined reference to `MPI_
            Send'
  >> 611    ld: /tmp/dantopa/spack-stage/spack-stage-PlVOjx/hwloc-2.0.2/utils/n
            etloc/mpi/netloc_mpi_find_hosts.c:157: undefined reference to `MPI_
            Send'
  >> 612    ld: /tmp/dantopa/spack-stage/spack-stage-PlVOjx/hwloc-2.0.2/utils/n
            etloc/mpi/netloc_mpi_find_hosts.c:159: undefined reference to `MPI_
            Send'
  >> 613    ld: /tmp/dantopa/spack-stage/spack-stage-PlVOjx/hwloc-2.0.2/utils/n
            etloc/mpi/netloc_mpi_find_hosts.c:162: undefined reference to `MPI_
            Recv'
  >> 614    ld: /tmp/dantopa/spack-stage/spack-stage-PlVOjx/hwloc-2.0.2/utils/n
            etloc/mpi/netloc_mpi_find_hosts.c:223: undefined reference to `MPI_
            Finalize'
  >> 615    ld: /tmp/dantopa/spack-stage/spack-stage-PlVOjx/hwloc-2.0.2/utils/n
            etloc/mpi/netloc_mpi_find_hosts.c:116: undefined reference to `MPI_
            Send'
  >> 616    ld: /tmp/dantopa/spack-stage/spack-stage-PlVOjx/hwloc-2.0.2/utils/n
            etloc/mpi/netloc_mpi_find_hosts.c:65: undefined reference to `MPI_A
            bort'
     617    Makefile:516: recipe for target 'netloc_mpi_find_hosts' failed
  >> 618    make[2]: *** [netloc_mpi_find_hosts] Error 1
     619    make[2]: Leaving directory '/tmp/dantopa/spack-stage/spack-stage-Pl
            VOjx/hwloc-2.0.2/utils/netloc/mpi'
     620    Makefile:454: recipe for target 'all-recursive' failed
  >> 621    make[1]: *** [all-recursive] Error 1
     622    make[1]: Leaving directory '/tmp/dantopa/spack-stage/spack-stage-Pl
            VOjx/hwloc-2.0.2/utils'
     623    Makefile:629: recipe for target 'all-recursive' failed
  >> 624    make: *** [all-recursive] Error 1

See build log for details:
  /lustre/ttscratch1/dantopa/spack/libraries/trinitite-standard.pmix/var/spack/stage/hwloc-2.0.2-kqzvskcxsdtvqipxzrxuscxnnsvj3ycu/spack-build.out
spack install pmix @ 2.2.2 % cce@8.7.9  arch=cray-cnl6-haswell  >> /lustre/ttscratch1/dantopa/repos/gitlab/pull-requests/libraries/results/install-log/trinitite-standard-pmix-install.log
==> Error: ProcessError: Command exited with status 2:
    'make' '-j64'

61 errors found in build log:
     2772    CC-2103 craycc: WARNING in command line
     2773      The -Wstrict-aliasing option is not supported or invalid and wil
             l be ignored.
     2774    CC-571 craycc: ERROR
     2775      An invalid option "no-strict-aliasing" appears on the command li
             ne.
     2776    
     2777    Makefile:1705: recipe for target 'sample/https-client.o' failed
  >> 2778    make[1]: *** [sample/https-client.o] Error 1
     2779    make[1]: *** Waiting for unfinished jobs....
     2780    CC-571 craycc: ERROR
     2781      An invalid option "no-strict-aliasing" appears on the command li
             ne.
     2782    
     2783    Makefile:1705: recipe for target 'test/bench.o' failed
  >> 2784    make[1]: *** [test/bench.o] Error 1
     2785    CC-571 craycc: ERROR
     2786      An invalid option "no-strict-aliasing" appears on the command li
             ne.
     2787    
     2788    Makefile:1705: recipe for target 'sample/openssl_hostname_validati
             on.o' failed
  >> 2789    make[1]: *** [sample/openssl_hostname_validation.o] Error 1
     2790    CC-571 craycc: ERROR
     2791      An invalid option "no-strict-aliasing" appears on the command li
             ne.
     2792    
     2793    Makefile:1705: recipe for target 'sample/http-server.o' failed
  >> 2794    make[1]: *** [sample/http-server.o] Error 1
     2795    CC-571 craycc: ERROR
     2796      An invalid option "no-strict-aliasing" appears on the command li
             ne.
     2797    
     2798    Makefile:1705: recipe for target 'sample/signal-test.o' failed
  >> 2799    make[1]: *** [sample/signal-test.o] Error 1
     2800    CC-571 craycc: ERROR
     2801      An invalid option "no-strict-aliasing" appears on the command li
             ne.
     2802    
     2803    Makefile:1705: recipe for target 'sample/le-proxy.o' failed
  >> 2804    make[1]: *** [sample/le-proxy.o] Error 1
     2805    CC-571 craycc: ERROR
     2806      An invalid option "no-strict-aliasing" appears on the command li
             ne.
     2807    
     2808    CC-571 craycc: ERROR
     2809      An invalid option "no-strict-aliasing" appears on the command li
             ne.
     2810    
     2811    Makefile:1705: recipe for target 'test/bench_http.o' failed
  >> 2812    make[1]: *** [test/bench_http.o] Error 1
     2813    CC-571 craycc: ERROR
     2814      An invalid option "no-strict-aliasing" appears on the command li
             ne.
     2815    
     2816    Makefile:1705: recipe for target 'test/test-dumpevents.o' failed
  >> 2817    make[1]: *** [test/test-dumpevents.o] Error 1
     2818    Makefile:1705: recipe for target 'sample/event-read-fifo.o' failed
  >> 2819    make[1]: *** [sample/event-read-fifo.o] Error 1
     2820    CC-571 craycc: ERROR
     2821      An invalid option "no-strict-aliasing" appears on the command li
             ne.
     2822    
     2823    CC-571 craycc: ERROR
     2824      An invalid option "no-strict-aliasing" appears on the command li
             ne.
     2825    
     2826    Makefile:1705: recipe for target 'test/bench_cascade.o' failed
  >> 2827    make[1]: *** [test/bench_cascade.o] Error 1
     2828    CC-571 craycc: ERROR
     2829      An invalid option "no-strict-aliasing" appears on the command li
             ne.
     2830    
     2831    CC-571 craycc: ERROR
     2832      An invalid option "no-strict-aliasing" appears on the command li
             ne.
     2833    
     2834    Makefile:1705: recipe for target 'test/bench_httpclient.o' failed
  >> 2835    make[1]: *** [test/bench_httpclient.o] Error 1
     2836    Makefile:1791: recipe for target 'test/test_regress-regress_dns.o'
              failed
  >> 2837    make[1]: *** [test/test_regress-regress_dns.o] Error 1
     2838    Makefile:1705: recipe for target 'test/test-closed.o' failed
  >> 2839    make[1]: *** [test/test-closed.o] Error 1
     2840    CC-571 craycc: ERROR
     2841      An invalid option "no-strict-aliasing" appears on the command li
             ne.
     2842    
     2843    Makefile:1705: recipe for target 'test/test-init.o' failed
  >> 2844    make[1]: *** [test/test-init.o] Error 1
     2845    CC-571 craycc: ERROR
     2846      An invalid option "no-strict-aliasing" appears on the command li
             ne.
     2847    
     2848    CC-571 craycc: ERROR
     2849      An invalid option "no-strict-aliasing" appears on the command li
             ne.
     2850    
     2851    Makefile:1705: recipe for target 'test/test-fdleak.o' failed
  >> 2852    make[1]: *** [test/test-fdleak.o] Error 1
     2853    Makefile:1705: recipe for target 'sample/hello-world.o' failed
  >> 2854    make[1]: *** [sample/hello-world.o] Error 1
     2855    CC-571 craycc: ERROR
     2856      An invalid option "no-strict-aliasing" appears on the command li
             ne.
     2857    
     2858    CC-571 craycc: ERROR
     2859      An invalid option "no-strict-aliasing" appears on the command li
             ne.
     2860    
     2861    Makefile:1735: recipe for target 'test/test_regress-regress.o' fai
             led
  >> 2862    make[1]: *** [test/test_regress-regress.o] Error 1
     2863    CC-571 craycc: ERROR
     2864      An invalid option "no-strict-aliasing" appears on the command li
             ne.
     2865    
     2866    CC-571 craycc: ERROR
     2867      An invalid option "no-strict-aliasing" appears on the command li
             ne.
     2868    
     2869    Makefile:1705: recipe for target 'test/test-time.o' failed
  >> 2870    make[1]: *** [test/test-time.o] Error 1
     2871    Makefile:1705: recipe for target 'sample/dns-example.o' failed
  >> 2872    make[1]: *** [sample/dns-example.o] Error 1
     2873    Makefile:1705: recipe for target 'sample/time-test.o' failed
  >> 2874    make[1]: *** [sample/time-test.o] Error 1
     2875    CC-571 craycc: ERROR
     2876      An invalid option "no-strict-aliasing" appears on the command li
             ne.
     2877    
     2878    Makefile:1705: recipe for target 'test/test-weof.o' failed
  >> 2879    make[1]: *** [test/test-weof.o] Error 1
     2880    CC-571 craycc: ERROR
     2881      An invalid option "no-strict-aliasing" appears on the command li
             ne.
     2882    
     2883    CC-571 craycc: ERROR
     2884      An invalid option "no-strict-aliasing" appears on the command li
             ne.
     2885    

     ...

     2887      An invalid option "no-strict-aliasing" appears on the command li
             ne.
     2888    
     2889    CC-571 craycc: ERROR
     2890      An invalid option "no-strict-aliasing" appears on the command li
             ne.
     2891    
     2892    Makefile:1833: recipe for target 'test/test_regress-regress_http.o
             ' failed
  >> 2893    make[1]: *** [test/test_regress-regress_http.o] Error 1
     2894    Makefile:1917: recipe for target 'test/test_regress-regress_util.o
             ' failed
  >> 2895    make[1]: *** [test/test_regress-regress_util.o] Error 1
     2896    Makefile:1705: recipe for target 'sample/hostcheck.o' failed
  >> 2897    make[1]: *** [sample/hostcheck.o] Error 1
     2898    Makefile:1889: recipe for target 'test/test_regress-regress_rpc.o'
              failed
  >> 2899    make[1]: *** [test/test_regress-regress_rpc.o] Error 1
     2900    CC-571 craycc: ERROR
     2901      An invalid option "no-strict-aliasing" appears on the command li
             ne.
     2902    
     2903    CC-571 craycc: ERROR
     2904      An invalid option "no-strict-aliasing" appears on the command li
             ne.
     2905    
     2906    Makefile:1705: recipe for target 'test/test-changelist.o' failed
  >> 2907    make[1]: *** [test/test-changelist.o] Error 1
     2908    Makefile:1847: recipe for target 'test/test_regress-regress_listen
             er.o' failed
  >> 2909    make[1]: *** [test/test_regress-regress_listener.o] Error 1
     2910    CC-571 craycc: ERROR
     2911      An invalid option "no-strict-aliasing" appears on the command li
             ne.
     2912    
     2913    CC-571 craycc: ERROR
     2914      An invalid option "no-strict-aliasing" appears on the command li
             ne.
     2915    
     2916    Makefile:1705: recipe for target 'sample/http-connect.o' failed
  >> 2917    make[1]: *** [sample/http-connect.o] Error 1
     2918    CC-571 craycc: ERROR
     2919      An invalid option "no-strict-aliasing" appears on the command li
             ne.
     2920    
     2921    CC-571 craycc: ERROR
     2922      An invalid option "no-strict-aliasing" appears on the command li
             ne.
     2923    
     2924    Makefile:1705: recipe for target 'test/test-ratelim.o' failed
  >> 2925    make[1]: *** [test/test-ratelim.o] Error 1
     2926    CC-571 craycc: ERROR
     2927      An invalid option "no-strict-aliasing" appears on the command li
             ne.
     2928    
     2929    Makefile:1987: recipe for target 'test/test_regress-regress_ssl.o'
              failed
  >> 2930    make[1]: *** [test/test_regress-regress_ssl.o] Error 1
     2931    Makefile:1819: recipe for target 'test/test_regress-regress_finali
             ze.o' failed
  >> 2932    make[1]: *** [test/test_regress-regress_finalize.o] Error 1
     2933    CC-571 craycc: ERROR
     2934      An invalid option "no-strict-aliasing" appears on the command li
             ne.
     2935    
     2936    Makefile:1763: recipe for target 'test/test_regress-regress_buffer
             .o' failed
  >> 2937    make[1]: *** [test/test_regress-regress_buffer.o] Error 1
     2938    CC-571 craycc: ERROR
     2939      An invalid option "no-strict-aliasing" appears on the command li
             ne.
     2940    
     2941    CC-571 craycc: ERROR
     2942      An invalid option "no-strict-aliasing" appears on the command li
             ne.
     2943    
     2944    CC-571 craycc: ERROR
     2945      An invalid option "no-strict-aliasing" appears on the command li
             ne.
     2946    
     2947    Makefile:1805: recipe for target 'test/test_regress-regress_et.o' 
             failed
  >> 2948    make[1]: *** [test/test_regress-regress_et.o] Error 1
     2949    Makefile:1777: recipe for target 'test/test_regress-regress_buffer
             event.o' failed
  >> 2950    make[1]: *** [test/test_regress-regress_bufferevent.o] Error 1
     2951    Makefile:1875: recipe for target 'test/test_regress-regress_minhea
             p.o' failed
  >> 2952    make[1]: *** [test/test_regress-regress_minheap.o] Error 1
     2953    Makefile:1861: recipe for target 'test/test_regress-regress_main.o
             ' failed
  >> 2954    make[1]: *** [test/test_regress-regress_main.o] Error 1
     2955    CC-571 craycc: ERROR
     2956      An invalid option "no-strict-aliasing" appears on the command li
             ne.
     2957    
     2958    CC-571 craycc: ERROR
     2959      An invalid option "no-strict-aliasing" appears on the command li
             ne.
     2960    
     2961    Makefile:1903: recipe for target 'test/test_regress-regress_testut
             ils.o' failed
  >> 2962    make[1]: *** [test/test_regress-regress_testutils.o] Error 1
     2963    Makefile:1931: recipe for target 'test/test_regress-tinytest.o' fa
             iled
  >> 2964    make[1]: *** [test/test_regress-tinytest.o] Error 1
     2965    CC-571 craycc: ERROR
     2966      An invalid option "no-strict-aliasing" appears on the command li
             ne.
     2967    
     2968    Makefile:1749: recipe for target 'test/test_regress-regress.gen.o'
              failed
  >> 2969    make[1]: *** [test/test_regress-regress.gen.o] Error 1
     2970    CC-571 craycc: ERROR
     2971      An invalid option "no-strict-aliasing" appears on the command li
             ne.
     2972    
     2973    Makefile:1705: recipe for target 'test/test-eof.o' failed
  >> 2974    make[1]: *** [test/test-eof.o] Error 1
     2975    CC-571 craycc: ERROR
     2976      An invalid option "no-strict-aliasing" appears on the command li
             ne.
     2977    
     2978    CC-571 craycc: ERROR
     2979      An invalid option "no-strict-aliasing" appears on the command li
             ne.
     2980    

     ...

     2982      An invalid option "no-strict-aliasing" appears on the command li
             ne.
     2983    
     2984    CC-571 craycc: ERROR
     2985      An invalid option "no-strict-aliasing" appears on the command li
             ne.
     2986    
     2987    Makefile:1721: recipe for target 'bufferevent_pair.lo' failed
  >> 2988    make[1]: *** [bufferevent_pair.lo] Error 1
     2989    CC-571 craycc: ERROR
     2990      An invalid option "no-strict-aliasing" appears on the command li
             ne.
     2991    
     2992    Makefile:1721: recipe for target 'bufferevent_ratelim.lo' failed
  >> 2993    make[1]: *** [bufferevent_ratelim.lo] Error 1
     2994    Makefile:1721: recipe for target 'evutil_rand.lo' failed
  >> 2995    make[1]: *** [evutil_rand.lo] Error 1
     2996    Makefile:1721: recipe for target 'event_tagging.lo' failed
  >> 2997    make[1]: *** [event_tagging.lo] Error 1
     2998    CC-571 craycc: ERROR
     2999      An invalid option "no-strict-aliasing" appears on the command li
             ne.
     3000    
     3001    CC-571 craycc: ERROR
     3002      An invalid option "no-strict-aliasing" appears on the command li
             ne.
     3003    

     ...

     3038      An invalid option "no-strict-aliasing" appears on the command li
             ne.
     3039    
     3040    CC-571 craycc: ERROR
     3041      An invalid option "no-strict-aliasing" appears on the command li
             ne.
     3042    
     3043    Makefile:1721: recipe for target 'event.lo' failed
  >> 3044    make[1]: *** [event.lo] Error 1
     3045    Makefile:1721: recipe for target 'evthread.lo' failed
  >> 3046    make[1]: *** [evthread.lo] Error 1
     3047    Makefile:1721: recipe for target 'bufferevent.lo' failed
  >> 3048    make[1]: *** [bufferevent.lo] Error 1
     3049    Makefile:1721: recipe for target 'http.lo' failed
  >> 3050    make[1]: *** [http.lo] Error 1
     3051    Makefile:1721: recipe for target 'buffer.lo' failed
  >> 3052    make[1]: *** [buffer.lo] Error 1
     3053    Makefile:1721: recipe for target 'evutil_time.lo' failed
  >> 3054    make[1]: *** [evutil_time.lo] Error 1
     3055    Makefile:1721: recipe for target 'strlcpy.lo' failed
  >> 3056    make[1]: *** [strlcpy.lo] Error 1
     3057    Makefile:1721: recipe for target 'evrpc.lo' failed
  >> 3058    make[1]: *** [evrpc.lo] Error 1
     3059    Makefile:1721: recipe for target 'evmap.lo' failed
  >> 3060    make[1]: *** [evmap.lo] Error 1
     3061    Makefile:1728: recipe for target 'libevent_openssl_la-bufferevent_
             openssl.lo' failed
  >> 3062    make[1]: *** [libevent_openssl_la-bufferevent_openssl.lo] Error 1
     3063    Makefile:1721: recipe for target 'bufferevent_filter.lo' failed
  >> 3064    make[1]: *** [bufferevent_filter.lo] Error 1
     3065    Makefile:1721: recipe for target 'evutil.lo' failed
  >> 3066    make[1]: *** [evutil.lo] Error 1
     3067    Makefile:1721: recipe for target 'listener.lo' failed
  >> 3068    make[1]: *** [listener.lo] Error 1
     3069    Makefile:1721: recipe for target 'evdns.lo' failed
  >> 3070    make[1]: *** [evdns.lo] Error 1
     3071    Makefile:1721: recipe for target 'bufferevent_sock.lo' failed
  >> 3072    make[1]: *** [bufferevent_sock.lo] Error 1
     3073    Makefile:1721: recipe for target 'log.lo' failed
  >> 3074    make[1]: *** [log.lo] Error 1
     3075    make[1]: Leaving directory '/tmp/dantopa/spack-stage/spack-stage-b
             xyPFx/libevent-2.1.8-stable'
     3076    Makefile:1248: recipe for target 'all' failed
  >> 3077    make: *** [all] Error 2

See build log for details:
  /lustre/ttscratch1/dantopa/spack/libraries/trinitite-standard.pmix/var/spack/stage/libevent-2.1.8-reuykx4zvc4ysexguy3yjtjud3pah5ye/spack-build.out
spack install pmix @ 2.2.2 % cce@8.7.8  arch=cray-cnl6-haswell  >> /lustre/ttscratch1/dantopa/repos/gitlab/pull-requests/libraries/results/install-log/trinitite-standard-pmix-install.log
==> Error: ProcessError: Command exited with status 2:
    'make' '-j64'

61 errors found in build log:
     2088    CC-2103 craycc: WARNING in command line
     2089      The -Wstrict-aliasing option is not supported or invalid and wil
             l be ignored.
     2090    CC-571 craycc: ERROR
     2091      An invalid option "no-strict-aliasing" appears on the command li
             ne.
     2092    
     2093    Makefile:1705: recipe for target 'sample/event-read-fifo.o' failed
  >> 2094    make[1]: *** [sample/event-read-fifo.o] Error 1
     2095    make[1]: *** Waiting for unfinished jobs....
     2096    CC-2103 craycc: WARNING in command line
     2097      The -Wall option is not supported or invalid and will be ignored
             .
     2098    CC-2103 craycc: WARNING in command line
     2099      The -W-Wfloat-equal option is not supported or invalid and will 
             be ignored.
     2100    CC-2103 craycc: WARNING in command line

     ...

     2778    CC-2103 craycc: WARNING in command line
     2779      The -Wstrict-aliasing option is not supported or invalid and wil
             l be ignored.
     2780    CC-571 craycc: ERROR
     2781      An invalid option "no-strict-aliasing" appears on the command li
             ne.
     2782    
     2783    Makefile:1705: recipe for target 'test/bench_http.o' failed
  >> 2784    make[1]: *** [test/bench_http.o] Error 1
     2785    CC-571 craycc: ERROR
     2786      An invalid option "no-strict-aliasing" appears on the command li
             ne.
     2787    
     2788    Makefile:1705: recipe for target 'test/bench_httpclient.o' failed
  >> 2789    make[1]: *** [test/bench_httpclient.o] Error 1
     2790    CC-571 craycc: ERROR
     2791      An invalid option "no-strict-aliasing" appears on the command li
             ne.
     2792    
     2793    Makefile:1705: recipe for target 'sample/hello-world.o' failed
  >> 2794    make[1]: *** [sample/hello-world.o] Error 1
     2795    CC-571 craycc: ERROR
     2796      An invalid option "no-strict-aliasing" appears on the command li
             ne.
     2797    
     2798    Makefile:1705: recipe for target 'sample/http-connect.o' failed
  >> 2799    make[1]: *** [sample/http-connect.o] Error 1
     2800    CC-571 craycc: ERROR
     2801      An invalid option "no-strict-aliasing" appears on the command li
             ne.
     2802    
     2803    Makefile:1705: recipe for target 'sample/hostcheck.o' failed
  >> 2804    make[1]: *** [sample/hostcheck.o] Error 1
     2805    CC-571 craycc: ERROR
     2806      An invalid option "no-strict-aliasing" appears on the command li
             ne.
     2807    
     2808    Makefile:1705: recipe for target 'sample/openssl_hostname_validati
             on.o' failed
  >> 2809    make[1]: *** [sample/openssl_hostname_validation.o] Error 1
     2810    CC-571 craycc: ERROR
     2811      An invalid option "no-strict-aliasing" appears on the command li
             ne.
     2812    
     2813    CC-571 craycc: ERROR
     2814      An invalid option "no-strict-aliasing" appears on the command li
             ne.
     2815    
     2816    Makefile:1705: recipe for target 'sample/https-client.o' failed
  >> 2817    make[1]: *** [sample/https-client.o] Error 1
     2818    Makefile:1705: recipe for target 'sample/time-test.o' failed
  >> 2819    make[1]: *** [sample/time-test.o] Error 1
     2820    CC-571 craycc: ERROR
     2821      An invalid option "no-strict-aliasing" appears on the command li
             ne.
     2822    
     2823    Makefile:1705: recipe for target 'sample/dns-example.o' failed
  >> 2824    make[1]: *** [sample/dns-example.o] Error 1
     2825    CC-571 craycc: ERROR
     2826      An invalid option "no-strict-aliasing" appears on the command li
             ne.
     2827    
     2828    CC-571 craycc: ERROR
     2829      An invalid option "no-strict-aliasing" appears on the command li
             ne.
     2830    
     2831    CC-571 craycc: ERROR
     2832      An invalid option "no-strict-aliasing" appears on the command li
             ne.
     2833    
     2834    Makefile:1705: recipe for target 'sample/http-server.o' failed
  >> 2835    make[1]: *** [sample/http-server.o] Error 1
     2836    CC-571 craycc: ERROR
     2837      An invalid option "no-strict-aliasing" appears on the command li
             ne.
     2838    
     2839    Makefile:1705: recipe for target 'test/test-init.o' failed
  >> 2840    make[1]: *** [test/test-init.o] Error 1
     2841    Makefile:1705: recipe for target 'test/test-fdleak.o' failed
  >> 2842    make[1]: *** [test/test-fdleak.o] Error 1
     2843    Makefile:1705: recipe for target 'sample/signal-test.o' failed
  >> 2844    make[1]: *** [sample/signal-test.o] Error 1
     2845    CC-571 craycc: ERROR
     2846      An invalid option "no-strict-aliasing" appears on the command li
             ne.
     2847    
     2848    Makefile:1705: recipe for target 'sample/le-proxy.o' failed
  >> 2849    make[1]: *** [sample/le-proxy.o] Error 1
     2850    CC-571 craycc: ERROR
     2851      An invalid option "no-strict-aliasing" appears on the command li
             ne.
     2852    
     2853    CC-571 craycc: ERROR
     2854      An invalid option "no-strict-aliasing" appears on the command li
             ne.
     2855    
     2856    Makefile:1705: recipe for target 'test/test-changelist.o' failed
  >> 2857    make[1]: *** [test/test-changelist.o] Error 1
     2858    Makefile:1705: recipe for target 'test/test-ratelim.o' failed
  >> 2859    make[1]: *** [test/test-ratelim.o] Error 1
     2860    CC-571 craycc: ERROR
     2861      An invalid option "no-strict-aliasing" appears on the command li
             ne.
     2862    
     2863    Makefile:1705: recipe for target 'test/bench_cascade.o' failed
  >> 2864    make[1]: *** [test/bench_cascade.o] Error 1
     2865    CC-571 craycc: ERROR
     2866      An invalid option "no-strict-aliasing" appears on the command li
             ne.
     2867    
     2868    Makefile:1705: recipe for target 'test/bench.o' failed
  >> 2869    make[1]: *** [test/bench.o] Error 1
     2870    CC-571 craycc: ERROR
     2871      An invalid option "no-strict-aliasing" appears on the command li
             ne.
     2872    
     2873    CC-571 craycc: ERROR
     2874      An invalid option "no-strict-aliasing" appears on the command li
             ne.
     2875    
     2876    Makefile:1833: recipe for target 'test/test_regress-regress_http.o
             ' failed
  >> 2877    make[1]: *** [test/test_regress-regress_http.o] Error 1
     2878    Makefile:1791: recipe for target 'test/test_regress-regress_dns.o'
              failed
  >> 2879    make[1]: *** [test/test_regress-regress_dns.o] Error 1
     2880    CC-571 craycc: ERROR
     2881      An invalid option "no-strict-aliasing" appears on the command li
             ne.
     2882    
     2883    CC-571 craycc: ERROR
     2884      An invalid option "no-strict-aliasing" appears on the command li
             ne.
     2885    
     2886    Makefile:1861: recipe for target 'test/test_regress-regress_main.o
             ' failed
  >> 2887    make[1]: *** [test/test_regress-regress_main.o] Error 1
     2888    Makefile:1777: recipe for target 'test/test_regress-regress_buffer
             event.o' failed
  >> 2889    make[1]: *** [test/test_regress-regress_bufferevent.o] Error 1
     2890    CC-571 craycc: ERROR
     2891      An invalid option "no-strict-aliasing" appears on the command li
             ne.
     2892    
     2893    CC-571 craycc: ERROR
     2894      An invalid option "no-strict-aliasing" appears on the command li
             ne.
     2895    
     2896    CC-571 craycc: ERROR
     2897      An invalid option "no-strict-aliasing" appears on the command li
             ne.
     2898    
     2899    Makefile:1705: recipe for target 'test/test-eof.o' failed
  >> 2900    make[1]: *** [test/test-eof.o] Error 1
     2901    CC-571 craycc: ERROR
     2902      An invalid option "no-strict-aliasing" appears on the command li
             ne.
     2903    
     2904    CC-571 craycc: ERROR
     2905      An invalid option "no-strict-aliasing" appears on the command li
             ne.
     2906    
     2907    Makefile:1805: recipe for target 'test/test_regress-regress_et.o' 
             failed
  >> 2908    make[1]: *** [test/test_regress-regress_et.o] Error 1
     2909    Makefile:1705: recipe for target 'test/test-weof.o' failed
  >> 2910    make[1]: *** [test/test-weof.o] Error 1
     2911    CC-571 craycc: ERROR
     2912      An invalid option "no-strict-aliasing" appears on the command li
             ne.
     2913    
     2914    Makefile:1749: recipe for target 'test/test_regress-regress.gen.o'
              failed
  >> 2915    make[1]: *** [test/test_regress-regress.gen.o] Error 1
     2916    Makefile:1705: recipe for target 'test/test-time.o' failed
  >> 2917    make[1]: *** [test/test-time.o] Error 1
     2918    CC-571 craycc: ERROR
     2919      An invalid option "no-strict-aliasing" appears on the command li
             ne.
     2920    
     2921    Makefile:1889: recipe for target 'test/test_regress-regress_rpc.o'
              failed
  >> 2922    make[1]: *** [test/test_regress-regress_rpc.o] Error 1
     2923    Makefile:1875: recipe for target 'test/test_regress-regress_minhea
             p.o' failed
  >> 2924    make[1]: *** [test/test_regress-regress_minheap.o] Error 1
     2925    CC-571 craycc: ERROR
     2926      An invalid option "no-strict-aliasing" appears on the command li
             ne.
     2927    
     2928    Makefile:1987: recipe for target 'test/test_regress-regress_ssl.o'
              failed
  >> 2929    make[1]: *** [test/test_regress-regress_ssl.o] Error 1
     2930    CC-571 craycc: ERROR
     2931      An invalid option "no-strict-aliasing" appears on the command li
             ne.
     2932    
     2933    CC-571 craycc: ERROR
     2934      An invalid option "no-strict-aliasing" appears on the command li
             ne.
     2935    
     2936    CC-571 craycc: ERROR
     2937      An invalid option "no-strict-aliasing" appears on the command li
             ne.
     2938    
     2939    Makefile:1735: recipe for target 'test/test_regress-regress.o' fai
             led
  >> 2940    make[1]: *** [test/test_regress-regress.o] Error 1
     2941    Makefile:1931: recipe for target 'test/test_regress-tinytest.o' fa
             iled
  >> 2942    make[1]: *** [test/test_regress-tinytest.o] Error 1
     2943    Makefile:1917: recipe for target 'test/test_regress-regress_util.o
             ' failed
  >> 2944    make[1]: *** [test/test_regress-regress_util.o] Error 1
     2945    CC-571 craycc: ERROR
     2946      An invalid option "no-strict-aliasing" appears on the command li
             ne.
     2947    
     2948    CC-571 craycc: ERROR
     2949      An invalid option "no-strict-aliasing" appears on the command li
             ne.
     2950    
     2951    Makefile:1903: recipe for target 'test/test_regress-regress_testut
             ils.o' failed
  >> 2952    make[1]: *** [test/test_regress-regress_testutils.o] Error 1
     2953    Makefile:1705: recipe for target 'test/test-dumpevents.o' failed
  >> 2954    make[1]: *** [test/test-dumpevents.o] Error 1
     2955    CC-571 craycc: ERROR
     2956      An invalid option "no-strict-aliasing" appears on the command li
             ne.
     2957    
     2958    Makefile:1705: recipe for target 'test/test-closed.o' failed
  >> 2959    make[1]: *** [test/test-closed.o] Error 1
     2960    CC-571 craycc: ERROR
     2961      An invalid option "no-strict-aliasing" appears on the command li
             ne.
     2962    
     2963    Makefile:1847: recipe for target 'test/test_regress-regress_listen
             er.o' failed
  >> 2964    make[1]: *** [test/test_regress-regress_listener.o] Error 1
     2965    CC-571 craycc: ERROR
     2966      An invalid option "no-strict-aliasing" appears on the command li
             ne.
     2967    
     2968    CC-571 craycc: ERROR
     2969      An invalid option "no-strict-aliasing" appears on the command li
             ne.
     2970    
     2971    CC-571 craycc: ERROR
     2972      An invalid option "no-strict-aliasing" appears on the command li
             ne.
     2973    
     2974    Makefile:1763: recipe for target 'test/test_regress-regress_buffer
             .o' failed
  >> 2975    make[1]: *** [test/test_regress-regress_buffer.o] Error 1
     2976    Makefile:1819: recipe for target 'test/test_regress-regress_finali
             ze.o' failed
  >> 2977    make[1]: *** [test/test_regress-regress_finalize.o] Error 1
     2978    Makefile:1721: recipe for target 'buffer.lo' failed
  >> 2979    make[1]: *** [buffer.lo] Error 1
     2980    CC-571 craycc: ERROR
     2981      An invalid option "no-strict-aliasing" appears on the command li
             ne.
     2982    
     2983    CC-571 craycc: ERROR
     2984      An invalid option "no-strict-aliasing" appears on the command li
             ne.
     2985    

     ...

     2990      An invalid option "no-strict-aliasing" appears on the command li
             ne.
     2991    
     2992    CC-571 craycc: ERROR
     2993      An invalid option "no-strict-aliasing" appears on the command li
             ne.
     2994    
     2995    Makefile:1721: recipe for target 'evutil.lo' failed
  >> 2996    make[1]: *** [evutil.lo] Error 1
     2997    CC-571 craycc: ERROR
     2998      An invalid option "no-strict-aliasing" appears on the command li
             ne.
     2999    
     3000    CC-571 craycc: ERROR
     3001      An invalid option "no-strict-aliasing" appears on the command li
             ne.
     3002    

     ...

     3019      An invalid option "no-strict-aliasing" appears on the command li
             ne.
     3020    
     3021    CC-571 craycc: ERROR
     3022      An invalid option "no-strict-aliasing" appears on the command li
             ne.
     3023    
     3024    Makefile:1721: recipe for target 'event_tagging.lo' failed
  >> 3025    make[1]: *** [event_tagging.lo] Error 1
     3026    Makefile:1721: recipe for target 'bufferevent_sock.lo' failed
  >> 3027    make[1]: *** [bufferevent_sock.lo] Error 1
     3028    CC-571 craycc: ERROR
     3029      An invalid option "no-strict-aliasing" appears on the command li
             ne.
     3030    
     3031    Makefile:1721: recipe for target 'listener.lo' failed
  >> 3032    make[1]: *** [listener.lo] Error 1
     3033    CC-571 craycc: ERROR
     3034      An invalid option "no-strict-aliasing" appears on the command li
             ne.
     3035    
     3036    CC-571 craycc: ERROR
     3037      An invalid option "no-strict-aliasing" appears on the command li
             ne.
     3038    
     3039    Makefile:1721: recipe for target 'bufferevent_pair.lo' failed
  >> 3040    make[1]: *** [bufferevent_pair.lo] Error 1
     3041    CC-571 craycc: ERROR
     3042      An invalid option "no-strict-aliasing" appears on the command li
             ne.
     3043    
     3044    CC-571 craycc: ERROR
     3045      An invalid option "no-strict-aliasing" appears on the command li
             ne.
     3046    
     3047    Makefile:1721: recipe for target 'evutil_rand.lo' failed
  >> 3048    make[1]: *** [evutil_rand.lo] Error 1
     3049    Makefile:1721: recipe for target 'strlcpy.lo' failed
  >> 3050    make[1]: *** [strlcpy.lo] Error 1
     3051    Makefile:1721: recipe for target 'http.lo' failed
  >> 3052    make[1]: *** [http.lo] Error 1
     3053    Makefile:1721: recipe for target 'bufferevent_filter.lo' failed
  >> 3054    make[1]: *** [bufferevent_filter.lo] Error 1
     3055    Makefile:1721: recipe for target 'evutil_time.lo' failed
  >> 3056    make[1]: *** [evutil_time.lo] Error 1
     3057    Makefile:1721: recipe for target 'evthread.lo' failed
  >> 3058    make[1]: *** [evthread.lo] Error 1
     3059    Makefile:1728: recipe for target 'libevent_openssl_la-bufferevent_
             openssl.lo' failed
  >> 3060    make[1]: *** [libevent_openssl_la-bufferevent_openssl.lo] Error 1
     3061    Makefile:1721: recipe for target 'evmap.lo' failed
  >> 3062    make[1]: *** [evmap.lo] Error 1
     3063    Makefile:1721: recipe for target 'bufferevent_ratelim.lo' failed
  >> 3064    make[1]: *** [bufferevent_ratelim.lo] Error 1
     3065    Makefile:1721: recipe for target 'event.lo' failed
  >> 3066    make[1]: *** [event.lo] Error 1
     3067    Makefile:1721: recipe for target 'evrpc.lo' failed
  >> 3068    make[1]: *** [evrpc.lo] Error 1
     3069    Makefile:1721: recipe for target 'bufferevent.lo' failed
  >> 3070    make[1]: *** [bufferevent.lo] Error 1
     3071    Makefile:1721: recipe for target 'evdns.lo' failed
  >> 3072    make[1]: *** [evdns.lo] Error 1
     3073    Makefile:1721: recipe for target 'log.lo' failed
  >> 3074    make[1]: *** [log.lo] Error 1
     3075    make[1]: Leaving directory '/tmp/dantopa/spack-stage/spack-stage-u
             AO2QO/libevent-2.1.8-stable'
     3076    Makefile:1248: recipe for target 'all' failed
  >> 3077    make: *** [all] Error 2

See build log for details:
  /lustre/ttscratch1/dantopa/spack/libraries/trinitite-standard.pmix/var/spack/stage/libevent-2.1.8-hxprd7x4ycbevu76bevke4yldq6hnl4o/spack-build.out
spack install pmix @ 2.2.2 % gcc@8.2.0  arch=cray-cnl6-haswell  >> /lustre/ttscratch1/dantopa/repos/gitlab/pull-requests/libraries/results/install-log/trinitite-standard-pmix-install.log
==> Warning: cannot perform the requested write operation on module files [some tokens cannot be part of the module naming scheme [PACKAGE, COMPILERNAME, COMPILERVER]. Did you check your "modules.yaml" configuration?]
==> Warning: cannot perform the requested write operation on module files [some tokens cannot be part of the module naming scheme [PACKAGE, COMPILERNAME, COMPILERVER]. Did you check your "modules.yaml" configuration?]
spack install pmix @ 2.2.2 % gcc@7.3.0  arch=cray-cnl6-haswell  >> /lustre/ttscratch1/dantopa/repos/gitlab/pull-requests/libraries/results/install-log/trinitite-standard-pmix-install.log
==> Warning: cannot perform the requested write operation on module files [some tokens cannot be part of the module naming scheme [PACKAGE, COMPILERNAME, COMPILERVER]. Did you check your "modules.yaml" configuration?]
==> Warning: cannot perform the requested write operation on module files [some tokens cannot be part of the module naming scheme [PACKAGE, COMPILERNAME, COMPILERVER]. Did you check your "modules.yaml" configuration?]
spack install pmix @ 2.2.2 % gcc@6.3.0  arch=cray-cnl6-haswell  >> /lustre/ttscratch1/dantopa/repos/gitlab/pull-requests/libraries/results/install-log/trinitite-standard-pmix-install.log
==> Error: ProcessError: Command exited with status 77:
    '/lustre/ttscratch1/dantopa/spack/libraries/trinitite-standard.pmix/var/spack/stage/libevent-2.1.8-lterkh2ho2ypjx5qhxnfvaso5uwyfcel/libevent-2.1.8-stable/configure' '--prefix=/lustre/ttscratch1/dantopa/spack/libraries/trinitite-standard.pmix/opt/spack/cray-cnl6-haswell/gcc-6.3.0/libevent-2.1.8-lterkh2ho2ypjx5qhxnfvaso5uwyfcel' '--enable-openssl'

2 errors found in build log:
     8     checking whether make sets $(MAKE)... yes
     9     checking whether make supports nested variables... yes
     10    checking whether make supports nested variables... (cached) yes
     11    checking for style of include used by make... GNU
     12    checking for gcc... /lustre/ttscratch1/dantopa/spack/libraries/trini
           tite-standard.pmix/lib/spack/env/gcc/gcc
     13    checking whether the C compiler works... no
  >> 14    configure: error: in `/tmp/dantopa/spack-stage/spack-stage-aFcLDT/li
           bevent-2.1.8-stable':
  >> 15    configure: error: C compiler cannot create executables
     16    See `config.log' for more details

See build log for details:
  /lustre/ttscratch1/dantopa/spack/libraries/trinitite-standard.pmix/var/spack/stage/libevent-2.1.8-lterkh2ho2ypjx5qhxnfvaso5uwyfcel/spack-build.out
spack install pmix @ 2.2.2 % intel@19.0.1  arch=cray-cnl6-haswell  >> /lustre/ttscratch1/dantopa/repos/gitlab/pull-requests/libraries/results/install-log/trinitite-standard-pmix-install.log
==> Error: sequence item 2: expected string, NoneType found
spack install pmix @ 2.2.2 % intel@18.0.5  arch=cray-cnl6-haswell  >> /lustre/ttscratch1/dantopa/repos/gitlab/pull-requests/libraries/results/install-log/trinitite-standard-pmix-install.log
==> Warning: cannot perform the requested write operation on module files [some tokens cannot be part of the module naming scheme [PACKAGE, COMPILERNAME, COMPILERVER]. Did you check your "modules.yaml" configuration?]
==> Warning: cannot perform the requested write operation on module files [some tokens cannot be part of the module naming scheme [PACKAGE, COMPILERNAME, COMPILERVER]. Did you check your "modules.yaml" configuration?]
spack install pmix @ 2.1.4 % cce@8.7.9  arch=cray-cnl6-haswell  >> /lustre/ttscratch1/dantopa/repos/gitlab/pull-requests/libraries/results/install-log/trinitite-standard-pmix-install.log
==> Error: ProcessError: Command exited with status 2:
    'make' '-j64'

61 errors found in build log:
     2091      The -Wswitch option is not supported or invalid and will be igno
             red.
     2092    CC-2103 craycc: WARNING in command line
     2093      The -Wno-unused-parameter option is not supported or invalid and
              will be ignored.
     2094    CC-2103 craycc: WARNING in command line
     2095      The -Wstrict-aliasing option is not supported or invalid and wil
             l be ignored.
     2096    Makefile:1705: recipe for target 'sample/event-read-fifo.o' failed
  >> 2097    make[1]: *** [sample/event-read-fifo.o] Error 1
     2098    make[1]: *** Waiting for unfinished jobs....
     2099    Makefile:1705: recipe for target 'sample/http-server.o' failed
  >> 2100    make[1]: *** [sample/http-server.o] Error 1
     2101    CC-2103 craycc: WARNING in command line
     2102      The -Wall option is not supported or invalid and will be ignored
             .
     2103    CC-2103 craycc: WARNING in command line
     2104      The -W-Wfloat-equal option is not supported or invalid and will 
             be ignored.
     2105    CC-2103 craycc: WARNING in command line
     2106      The -Wundef option is not supported or invalid and will be ignor
             ed.

     ...

     2403      The -Wswitch option is not supported or invalid and will be igno
             red.
     2404    CC-2103 craycc: WARNING in command line
     2405      The -Wno-unused-parameter option is not supported or invalid and
              will be ignored.
     2406    CC-2103 craycc: WARNING in command line
     2407      The -Wstrict-aliasing option is not supported or invalid and wil
             l be ignored.
     2408    Makefile:1705: recipe for target 'sample/signal-test.o' failed
  >> 2409    make[1]: *** [sample/signal-test.o] Error 1
     2410    CC-2103 craycc: WARNING in command line
     2411      The -Wall option is not supported or invalid and will be ignored
             .
     2412    CC-2103 craycc: WARNING in command line
     2413      The -W-Wfloat-equal option is not supported or invalid and will 
             be ignored.
     2414    CC-2103 craycc: WARNING in command line
     2415      The -Wundef option is not supported or invalid and will be ignor
             ed.

     ...

     2791      An invalid option "no-strict-aliasing" appears on the command li
             ne.
     2792    
     2793    CC-571 craycc: ERROR
     2794      An invalid option "no-strict-aliasing" appears on the command li
             ne.
     2795    
     2796    Makefile:1705: recipe for target 'sample/hello-world.o' failed
  >> 2797    make[1]: *** [sample/hello-world.o] Error 1
     2798    Makefile:1705: recipe for target 'sample/hostcheck.o' failed
  >> 2799    make[1]: *** [sample/hostcheck.o] Error 1
     2800    CC-571 craycc: ERROR
     2801      An invalid option "no-strict-aliasing" appears on the command li
             ne.
     2802    
     2803    Makefile:1705: recipe for target 'test/test-closed.o' failed
  >> 2804    make[1]: *** [test/test-closed.o] Error 1
     2805    CC-571 craycc: ERROR
     2806      An invalid option "no-strict-aliasing" appears on the command li
             ne.
     2807    
     2808    Makefile:1705: recipe for target 'sample/http-connect.o' failed
  >> 2809    make[1]: *** [sample/http-connect.o] Error 1
     2810    CC-571 craycc: ERROR
     2811      An invalid option "no-strict-aliasing" appears on the command li
             ne.
     2812    
     2813    Makefile:1705: recipe for target 'test/bench_cascade.o' failed
  >> 2814    make[1]: *** [test/bench_cascade.o] Error 1
     2815    CC-571 craycc: ERROR
     2816      An invalid option "no-strict-aliasing" appears on the command li
             ne.
     2817    
     2818    Makefile:1705: recipe for target 'sample/https-client.o' failed
  >> 2819    make[1]: *** [sample/https-client.o] Error 1
     2820    CC-571 craycc: ERROR
     2821      An invalid option "no-strict-aliasing" appears on the command li
             ne.
     2822    
     2823    Makefile:1705: recipe for target 'sample/openssl_hostname_validati
             on.o' failed
  >> 2824    make[1]: *** [sample/openssl_hostname_validation.o] Error 1
     2825    CC-571 craycc: ERROR
     2826      An invalid option "no-strict-aliasing" appears on the command li
             ne.
     2827    
     2828    Makefile:1705: recipe for target 'sample/time-test.o' failed
  >> 2829    make[1]: *** [sample/time-test.o] Error 1
     2830    CC-571 craycc: ERROR
     2831      An invalid option "no-strict-aliasing" appears on the command li
             ne.
     2832    
     2833    Makefile:1705: recipe for target 'sample/le-proxy.o' failed
  >> 2834    make[1]: *** [sample/le-proxy.o] Error 1
     2835    CC-571 craycc: ERROR
     2836      An invalid option "no-strict-aliasing" appears on the command li
             ne.
     2837    
     2838    CC-571 craycc: ERROR
     2839      An invalid option "no-strict-aliasing" appears on the command li
             ne.
     2840    
     2841    Makefile:1889: recipe for target 'test/test_regress-regress_rpc.o'
              failed
  >> 2842    make[1]: *** [test/test_regress-regress_rpc.o] Error 1
     2843    Makefile:1705: recipe for target 'test/bench_http.o' failed
  >> 2844    make[1]: *** [test/bench_http.o] Error 1
     2845    CC-571 craycc: ERROR
     2846      An invalid option "no-strict-aliasing" appears on the command li
             ne.
     2847    
     2848    Makefile:1705: recipe for target 'test/test-changelist.o' failed
  >> 2849    make[1]: *** [test/test-changelist.o] Error 1
     2850    CC-571 craycc: ERROR
     2851      An invalid option "no-strict-aliasing" appears on the command li
             ne.
     2852    
     2853    CC-571 craycc: ERROR
     2854      An invalid option "no-strict-aliasing" appears on the command li
             ne.
     2855    
     2856    Makefile:1705: recipe for target 'sample/dns-example.o' failed
  >> 2857    make[1]: *** [sample/dns-example.o] Error 1
     2858    CC-571 craycc: ERROR
     2859      An invalid option "no-strict-aliasing" appears on the command li
             ne.
     2860    
     2861    Makefile:1705: recipe for target 'test/test-ratelim.o' failed
  >> 2862    make[1]: *** [test/test-ratelim.o] Error 1
     2863    CC-571 craycc: ERROR
     2864      An invalid option "no-strict-aliasing" appears on the command li
             ne.
     2865    
     2866    CC-571 craycc: ERROR
     2867      An invalid option "no-strict-aliasing" appears on the command li
             ne.
     2868    
     2869    Makefile:1705: recipe for target 'test/test-weof.o' failed
  >> 2870    make[1]: *** [test/test-weof.o] Error 1
     2871    CC-571 craycc: ERROR
     2872      An invalid option "no-strict-aliasing" appears on the command li
             ne.
     2873    
     2874    Makefile:1763: recipe for target 'test/test_regress-regress_buffer
             .o' failed
  >> 2875    make[1]: *** [test/test_regress-regress_buffer.o] Error 1
     2876    Makefile:1705: recipe for target 'test/test-eof.o' failed
  >> 2877    make[1]: *** [test/test-eof.o] Error 1
     2878    Makefile:1903: recipe for target 'test/test_regress-regress_testut
             ils.o' failed
  >> 2879    make[1]: *** [test/test_regress-regress_testutils.o] Error 1
     2880    CC-571 craycc: ERROR
     2881      An invalid option "no-strict-aliasing" appears on the command li
             ne.
     2882    
     2883    Makefile:1705: recipe for target 'test/bench.o' failed
  >> 2884    make[1]: *** [test/bench.o] Error 1
     2885    CC-571 craycc: ERROR
     2886      An invalid option "no-strict-aliasing" appears on the command li
             ne.
     2887    
     2888    Makefile:1833: recipe for target 'test/test_regress-regress_http.o
             ' failed
  >> 2889    make[1]: *** [test/test_regress-regress_http.o] Error 1
     2890    CC-571 craycc: ERROR
     2891      An invalid option "no-strict-aliasing" appears on the command li
             ne.
     2892    
     2893    CC-571 craycc: ERROR
     2894      An invalid option "no-strict-aliasing" appears on the command li
             ne.
     2895    
     2896    Makefile:1705: recipe for target 'test/test-time.o' failed
  >> 2897    make[1]: *** [test/test-time.o] Error 1
     2898    CC-571 craycc: ERROR
     2899      An invalid option "no-strict-aliasing" appears on the command li
             ne.
     2900    
     2901    Makefile:1917: recipe for target 'test/test_regress-regress_util.o
             ' failed
  >> 2902    make[1]: *** [test/test_regress-regress_util.o] Error 1
     2903    Makefile:1777: recipe for target 'test/test_regress-regress_buffer
             event.o' failed
  >> 2904    make[1]: *** [test/test_regress-regress_bufferevent.o] Error 1
     2905    CC-571 craycc: ERROR
     2906      An invalid option "no-strict-aliasing" appears on the command li
             ne.
     2907    
     2908    CC-571 craycc: ERROR
     2909      An invalid option "no-strict-aliasing" appears on the command li
             ne.
     2910    

     ...

     2912      An invalid option "no-strict-aliasing" appears on the command li
             ne.
     2913    
     2914    CC-571 craycc: ERROR
     2915      An invalid option "no-strict-aliasing" appears on the command li
             ne.
     2916    
     2917    Makefile:1819: recipe for target 'test/test_regress-regress_finali
             ze.o' failed
  >> 2918    make[1]: *** [test/test_regress-regress_finalize.o] Error 1
     2919    CC-571 craycc: ERROR
     2920      An invalid option "no-strict-aliasing" appears on the command li
             ne.
     2921    
     2922    CC-571 craycc: ERROR
     2923      An invalid option "no-strict-aliasing" appears on the command li
             ne.
     2924    
     2925    Makefile:1805: recipe for target 'test/test_regress-regress_et.o' 
             failed
  >> 2926    make[1]: *** [test/test_regress-regress_et.o] Error 1
     2927    CC-571 craycc: ERROR
     2928      An invalid option "no-strict-aliasing" appears on the command li
             ne.
     2929    
     2930    Makefile:1705: recipe for target 'test/bench_httpclient.o' failed
  >> 2931    make[1]: *** [test/bench_httpclient.o] Error 1
     2932    Makefile:1705: recipe for target 'test/test-dumpevents.o' failed
  >> 2933    make[1]: *** [test/test-dumpevents.o] Error 1
     2934    Makefile:1705: recipe for target 'test/test-init.o' failed
  >> 2935    make[1]: *** [test/test-init.o] Error 1
     2936    CC-571 craycc: ERROR
     2937      An invalid option "no-strict-aliasing" appears on the command li
             ne.
     2938    
     2939    Makefile:1875: recipe for target 'test/test_regress-regress_minhea
             p.o' failed
  >> 2940    make[1]: *** [test/test_regress-regress_minheap.o] Error 1
     2941    Makefile:1987: recipe for target 'test/test_regress-regress_ssl.o'
              failed
  >> 2942    make[1]: *** [test/test_regress-regress_ssl.o] Error 1
     2943    CC-571 craycc: ERROR
     2944      An invalid option "no-strict-aliasing" appears on the command li
             ne.
     2945    
     2946    Makefile:1847: recipe for target 'test/test_regress-regress_listen
             er.o' failed
  >> 2947    make[1]: *** [test/test_regress-regress_listener.o] Error 1
     2948    Makefile:1705: recipe for target 'test/test-fdleak.o' failed
  >> 2949    make[1]: *** [test/test-fdleak.o] Error 1
     2950    CC-571 craycc: ERROR
     2951      An invalid option "no-strict-aliasing" appears on the command li
             ne.
     2952    
     2953    Makefile:1749: recipe for target 'test/test_regress-regress.gen.o'
              failed
  >> 2954    make[1]: *** [test/test_regress-regress.gen.o] Error 1
     2955    CC-571 craycc: ERROR
     2956      An invalid option "no-strict-aliasing" appears on the command li
             ne.
     2957    
     2958    CC-571 craycc: ERROR
     2959      An invalid option "no-strict-aliasing" appears on the command li
             ne.
     2960    

     ...

     2962      An invalid option "no-strict-aliasing" appears on the command li
             ne.
     2963    
     2964    CC-571 craycc: ERROR
     2965      An invalid option "no-strict-aliasing" appears on the command li
             ne.
     2966    
     2967    Makefile:1791: recipe for target 'test/test_regress-regress_dns.o'
              failed
  >> 2968    make[1]: *** [test/test_regress-regress_dns.o] Error 1
     2969    Makefile:1861: recipe for target 'test/test_regress-regress_main.o
             ' failed
  >> 2970    make[1]: *** [test/test_regress-regress_main.o] Error 1
     2971    Makefile:1931: recipe for target 'test/test_regress-tinytest.o' fa
             iled
  >> 2972    make[1]: *** [test/test_regress-tinytest.o] Error 1
     2973    Makefile:1735: recipe for target 'test/test_regress-regress.o' fai
             led
  >> 2974    make[1]: *** [test/test_regress-regress.o] Error 1
     2975    CC-571 craycc: ERROR
     2976      An invalid option "no-strict-aliasing" appears on the command li
             ne.
     2977    
     2978    CC-571 craycc: ERROR
     2979      An invalid option "no-strict-aliasing" appears on the command li
             ne.
     2980    

     ...

     2982      An invalid option "no-strict-aliasing" appears on the command li
             ne.
     2983    
     2984    CC-571 craycc: ERROR
     2985      An invalid option "no-strict-aliasing" appears on the command li
             ne.
     2986    
     2987    Makefile:1721: recipe for target 'evutil_rand.lo' failed
  >> 2988    make[1]: *** [evutil_rand.lo] Error 1
     2989    CC-571 craycc: ERROR
     2990      An invalid option "no-strict-aliasing" appears on the command li
             ne.
     2991    
     2992    CC-571 craycc: ERROR
     2993      An invalid option "no-strict-aliasing" appears on the command li
             ne.
     2994    

     ...

     2996      An invalid option "no-strict-aliasing" appears on the command li
             ne.
     2997    
     2998    CC-571 craycc: ERROR
     2999      An invalid option "no-strict-aliasing" appears on the command li
             ne.
     3000    
     3001    Makefile:1721: recipe for target 'http.lo' failed
  >> 3002    make[1]: *** [http.lo] Error 1
     3003    CC-571 craycc: ERROR
     3004      An invalid option "no-strict-aliasing" appears on the command li
             ne.
     3005    
     3006    CC-571 craycc: ERROR
     3007      An invalid option "no-strict-aliasing" appears on the command li
             ne.
     3008    

     ...

     3031      An invalid option "no-strict-aliasing" appears on the command li
             ne.
     3032    
     3033    CC-571 craycc: ERROR
     3034      An invalid option "no-strict-aliasing" appears on the command li
             ne.
     3035    
     3036    Makefile:1721: recipe for target 'bufferevent_filter.lo' failed
  >> 3037    make[1]: *** [bufferevent_filter.lo] Error 1
     3038    CC-571 craycc: ERROR
     3039      An invalid option "no-strict-aliasing" appears on the command li
             ne.
     3040    
     3041    Makefile:1721: recipe for target 'bufferevent.lo' failed
  >> 3042    make[1]: *** [bufferevent.lo] Error 1
     3043    Makefile:1721: recipe for target 'log.lo' failed
  >> 3044    make[1]: *** [log.lo] Error 1
     3045    Makefile:1721: recipe for target 'event.lo' failed
  >> 3046    make[1]: *** [event.lo] Error 1
     3047    Makefile:1721: recipe for target 'strlcpy.lo' failed
  >> 3048    make[1]: *** [strlcpy.lo] Error 1
     3049    Makefile:1721: recipe for target 'evdns.lo' failed
  >> 3050    make[1]: *** [evdns.lo] Error 1
     3051    Makefile:1721: recipe for target 'listener.lo' failed
  >> 3052    make[1]: *** [listener.lo] Error 1
     3053    Makefile:1721: recipe for target 'event_tagging.lo' failed
  >> 3054    make[1]: *** [event_tagging.lo] Error 1
     3055    Makefile:1721: recipe for target 'evthread.lo' failed
  >> 3056    make[1]: *** [evthread.lo] Error 1
     3057    Makefile:1721: recipe for target 'evutil.lo' failed
  >> 3058    make[1]: *** [evutil.lo] Error 1
     3059    Makefile:1728: recipe for target 'libevent_openssl_la-bufferevent_
             openssl.lo' failed
  >> 3060    make[1]: *** [libevent_openssl_la-bufferevent_openssl.lo] Error 1
     3061    Makefile:1721: recipe for target 'evrpc.lo' failed
  >> 3062    make[1]: *** [evrpc.lo] Error 1
     3063    Makefile:1721: recipe for target 'buffer.lo' failed
  >> 3064    make[1]: *** [buffer.lo] Error 1
     3065    Makefile:1721: recipe for target 'bufferevent_ratelim.lo' failed
  >> 3066    make[1]: *** [bufferevent_ratelim.lo] Error 1
     3067    Makefile:1721: recipe for target 'bufferevent_sock.lo' failed
  >> 3068    make[1]: *** [bufferevent_sock.lo] Error 1
     3069    Makefile:1721: recipe for target 'evutil_time.lo' failed
  >> 3070    make[1]: *** [evutil_time.lo] Error 1
     3071    Makefile:1721: recipe for target 'bufferevent_pair.lo' failed
  >> 3072    make[1]: *** [bufferevent_pair.lo] Error 1
     3073    Makefile:1721: recipe for target 'evmap.lo' failed
  >> 3074    make[1]: *** [evmap.lo] Error 1
     3075    make[1]: Leaving directory '/tmp/dantopa/spack-stage/spack-stage-g
             lNnBi/libevent-2.1.8-stable'
     3076    Makefile:1248: recipe for target 'all' failed
  >> 3077    make: *** [all] Error 2

See build log for details:
  /lustre/ttscratch1/dantopa/spack/libraries/trinitite-standard.pmix/var/spack/stage/libevent-2.1.8-reuykx4zvc4ysexguy3yjtjud3pah5ye/spack-build.out
spack install pmix @ 2.1.4 % cce@8.7.8  arch=cray-cnl6-haswell  >> /lustre/ttscratch1/dantopa/repos/gitlab/pull-requests/libraries/results/install-log/trinitite-standard-pmix-install.log
==> Error: ProcessError: Command exited with status 2:
    'make' '-j64'

61 errors found in build log:
     2278      The -Wswitch option is not supported or invalid and will be igno
             red.
     2279    CC-2103 craycc: WARNING in command line
     2280      The -Wno-unused-parameter option is not supported or invalid and
              will be ignored.
     2281    CC-2103 craycc: WARNING in command line
     2282      The -Wstrict-aliasing option is not supported or invalid and wil
             l be ignored.
     2283    Makefile:1705: recipe for target 'sample/dns-example.o' failed
  >> 2284    make[1]: *** [sample/dns-example.o] Error 1
     2285    make[1]: *** Waiting for unfinished jobs....
     2286    CC-2103 craycc: WARNING in command line
     2287      The -Wall option is not supported or invalid and will be ignored
             .
     2288    CC-2103 craycc: WARNING in command line
     2289      The -W-Wfloat-equal option is not supported or invalid and will 
             be ignored.
     2290    CC-2103 craycc: WARNING in command line

     ...

     2588      The -Wswitch option is not supported or invalid and will be igno
             red.
     2589    CC-2103 craycc: WARNING in command line
     2590      The -Wno-unused-parameter option is not supported or invalid and
              will be ignored.
     2591    CC-2103 craycc: WARNING in command line
     2592      The -Wstrict-aliasing option is not supported or invalid and wil
             l be ignored.
     2593    Makefile:1705: recipe for target 'test/bench.o' failed
  >> 2594    make[1]: *** [test/bench.o] Error 1
     2595    CC-2103 craycc: WARNING in command line
     2596      The -Wall option is not supported or invalid and will be ignored
             .
     2597    CC-2103 craycc: WARNING in command line
     2598      The -W-Wfloat-equal option is not supported or invalid and will 
             be ignored.
     2599    CC-2103 craycc: WARNING in command line
     2600      The -Wundef option is not supported or invalid and will be ignor
             ed.

     ...

     2783    CC-2103 craycc: WARNING in command line
     2784      The -Wstrict-aliasing option is not supported or invalid and wil
             l be ignored.
     2785    CC-571 craycc: ERROR
     2786      An invalid option "no-strict-aliasing" appears on the command li
             ne.
     2787    
     2788    Makefile:1705: recipe for target 'sample/https-client.o' failed
  >> 2789    make[1]: *** [sample/https-client.o] Error 1
     2790    CC-571 craycc: ERROR
     2791      An invalid option "no-strict-aliasing" appears on the command li
             ne.
     2792    
     2793    Makefile:1705: recipe for target 'sample/http-server.o' failed
  >> 2794    make[1]: *** [sample/http-server.o] Error 1
     2795    CC-571 craycc: ERROR
     2796      An invalid option "no-strict-aliasing" appears on the command li
             ne.
     2797    
     2798    Makefile:1705: recipe for target 'test/test-closed.o' failed
  >> 2799    make[1]: *** [test/test-closed.o] Error 1
     2800    CC-571 craycc: ERROR
     2801      An invalid option "no-strict-aliasing" appears on the command li
             ne.
     2802    
     2803    CC-571 craycc: ERROR
     2804      An invalid option "no-strict-aliasing" appears on the command li
             ne.
     2805    
     2806    Makefile:1705: recipe for target 'sample/le-proxy.o' failed
  >> 2807    make[1]: *** [sample/le-proxy.o] Error 1
     2808    Makefile:1705: recipe for target 'sample/time-test.o' failed
  >> 2809    make[1]: *** [sample/time-test.o] Error 1
     2810    CC-571 craycc: ERROR
     2811      An invalid option "no-strict-aliasing" appears on the command li
             ne.
     2812    
     2813    Makefile:1705: recipe for target 'test/test-fdleak.o' failed
  >> 2814    make[1]: *** [test/test-fdleak.o] Error 1
     2815    CC-571 craycc: ERROR
     2816      An invalid option "no-strict-aliasing" appears on the command li
             ne.
     2817    
     2818    Makefile:1705: recipe for target 'test/test-dumpevents.o' failed
  >> 2819    make[1]: *** [test/test-dumpevents.o] Error 1
     2820    CC-571 craycc: ERROR
     2821      An invalid option "no-strict-aliasing" appears on the command li
             ne.
     2822    
     2823    Makefile:1861: recipe for target 'test/test_regress-regress_main.o
             ' failed
  >> 2824    make[1]: *** [test/test_regress-regress_main.o] Error 1
     2825    CC-571 craycc: ERROR
     2826      An invalid option "no-strict-aliasing" appears on the command li
             ne.
     2827    
     2828    CC-571 craycc: ERROR
     2829      An invalid option "no-strict-aliasing" appears on the command li
             ne.
     2830    
     2831    Makefile:1705: recipe for target 'sample/http-connect.o' failed
  >> 2832    make[1]: *** [sample/http-connect.o] Error 1
     2833    Makefile:1705: recipe for target 'test/test-weof.o' failed
  >> 2834    make[1]: *** [test/test-weof.o] Error 1
     2835    CC-571 craycc: ERROR
     2836      An invalid option "no-strict-aliasing" appears on the command li
             ne.
     2837    
     2838    CC-571 craycc: ERROR
     2839      An invalid option "no-strict-aliasing" appears on the command li
             ne.
     2840    
     2841    Makefile:1705: recipe for target 'test/bench_httpclient.o' failed
  >> 2842    make[1]: *** [test/bench_httpclient.o] Error 1
     2843    Makefile:1705: recipe for target 'sample/hello-world.o' failed
  >> 2844    make[1]: *** [sample/hello-world.o] Error 1
     2845    CC-571 craycc: ERROR
     2846      An invalid option "no-strict-aliasing" appears on the command li
             ne.
     2847    
     2848    Makefile:1705: recipe for target 'test/bench_cascade.o' failed
  >> 2849    make[1]: *** [test/bench_cascade.o] Error 1
     2850    CC-571 craycc: ERROR
     2851      An invalid option "no-strict-aliasing" appears on the command li
             ne.
     2852    
     2853    CC-571 craycc: ERROR
     2854      An invalid option "no-strict-aliasing" appears on the command li
             ne.
     2855    
     2856    Makefile:1705: recipe for target 'sample/event-read-fifo.o' failed
  >> 2857    make[1]: *** [sample/event-read-fifo.o] Error 1
     2858    CC-571 craycc: ERROR
     2859      An invalid option "no-strict-aliasing" appears on the command li
             ne.
     2860    
     2861    Makefile:1705: recipe for target 'test/test-time.o' failed
  >> 2862    make[1]: *** [test/test-time.o] Error 1
     2863    Makefile:1705: recipe for target 'sample/signal-test.o' failed
  >> 2864    make[1]: *** [sample/signal-test.o] Error 1
     2865    CC-571 craycc: ERROR
     2866      An invalid option "no-strict-aliasing" appears on the command li
             ne.
     2867    
     2868    Makefile:1791: recipe for target 'test/test_regress-regress_dns.o'
              failed
  >> 2869    make[1]: *** [test/test_regress-regress_dns.o] Error 1
     2870    CC-571 craycc: ERROR
     2871      An invalid option "no-strict-aliasing" appears on the command li
             ne.
     2872    
     2873    CC-571 craycc: ERROR
     2874      An invalid option "no-strict-aliasing" appears on the command li
             ne.
     2875    
     2876    CC-571 craycc: ERROR
     2877      An invalid option "no-strict-aliasing" appears on the command li
             ne.
     2878    
     2879    Makefile:1705: recipe for target 'sample/openssl_hostname_validati
             on.o' failed
  >> 2880    make[1]: *** [sample/openssl_hostname_validation.o] Error 1
     2881    CC-571 craycc: ERROR
     2882      An invalid option "no-strict-aliasing" appears on the command li
             ne.
     2883    
     2884    Makefile:1763: recipe for target 'test/test_regress-regress_buffer
             .o' failed
  >> 2885    make[1]: *** [test/test_regress-regress_buffer.o] Error 1
     2886    Makefile:1705: recipe for target 'test/test-changelist.o' failed
  >> 2887    make[1]: *** [test/test-changelist.o] Error 1
     2888    CC-571 craycc: ERROR
     2889      An invalid option "no-strict-aliasing" appears on the command li
             ne.
     2890    
     2891    CC-571 craycc: ERROR
     2892      An invalid option "no-strict-aliasing" appears on the command li
             ne.
     2893    
     2894    Makefile:1805: recipe for target 'test/test_regress-regress_et.o' 
             failed
  >> 2895    make[1]: *** [test/test_regress-regress_et.o] Error 1
     2896    CC-571 craycc: ERROR
     2897      An invalid option "no-strict-aliasing" appears on the command li
             ne.
     2898    
     2899    Makefile:1705: recipe for target 'test/bench_http.o' failed
  >> 2900    make[1]: *** [test/bench_http.o] Error 1
     2901    Makefile:1705: recipe for target 'test/test-eof.o' failed
  >> 2902    make[1]: *** [test/test-eof.o] Error 1
     2903    CC-571 craycc: ERROR
     2904      An invalid option "no-strict-aliasing" appears on the command li
             ne.
     2905    
     2906    Makefile:1705: recipe for target 'test/test-ratelim.o' failed
  >> 2907    make[1]: *** [test/test-ratelim.o] Error 1
     2908    CC-571 craycc: ERROR
     2909      An invalid option "no-strict-aliasing" appears on the command li
             ne.
     2910    
     2911    CC-571 craycc: ERROR
     2912      An invalid option "no-strict-aliasing" appears on the command li
             ne.
     2913    
     2914    Makefile:1705: recipe for target 'test/test-init.o' failed
  >> 2915    make[1]: *** [test/test-init.o] Error 1
     2916    CC-571 craycc: ERROR
     2917      An invalid option "no-strict-aliasing" appears on the command li
             ne.
     2918    
     2919    Makefile:1819: recipe for target 'test/test_regress-regress_finali
             ze.o' failed
  >> 2920    make[1]: *** [test/test_regress-regress_finalize.o] Error 1
     2921    Makefile:1777: recipe for target 'test/test_regress-regress_buffer
             event.o' failed
  >> 2922    make[1]: *** [test/test_regress-regress_bufferevent.o] Error 1
     2923    Makefile:1987: recipe for target 'test/test_regress-regress_ssl.o'
              failed
  >> 2924    make[1]: *** [test/test_regress-regress_ssl.o] Error 1
     2925    CC-571 craycc: ERROR
     2926      An invalid option "no-strict-aliasing" appears on the command li
             ne.
     2927    
     2928    CC-571 craycc: ERROR
     2929      An invalid option "no-strict-aliasing" appears on the command li
             ne.
     2930    
     2931    Makefile:1847: recipe for target 'test/test_regress-regress_listen
             er.o' failed
  >> 2932    make[1]: *** [test/test_regress-regress_listener.o] Error 1
     2933    CC-571 craycc: ERROR
     2934      An invalid option "no-strict-aliasing" appears on the command li
             ne.
     2935    
     2936    Makefile:1705: recipe for target 'sample/hostcheck.o' failed
  >> 2937    make[1]: *** [sample/hostcheck.o] Error 1
     2938    Makefile:1889: recipe for target 'test/test_regress-regress_rpc.o'
              failed
  >> 2939    make[1]: *** [test/test_regress-regress_rpc.o] Error 1
     2940    CC-571 craycc: ERROR
     2941      An invalid option "no-strict-aliasing" appears on the command li
             ne.
     2942    
     2943    CC-571 craycc: ERROR
     2944      An invalid option "no-strict-aliasing" appears on the command li
             ne.
     2945    
     2946    CC-571 craycc: ERROR
     2947      An invalid option "no-strict-aliasing" appears on the command li
             ne.
     2948    
     2949    Makefile:1931: recipe for target 'test/test_regress-tinytest.o' fa
             iled
  >> 2950    make[1]: *** [test/test_regress-tinytest.o] Error 1
     2951    CC-571 craycc: ERROR
     2952      An invalid option "no-strict-aliasing" appears on the command li
             ne.
     2953    
     2954    Makefile:1735: recipe for target 'test/test_regress-regress.o' fai
             led
  >> 2955    make[1]: *** [test/test_regress-regress.o] Error 1
     2956    Makefile:1833: recipe for target 'test/test_regress-regress_http.o
             ' failed
  >> 2957    make[1]: *** [test/test_regress-regress_http.o] Error 1
     2958    CC-571 craycc: ERROR
     2959      An invalid option "no-strict-aliasing" appears on the command li
             ne.
     2960    
     2961    CC-571 craycc: ERROR
     2962      An invalid option "no-strict-aliasing" appears on the command li
             ne.
     2963    
     2964    CC-571 craycc: ERROR
     2965      An invalid option "no-strict-aliasing" appears on the command li
             ne.
     2966    
     2967    Makefile:1749: recipe for target 'test/test_regress-regress.gen.o'
              failed
  >> 2968    make[1]: *** [test/test_regress-regress.gen.o] Error 1
     2969    Makefile:1721: recipe for target 'evmap.lo' failed
  >> 2970    make[1]: *** [evmap.lo] Error 1
     2971    Makefile:1903: recipe for target 'test/test_regress-regress_testut
             ils.o' failed
  >> 2972    make[1]: *** [test/test_regress-regress_testutils.o] Error 1
     2973    Makefile:1917: recipe for target 'test/test_regress-regress_util.o
             ' failed
  >> 2974    make[1]: *** [test/test_regress-regress_util.o] Error 1
     2975    CC-571 craycc: ERROR
     2976      An invalid option "no-strict-aliasing" appears on the command li
             ne.
     2977    
     2978    CC-571 craycc: ERROR
     2979      An invalid option "no-strict-aliasing" appears on the command li
             ne.
     2980    
     2981    Makefile:1875: recipe for target 'test/test_regress-regress_minhea
             p.o' failed
  >> 2982    make[1]: *** [test/test_regress-regress_minheap.o] Error 1
     2983    CC-571 craycc: ERROR
     2984      An invalid option "no-strict-aliasing" appears on the command li
             ne.
     2985    
     2986    Makefile:1721: recipe for target 'bufferevent.lo' failed
  >> 2987    make[1]: *** [bufferevent.lo] Error 1
     2988    CC-571 craycc: ERROR
     2989      An invalid option "no-strict-aliasing" appears on the command li
             ne.
     2990    
     2991    CC-571 craycc: ERROR
     2992      An invalid option "no-strict-aliasing" appears on the command li
             ne.
     2993    

     ...

     2998      An invalid option "no-strict-aliasing" appears on the command li
             ne.
     2999    
     3000    CC-571 craycc: ERROR
     3001      An invalid option "no-strict-aliasing" appears on the command li
             ne.
     3002    
     3003    Makefile:1721: recipe for target 'evthread.lo' failed
  >> 3004    make[1]: *** [evthread.lo] Error 1
     3005    CC-571 craycc: ERROR
     3006      An invalid option "no-strict-aliasing" appears on the command li
             ne.
     3007    
     3008    CC-571 craycc: ERROR
     3009      An invalid option "no-strict-aliasing" appears on the command li
             ne.
     3010    

     ...

     3027      An invalid option "no-strict-aliasing" appears on the command li
             ne.
     3028    
     3029    CC-571 craycc: ERROR
     3030      An invalid option "no-strict-aliasing" appears on the command li
             ne.
     3031    
     3032    Makefile:1721: recipe for target 'evutil.lo' failed
  >> 3033    make[1]: *** [evutil.lo] Error 1
     3034    CC-571 craycc: ERROR
     3035      An invalid option "no-strict-aliasing" appears on the command li
             ne.
     3036    
     3037    CC-571 craycc: ERROR
     3038      An invalid option "no-strict-aliasing" appears on the command li
             ne.
     3039    
     3040    Makefile:1721: recipe for target 'bufferevent_sock.lo' failed
  >> 3041    make[1]: *** [bufferevent_sock.lo] Error 1
     3042    Makefile:1721: recipe for target 'bufferevent_ratelim.lo' failed
  >> 3043    make[1]: *** [bufferevent_ratelim.lo] Error 1
     3044    CC-571 craycc: ERROR
     3045      An invalid option "no-strict-aliasing" appears on the command li
             ne.
     3046    
     3047    Makefile:1721: recipe for target 'evutil_time.lo' failed
  >> 3048    make[1]: *** [evutil_time.lo] Error 1
     3049    Makefile:1721: recipe for target 'evrpc.lo' failed
  >> 3050    make[1]: *** [evrpc.lo] Error 1
     3051    Makefile:1721: recipe for target 'bufferevent_filter.lo' failed
  >> 3052    make[1]: *** [bufferevent_filter.lo] Error 1
     3053    Makefile:1721: recipe for target 'evdns.lo' failed
  >> 3054    make[1]: *** [evdns.lo] Error 1
     3055    Makefile:1721: recipe for target 'strlcpy.lo' failed
  >> 3056    make[1]: *** [strlcpy.lo] Error 1
     3057    Makefile:1721: recipe for target 'event.lo' failed
  >> 3058    make[1]: *** [event.lo] Error 1
     3059    Makefile:1721: recipe for target 'buffer.lo' failed
  >> 3060    make[1]: *** [buffer.lo] Error 1
     3061    Makefile:1721: recipe for target 'listener.lo' failed
  >> 3062    make[1]: *** [listener.lo] Error 1
     3063    Makefile:1721: recipe for target 'event_tagging.lo' failed
  >> 3064    make[1]: *** [event_tagging.lo] Error 1
     3065    Makefile:1728: recipe for target 'libevent_openssl_la-bufferevent_
             openssl.lo' failed
  >> 3066    make[1]: *** [libevent_openssl_la-bufferevent_openssl.lo] Error 1
     3067    Makefile:1721: recipe for target 'http.lo' failed
  >> 3068    make[1]: *** [http.lo] Error 1
     3069    Makefile:1721: recipe for target 'log.lo' failed
  >> 3070    make[1]: *** [log.lo] Error 1
     3071    Makefile:1721: recipe for target 'evutil_rand.lo' failed
  >> 3072    make[1]: *** [evutil_rand.lo] Error 1
     3073    Makefile:1721: recipe for target 'bufferevent_pair.lo' failed
  >> 3074    make[1]: *** [bufferevent_pair.lo] Error 1
     3075    make[1]: Leaving directory '/tmp/dantopa/spack-stage/spack-stage-N
             c0H_p/libevent-2.1.8-stable'
     3076    Makefile:1248: recipe for target 'all' failed
  >> 3077    make: *** [all] Error 2

See build log for details:
  /lustre/ttscratch1/dantopa/spack/libraries/trinitite-standard.pmix/var/spack/stage/libevent-2.1.8-hxprd7x4ycbevu76bevke4yldq6hnl4o/spack-build.out
spack install pmix @ 2.1.4 % gcc@8.2.0  arch=cray-cnl6-haswell  >> /lustre/ttscratch1/dantopa/repos/gitlab/pull-requests/libraries/results/install-log/trinitite-standard-pmix-install.log
==> Warning: cannot perform the requested write operation on module files [some tokens cannot be part of the module naming scheme [PACKAGE, COMPILERNAME, COMPILERVER]. Did you check your "modules.yaml" configuration?]
spack install pmix @ 2.1.4 % gcc@7.3.0  arch=cray-cnl6-haswell  >> /lustre/ttscratch1/dantopa/repos/gitlab/pull-requests/libraries/results/install-log/trinitite-standard-pmix-install.log
==> Warning: cannot perform the requested write operation on module files [some tokens cannot be part of the module naming scheme [PACKAGE, COMPILERNAME, COMPILERVER]. Did you check your "modules.yaml" configuration?]
spack install pmix @ 2.1.4 % gcc@6.3.0  arch=cray-cnl6-haswell  >> /lustre/ttscratch1/dantopa/repos/gitlab/pull-requests/libraries/results/install-log/trinitite-standard-pmix-install.log
==> Error: ProcessError: Command exited with status 77:
    '/lustre/ttscratch1/dantopa/spack/libraries/trinitite-standard.pmix/var/spack/stage/libevent-2.1.8-lterkh2ho2ypjx5qhxnfvaso5uwyfcel/libevent-2.1.8-stable/configure' '--prefix=/lustre/ttscratch1/dantopa/spack/libraries/trinitite-standard.pmix/opt/spack/cray-cnl6-haswell/gcc-6.3.0/libevent-2.1.8-lterkh2ho2ypjx5qhxnfvaso5uwyfcel' '--enable-openssl'

2 errors found in build log:
     8     checking whether make sets $(MAKE)... yes
     9     checking whether make supports nested variables... yes
     10    checking whether make supports nested variables... (cached) yes
     11    checking for style of include used by make... GNU
     12    checking for gcc... /lustre/ttscratch1/dantopa/spack/libraries/trini
           tite-standard.pmix/lib/spack/env/gcc/gcc
     13    checking whether the C compiler works... no
  >> 14    configure: error: in `/tmp/dantopa/spack-stage/spack-stage-QWHgoU/li
           bevent-2.1.8-stable':
  >> 15    configure: error: C compiler cannot create executables
     16    See `config.log' for more details

See build log for details:
  /lustre/ttscratch1/dantopa/spack/libraries/trinitite-standard.pmix/var/spack/stage/libevent-2.1.8-lterkh2ho2ypjx5qhxnfvaso5uwyfcel/spack-build.out
spack install pmix @ 2.1.4 % intel@19.0.1  arch=cray-cnl6-haswell  >> /lustre/ttscratch1/dantopa/repos/gitlab/pull-requests/libraries/results/install-log/trinitite-standard-pmix-install.log
==> Error: sequence item 2: expected string, NoneType found
spack install pmix @ 2.1.4 % intel@18.0.5  arch=cray-cnl6-haswell  >> /lustre/ttscratch1/dantopa/repos/gitlab/pull-requests/libraries/results/install-log/trinitite-standard-pmix-install.log
==> Warning: cannot perform the requested write operation on module files [some tokens cannot be part of the module naming scheme [PACKAGE, COMPILERNAME, COMPILERVER]. Did you check your "modules.yaml" configuration?]
mkdir -p "${dir_results}/tpl-order"
spack find pmix >> /lustre/ttscratch1/dantopa/repos/gitlab/pull-requests/libraries/results/tpl-order/pmix-trinitite-standard.out
spack find -ldf pmix  >> /lustre/ttscratch1/dantopa/repos/gitlab/pull-requests/libraries/results/tpl-order/pmix-trinitite-standard-ldf.out
spack graph pmix >> /lustre/ttscratch1/dantopa/repos/gitlab/pull-requests/libraries/results/tpl-order/pmix-trinitite-standard-graph.out
spack compilers
==> Available compilers
-- cce cnl6-any -------------------------------------------------
cce@8.7.9
cce@8.7.8

-- gcc cnl6-any -------------------------------------------------
gcc@8.2.0
gcc@7.3.0
gcc@6.3.0

-- intel cnl6-any -----------------------------------------------
intel@19.0.1
intel@18.0.5
spack find pmix
==> 6 installed packages
-- cray-cnl6-haswell / gcc@7.3.0 --------------------------------
pmix@2.1.4
pmix@2.2.2

-- cray-cnl6-haswell / gcc@8.2.0 --------------------------------
pmix@2.1.4
pmix@2.2.2

-- cray-cnl6-haswell / intel@18.0.5 -----------------------------
pmix@2.1.4
pmix@2.2.2
spack find -ldf pmix
==> 6 installed packages
-- cray-cnl6-haswell / gcc@7.3.0 --------------------------------
ar24pft    pmix@2.1.4%gcc 
mlziyjj        ^libevent@2.1.8%gcc 
fn2kcwq            ^openssl@1.1.1b%gcc 

zhs5ipx    pmix@2.2.2%gcc 
mlziyjj        ^libevent@2.1.8%gcc 
fn2kcwq            ^openssl@1.1.1b%gcc 


-- cray-cnl6-haswell / gcc@8.2.0 --------------------------------
fwnojwt    pmix@2.1.4%gcc 
z7xuhjn        ^libevent@2.1.8%gcc 
atiy67o            ^openssl@1.1.1b%gcc 

4uvj63g    pmix@2.2.2%gcc 
z7xuhjn        ^libevent@2.1.8%gcc 
atiy67o            ^openssl@1.1.1b%gcc 


-- cray-cnl6-haswell / intel@18.0.5 -----------------------------
cgnsluq    pmix@2.1.4%intel 
t7an36a        ^libevent@2.1.8%intel 
fqe5yac            ^openssl@1.1.1b%intel 

iyqy5a6    pmix@2.2.2%intel 
t7an36a        ^libevent@2.1.8%intel 
fqe5yac            ^openssl@1.1.1b%intel 

mv  /lustre/ttscratch1/dantopa/repos/gitlab/pull-requests/libraries/tools/bash/trinitite-standard-batch.out   /lustre/ttscratch1/dantopa/repos/gitlab/pull-requests/libraries/results/batch-out/trinitite-standard-pmix-2019-04-24-batch.out
cd /lustre/ttscratch1/dantopa/repos/gitlab/pull-requests/libraries
git add -A .
git commit -m "${USER} ${tpl} ${hpc} ${partition} ${ymd}"
[master ce76391] dantopa pmix trinitite standard 2019-04-24
 6 files changed, 3232 insertions(+), 32 deletions(-)
 create mode 100644 libraries/results/batch-out/trinitite-standard-pmix-2019-04-24-batch.out
 rewrite libraries/results/command-log/trinitite-standard-pmix-command.log (100%)
 create mode 100644 libraries/results/install-log/trinitite-standard-pmix-install.log
Wed Apr 24 10:01:29 MDT 2019
